#
# There is insufficient memory for the Java Runtime Environment to continue.
# Native memory allocation (malloc) failed to allocate 2657888 bytes for Chunk::new
# Possible reasons:
#   The system is out of physical RAM or swap space
#   The process is running with CompressedOops enabled, and the Java Heap may be blocking the growth of the native heap
# Possible solutions:
#   Reduce memory load on the system
#   Increase physical memory or swap space
#   Check if swap backing store is full
#   Decrease Java heap size (-Xmx/-Xms)
#   Decrease number of Java threads
#   Decrease Java thread stack sizes (-Xss)
#   Set larger code cache with -XX:ReservedCodeCacheSize=
#   JVM is running with Unscaled Compressed Oops mode in which the Java heap is
#     placed in the first 4GB address space. The Java Heap base address is the
#     maximum limit for the native heap growth. Please use -XX:HeapBaseMinAddress
#     to set the Java Heap base and to place the Java Heap above 4GB virtual address.
# This output file may be truncated or incomplete.
#
#  Out of Memory Error (allocation.cpp:390), pid=14584, tid=0x0000000000002e74
#
# JRE version: Java(TM) SE Runtime Environment (8.0_201-b09) (build 1.8.0_201-b09)
# Java VM: Java HotSpot(TM) 64-Bit Server VM (25.201-b09 mixed mode windows-amd64 compressed oops)
# Failed to write core dump. Minidumps are not enabled by default on client versions of Windows
#

---------------  T H R E A D  ---------------

Current thread (0x0000000019563000):  JavaThread "C2 CompilerThread1" daemon [_thread_in_native, id=11892, stack(0x0000000019d20000,0x0000000019e20000)]

Stack: [0x0000000019d20000,0x0000000019e20000]
[error occurred during error reporting (printing stack bounds), id 0xc0000005]

Native frames: (J=compiled Java code, j=interpreted, Vv=VM code, C=native code)


Current CompileTask:
C2: 267618 3125       4       org.eclipse.jdt.launching.internal.org.objectweb.asm.ClassReader::readMethod (1047 bytes)


---------------  P R O C E S S  ---------------

Java Threads: ( => current thread )
  0x00000000171ad800 JavaThread "restartedMain" [_thread_in_native, id=13864, stack(0x000000001b340000,0x000000001b440000)]
  0x00000000171b4000 JavaThread "Thread-0" [_thread_blocked, id=20116, stack(0x000000001b240000,0x000000001b340000)]
  0x0000000019569000 JavaThread "Service Thread" daemon [_thread_blocked, id=19328, stack(0x0000000019f20000,0x000000001a020000)]
  0x0000000019404800 JavaThread "C1 CompilerThread2" daemon [_thread_blocked, id=10144, stack(0x0000000019e20000,0x0000000019f20000)]
=>0x0000000019563000 JavaThread "C2 CompilerThread1" daemon [_thread_in_native, id=11892, stack(0x0000000019d20000,0x0000000019e20000)]
  0x0000000019404000 JavaThread "C2 CompilerThread0" daemon [_thread_in_native, id=19392, stack(0x0000000019420000,0x0000000019520000)]
  0x00000000171ab000 JavaThread "JDWP Command Reader" daemon [_thread_in_native, id=16668, stack(0x0000000018d20000,0x0000000018e20000)]
  0x000000001719f800 JavaThread "JDWP Event Helper Thread" daemon [_thread_blocked, id=16588, stack(0x0000000018c20000,0x0000000018d20000)]
  0x000000001718f800 JavaThread "JDWP Transport Listener: dt_socket" daemon [_thread_blocked, id=16584, stack(0x0000000018b20000,0x0000000018c20000)]
  0x0000000017186000 JavaThread "Attach Listener" daemon [_thread_blocked, id=1260, stack(0x00000000186e0000,0x00000000187e0000)]
  0x0000000017183000 JavaThread "Signal Dispatcher" daemon [_thread_blocked, id=6664, stack(0x00000000185e0000,0x00000000186e0000)]
  0x0000000017170000 JavaThread "Finalizer" daemon [_thread_blocked, id=2576, stack(0x00000000183d0000,0x00000000184d0000)]
  0x00000000026a8000 JavaThread "Reference Handler" daemon [_thread_blocked, id=14624, stack(0x00000000182d0000,0x00000000183d0000)]
  0x00000000025b7000 JavaThread "main" [_thread_blocked, id=14692, stack(0x0000000002230000,0x0000000002330000)]

Other Threads:
  0x0000000017148000 VMThread [stack: 0x00000000181d0000,0x00000000182d0000] [id=13984]
  0x00000000195f0000 WatcherThread [stack: 0x000000001a020000,0x000000001a120000] [id=11688]

VM state:not at safepoint (normal execution)

VM Mutex/Monitor currently owned by a thread: None

heap address: 0x0000000082200000, size: 2014 MB, Compressed Oops mode: 32-bit
Narrow klass base: 0x0000000000000000, Narrow klass shift: 3
Compressed class space size: 1073741824 Address: 0x0000000100000000

Heap:
 PSYoungGen      total 138752K, used 111345K [0x00000000d6100000, 0x00000000e5a80000, 0x0000000100000000)
  eden space 130560K, 80% used [0x00000000d6100000,0x00000000dc710980,0x00000000de080000)
  from space 8192K, 83% used [0x00000000de080000,0x00000000de72bb80,0x00000000de880000)
  to   space 8704K, 0% used [0x00000000e5200000,0x00000000e5200000,0x00000000e5a80000)
 ParOldGen       total 46592K, used 6403K [0x0000000082200000, 0x0000000084f80000, 0x00000000d6100000)
  object space 46592K, 13% used [0x0000000082200000,0x0000000082840e98,0x0000000084f80000)
 Metaspace       used 29228K, capacity 30252K, committed 30464K, reserved 1075200K
  class space    used 3738K, capacity 3976K, committed 4096K, reserved 1048576K

Card table byte_map: [0x0000000011a70000,0x0000000011e60000] byte_map_base: 0x000000001165f000

Marking Bits: (ParMarkBitMap*) 0x0000000075e94ce0
 Begin Bits: [0x0000000012500000, 0x0000000014478000)
 End Bits:   [0x0000000014478000, 0x00000000163f0000)

Polling page: 0x0000000000900000

CodeCache: size=245760Kb used=12996Kb max_used=12996Kb free=232763Kb
 bounds [0x00000000026b0000, 0x0000000003370000, 0x00000000116b0000]
 total_blobs=3364 nmethods=2962 adapters=322
 compilation: enabled

Compilation events (10 events):
Event: 257.367 Thread 0x0000000019404800 3132       3       org.springframework.asm.Frame::merge (322 bytes)
Event: 257.367 Thread 0x0000000019404800 nmethod 3132 0x0000000003294850 code [0x0000000003294a20, 0x0000000003295588]
Event: 257.367 Thread 0x0000000019404800 3135       3       org.springframework.asm.SymbolTable::get (13 bytes)
Event: 257.367 Thread 0x0000000019404800 nmethod 3135 0x0000000003294490 code [0x00000000032945e0, 0x0000000003294770]
Event: 257.367 Thread 0x0000000019404800 3134       3       org.springframework.asm.ByteVector::putShort (52 bytes)
Event: 257.367 Thread 0x0000000019404800 nmethod 3134 0x00000000032d5290 code [0x00000000032d5400, 0x00000000032d5668]
Event: 257.367 Thread 0x0000000019404800 3136       3       org.springframework.asm.SymbolTable::hash (10 bytes)
Event: 257.368 Thread 0x0000000019404800 nmethod 3136 0x00000000032d4e50 code [0x00000000032d4fc0, 0x00000000032d51c8]
Event: 257.368 Thread 0x0000000019404800 3133       3       org.springframework.asm.Label::getCanonicalInstance (19 bytes)
Event: 257.368 Thread 0x0000000019404800 nmethod 3133 0x00000000032d4a90 code [0x00000000032d4be0, 0x00000000032d4d90]

GC Heap History (10 events):
Event: 175.491 GC heap before
{Heap before GC invocations=4 (full 0):
 PSYoungGen      total 37888K, used 36995K [0x00000000d6100000, 0x00000000dab00000, 0x0000000100000000)
  eden space 32768K, 100% used [0x00000000d6100000,0x00000000d8100000,0x00000000d8100000)
  from space 5120K, 82% used [0x00000000d8100000,0x00000000d8520d00,0x00000000d8600000)
  to   space 5120K, 0% used [0x00000000da600000,0x00000000da600000,0x00000000dab00000)
 ParOldGen       total 86016K, used 85K [0x0000000082200000, 0x0000000087600000, 0x00000000d6100000)
  object space 86016K, 0% used [0x0000000082200000,0x0000000082215498,0x0000000087600000)
 Metaspace       used 13469K, capacity 13820K, committed 14080K, reserved 1060864K
  class space    used 1645K, capacity 1757K, committed 1792K, reserved 1048576K
Event: 175.800 GC heap after
Heap after GC invocations=4 (full 0):
 PSYoungGen      total 70656K, used 4507K [0x00000000d6100000, 0x00000000dab00000, 0x0000000100000000)
  eden space 65536K, 0% used [0x00000000d6100000,0x00000000d6100000,0x00000000da100000)
  from space 5120K, 88% used [0x00000000da600000,0x00000000daa66ff0,0x00000000dab00000)
  to   space 5120K, 0% used [0x00000000da100000,0x00000000da100000,0x00000000da600000)
 ParOldGen       total 86016K, used 93K [0x0000000082200000, 0x0000000087600000, 0x00000000d6100000)
  object space 86016K, 0% used [0x0000000082200000,0x0000000082217498,0x0000000087600000)
 Metaspace       used 13469K, capacity 13820K, committed 14080K, reserved 1060864K
  class space    used 1645K, capacity 1757K, committed 1792K, reserved 1048576K
}
Event: 185.701 GC heap before
{Heap before GC invocations=5 (full 0):
 PSYoungGen      total 70656K, used 70043K [0x00000000d6100000, 0x00000000dab00000, 0x0000000100000000)
  eden space 65536K, 100% used [0x00000000d6100000,0x00000000da100000,0x00000000da100000)
  from space 5120K, 88% used [0x00000000da600000,0x00000000daa66ff0,0x00000000dab00000)
  to   space 5120K, 0% used [0x00000000da100000,0x00000000da100000,0x00000000da600000)
 ParOldGen       total 86016K, used 93K [0x0000000082200000, 0x0000000087600000, 0x00000000d6100000)
  object space 86016K, 0% used [0x0000000082200000,0x0000000082217498,0x0000000087600000)
 Metaspace       used 17412K, capacity 17818K, committed 18176K, reserved 1064960K
  class space    used 2123K, capacity 2236K, committed 2304K, reserved 1048576K
Event: 185.804 GC heap after
Heap after GC invocations=5 (full 0):
 PSYoungGen      total 70656K, used 5091K [0x00000000d6100000, 0x00000000df000000, 0x0000000100000000)
  eden space 65536K, 0% used [0x00000000d6100000,0x00000000d6100000,0x00000000da100000)
  from space 5120K, 99% used [0x00000000da100000,0x00000000da5f8f70,0x00000000da600000)
  to   space 7680K, 0% used [0x00000000de880000,0x00000000de880000,0x00000000df000000)
 ParOldGen       total 86016K, used 2505K [0x0000000082200000, 0x0000000087600000, 0x00000000d6100000)
  object space 86016K, 2% used [0x0000000082200000,0x0000000082472668,0x0000000087600000)
 Metaspace       used 17412K, capacity 17818K, committed 18176K, reserved 1064960K
  class space    used 2123K, capacity 2236K, committed 2304K, reserved 1048576K
}
Event: 193.981 GC heap before
{Heap before GC invocations=6 (full 0):
 PSYoungGen      total 70656K, used 36118K [0x00000000d6100000, 0x00000000df000000, 0x0000000100000000)
  eden space 65536K, 47% used [0x00000000d6100000,0x00000000d7f4c8d8,0x00000000da100000)
  from space 5120K, 99% used [0x00000000da100000,0x00000000da5f8f70,0x00000000da600000)
  to   space 7680K, 0% used [0x00000000de880000,0x00000000de880000,0x00000000df000000)
 ParOldGen       total 86016K, used 2505K [0x0000000082200000, 0x0000000087600000, 0x00000000d6100000)
  object space 86016K, 2% used [0x0000000082200000,0x0000000082472668,0x0000000087600000)
 Metaspace       used 20627K, capacity 21096K, committed 21248K, reserved 1067008K
  class space    used 2571K, capacity 2707K, committed 2816K, reserved 1048576K
Event: 194.892 GC heap after
Heap after GC invocations=6 (full 0):
 PSYoungGen      total 138240K, used 6490K [0x00000000d6100000, 0x00000000df100000, 0x0000000100000000)
  eden space 130560K, 0% used [0x00000000d6100000,0x00000000d6100000,0x00000000de080000)
  from space 7680K, 84% used [0x00000000de880000,0x00000000deed6888,0x00000000df000000)
  to   space 8192K, 0% used [0x00000000de080000,0x00000000de080000,0x00000000de880000)
 ParOldGen       total 86016K, used 2577K [0x0000000082200000, 0x0000000087600000, 0x00000000d6100000)
  object space 86016K, 2% used [0x0000000082200000,0x0000000082484678,0x0000000087600000)
 Metaspace       used 20627K, capacity 21096K, committed 21248K, reserved 1067008K
  class space    used 2571K, capacity 2707K, committed 2816K, reserved 1048576K
}
Event: 194.892 GC heap before
{Heap before GC invocations=7 (full 1):
 PSYoungGen      total 138240K, used 6490K [0x00000000d6100000, 0x00000000df100000, 0x0000000100000000)
  eden space 130560K, 0% used [0x00000000d6100000,0x00000000d6100000,0x00000000de080000)
  from space 7680K, 84% used [0x00000000de880000,0x00000000deed6888,0x00000000df000000)
  to   space 8192K, 0% used [0x00000000de080000,0x00000000de080000,0x00000000de880000)
 ParOldGen       total 86016K, used 2577K [0x0000000082200000, 0x0000000087600000, 0x00000000d6100000)
  object space 86016K, 2% used [0x0000000082200000,0x0000000082484678,0x0000000087600000)
 Metaspace       used 20627K, capacity 21096K, committed 21248K, reserved 1067008K
  class space    used 2571K, capacity 2707K, committed 2816K, reserved 1048576K
Event: 196.283 GC heap after
Heap after GC invocations=7 (full 1):
 PSYoungGen      total 138240K, used 0K [0x00000000d6100000, 0x00000000df100000, 0x0000000100000000)
  eden space 130560K, 0% used [0x00000000d6100000,0x00000000d6100000,0x00000000de080000)
  from space 7680K, 0% used [0x00000000de880000,0x00000000de880000,0x00000000df000000)
  to   space 8192K, 0% used [0x00000000de080000,0x00000000de080000,0x00000000de880000)
 ParOldGen       total 46592K, used 6395K [0x0000000082200000, 0x0000000084f80000, 0x00000000d6100000)
  object space 46592K, 13% used [0x0000000082200000,0x000000008283ee98,0x0000000084f80000)
 Metaspace       used 20627K, capacity 21096K, committed 21248K, reserved 1067008K
  class space    used 2571K, capacity 2707K, committed 2816K, reserved 1048576K
}
Event: 236.201 GC heap before
{Heap before GC invocations=8 (full 1):
 PSYoungGen      total 138240K, used 130529K [0x00000000d6100000, 0x00000000df100000, 0x0000000100000000)
  eden space 130560K, 99% used [0x00000000d6100000,0x00000000de078498,0x00000000de080000)
  from space 7680K, 0% used [0x00000000de880000,0x00000000de880000,0x00000000df000000)
  to   space 8192K, 0% used [0x00000000de080000,0x00000000de080000,0x00000000de880000)
 ParOldGen       total 46592K, used 6395K [0x0000000082200000, 0x0000000084f80000, 0x00000000d6100000)
  object space 46592K, 13% used [0x0000000082200000,0x000000008283ee98,0x0000000084f80000)
 Metaspace       used 25435K, capacity 26112K, committed 26240K, reserved 1073152K
  class space    used 3203K, capacity 3416K, committed 3456K, reserved 1048576K
Event: 236.927 GC heap after
Heap after GC invocations=8 (full 1):
 PSYoungGen      total 138752K, used 6830K [0x00000000d6100000, 0x00000000e5a80000, 0x0000000100000000)
  eden space 130560K, 0% used [0x00000000d6100000,0x00000000d6100000,0x00000000de080000)
  from space 8192K, 83% used [0x00000000de080000,0x00000000de72bb80,0x00000000de880000)
  to   space 8704K, 0% used [0x00000000e5200000,0x00000000e5200000,0x00000000e5a80000)
 ParOldGen       total 46592K, used 6403K [0x0000000082200000, 0x0000000084f80000, 0x00000000d6100000)
  object space 46592K, 13% used [0x0000000082200000,0x0000000082840e98,0x0000000084f80000)
 Metaspace       used 25435K, capacity 26112K, committed 26240K, reserved 1073152K
  class space    used 3203K, capacity 3416K, committed 3456K, reserved 1048576K
}

Deoptimization events (10 events):
Event: 256.326 Thread 0x00000000171ad800 Uncommon trap: reason=unhandled action=none pc=0x0000000002dbae6c method=java.net.URLClassLoader.findClass(Ljava/lang/String;)Ljava/lang/Class; @ 44
Event: 256.327 Thread 0x00000000171ad800 Uncommon trap: reason=unhandled action=none pc=0x0000000002dbae6c method=java.net.URLClassLoader.findClass(Ljava/lang/String;)Ljava/lang/Class; @ 44
Event: 256.328 Thread 0x00000000171ad800 Uncommon trap: reason=unhandled action=none pc=0x0000000002dbae6c method=java.net.URLClassLoader.findClass(Ljava/lang/String;)Ljava/lang/Class; @ 44
Event: 256.330 Thread 0x00000000171ad800 Uncommon trap: reason=unhandled action=none pc=0x0000000002dbae6c method=java.net.URLClassLoader.findClass(Ljava/lang/String;)Ljava/lang/Class; @ 44
Event: 256.343 Thread 0x00000000171ad800 Uncommon trap: reason=unhandled action=none pc=0x0000000002dbae6c method=java.net.URLClassLoader.findClass(Ljava/lang/String;)Ljava/lang/Class; @ 44
Event: 256.354 Thread 0x00000000171ad800 Uncommon trap: reason=unhandled action=none pc=0x0000000002dbae6c method=java.net.URLClassLoader.findClass(Ljava/lang/String;)Ljava/lang/Class; @ 44
Event: 257.373 Thread 0x00000000171ad800 Uncommon trap: reason=unhandled action=none pc=0x0000000002dbae6c method=java.net.URLClassLoader.findClass(Ljava/lang/String;)Ljava/lang/Class; @ 44
Event: 257.451 Thread 0x00000000171ad800 Uncommon trap: reason=unstable_if action=reinterpret pc=0x0000000002adae98 method=org.eclipse.jdt.launching.internal.org.objectweb.asm.ClassReader.readCode(Lorg/eclipse/jdt/launching/internal/org/objectweb/asm/MethodVisitor;Lorg/eclipse/jdt/launching/inte
Event: 257.451 Thread 0x00000000171ad800 Uncommon trap: reason=unstable_if action=reinterpret pc=0x0000000002bde594 method=org.eclipse.jdt.launching.internal.org.objectweb.asm.ClassReader.readStackMapFrame(IZZLorg/eclipse/jdt/launching/internal/org/objectweb/asm/Context;)I @ 18
Event: 257.451 Thread 0x00000000171ad800 Uncommon trap: reason=unstable_if action=reinterpret pc=0x0000000002bf627c method=org.eclipse.jdt.launching.internal.org.objectweb.asm.MethodWriter.visitFrame(II[Ljava/lang/Object;I[Ljava/lang/Object;)V @ 123

Classes redefined (0 events):
No events

Internal exceptions (10 events):
Event: 255.594 Thread 0x00000000171ad800 Exception <a 'java/lang/ArrayIndexOutOfBoundsException': 26> (0x00000000db5fd4a8) thrown at [C:\re\workspace\8-2-build-windows-amd64-cygwin\jdk8u201\12322\hotspot\src\share\vm\interpreter\interpreterRuntime.cpp, line 368]
Event: 255.594 Thread 0x00000000171ad800 Exception <a 'java/lang/ArrayIndexOutOfBoundsException': 26> (0x00000000db5fefd8) thrown at [C:\re\workspace\8-2-build-windows-amd64-cygwin\jdk8u201\12322\hotspot\src\share\vm\interpreter\interpreterRuntime.cpp, line 368]
Event: 255.594 Thread 0x00000000171ad800 Exception <a 'java/lang/ArrayIndexOutOfBoundsException': 26> (0x00000000db600b00) thrown at [C:\re\workspace\8-2-build-windows-amd64-cygwin\jdk8u201\12322\hotspot\src\share\vm\interpreter\interpreterRuntime.cpp, line 368]
Event: 255.594 Thread 0x00000000171ad800 Exception <a 'java/lang/ArrayIndexOutOfBoundsException': 26> (0x00000000db602628) thrown at [C:\re\workspace\8-2-build-windows-amd64-cygwin\jdk8u201\12322\hotspot\src\share\vm\interpreter\interpreterRuntime.cpp, line 368]
Event: 255.595 Thread 0x00000000171ad800 Exception <a 'java/lang/ArrayIndexOutOfBoundsException': 26> (0x00000000db604150) thrown at [C:\re\workspace\8-2-build-windows-amd64-cygwin\jdk8u201\12322\hotspot\src\share\vm\interpreter\interpreterRuntime.cpp, line 368]
Event: 255.595 Thread 0x00000000171ad800 Exception <a 'java/lang/ArrayIndexOutOfBoundsException': 26> (0x00000000db605d68) thrown at [C:\re\workspace\8-2-build-windows-amd64-cygwin\jdk8u201\12322\hotspot\src\share\vm\interpreter\interpreterRuntime.cpp, line 368]
Event: 255.596 Thread 0x00000000171ad800 Exception <a 'java/lang/ArrayIndexOutOfBoundsException': 26> (0x00000000db607898) thrown at [C:\re\workspace\8-2-build-windows-amd64-cygwin\jdk8u201\12322\hotspot\src\share\vm\interpreter\interpreterRuntime.cpp, line 368]
Event: 255.597 Thread 0x00000000171ad800 Exception <a 'java/lang/ArrayIndexOutOfBoundsException': 26> (0x00000000db6093c8) thrown at [C:\re\workspace\8-2-build-windows-amd64-cygwin\jdk8u201\12322\hotspot\src\share\vm\interpreter\interpreterRuntime.cpp, line 368]
Event: 255.597 Thread 0x00000000171ad800 Exception <a 'java/lang/ArrayIndexOutOfBoundsException': 26> (0x00000000db60ae90) thrown at [C:\re\workspace\8-2-build-windows-amd64-cygwin\jdk8u201\12322\hotspot\src\share\vm\interpreter\interpreterRuntime.cpp, line 368]
Event: 255.597 Thread 0x00000000171ad800 Exception <a 'java/lang/ArrayIndexOutOfBoundsException': 26> (0x00000000db60c9c8) thrown at [C:\re\workspace\8-2-build-windows-amd64-cygwin\jdk8u201\12322\hotspot\src\share\vm\interpreter\interpreterRuntime.cpp, line 368]

Events (10 events):
Event: 257.373 Thread 0x00000000171ad800 DEOPT UNPACKING pc=0x00000000026f583b sp=0x000000001b43c938 mode 2
Event: 257.451 Thread 0x00000000171ad800 Uncommon trap: trap_request=0xffffff65 fr.pc=0x0000000002adae98
Event: 257.451 Thread 0x00000000171ad800 DEOPT PACKING pc=0x0000000002adae98 sp=0x000000001b43b350
Event: 257.451 Thread 0x00000000171ad800 DEOPT UNPACKING pc=0x00000000026f583b sp=0x000000001b43b2c0 mode 2
Event: 257.451 Thread 0x00000000171ad800 Uncommon trap: trap_request=0xffffff65 fr.pc=0x0000000002bde594
Event: 257.451 Thread 0x00000000171ad800 DEOPT PACKING pc=0x0000000002bde594 sp=0x000000001b43b1a0
Event: 257.451 Thread 0x00000000171ad800 DEOPT UNPACKING pc=0x00000000026f583b sp=0x000000001b43b1f8 mode 2
Event: 257.451 Thread 0x00000000171ad800 Uncommon trap: trap_request=0xffffff65 fr.pc=0x0000000002bf627c
Event: 257.451 Thread 0x00000000171ad800 DEOPT PACKING pc=0x0000000002bf627c sp=0x000000001b43b230
Event: 257.451 Thread 0x00000000171ad800 DEOPT UNPACKING pc=0x00000000026f583b sp=0x000000001b43b220 mode 2


Dynamic libraries:
0x00007ff7e36e0000 - 0x00007ff7e3717000 	C:\Program Files\Java\jre1.8.0_201\bin\javaw.exe
0x00007ffe30eb0000 - 0x00007ffe3109d000 	C:\Windows\SYSTEM32\ntdll.dll
0x00007ffe10b80000 - 0x00007ffe10b93000 	C:\Program Files\AVAST Software\Avast\aswhook.dll
0x00007ffe302e0000 - 0x00007ffe30393000 	C:\Windows\System32\KERNEL32.DLL
0x00007ffe2d7d0000 - 0x00007ffe2da65000 	C:\Windows\System32\KERNELBASE.dll
0x00007ffe30500000 - 0x00007ffe305a3000 	C:\Windows\System32\ADVAPI32.dll
0x00007ffe30460000 - 0x00007ffe304fe000 	C:\Windows\System32\msvcrt.dll
0x00007ffe30de0000 - 0x00007ffe30e7e000 	C:\Windows\System32\sechost.dll
0x00007ffe30b40000 - 0x00007ffe30c62000 	C:\Windows\System32\RPCRT4.dll
0x00007ffe2f770000 - 0x00007ffe2f907000 	C:\Windows\System32\USER32.dll
0x00007ffe2ddd0000 - 0x00007ffe2ddf0000 	C:\Windows\System32\win32u.dll
0x00007ffe30870000 - 0x00007ffe30899000 	C:\Windows\System32\GDI32.dll
0x00007ffe2dc30000 - 0x00007ffe2ddcb000 	C:\Windows\System32\gdi32full.dll
0x00007ffe2db40000 - 0x00007ffe2dbe0000 	C:\Windows\System32\msvcp_win.dll
0x00007ffe2dfd0000 - 0x00007ffe2e0ca000 	C:\Windows\System32\ucrtbase.dll
0x00007ffe1e500000 - 0x00007ffe1e779000 	C:\Windows\WinSxS\amd64_microsoft.windows.common-controls_6595b64144ccf1df_6.0.17763.1339_none_de7015e4534c7114\COMCTL32.dll
0x00007ffe2fa60000 - 0x00007ffe2fd8c000 	C:\Windows\System32\combase.dll
0x00007ffe2da70000 - 0x00007ffe2daee000 	C:\Windows\System32\bcryptPrimitives.dll
0x00007ffe2f5d0000 - 0x00007ffe2f5fe000 	C:\Windows\System32\IMM32.DLL
0x0000000075030000 - 0x0000000075101000 	C:\Program Files\Java\jre1.8.0_201\bin\msvcr100.dll
0x0000000075670000 - 0x0000000075f14000 	C:\Program Files\Java\jre1.8.0_201\bin\server\jvm.dll
0x00007ffe305b0000 - 0x00007ffe305b8000 	C:\Windows\System32\PSAPI.DLL
0x00007ffe1aa20000 - 0x00007ffe1aa29000 	C:\Windows\SYSTEM32\WSOCK32.dll
0x00007ffe2fdf0000 - 0x00007ffe2fe5d000 	C:\Windows\System32\WS2_32.dll
0x00007ffe29970000 - 0x00007ffe29994000 	C:\Windows\SYSTEM32\WINMM.dll
0x00007ffe27c00000 - 0x00007ffe27c0a000 	C:\Windows\SYSTEM32\VERSION.dll
0x00007ffe29940000 - 0x00007ffe2996d000 	C:\Windows\SYSTEM32\WINMMBASE.dll
0x00007ffe2dbe0000 - 0x00007ffe2dc2a000 	C:\Windows\System32\cfgmgr32.dll
0x00007ffe12ac0000 - 0x00007ffe12acf000 	C:\Program Files\Java\jre1.8.0_201\bin\verify.dll
0x00007ffe12a90000 - 0x00007ffe12ab9000 	C:\Program Files\Java\jre1.8.0_201\bin\java.dll
0x00007ffe1bda0000 - 0x00007ffe1bdd5000 	C:\Program Files\Java\jre1.8.0_201\bin\jdwp.dll
0x00007ffe29690000 - 0x00007ffe29698000 	C:\Program Files\Java\jre1.8.0_201\bin\npt.dll
0x00007ffe1bd70000 - 0x00007ffe1bd93000 	C:\Program Files\Java\jre1.8.0_201\bin\instrument.dll
0x00007ffe12980000 - 0x00007ffe12996000 	C:\Program Files\Java\jre1.8.0_201\bin\zip.dll
0x00007ffe2e0d0000 - 0x00007ffe2f5c8000 	C:\Windows\System32\SHELL32.dll
0x00007ffe303b0000 - 0x00007ffe30459000 	C:\Windows\System32\shcore.dll
0x00007ffe2cf60000 - 0x00007ffe2d6b4000 	C:\Windows\System32\windows.storage.dll
0x00007ffe2cf10000 - 0x00007ffe2cf34000 	C:\Windows\System32\profapi.dll
0x00007ffe2ce90000 - 0x00007ffe2ceed000 	C:\Windows\System32\powrprof.dll
0x00007ffe30960000 - 0x00007ffe309b2000 	C:\Windows\System32\shlwapi.dll
0x00007ffe2cf40000 - 0x00007ffe2cf51000 	C:\Windows\System32\kernel.appcore.dll
0x00007ffe2daf0000 - 0x00007ffe2db07000 	C:\Windows\System32\cryptsp.dll
0x00007ffe29680000 - 0x00007ffe29689000 	C:\Program Files\Java\jre1.8.0_201\bin\dt_socket.dll
0x00007ffe147d0000 - 0x00007ffe147e6000 	C:\Windows\system32\napinsp.dll
0x00007ffe147b0000 - 0x00007ffe147ca000 	C:\Windows\system32\pnrpnsp.dll
0x00007ffe2c6a0000 - 0x00007ffe2c707000 	C:\Windows\System32\mswsock.dll
0x00007ffe2c410000 - 0x00007ffe2c4d7000 	C:\Windows\SYSTEM32\DNSAPI.dll
0x00007ffe30dd0000 - 0x00007ffe30dd8000 	C:\Windows\System32\NSI.dll
0x00007ffe2c3d0000 - 0x00007ffe2c40d000 	C:\Windows\SYSTEM32\IPHLPAPI.DLL
0x00007ffe145e0000 - 0x00007ffe145ee000 	C:\Windows\System32\winrnr.dll
0x00007ffe29540000 - 0x00007ffe2955b000 	C:\Windows\system32\NLAapi.dll
0x00007ffe145c0000 - 0x00007ffe145d5000 	C:\Windows\system32\wshbth.dll
0x00007ffe23bb0000 - 0x00007ffe23c29000 	C:\Windows\System32\fwpuclnt.dll
0x00007ffe2db10000 - 0x00007ffe2db36000 	C:\Windows\System32\bcrypt.dll
0x00007ffe203d0000 - 0x00007ffe203da000 	C:\Windows\System32\rasadhlp.dll
0x00007ffe29580000 - 0x00007ffe2958d000 	C:\Program Files\Java\jre1.8.0_201\bin\management.dll
0x00007ffe104f0000 - 0x00007ffe1050a000 	C:\Program Files\Java\jre1.8.0_201\bin\net.dll
0x00007ffe1e930000 - 0x00007ffe1eb07000 	C:\Windows\SYSTEM32\urlmon.dll
0x00007ffe1ef90000 - 0x00007ffe1f238000 	C:\Windows\SYSTEM32\iertutil.dll
0x00007ffe2c820000 - 0x00007ffe2c82c000 	C:\Windows\SYSTEM32\CRYPTBASE.DLL
0x00007ffe104d0000 - 0x00007ffe104e1000 	C:\Program Files\Java\jre1.8.0_201\bin\nio.dll

VM Arguments:
jvm_args: -agentlib:jdwp=transport=dt_socket,suspend=y,address=localhost:52259 -javaagent:C:\Users\SzymonPiotrowski\eclipse\jee-2018-12\eclipse\configuration\org.eclipse.osgi\405\0\.cp\lib\javaagent-shaded.jar -Dfile.encoding=UTF-8 
java_command: com.spring.project.caleTeGym.CaleTeGymApplication
java_class_path (initial): C:\Users\SzymonPiotrowski\Desktop\Tadek\CaleTeGym\caleTeGym\target\classes;C:\Users\SzymonPiotrowski\.m2\repository\org\springframework\boot\spring-boot-starter-thymeleaf\2.1.3.RELEASE\spring-boot-starter-thymeleaf-2.1.3.RELEASE.jar;C:\Users\SzymonPiotrowski\.m2\repository\org\springframework\boot\spring-boot-starter\2.1.3.RELEASE\spring-boot-starter-2.1.3.RELEASE.jar;C:\Users\SzymonPiotrowski\.m2\repository\org\springframework\boot\spring-boot-starter-logging\2.1.3.RELEASE\spring-boot-starter-logging-2.1.3.RELEASE.jar;C:\Users\SzymonPiotrowski\.m2\repository\ch\qos\logback\logback-classic\1.2.3\logback-classic-1.2.3.jar;C:\Users\SzymonPiotrowski\.m2\repository\ch\qos\logback\logback-core\1.2.3\logback-core-1.2.3.jar;C:\Users\SzymonPiotrowski\.m2\repository\org\apache\logging\log4j\log4j-to-slf4j\2.11.2\log4j-to-slf4j-2.11.2.jar;C:\Users\SzymonPiotrowski\.m2\repository\org\apache\logging\log4j\log4j-api\2.11.2\log4j-api-2.11.2.jar;C:\Users\SzymonPiotrowski\.m2\repository\org\slf4j\jul-to-slf4j\1.7.25\jul-to-slf4j-1.7.25.jar;C:\Users\SzymonPiotrowski\.m2\repository\javax\annotation\javax.annotation-api\1.3.2\javax.annotation-api-1.3.2.jar;C:\Users\SzymonPiotrowski\.m2\repository\org\yaml\snakeyaml\1.23\snakeyaml-1.23.jar;C:\Users\SzymonPiotrowski\.m2\repository\org\thymeleaf\thymeleaf-spring5\3.0.11.RELEASE\thymeleaf-spring5-3.0.11.RELEASE.jar;C:\Users\SzymonPiotrowski\.m2\repository\org\thymeleaf\thymeleaf\3.0.11.RELEASE\thymeleaf-3.0.11.RELEASE.jar;C:\Users\SzymonPiotrowski\.m2\repository\org\attoparser\attoparser\2.0.5.RELEASE\attoparser-2.0.5.RELEASE.jar;C:\Users\SzymonPiotrowski\.m2\repository\org\unbescape\unbescape\1.1.6.RELEASE\unbescape-1.1.6.RELEASE.jar;C:\Users\SzymonPiotrowski\.m2\repository\org\slf4j\slf4j-api\1.7.25\slf4j-api-1.7.25.jar;C:\Users\SzymonPiotrowski\.m2\repository\org\thymeleaf\extras\thymeleaf-extras-java8time\3.0.3.RELEASE\thymeleaf-extras-java8time-3.0.3.RELEASE.jar;C:\Users\SzymonPiotrowski\.m2\repository\or
Launcher Type: SUN_STANDARD

Environment Variables:
PATH=C:/Program Files/Java/jre1.8.0_201/bin/server;C:/Program Files/Java/jre1.8.0_201/bin;C:/Program Files/Java/jre1.8.0_201/lib/amd64;C:\Program Files (x86)\Common Files\Oracle\Java\javapath;C:\Windows\system32;C:\Windows;C:\Windows\System32\Wbem;C:\Windows\System32\WindowsPowerShell\v1.0\;C:\Windows\System32\OpenSSH\;C:\Program Files\Git\cmd;C:\Program Files\nodejs\;C:\Users\SzymonPiotrowski\AppData\Local\Programs\Python\Python37-32\Scripts\;C:\Users\SzymonPiotrowski\AppData\Local\Programs\Python\Python37-32\;C:\Program Files (x86)\Common Files\Oracle\Java\javapath;C:\Windows\system32;C:\Windows;C:\Windows\System32\Wbem;C:\Windows\System32\WindowsPowerShell\v1.0\;C:\Windows\System32\OpenSSH\;C:\Program Files\Git\cmd;C:\Users\SzymonPiotrowski\AppData\Local\Microsoft\WindowsApps;C:\Users\SzymonPiotrowski\AppData\Local\Programs\Microsoft VS Code\bin;C:\Python34\Scripts;C:\Users\SzymonPiotrowski\AppData\Roaming\npm;C:\Users\SzymonPiotrowski\Desktop;
USERNAME=SzymonPiotrowski
OS=Windows_NT
PROCESSOR_IDENTIFIER=Intel64 Family 6 Model 60 Stepping 3, GenuineIntel



---------------  S Y S T E M  ---------------

OS: Windows 10.0 , 64 bit Build 17763 (10.0.17763.1339)

CPU:total 4 (initial active 4) (4 cores per cpu, 1 threads per core) family 6 model 60 stepping 3, cmov, cx8, fxsr, mmx, sse, sse2, sse3, ssse3, sse4.1, sse4.2, popcnt, avx, avx2, aes, clmul, erms, lzcnt, tsc, tscinvbit, bmi1, bmi2

Memory: 4k page, physical 8248480k(251800k free), swap 30122196k(969408k free)

vm_info: Java HotSpot(TM) 64-Bit Server VM (25.201-b09) for windows-amd64 JRE (1.8.0_201-b09), built on Dec 15 2018 18:36:39 by "java_re" with MS VC++ 10.0 (VS2010)

time: Thu Jul 16 12:05:25 2020
timezone: Srodkowoeuropejski czas letni
elapsed time: 267 seconds (0d 0h 4m 27s)

