#
# There is insufficient memory for the Java Runtime Environment to continue.
# Native memory allocation (malloc) failed to allocate 837216 bytes for Chunk::new
# Possible reasons:
#   The system is out of physical RAM or swap space
#   The process is running with CompressedOops enabled, and the Java Heap may be blocking the growth of the native heap
# Possible solutions:
#   Reduce memory load on the system
#   Increase physical memory or swap space
#   Check if swap backing store is full
#   Decrease Java heap size (-Xmx/-Xms)
#   Decrease number of Java threads
#   Decrease Java thread stack sizes (-Xss)
#   Set larger code cache with -XX:ReservedCodeCacheSize=
#   JVM is running with Unscaled Compressed Oops mode in which the Java heap is
#     placed in the first 4GB address space. The Java Heap base address is the
#     maximum limit for the native heap growth. Please use -XX:HeapBaseMinAddress
#     to set the Java Heap base and to place the Java Heap above 4GB virtual address.
# This output file may be truncated or incomplete.
#
#  Out of Memory Error (allocation.cpp:390), pid=7132, tid=0x00000000000046c0
#
# JRE version: Java(TM) SE Runtime Environment (8.0_201-b09) (build 1.8.0_201-b09)
# Java VM: Java HotSpot(TM) 64-Bit Server VM (25.201-b09 mixed mode windows-amd64 compressed oops)
# Failed to write core dump. Minidumps are not enabled by default on client versions of Windows
#

---------------  T H R E A D  ---------------

Current thread (0x00000000195de000):  JavaThread "C2 CompilerThread1" daemon [_thread_in_native, id=18112, stack(0x0000000019ee0000,0x0000000019fe0000)]

Stack: [0x0000000019ee0000,0x0000000019fe0000]
[error occurred during error reporting (printing stack bounds), id 0xc0000005]

Native frames: (J=compiled Java code, j=interpreted, Vv=VM code, C=native code)


Current CompileTask:
C2: 269032 1984       4       java.net.URLStreamHandler::parseURL (1193 bytes)


---------------  P R O C E S S  ---------------

Java Threads: ( => current thread )
  0x000000001758c800 JavaThread "restartedMain" [_thread_in_vm, id=12300, stack(0x000000001cb60000,0x000000001cc60000)]
  0x000000001b14f000 JavaThread "Thread-0" [_thread_blocked, id=17744, stack(0x000000001ca60000,0x000000001cb60000)]
  0x00000000195d2800 JavaThread "Service Thread" daemon [_thread_blocked, id=18204, stack(0x000000001a0e0000,0x000000001a1e0000)]
  0x00000000195bb800 JavaThread "C1 CompilerThread2" daemon [_thread_in_native, id=18164, stack(0x0000000019fe0000,0x000000001a0e0000)]
=>0x00000000195de000 JavaThread "C2 CompilerThread1" daemon [_thread_in_native, id=18112, stack(0x0000000019ee0000,0x0000000019fe0000)]
  0x00000000195ba800 JavaThread "C2 CompilerThread0" daemon [_thread_in_native, id=18096, stack(0x00000000195e0000,0x00000000196e0000)]
  0x000000001754f000 JavaThread "JDWP Command Reader" daemon [_thread_in_native, id=16696, stack(0x00000000190e0000,0x00000000191e0000)]
  0x000000001754e000 JavaThread "JDWP Event Helper Thread" daemon [_thread_blocked, id=16632, stack(0x0000000018fe0000,0x00000000190e0000)]
  0x000000001754a800 JavaThread "JDWP Transport Listener: dt_socket" daemon [_thread_blocked, id=16624, stack(0x0000000018ee0000,0x0000000018fe0000)]
  0x0000000017536800 JavaThread "Attach Listener" daemon [_thread_blocked, id=2912, stack(0x0000000018aa0000,0x0000000018ba0000)]
  0x0000000017535000 JavaThread "Signal Dispatcher" daemon [_thread_blocked, id=14744, stack(0x00000000189a0000,0x0000000018aa0000)]
  0x0000000017520000 JavaThread "Finalizer" daemon [_thread_blocked, id=5108, stack(0x0000000018790000,0x0000000018890000)]
  0x0000000002a58000 JavaThread "Reference Handler" daemon [_thread_blocked, id=13504, stack(0x0000000018690000,0x0000000018790000)]
  0x0000000002967000 JavaThread "main" [_thread_blocked, id=13048, stack(0x0000000002690000,0x0000000002790000)]

Other Threads:
  0x00000000174f8000 VMThread [stack: 0x0000000018590000,0x0000000018690000] [id=10336]
  0x00000000197d1800 WatcherThread [stack: 0x000000001a1e0000,0x000000001a2e0000] [id=18208]

VM state:synchronizing (normal execution)

VM Mutex/Monitor currently owned by a thread:  ([mutex/lock_event])
[0x0000000002964a00] Threads_lock - owner thread: 0x00000000174f8000

heap address: 0x0000000082200000, size: 2014 MB, Compressed Oops mode: 32-bit
Narrow klass base: 0x0000000000000000, Narrow klass shift: 3
Compressed class space size: 1073741824 Address: 0x0000000100000000

Heap:
 PSYoungGen      total 136192K, used 52464K [0x00000000d6100000, 0x00000000e7300000, 0x0000000100000000)
  eden space 131072K, 40% used [0x00000000d6100000,0x00000000d943c358,0x00000000de100000)
  from space 5120K, 0% used [0x00000000de100000,0x00000000de100000,0x00000000de600000)
  to   space 9216K, 0% used [0x00000000e6a00000,0x00000000e6a00000,0x00000000e7300000)
 ParOldGen       total 45056K, used 6293K [0x0000000082200000, 0x0000000084e00000, 0x00000000d6100000)
  object space 45056K, 13% used [0x0000000082200000,0x00000000828254e8,0x0000000084e00000)
 Metaspace       used 23997K, capacity 24640K, committed 24832K, reserved 1071104K
  class space    used 3023K, capacity 3221K, committed 3328K, reserved 1048576K

Card table byte_map: [0x0000000011e20000,0x0000000012210000] byte_map_base: 0x0000000011a0f000

Marking Bits: (ParMarkBitMap*) 0x0000000075e94ce0
 Begin Bits: [0x00000000128b0000, 0x0000000014828000)
 End Bits:   [0x0000000014828000, 0x00000000167a0000)

Polling page: 0x0000000000d20000

CodeCache: size=245760Kb used=8447Kb max_used=8447Kb free=237312Kb
 bounds [0x0000000002a60000, 0x00000000032b0000, 0x0000000011a60000]
 total_blobs=2376 nmethods=1977 adapters=319
 compilation: enabled

Compilation events (10 events):
Event: 258.626 Thread 0x00000000195bb800 1978       1       java.lang.invoke.InnerClassLambdaMetafactory::access$500 (5 bytes)
Event: 258.626 Thread 0x00000000195bb800 nmethod 1978 0x000000000326f150 code [0x000000000326f2a0, 0x000000000326f390]
Event: 258.626 Thread 0x00000000195bb800 1979       1       java.lang.invoke.InnerClassLambdaMetafactory::access$600 (5 bytes)
Event: 258.626 Thread 0x00000000195bb800 nmethod 1979 0x0000000002bf4750 code [0x0000000002bf48a0, 0x0000000002bf4990]
Event: 258.664 Thread 0x00000000195bb800 1981       3       java.lang.invoke.ConstantCallSite::getTarget (20 bytes)
Event: 258.665 Thread 0x00000000195bb800 nmethod 1981 0x0000000002ba2990 code [0x0000000002ba2b00, 0x0000000002ba2d48]
Event: 258.665 Thread 0x00000000195de000 1984       4       java.net.URLStreamHandler::parseURL (1193 bytes)
Event: 258.683 Thread 0x00000000195bb800 1980       1       java.lang.invoke.InnerClassLambdaMetafactory::access$700 (5 bytes)
Event: 258.683 Thread 0x00000000195bb800 nmethod 1980 0x0000000002d1cfd0 code [0x0000000002d1d120, 0x0000000002d1d210]
Event: 258.972 Thread 0x00000000195bb800 1985       3       java.lang.reflect.Method::getGenericParameterTypes (5 bytes)

GC Heap History (10 events):
Event: 97.141 GC heap before
{Heap before GC invocations=2 (full 0):
 PSYoungGen      total 37888K, used 36316K [0x00000000d6100000, 0x00000000dab00000, 0x0000000100000000)
  eden space 32768K, 99% used [0x00000000d6100000,0x00000000d80f2470,0x00000000d8100000)
  from space 5120K, 70% used [0x00000000d8100000,0x00000000d8484bf0,0x00000000d8600000)
  to   space 5120K, 0% used [0x00000000da600000,0x00000000da600000,0x00000000dab00000)
 ParOldGen       total 86016K, used 16K [0x0000000082200000, 0x0000000087600000, 0x00000000d6100000)
  object space 86016K, 0% used [0x0000000082200000,0x0000000082204000,0x0000000087600000)
 Metaspace       used 8732K, capacity 8896K, committed 9088K, reserved 1056768K
  class space    used 960K, capacity 1028K, committed 1152K, reserved 1048576K
Event: 98.014 GC heap after
Heap after GC invocations=2 (full 0):
 PSYoungGen      total 70656K, used 2832K [0x00000000d6100000, 0x00000000dab00000, 0x0000000100000000)
  eden space 65536K, 0% used [0x00000000d6100000,0x00000000d6100000,0x00000000da100000)
  from space 5120K, 55% used [0x00000000da600000,0x00000000da8c43e0,0x00000000dab00000)
  to   space 5120K, 0% used [0x00000000da100000,0x00000000da100000,0x00000000da600000)
 ParOldGen       total 86016K, used 24K [0x0000000082200000, 0x0000000087600000, 0x00000000d6100000)
  object space 86016K, 0% used [0x0000000082200000,0x0000000082206000,0x0000000087600000)
 Metaspace       used 8732K, capacity 8896K, committed 9088K, reserved 1056768K
  class space    used 960K, capacity 1028K, committed 1152K, reserved 1048576K
}
Event: 144.773 GC heap before
{Heap before GC invocations=3 (full 0):
 PSYoungGen      total 70656K, used 68368K [0x00000000d6100000, 0x00000000dab00000, 0x0000000100000000)
  eden space 65536K, 100% used [0x00000000d6100000,0x00000000da100000,0x00000000da100000)
  from space 5120K, 55% used [0x00000000da600000,0x00000000da8c43e0,0x00000000dab00000)
  to   space 5120K, 0% used [0x00000000da100000,0x00000000da100000,0x00000000da600000)
 ParOldGen       total 86016K, used 24K [0x0000000082200000, 0x0000000087600000, 0x00000000d6100000)
  object space 86016K, 0% used [0x0000000082200000,0x0000000082206000,0x0000000087600000)
 Metaspace       used 13413K, capacity 13724K, committed 13824K, reserved 1060864K
  class space    used 1616K, capacity 1725K, committed 1792K, reserved 1048576K
Event: 145.616 GC heap after
Heap after GC invocations=3 (full 0):
 PSYoungGen      total 70656K, used 5101K [0x00000000d6100000, 0x00000000deb00000, 0x0000000100000000)
  eden space 65536K, 0% used [0x00000000d6100000,0x00000000d6100000,0x00000000da100000)
  from space 5120K, 99% used [0x00000000da100000,0x00000000da5fb628,0x00000000da600000)
  to   space 5120K, 0% used [0x00000000de600000,0x00000000de600000,0x00000000deb00000)
 ParOldGen       total 86016K, used 873K [0x0000000082200000, 0x0000000087600000, 0x00000000d6100000)
  object space 86016K, 1% used [0x0000000082200000,0x00000000822da4c8,0x0000000087600000)
 Metaspace       used 13413K, capacity 13724K, committed 13824K, reserved 1060864K
  class space    used 1616K, capacity 1725K, committed 1792K, reserved 1048576K
}
Event: 156.491 GC heap before
{Heap before GC invocations=4 (full 0):
 PSYoungGen      total 70656K, used 70637K [0x00000000d6100000, 0x00000000deb00000, 0x0000000100000000)
  eden space 65536K, 100% used [0x00000000d6100000,0x00000000da100000,0x00000000da100000)
  from space 5120K, 99% used [0x00000000da100000,0x00000000da5fb628,0x00000000da600000)
  to   space 5120K, 0% used [0x00000000de600000,0x00000000de600000,0x00000000deb00000)
 ParOldGen       total 86016K, used 873K [0x0000000082200000, 0x0000000087600000, 0x00000000d6100000)
  object space 86016K, 1% used [0x0000000082200000,0x00000000822da4c8,0x0000000087600000)
 Metaspace       used 17204K, capacity 17604K, committed 17920K, reserved 1064960K
  class space    used 2088K, capacity 2229K, committed 2304K, reserved 1048576K
Event: 157.473 GC heap after
Heap after GC invocations=4 (full 0):
 PSYoungGen      total 136192K, used 5119K [0x00000000d6100000, 0x00000000deb00000, 0x0000000100000000)
  eden space 131072K, 0% used [0x00000000d6100000,0x00000000d6100000,0x00000000de100000)
  from space 5120K, 99% used [0x00000000de600000,0x00000000deaffc88,0x00000000deb00000)
  to   space 5120K, 0% used [0x00000000de100000,0x00000000de100000,0x00000000de600000)
 ParOldGen       total 86016K, used 3285K [0x0000000082200000, 0x0000000087600000, 0x00000000d6100000)
  object space 86016K, 3% used [0x0000000082200000,0x0000000082535570,0x0000000087600000)
 Metaspace       used 17204K, capacity 17604K, committed 17920K, reserved 1064960K
  class space    used 2088K, capacity 2229K, committed 2304K, reserved 1048576K
}
Event: 249.650 GC heap before
{Heap before GC invocations=5 (full 0):
 PSYoungGen      total 136192K, used 36326K [0x00000000d6100000, 0x00000000deb00000, 0x0000000100000000)
  eden space 131072K, 23% used [0x00000000d6100000,0x00000000d7f79c70,0x00000000de100000)
  from space 5120K, 99% used [0x00000000de600000,0x00000000deaffc88,0x00000000deb00000)
  to   space 5120K, 0% used [0x00000000de100000,0x00000000de100000,0x00000000de600000)
 ParOldGen       total 86016K, used 3285K [0x0000000082200000, 0x0000000087600000, 0x00000000d6100000)
  object space 86016K, 3% used [0x0000000082200000,0x0000000082535570,0x0000000087600000)
 Metaspace       used 20618K, capacity 21092K, committed 21248K, reserved 1067008K
  class space    used 2566K, capacity 2707K, committed 2816K, reserved 1048576K
Event: 251.169 GC heap after
Heap after GC invocations=5 (full 0):
 PSYoungGen      total 136192K, used 5089K [0x00000000d6100000, 0x00000000e7300000, 0x0000000100000000)
  eden space 131072K, 0% used [0x00000000d6100000,0x00000000d6100000,0x00000000de100000)
  from space 5120K, 99% used [0x00000000de100000,0x00000000de5f87e8,0x00000000de600000)
  to   space 9216K, 0% used [0x00000000e6a00000,0x00000000e6a00000,0x00000000e7300000)
 ParOldGen       total 86016K, used 4656K [0x0000000082200000, 0x0000000087600000, 0x00000000d6100000)
  object space 86016K, 5% used [0x0000000082200000,0x000000008268c3e0,0x0000000087600000)
 Metaspace       used 20618K, capacity 21092K, committed 21248K, reserved 1067008K
  class space    used 2566K, capacity 2707K, committed 2816K, reserved 1048576K
}
Event: 251.201 GC heap before
{Heap before GC invocations=6 (full 1):
 PSYoungGen      total 136192K, used 5089K [0x00000000d6100000, 0x00000000e7300000, 0x0000000100000000)
  eden space 131072K, 0% used [0x00000000d6100000,0x00000000d6100000,0x00000000de100000)
  from space 5120K, 99% used [0x00000000de100000,0x00000000de5f87e8,0x00000000de600000)
  to   space 9216K, 0% used [0x00000000e6a00000,0x00000000e6a00000,0x00000000e7300000)
 ParOldGen       total 86016K, used 4656K [0x0000000082200000, 0x0000000087600000, 0x00000000d6100000)
  object space 86016K, 5% used [0x0000000082200000,0x000000008268c3e0,0x0000000087600000)
 Metaspace       used 20618K, capacity 21092K, committed 21248K, reserved 1067008K
  class space    used 2566K, capacity 2707K, committed 2816K, reserved 1048576K
Event: 252.808 GC heap after
Heap after GC invocations=6 (full 1):
 PSYoungGen      total 136192K, used 0K [0x00000000d6100000, 0x00000000e7300000, 0x0000000100000000)
  eden space 131072K, 0% used [0x00000000d6100000,0x00000000d6100000,0x00000000de100000)
  from space 5120K, 0% used [0x00000000de100000,0x00000000de100000,0x00000000de600000)
  to   space 9216K, 0% used [0x00000000e6a00000,0x00000000e6a00000,0x00000000e7300000)
 ParOldGen       total 45056K, used 6293K [0x0000000082200000, 0x0000000084e00000, 0x00000000d6100000)
  object space 45056K, 13% used [0x0000000082200000,0x00000000828254e8,0x0000000084e00000)
 Metaspace       used 20618K, capacity 21092K, committed 21248K, reserved 1067008K
  class space    used 2566K, capacity 2707K, committed 2816K, reserved 1048576K
}

Deoptimization events (10 events):
Event: 258.919 Thread 0x000000001758c800 Uncommon trap: reason=unhandled action=none pc=0x000000000316ae6c method=java.net.URLClassLoader.findClass(Ljava/lang/String;)Ljava/lang/Class; @ 44
Event: 258.919 Thread 0x000000001758c800 Uncommon trap: reason=unhandled action=none pc=0x000000000316ae6c method=java.net.URLClassLoader.findClass(Ljava/lang/String;)Ljava/lang/Class; @ 44
Event: 258.920 Thread 0x000000001758c800 Uncommon trap: reason=unhandled action=none pc=0x000000000316ae6c method=java.net.URLClassLoader.findClass(Ljava/lang/String;)Ljava/lang/Class; @ 44
Event: 258.939 Thread 0x000000001758c800 Uncommon trap: reason=unhandled action=none pc=0x000000000316ae6c method=java.net.URLClassLoader.findClass(Ljava/lang/String;)Ljava/lang/Class; @ 44
Event: 258.945 Thread 0x000000001758c800 Uncommon trap: reason=unhandled action=none pc=0x000000000316ae6c method=java.net.URLClassLoader.findClass(Ljava/lang/String;)Ljava/lang/Class; @ 44
Event: 258.946 Thread 0x000000001758c800 Uncommon trap: reason=unhandled action=none pc=0x000000000316ae6c method=java.net.URLClassLoader.findClass(Ljava/lang/String;)Ljava/lang/Class; @ 44
Event: 258.969 Thread 0x000000001758c800 Uncommon trap: reason=unhandled action=none pc=0x000000000316ae6c method=java.net.URLClassLoader.findClass(Ljava/lang/String;)Ljava/lang/Class; @ 44
Event: 258.972 Thread 0x000000001758c800 Uncommon trap: reason=unhandled action=none pc=0x000000000316ae6c method=java.net.URLClassLoader.findClass(Ljava/lang/String;)Ljava/lang/Class; @ 44
Event: 258.973 Thread 0x000000001758c800 Uncommon trap: reason=unhandled action=none pc=0x000000000316ae6c method=java.net.URLClassLoader.findClass(Ljava/lang/String;)Ljava/lang/Class; @ 44
Event: 258.984 Thread 0x000000001758c800 Uncommon trap: reason=unhandled action=none pc=0x000000000316ae6c method=java.net.URLClassLoader.findClass(Ljava/lang/String;)Ljava/lang/Class; @ 44

Classes redefined (0 events):
No events

Internal exceptions (10 events):
Event: 258.785 Thread 0x000000001758c800 Exception <a 'java/lang/ClassNotFoundException': org/springframework/beans/factory/support/BeanDefinitionRegistryPostProcessorCustomizer> (0x00000000d861f3d0) thrown at [C:\re\workspace\8-2-build-windows-amd64-cygwin\jdk8u201\12322\hotspot\src\share\vm\cl
Event: 258.860 Thread 0x000000001758c800 Exception <a 'java/lang/ClassNotFoundException': org/springframework/beans/factory/config/BeanFactoryPostProcessorCustomizer> (0x00000000d8639e80) thrown at [C:\re\workspace\8-2-build-windows-amd64-cygwin\jdk8u201\12322\hotspot\src\share\vm\classfile\syst
Event: 258.861 Thread 0x000000001758c800 Exception <a 'java/lang/ClassNotFoundException': org/springframework/core/PriorityOrderedCustomizer> (0x00000000d864dce8) thrown at [C:\re\workspace\8-2-build-windows-amd64-cygwin\jdk8u201\12322\hotspot\src\share\vm\classfile\systemDictionary.cpp, line 21
Event: 258.917 Thread 0x000000001758c800 Exception <a 'java/lang/ClassNotFoundException': org/springframework/core/OrderedCustomizer> (0x00000000d865ee68) thrown at [C:\re\workspace\8-2-build-windows-amd64-cygwin\jdk8u201\12322\hotspot\src\share\vm\classfile\systemDictionary.cpp, line 210]
Event: 258.918 Thread 0x000000001758c800 Exception <a 'java/lang/ClassNotFoundException': org/springframework/context/ResourceLoaderAwareCustomizer> (0x00000000d86749b0) thrown at [C:\re\workspace\8-2-build-windows-amd64-cygwin\jdk8u201\12322\hotspot\src\share\vm\classfile\systemDictionary.cpp, 
Event: 258.919 Thread 0x000000001758c800 Exception <a 'java/lang/ClassNotFoundException': org/springframework/beans/factory/AwareCustomizer> (0x00000000d8688aa8) thrown at [C:\re\workspace\8-2-build-windows-amd64-cygwin\jdk8u201\12322\hotspot\src\share\vm\classfile\systemDictionary.cpp, line 210
Event: 258.938 Thread 0x000000001758c800 Exception <a 'java/lang/ClassNotFoundException': org/springframework/beans/factory/BeanClassLoaderAwareCustomizer> (0x00000000d869f6d8) thrown at [C:\re\workspace\8-2-build-windows-amd64-cygwin\jdk8u201\12322\hotspot\src\share\vm\classfile\systemDictionar
Event: 258.945 Thread 0x000000001758c800 Exception <a 'java/lang/ClassNotFoundException': org/springframework/beans/factory/AwareCustomizer> (0x00000000d86b37e8) thrown at [C:\re\workspace\8-2-build-windows-amd64-cygwin\jdk8u201\12322\hotspot\src\share\vm\classfile\systemDictionary.cpp, line 210
Event: 258.971 Thread 0x000000001758c800 Exception <a 'java/lang/ClassNotFoundException': org/springframework/context/EnvironmentAwareCustomizer> (0x00000000d86c7b38) thrown at [C:\re\workspace\8-2-build-windows-amd64-cygwin\jdk8u201\12322\hotspot\src\share\vm\classfile\systemDictionary.cpp, lin
Event: 258.984 Thread 0x000000001758c800 Exception <a 'java/lang/ClassNotFoundException': org/springframework/beans/factory/AwareCustomizer> (0x00000000d86dbb28) thrown at [C:\re\workspace\8-2-build-windows-amd64-cygwin\jdk8u201\12322\hotspot\src\share\vm\classfile\systemDictionary.cpp, line 210

Events (10 events):
Event: 258.984 Thread 0x000000001758c800 DEOPT UNPACKING pc=0x0000000002aa7890 sp=0x000000001cc5c860 mode 1
Event: 258.984 Thread 0x000000001758c800 DEOPT PACKING pc=0x0000000002f98dac sp=0x000000001cc5d450
Event: 258.984 Thread 0x000000001758c800 DEOPT UNPACKING pc=0x0000000002aa7890 sp=0x000000001cc5d1c8 mode 1
Event: 258.984 loading class org/springframework/beans/factory/AwareCustomizer
Event: 258.984 loading class org/springframework/beans/factory/AwareCustomizer done
Event: 258.984 loading class org/springframework/core/convert/Property
Event: 258.984 loading class org/springframework/core/convert/Property done
Event: 258.984 Thread 0x000000001758c800 Uncommon trap: trap_request=0xffffffa7 fr.pc=0x000000000316ae6c
Event: 258.984 Thread 0x000000001758c800 DEOPT PACKING pc=0x000000000316ae6c sp=0x000000001cc5ca90
Event: 258.984 Thread 0x000000001758c800 DEOPT UNPACKING pc=0x0000000002aa583b sp=0x000000001cc5c988 mode 2


Dynamic libraries:
0x00007ff7e36e0000 - 0x00007ff7e3717000 	C:\Program Files\Java\jre1.8.0_201\bin\javaw.exe
0x00007ffe30eb0000 - 0x00007ffe3109d000 	C:\Windows\SYSTEM32\ntdll.dll
0x00007ffe10b80000 - 0x00007ffe10b93000 	C:\Program Files\AVAST Software\Avast\aswhook.dll
0x00007ffe302e0000 - 0x00007ffe30393000 	C:\Windows\System32\KERNEL32.DLL
0x00007ffe2d7d0000 - 0x00007ffe2da65000 	C:\Windows\System32\KERNELBASE.dll
0x00007ffe30500000 - 0x00007ffe305a3000 	C:\Windows\System32\ADVAPI32.dll
0x00007ffe30460000 - 0x00007ffe304fe000 	C:\Windows\System32\msvcrt.dll
0x00007ffe30de0000 - 0x00007ffe30e7e000 	C:\Windows\System32\sechost.dll
0x00007ffe30b40000 - 0x00007ffe30c62000 	C:\Windows\System32\RPCRT4.dll
0x00007ffe2f770000 - 0x00007ffe2f907000 	C:\Windows\System32\USER32.dll
0x00007ffe2ddd0000 - 0x00007ffe2ddf0000 	C:\Windows\System32\win32u.dll
0x00007ffe30870000 - 0x00007ffe30899000 	C:\Windows\System32\GDI32.dll
0x00007ffe2dc30000 - 0x00007ffe2ddcb000 	C:\Windows\System32\gdi32full.dll
0x00007ffe2db40000 - 0x00007ffe2dbe0000 	C:\Windows\System32\msvcp_win.dll
0x00007ffe2dfd0000 - 0x00007ffe2e0ca000 	C:\Windows\System32\ucrtbase.dll
0x00007ffe1e500000 - 0x00007ffe1e779000 	C:\Windows\WinSxS\amd64_microsoft.windows.common-controls_6595b64144ccf1df_6.0.17763.1339_none_de7015e4534c7114\COMCTL32.dll
0x00007ffe2fa60000 - 0x00007ffe2fd8c000 	C:\Windows\System32\combase.dll
0x00007ffe2da70000 - 0x00007ffe2daee000 	C:\Windows\System32\bcryptPrimitives.dll
0x00007ffe2f5d0000 - 0x00007ffe2f5fe000 	C:\Windows\System32\IMM32.DLL
0x0000000075030000 - 0x0000000075101000 	C:\Program Files\Java\jre1.8.0_201\bin\msvcr100.dll
0x0000000075670000 - 0x0000000075f14000 	C:\Program Files\Java\jre1.8.0_201\bin\server\jvm.dll
0x00007ffe305b0000 - 0x00007ffe305b8000 	C:\Windows\System32\PSAPI.DLL
0x00007ffe1aa20000 - 0x00007ffe1aa29000 	C:\Windows\SYSTEM32\WSOCK32.dll
0x00007ffe2fdf0000 - 0x00007ffe2fe5d000 	C:\Windows\System32\WS2_32.dll
0x00007ffe29970000 - 0x00007ffe29994000 	C:\Windows\SYSTEM32\WINMM.dll
0x00007ffe27c00000 - 0x00007ffe27c0a000 	C:\Windows\SYSTEM32\VERSION.dll
0x00007ffe29940000 - 0x00007ffe2996d000 	C:\Windows\SYSTEM32\WINMMBASE.dll
0x00007ffe2dbe0000 - 0x00007ffe2dc2a000 	C:\Windows\System32\cfgmgr32.dll
0x00007ffe12ac0000 - 0x00007ffe12acf000 	C:\Program Files\Java\jre1.8.0_201\bin\verify.dll
0x00007ffe12a90000 - 0x00007ffe12ab9000 	C:\Program Files\Java\jre1.8.0_201\bin\java.dll
0x00007ffe1bda0000 - 0x00007ffe1bdd5000 	C:\Program Files\Java\jre1.8.0_201\bin\jdwp.dll
0x00007ffe29690000 - 0x00007ffe29698000 	C:\Program Files\Java\jre1.8.0_201\bin\npt.dll
0x00007ffe1bd70000 - 0x00007ffe1bd93000 	C:\Program Files\Java\jre1.8.0_201\bin\instrument.dll
0x00007ffe12980000 - 0x00007ffe12996000 	C:\Program Files\Java\jre1.8.0_201\bin\zip.dll
0x00007ffe2e0d0000 - 0x00007ffe2f5c8000 	C:\Windows\System32\SHELL32.dll
0x00007ffe303b0000 - 0x00007ffe30459000 	C:\Windows\System32\shcore.dll
0x00007ffe2cf60000 - 0x00007ffe2d6b4000 	C:\Windows\System32\windows.storage.dll
0x00007ffe2cf10000 - 0x00007ffe2cf34000 	C:\Windows\System32\profapi.dll
0x00007ffe2ce90000 - 0x00007ffe2ceed000 	C:\Windows\System32\powrprof.dll
0x00007ffe30960000 - 0x00007ffe309b2000 	C:\Windows\System32\shlwapi.dll
0x00007ffe2cf40000 - 0x00007ffe2cf51000 	C:\Windows\System32\kernel.appcore.dll
0x00007ffe2daf0000 - 0x00007ffe2db07000 	C:\Windows\System32\cryptsp.dll
0x00007ffe29680000 - 0x00007ffe29689000 	C:\Program Files\Java\jre1.8.0_201\bin\dt_socket.dll
0x00007ffe147d0000 - 0x00007ffe147e6000 	C:\Windows\system32\napinsp.dll
0x00007ffe147b0000 - 0x00007ffe147ca000 	C:\Windows\system32\pnrpnsp.dll
0x00007ffe2c6a0000 - 0x00007ffe2c707000 	C:\Windows\System32\mswsock.dll
0x00007ffe2c410000 - 0x00007ffe2c4d7000 	C:\Windows\SYSTEM32\DNSAPI.dll
0x00007ffe30dd0000 - 0x00007ffe30dd8000 	C:\Windows\System32\NSI.dll
0x00007ffe2c3d0000 - 0x00007ffe2c40d000 	C:\Windows\SYSTEM32\IPHLPAPI.DLL
0x00007ffe145e0000 - 0x00007ffe145ee000 	C:\Windows\System32\winrnr.dll
0x00007ffe29540000 - 0x00007ffe2955b000 	C:\Windows\system32\NLAapi.dll
0x00007ffe145c0000 - 0x00007ffe145d5000 	C:\Windows\system32\wshbth.dll
0x00007ffe23bb0000 - 0x00007ffe23c29000 	C:\Windows\System32\fwpuclnt.dll
0x00007ffe2db10000 - 0x00007ffe2db36000 	C:\Windows\System32\bcrypt.dll
0x00007ffe203d0000 - 0x00007ffe203da000 	C:\Windows\System32\rasadhlp.dll
0x00007ffe29580000 - 0x00007ffe2958d000 	C:\Program Files\Java\jre1.8.0_201\bin\management.dll
0x00007ffe104f0000 - 0x00007ffe1050a000 	C:\Program Files\Java\jre1.8.0_201\bin\net.dll
0x00007ffe1e930000 - 0x00007ffe1eb07000 	C:\Windows\SYSTEM32\urlmon.dll
0x00007ffe1ef90000 - 0x00007ffe1f238000 	C:\Windows\SYSTEM32\iertutil.dll
0x00007ffe2c820000 - 0x00007ffe2c82c000 	C:\Windows\SYSTEM32\CRYPTBASE.DLL
0x00007ffe104d0000 - 0x00007ffe104e1000 	C:\Program Files\Java\jre1.8.0_201\bin\nio.dll

VM Arguments:
jvm_args: -agentlib:jdwp=transport=dt_socket,suspend=y,address=localhost:52272 -javaagent:C:\Users\SzymonPiotrowski\eclipse\jee-2018-12\eclipse\configuration\org.eclipse.osgi\405\0\.cp\lib\javaagent-shaded.jar -Dfile.encoding=UTF-8 
java_command: com.spring.project.caleTeGym.CaleTeGymApplication
java_class_path (initial): C:\Users\SzymonPiotrowski\Desktop\Tadek\CaleTeGym\caleTeGym\target\classes;C:\Users\SzymonPiotrowski\.m2\repository\org\springframework\boot\spring-boot-starter-thymeleaf\2.1.3.RELEASE\spring-boot-starter-thymeleaf-2.1.3.RELEASE.jar;C:\Users\SzymonPiotrowski\.m2\repository\org\springframework\boot\spring-boot-starter\2.1.3.RELEASE\spring-boot-starter-2.1.3.RELEASE.jar;C:\Users\SzymonPiotrowski\.m2\repository\org\springframework\boot\spring-boot-starter-logging\2.1.3.RELEASE\spring-boot-starter-logging-2.1.3.RELEASE.jar;C:\Users\SzymonPiotrowski\.m2\repository\ch\qos\logback\logback-classic\1.2.3\logback-classic-1.2.3.jar;C:\Users\SzymonPiotrowski\.m2\repository\ch\qos\logback\logback-core\1.2.3\logback-core-1.2.3.jar;C:\Users\SzymonPiotrowski\.m2\repository\org\apache\logging\log4j\log4j-to-slf4j\2.11.2\log4j-to-slf4j-2.11.2.jar;C:\Users\SzymonPiotrowski\.m2\repository\org\apache\logging\log4j\log4j-api\2.11.2\log4j-api-2.11.2.jar;C:\Users\SzymonPiotrowski\.m2\repository\org\slf4j\jul-to-slf4j\1.7.25\jul-to-slf4j-1.7.25.jar;C:\Users\SzymonPiotrowski\.m2\repository\javax\annotation\javax.annotation-api\1.3.2\javax.annotation-api-1.3.2.jar;C:\Users\SzymonPiotrowski\.m2\repository\org\yaml\snakeyaml\1.23\snakeyaml-1.23.jar;C:\Users\SzymonPiotrowski\.m2\repository\org\thymeleaf\thymeleaf-spring5\3.0.11.RELEASE\thymeleaf-spring5-3.0.11.RELEASE.jar;C:\Users\SzymonPiotrowski\.m2\repository\org\thymeleaf\thymeleaf\3.0.11.RELEASE\thymeleaf-3.0.11.RELEASE.jar;C:\Users\SzymonPiotrowski\.m2\repository\org\attoparser\attoparser\2.0.5.RELEASE\attoparser-2.0.5.RELEASE.jar;C:\Users\SzymonPiotrowski\.m2\repository\org\unbescape\unbescape\1.1.6.RELEASE\unbescape-1.1.6.RELEASE.jar;C:\Users\SzymonPiotrowski\.m2\repository\org\slf4j\slf4j-api\1.7.25\slf4j-api-1.7.25.jar;C:\Users\SzymonPiotrowski\.m2\repository\org\thymeleaf\extras\thymeleaf-extras-java8time\3.0.3.RELEASE\thymeleaf-extras-java8time-3.0.3.RELEASE.jar;C:\Users\SzymonPiotrowski\.m2\repository\or
Launcher Type: SUN_STANDARD

Environment Variables:
PATH=C:/Program Files/Java/jre1.8.0_201/bin/server;C:/Program Files/Java/jre1.8.0_201/bin;C:/Program Files/Java/jre1.8.0_201/lib/amd64;C:\Program Files (x86)\Common Files\Oracle\Java\javapath;C:\Windows\system32;C:\Windows;C:\Windows\System32\Wbem;C:\Windows\System32\WindowsPowerShell\v1.0\;C:\Windows\System32\OpenSSH\;C:\Program Files\Git\cmd;C:\Program Files\nodejs\;C:\Users\SzymonPiotrowski\AppData\Local\Programs\Python\Python37-32\Scripts\;C:\Users\SzymonPiotrowski\AppData\Local\Programs\Python\Python37-32\;C:\Program Files (x86)\Common Files\Oracle\Java\javapath;C:\Windows\system32;C:\Windows;C:\Windows\System32\Wbem;C:\Windows\System32\WindowsPowerShell\v1.0\;C:\Windows\System32\OpenSSH\;C:\Program Files\Git\cmd;C:\Users\SzymonPiotrowski\AppData\Local\Microsoft\WindowsApps;C:\Users\SzymonPiotrowski\AppData\Local\Programs\Microsoft VS Code\bin;C:\Python34\Scripts;C:\Users\SzymonPiotrowski\AppData\Roaming\npm;C:\Users\SzymonPiotrowski\Desktop;
USERNAME=SzymonPiotrowski
OS=Windows_NT
PROCESSOR_IDENTIFIER=Intel64 Family 6 Model 60 Stepping 3, GenuineIntel



---------------  S Y S T E M  ---------------

OS: Windows 10.0 , 64 bit Build 17763 (10.0.17763.1339)

CPU:total 4 (initial active 4) (4 cores per cpu, 1 threads per core) family 6 model 60 stepping 3, cmov, cx8, fxsr, mmx, sse, sse2, sse3, ssse3, sse4.1, sse4.2, popcnt, avx, avx2, aes, clmul, erms, lzcnt, tsc, tscinvbit, bmi1, bmi2

Memory: 4k page, physical 8248480k(251908k free), swap 30122196k(969408k free)

vm_info: Java HotSpot(TM) 64-Bit Server VM (25.201-b09) for windows-amd64 JRE (1.8.0_201-b09), built on Dec 15 2018 18:36:39 by "java_re" with MS VC++ 10.0 (VS2010)

time: Thu Jul 16 12:05:25 2020
timezone: Srodkowoeuropejski czas letni
elapsed time: 269 seconds (0d 0h 4m 29s)

