#
# There is insufficient memory for the Java Runtime Environment to continue.
# Native memory allocation (malloc) failed to allocate 602656 bytes for Chunk::new
# Possible reasons:
#   The system is out of physical RAM or swap space
#   The process is running with CompressedOops enabled, and the Java Heap may be blocking the growth of the native heap
# Possible solutions:
#   Reduce memory load on the system
#   Increase physical memory or swap space
#   Check if swap backing store is full
#   Decrease Java heap size (-Xmx/-Xms)
#   Decrease number of Java threads
#   Decrease Java thread stack sizes (-Xss)
#   Set larger code cache with -XX:ReservedCodeCacheSize=
#   JVM is running with Unscaled Compressed Oops mode in which the Java heap is
#     placed in the first 4GB address space. The Java Heap base address is the
#     maximum limit for the native heap growth. Please use -XX:HeapBaseMinAddress
#     to set the Java Heap base and to place the Java Heap above 4GB virtual address.
# This output file may be truncated or incomplete.
#
#  Out of Memory Error (allocation.cpp:390), pid=6672, tid=0x0000000000004b24
#
# JRE version: Java(TM) SE Runtime Environment (8.0_201-b09) (build 1.8.0_201-b09)
# Java VM: Java HotSpot(TM) 64-Bit Server VM (25.201-b09 mixed mode windows-amd64 compressed oops)
# Failed to write core dump. Minidumps are not enabled by default on client versions of Windows
#

---------------  T H R E A D  ---------------

Current thread (0x0000000019bd8800):  JavaThread "C2 CompilerThread1" daemon [_thread_in_native, id=19236, stack(0x000000001a3a0000,0x000000001a4a0000)]

Stack: [0x000000001a3a0000,0x000000001a4a0000]
[error occurred during error reporting (printing stack bounds), id 0xc0000005]

Native frames: (J=compiled Java code, j=interpreted, Vv=VM code, C=native code)


Current CompileTask:
C2: 267851 3603       4       org.eclipse.jdt.launching.internal.org.objectweb.asm.ClassWriter::toByteArray (1360 bytes)


---------------  P R O C E S S  ---------------

Java Threads: ( => current thread )
  0x000000001cf54000 JavaThread "restartedMain" [_thread_in_vm, id=11944, stack(0x000000001c990000,0x000000001ca90000)]
  0x000000001cf57000 JavaThread "Thread-0" [_thread_blocked, id=9172, stack(0x000000001c890000,0x000000001c990000)]
  0x0000000019be0000 JavaThread "Service Thread" daemon [_thread_blocked, id=19284, stack(0x000000001a5a0000,0x000000001a6a0000)]
  0x0000000019bdb000 JavaThread "C1 CompilerThread2" daemon [_thread_in_native, id=19248, stack(0x000000001a4a0000,0x000000001a5a0000)]
=>0x0000000019bd8800 JavaThread "C2 CompilerThread1" daemon [_thread_in_native, id=19236, stack(0x000000001a3a0000,0x000000001a4a0000)]
  0x0000000019976000 JavaThread "C2 CompilerThread0" daemon [_thread_blocked, id=19224, stack(0x0000000019aa0000,0x0000000019ba0000)]
  0x000000001781b000 JavaThread "JDWP Command Reader" daemon [_thread_in_native, id=16832, stack(0x00000000193a0000,0x00000000194a0000)]
  0x000000001780f000 JavaThread "JDWP Event Helper Thread" daemon [_thread_blocked, id=16780, stack(0x00000000192a0000,0x00000000193a0000)]
  0x000000001780b800 JavaThread "JDWP Transport Listener: dt_socket" daemon [_thread_blocked, id=16776, stack(0x00000000191a0000,0x00000000192a0000)]
  0x00000000177f7800 JavaThread "Attach Listener" daemon [_thread_blocked, id=236, stack(0x0000000018d60000,0x0000000018e60000)]
  0x00000000177f6000 JavaThread "Signal Dispatcher" daemon [_thread_blocked, id=13444, stack(0x0000000018c60000,0x0000000018d60000)]
  0x00000000177e0000 JavaThread "Finalizer" daemon [_thread_blocked, id=11504, stack(0x0000000018a50000,0x0000000018b50000)]
  0x0000000002d18000 JavaThread "Reference Handler" daemon [_thread_blocked, id=13436, stack(0x0000000018950000,0x0000000018a50000)]
  0x0000000002c27000 JavaThread "main" [_thread_blocked, id=8188, stack(0x00000000011d0000,0x00000000012d0000)]

Other Threads:
  0x00000000177b8000 VMThread [stack: 0x0000000018850000,0x0000000018950000] [id=5460]
  0x0000000019c57000 WatcherThread [stack: 0x000000001a6a0000,0x000000001a7a0000] [id=19312]

VM state:not at safepoint (normal execution)

VM Mutex/Monitor currently owned by a thread: None

heap address: 0x0000000082200000, size: 2014 MB, Compressed Oops mode: 32-bit
Narrow klass base: 0x0000000000000000, Narrow klass shift: 3
Compressed class space size: 1073741824 Address: 0x0000000100000000

Heap:
 PSYoungGen      total 261632K, used 138092K [0x00000000d6100000, 0x00000000e7200000, 0x0000000100000000)
  eden space 253952K, 51% used [0x00000000d6100000,0x00000000de07ffa8,0x00000000e5900000)
  from space 7680K, 98% used [0x00000000e6a80000,0x00000000e71db368,0x00000000e7200000)
  to   space 10240K, 0% used [0x00000000e5e00000,0x00000000e5e00000,0x00000000e6800000)
 ParOldGen       total 46080K, used 7365K [0x0000000082200000, 0x0000000084f00000, 0x00000000d6100000)
  object space 46080K, 15% used [0x0000000082200000,0x0000000082931690,0x0000000084f00000)
 Metaspace       used 30764K, capacity 31878K, committed 32128K, reserved 1077248K
  class space    used 3921K, capacity 4163K, committed 4224K, reserved 1048576K

Card table byte_map: [0x00000000120e0000,0x00000000124d0000] byte_map_base: 0x0000000011ccf000

Marking Bits: (ParMarkBitMap*) 0x0000000075e94ce0
 Begin Bits: [0x0000000012b70000, 0x0000000014ae8000)
 End Bits:   [0x0000000014ae8000, 0x0000000016a60000)

Polling page: 0x0000000001010000

CodeCache: size=245760Kb used=14213Kb max_used=14213Kb free=231546Kb
 bounds [0x0000000002d20000, 0x0000000003b10000, 0x0000000011d20000]
 total_blobs=3606 nmethods=3203 adapters=322
 compilation: enabled

Compilation events (10 events):
Event: 256.739 Thread 0x0000000019bdb000 3602       3       java.lang.invoke.MethodHandles$Lookup::getDirectMethodNoSecurityManager (12 bytes)
Event: 256.739 Thread 0x0000000019bdb000 nmethod 3602 0x0000000003aff450 code [0x0000000003aff5c0, 0x0000000003aff788]
Event: 257.886 Thread 0x0000000019bd8800 3603       4       org.eclipse.jdt.launching.internal.org.objectweb.asm.ClassWriter::toByteArray (1360 bytes)
Event: 257.902 Thread 0x0000000019bdb000 3604       3       java.lang.reflect.Method::equals (69 bytes)
Event: 257.902 Thread 0x0000000019bdb000 nmethod 3604 0x0000000003afced0 code [0x0000000003afd060, 0x0000000003afd9e8]
Event: 257.914 Thread 0x0000000019bdb000 3605       3       java.lang.invoke.LambdaForm$MH/258789548::linkToTargetMethod (11 bytes)
Event: 257.933 Thread 0x0000000019bdb000 nmethod 3605 0x0000000003afc750 code [0x0000000003afc8c0, 0x0000000003afcdb8]
Event: 257.933 Thread 0x0000000019bdb000 3606       3       java.lang.invoke.LambdaForm$DMH/233021551::invokeStatic_L3_L (18 bytes)
Event: 257.936 Thread 0x0000000019bdb000 nmethod 3606 0x0000000003afbed0 code [0x0000000003afc060, 0x0000000003afc618]
Event: 257.936 Thread 0x0000000019bdb000 3607   !   3       org.springframework.util.ClassUtils::getMostSpecificMethod (72 bytes)

GC Heap History (10 events):
Event: 123.594 GC heap before
{Heap before GC invocations=3 (full 0):
 PSYoungGen      total 70656K, used 68370K [0x00000000d6100000, 0x00000000dab00000, 0x0000000100000000)
  eden space 65536K, 100% used [0x00000000d6100000,0x00000000da100000,0x00000000da100000)
  from space 5120K, 55% used [0x00000000da600000,0x00000000da8c4888,0x00000000dab00000)
  to   space 5120K, 0% used [0x00000000da100000,0x00000000da100000,0x00000000da600000)
 ParOldGen       total 86016K, used 16K [0x0000000082200000, 0x0000000087600000, 0x00000000d6100000)
  object space 86016K, 0% used [0x0000000082200000,0x0000000082204000,0x0000000087600000)
 Metaspace       used 13589K, capacity 13976K, committed 14080K, reserved 1060864K
  class space    used 1649K, capacity 1765K, committed 1792K, reserved 1048576K
Event: 125.317 GC heap after
Heap after GC invocations=3 (full 0):
 PSYoungGen      total 70656K, used 5097K [0x00000000d6100000, 0x00000000deb00000, 0x0000000100000000)
  eden space 65536K, 0% used [0x00000000d6100000,0x00000000d6100000,0x00000000da100000)
  from space 5120K, 99% used [0x00000000da100000,0x00000000da5fa458,0x00000000da600000)
  to   space 5120K, 0% used [0x00000000de600000,0x00000000de600000,0x00000000deb00000)
 ParOldGen       total 86016K, used 892K [0x0000000082200000, 0x0000000087600000, 0x00000000d6100000)
  object space 86016K, 1% used [0x0000000082200000,0x00000000822df258,0x0000000087600000)
 Metaspace       used 13589K, capacity 13976K, committed 14080K, reserved 1060864K
  class space    used 1649K, capacity 1765K, committed 1792K, reserved 1048576K
}
Event: 138.608 GC heap before
{Heap before GC invocations=4 (full 0):
 PSYoungGen      total 70656K, used 70633K [0x00000000d6100000, 0x00000000deb00000, 0x0000000100000000)
  eden space 65536K, 100% used [0x00000000d6100000,0x00000000da100000,0x00000000da100000)
  from space 5120K, 99% used [0x00000000da100000,0x00000000da5fa458,0x00000000da600000)
  to   space 5120K, 0% used [0x00000000de600000,0x00000000de600000,0x00000000deb00000)
 ParOldGen       total 86016K, used 892K [0x0000000082200000, 0x0000000087600000, 0x00000000d6100000)
  object space 86016K, 1% used [0x0000000082200000,0x00000000822df258,0x0000000087600000)
 Metaspace       used 17403K, capacity 17858K, committed 18048K, reserved 1064960K
  class space    used 2185K, capacity 2346K, committed 2432K, reserved 1048576K
Event: 139.342 GC heap after
Heap after GC invocations=4 (full 0):
 PSYoungGen      total 136192K, used 5118K [0x00000000d6100000, 0x00000000deb00000, 0x0000000100000000)
  eden space 131072K, 0% used [0x00000000d6100000,0x00000000d6100000,0x00000000de100000)
  from space 5120K, 99% used [0x00000000de600000,0x00000000deaff8d0,0x00000000deb00000)
  to   space 5120K, 0% used [0x00000000de100000,0x00000000de100000,0x00000000de600000)
 ParOldGen       total 86016K, used 3157K [0x0000000082200000, 0x0000000087600000, 0x00000000d6100000)
  object space 86016K, 3% used [0x0000000082200000,0x00000000825156e8,0x0000000087600000)
 Metaspace       used 17403K, capacity 17858K, committed 18048K, reserved 1064960K
  class space    used 2185K, capacity 2346K, committed 2432K, reserved 1048576K
}
Event: 145.234 GC heap before
{Heap before GC invocations=5 (full 0):
 PSYoungGen      total 136192K, used 59195K [0x00000000d6100000, 0x00000000deb00000, 0x0000000100000000)
  eden space 131072K, 41% used [0x00000000d6100000,0x00000000d95cf5b0,0x00000000de100000)
  from space 5120K, 99% used [0x00000000de600000,0x00000000deaff8d0,0x00000000deb00000)
  to   space 5120K, 0% used [0x00000000de100000,0x00000000de100000,0x00000000de600000)
 ParOldGen       total 86016K, used 3157K [0x0000000082200000, 0x0000000087600000, 0x00000000d6100000)
  object space 86016K, 3% used [0x0000000082200000,0x00000000825156e8,0x0000000087600000)
 Metaspace       used 20691K, capacity 21154K, committed 21248K, reserved 1067008K
  class space    used 2624K, capacity 2780K, committed 2816K, reserved 1048576K
Event: 145.540 GC heap after
Heap after GC invocations=5 (full 0):
 PSYoungGen      total 136192K, used 5104K [0x00000000d6100000, 0x00000000e7400000, 0x0000000100000000)
  eden space 131072K, 0% used [0x00000000d6100000,0x00000000d6100000,0x00000000de100000)
  from space 5120K, 99% used [0x00000000de100000,0x00000000de5fc378,0x00000000de600000)
  to   space 9728K, 0% used [0x00000000e6a80000,0x00000000e6a80000,0x00000000e7400000)
 ParOldGen       total 86016K, used 5639K [0x0000000082200000, 0x0000000087600000, 0x00000000d6100000)
  object space 86016K, 6% used [0x0000000082200000,0x0000000082781dc8,0x0000000087600000)
 Metaspace       used 20691K, capacity 21154K, committed 21248K, reserved 1067008K
  class space    used 2624K, capacity 2780K, committed 2816K, reserved 1048576K
}
Event: 145.540 GC heap before
{Heap before GC invocations=6 (full 1):
 PSYoungGen      total 136192K, used 5104K [0x00000000d6100000, 0x00000000e7400000, 0x0000000100000000)
  eden space 131072K, 0% used [0x00000000d6100000,0x00000000d6100000,0x00000000de100000)
  from space 5120K, 99% used [0x00000000de100000,0x00000000de5fc378,0x00000000de600000)
  to   space 9728K, 0% used [0x00000000e6a80000,0x00000000e6a80000,0x00000000e7400000)
 ParOldGen       total 86016K, used 5639K [0x0000000082200000, 0x0000000087600000, 0x00000000d6100000)
  object space 86016K, 6% used [0x0000000082200000,0x0000000082781dc8,0x0000000087600000)
 Metaspace       used 20691K, capacity 21154K, committed 21248K, reserved 1067008K
  class space    used 2624K, capacity 2780K, committed 2816K, reserved 1048576K
Event: 146.189 GC heap after
Heap after GC invocations=6 (full 1):
 PSYoungGen      total 136192K, used 0K [0x00000000d6100000, 0x00000000e7400000, 0x0000000100000000)
  eden space 131072K, 0% used [0x00000000d6100000,0x00000000d6100000,0x00000000de100000)
  from space 5120K, 0% used [0x00000000de100000,0x00000000de100000,0x00000000de600000)
  to   space 9728K, 0% used [0x00000000e6a80000,0x00000000e6a80000,0x00000000e7400000)
 ParOldGen       total 46080K, used 7357K [0x0000000082200000, 0x0000000084f00000, 0x00000000d6100000)
  object space 46080K, 15% used [0x0000000082200000,0x000000008292f690,0x0000000084f00000)
 Metaspace       used 20689K, capacity 21148K, committed 21248K, reserved 1067008K
  class space    used 2623K, capacity 2779K, committed 2816K, reserved 1048576K
}
Event: 195.952 GC heap before
{Heap before GC invocations=7 (full 1):
 PSYoungGen      total 136192K, used 131072K [0x00000000d6100000, 0x00000000e7400000, 0x0000000100000000)
  eden space 131072K, 100% used [0x00000000d6100000,0x00000000de100000,0x00000000de100000)
  from space 5120K, 0% used [0x00000000de100000,0x00000000de100000,0x00000000de600000)
  to   space 9728K, 0% used [0x00000000e6a80000,0x00000000e6a80000,0x00000000e7400000)
 ParOldGen       total 46080K, used 7357K [0x0000000082200000, 0x0000000084f00000, 0x00000000d6100000)
  object space 46080K, 15% used [0x0000000082200000,0x000000008292f690,0x0000000084f00000)
 Metaspace       used 25684K, capacity 26448K, committed 26624K, reserved 1073152K
  class space    used 3238K, capacity 3460K, committed 3584K, reserved 1048576K
Event: 199.664 GC heap after
Heap after GC invocations=7 (full 1):
 PSYoungGen      total 261632K, used 7532K [0x00000000d6100000, 0x00000000e7200000, 0x0000000100000000)
  eden space 253952K, 0% used [0x00000000d6100000,0x00000000d6100000,0x00000000e5900000)
  from space 7680K, 98% used [0x00000000e6a80000,0x00000000e71db368,0x00000000e7200000)
  to   space 10240K, 0% used [0x00000000e5e00000,0x00000000e5e00000,0x00000000e6800000)
 ParOldGen       total 46080K, used 7365K [0x0000000082200000, 0x0000000084f00000, 0x00000000d6100000)
  object space 46080K, 15% used [0x0000000082200000,0x0000000082931690,0x0000000084f00000)
 Metaspace       used 25684K, capacity 26448K, committed 26624K, reserved 1073152K
  class space    used 3238K, capacity 3460K, committed 3584K, reserved 1048576K
}

Deoptimization events (10 events):
Event: 256.768 Thread 0x000000001cf54000 Uncommon trap: reason=unhandled action=none pc=0x00000000033e17c4 method=java.net.URLClassLoader.findClass(Ljava/lang/String;)Ljava/lang/Class; @ 44
Event: 256.772 Thread 0x000000001cf54000 Uncommon trap: reason=unhandled action=none pc=0x00000000033e17c4 method=java.net.URLClassLoader.findClass(Ljava/lang/String;)Ljava/lang/Class; @ 44
Event: 256.774 Thread 0x000000001cf54000 Uncommon trap: reason=unhandled action=none pc=0x00000000033e17c4 method=java.net.URLClassLoader.findClass(Ljava/lang/String;)Ljava/lang/Class; @ 44
Event: 256.775 Thread 0x000000001cf54000 Uncommon trap: reason=unhandled action=none pc=0x00000000033e17c4 method=java.net.URLClassLoader.findClass(Ljava/lang/String;)Ljava/lang/Class; @ 44
Event: 257.868 Thread 0x000000001cf54000 Uncommon trap: reason=unhandled action=none pc=0x00000000033e17c4 method=java.net.URLClassLoader.findClass(Ljava/lang/String;)Ljava/lang/Class; @ 44
Event: 257.878 Thread 0x000000001cf54000 Uncommon trap: reason=unhandled action=none pc=0x00000000033e17c4 method=java.net.URLClassLoader.findClass(Ljava/lang/String;)Ljava/lang/Class; @ 44
Event: 257.886 Thread 0x000000001cf54000 Uncommon trap: reason=unhandled action=none pc=0x00000000033e17c4 method=java.net.URLClassLoader.findClass(Ljava/lang/String;)Ljava/lang/Class; @ 44
Event: 257.894 Thread 0x000000001cf54000 Uncommon trap: reason=unhandled action=none pc=0x00000000033e17c4 method=java.net.URLClassLoader.findClass(Ljava/lang/String;)Ljava/lang/Class; @ 44
Event: 257.899 Thread 0x000000001cf54000 Uncommon trap: reason=unhandled action=none pc=0x00000000033e17c4 method=java.net.URLClassLoader.findClass(Ljava/lang/String;)Ljava/lang/Class; @ 44
Event: 257.915 Thread 0x000000001cf54000 Uncommon trap: reason=unhandled action=none pc=0x00000000033e17c4 method=java.net.URLClassLoader.findClass(Ljava/lang/String;)Ljava/lang/Class; @ 44

Classes redefined (0 events):
No events

Internal exceptions (10 events):
Event: 256.094 Thread 0x000000001cf54000 Exception <a 'java/lang/ClassNotFoundException': org/springframework/beans/factory/AwareCustomizer> (0x00000000ddba1118) thrown at [C:\re\workspace\8-2-build-windows-amd64-cygwin\jdk8u201\12322\hotspot\src\share\vm\classfile\systemDictionary.cpp, line 210
Event: 256.110 Thread 0x000000001cf54000 Exception <a 'java/lang/ClassNotFoundException': org/springframework/context/annotation/ImportAwareCustomizer> (0x00000000ddbb78f0) thrown at [C:\re\workspace\8-2-build-windows-amd64-cygwin\jdk8u201\12322\hotspot\src\share\vm\classfile\systemDictionary.cp
Event: 256.121 Thread 0x000000001cf54000 Exception <a 'java/lang/ClassNotFoundException': org/springframework/beans/factory/AwareCustomizer> (0x00000000ddbcc398) thrown at [C:\re\workspace\8-2-build-windows-amd64-cygwin\jdk8u201\12322\hotspot\src\share\vm\classfile\systemDictionary.cpp, line 210
Event: 256.121 Thread 0x000000001cf54000 Implicit null exception at 0x000000000388014c to 0x00000000038801f9
Event: 256.159 Thread 0x000000001cf54000 Exception <a 'java/lang/ArrayIndexOutOfBoundsException': 103> (0x00000000ddbf0570) thrown at [C:\re\workspace\8-2-build-windows-amd64-cygwin\jdk8u201\12322\hotspot\src\share\vm\interpreter\interpreterRuntime.cpp, line 368]
Event: 256.179 Thread 0x000000001cf54000 Exception <a 'java/lang/ArrayIndexOutOfBoundsException': 138> (0x00000000ddc10788) thrown at [C:\re\workspace\8-2-build-windows-amd64-cygwin\jdk8u201\12322\hotspot\src\share\vm\interpreter\interpreterRuntime.cpp, line 368]
Event: 256.179 Thread 0x000000001cf54000 Exception <a 'java/lang/ArrayIndexOutOfBoundsException': 122> (0x00000000ddc12638) thrown at [C:\re\workspace\8-2-build-windows-amd64-cygwin\jdk8u201\12322\hotspot\src\share\vm\interpreter\interpreterRuntime.cpp, line 368]
Event: 256.179 Thread 0x000000001cf54000 Exception <a 'java/lang/ArrayIndexOutOfBoundsException': 62> (0x00000000ddc13b40) thrown at [C:\re\workspace\8-2-build-windows-amd64-cygwin\jdk8u201\12322\hotspot\src\share\vm\interpreter\interpreterRuntime.cpp, line 368]
Event: 256.179 Thread 0x000000001cf54000 Exception <a 'java/lang/ArrayIndexOutOfBoundsException': 67> (0x00000000ddc15308) thrown at [C:\re\workspace\8-2-build-windows-amd64-cygwin\jdk8u201\12322\hotspot\src\share\vm\interpreter\interpreterRuntime.cpp, line 368]
Event: 256.179 Thread 0x000000001cf54000 Exception <a 'java/lang/ArrayIndexOutOfBoundsException': 67> (0x00000000ddc17940) thrown at [C:\re\workspace\8-2-build-windows-amd64-cygwin\jdk8u201\12322\hotspot\src\share\vm\interpreter\interpreterRuntime.cpp, line 368]

Events (10 events):
Event: 257.902 Thread 0x000000001cf54000 DEOPT UNPACKING pc=0x0000000002d67890 sp=0x000000001ca8ba08 mode 1
Event: 257.915 Thread 0x000000001cf54000 DEOPT PACKING pc=0x0000000002ea82dc sp=0x000000001ca8d2f0
Event: 257.915 Thread 0x000000001cf54000 DEOPT UNPACKING pc=0x0000000002d67890 sp=0x000000001ca8d0a8 mode 1
Event: 257.915 Thread 0x000000001cf54000 DEOPT PACKING pc=0x0000000002ea82dc sp=0x000000001ca8d2f0
Event: 257.915 Thread 0x000000001cf54000 DEOPT UNPACKING pc=0x0000000002d67890 sp=0x000000001ca8d0a8 mode 1
Event: 257.915 loading class org/springframework/aop/aspectj/AspectJPointcutAdvisor
Event: 257.915 loading class org/springframework/aop/aspectj/AspectJPointcutAdvisor done
Event: 257.915 Thread 0x000000001cf54000 Uncommon trap: trap_request=0xffffffa7 fr.pc=0x00000000033e17c4
Event: 257.915 Thread 0x000000001cf54000 DEOPT PACKING pc=0x00000000033e17c4 sp=0x000000001ca8cdf0
Event: 257.915 Thread 0x000000001cf54000 DEOPT UNPACKING pc=0x0000000002d6583b sp=0x000000001ca8cce8 mode 2


Dynamic libraries:
0x00007ff7e36e0000 - 0x00007ff7e3717000 	C:\Program Files\Java\jre1.8.0_201\bin\javaw.exe
0x00007ffe30eb0000 - 0x00007ffe3109d000 	C:\Windows\SYSTEM32\ntdll.dll
0x00007ffe10b80000 - 0x00007ffe10b93000 	C:\Program Files\AVAST Software\Avast\aswhook.dll
0x00007ffe302e0000 - 0x00007ffe30393000 	C:\Windows\System32\KERNEL32.DLL
0x00007ffe2d7d0000 - 0x00007ffe2da65000 	C:\Windows\System32\KERNELBASE.dll
0x00007ffe30500000 - 0x00007ffe305a3000 	C:\Windows\System32\ADVAPI32.dll
0x00007ffe30460000 - 0x00007ffe304fe000 	C:\Windows\System32\msvcrt.dll
0x00007ffe30de0000 - 0x00007ffe30e7e000 	C:\Windows\System32\sechost.dll
0x00007ffe30b40000 - 0x00007ffe30c62000 	C:\Windows\System32\RPCRT4.dll
0x00007ffe2f770000 - 0x00007ffe2f907000 	C:\Windows\System32\USER32.dll
0x00007ffe2ddd0000 - 0x00007ffe2ddf0000 	C:\Windows\System32\win32u.dll
0x00007ffe30870000 - 0x00007ffe30899000 	C:\Windows\System32\GDI32.dll
0x00007ffe2dc30000 - 0x00007ffe2ddcb000 	C:\Windows\System32\gdi32full.dll
0x00007ffe2db40000 - 0x00007ffe2dbe0000 	C:\Windows\System32\msvcp_win.dll
0x00007ffe2dfd0000 - 0x00007ffe2e0ca000 	C:\Windows\System32\ucrtbase.dll
0x00007ffe1e500000 - 0x00007ffe1e779000 	C:\Windows\WinSxS\amd64_microsoft.windows.common-controls_6595b64144ccf1df_6.0.17763.1339_none_de7015e4534c7114\COMCTL32.dll
0x00007ffe2fa60000 - 0x00007ffe2fd8c000 	C:\Windows\System32\combase.dll
0x00007ffe2da70000 - 0x00007ffe2daee000 	C:\Windows\System32\bcryptPrimitives.dll
0x00007ffe2f5d0000 - 0x00007ffe2f5fe000 	C:\Windows\System32\IMM32.DLL
0x0000000075030000 - 0x0000000075101000 	C:\Program Files\Java\jre1.8.0_201\bin\msvcr100.dll
0x0000000075670000 - 0x0000000075f14000 	C:\Program Files\Java\jre1.8.0_201\bin\server\jvm.dll
0x00007ffe305b0000 - 0x00007ffe305b8000 	C:\Windows\System32\PSAPI.DLL
0x00007ffe1aa20000 - 0x00007ffe1aa29000 	C:\Windows\SYSTEM32\WSOCK32.dll
0x00007ffe2fdf0000 - 0x00007ffe2fe5d000 	C:\Windows\System32\WS2_32.dll
0x00007ffe29970000 - 0x00007ffe29994000 	C:\Windows\SYSTEM32\WINMM.dll
0x00007ffe27c00000 - 0x00007ffe27c0a000 	C:\Windows\SYSTEM32\VERSION.dll
0x00007ffe29940000 - 0x00007ffe2996d000 	C:\Windows\SYSTEM32\WINMMBASE.dll
0x00007ffe2dbe0000 - 0x00007ffe2dc2a000 	C:\Windows\System32\cfgmgr32.dll
0x00007ffe12ac0000 - 0x00007ffe12acf000 	C:\Program Files\Java\jre1.8.0_201\bin\verify.dll
0x00007ffe12a90000 - 0x00007ffe12ab9000 	C:\Program Files\Java\jre1.8.0_201\bin\java.dll
0x00007ffe1bda0000 - 0x00007ffe1bdd5000 	C:\Program Files\Java\jre1.8.0_201\bin\jdwp.dll
0x00007ffe29690000 - 0x00007ffe29698000 	C:\Program Files\Java\jre1.8.0_201\bin\npt.dll
0x00007ffe1bd70000 - 0x00007ffe1bd93000 	C:\Program Files\Java\jre1.8.0_201\bin\instrument.dll
0x00007ffe12980000 - 0x00007ffe12996000 	C:\Program Files\Java\jre1.8.0_201\bin\zip.dll
0x00007ffe2e0d0000 - 0x00007ffe2f5c8000 	C:\Windows\System32\SHELL32.dll
0x00007ffe303b0000 - 0x00007ffe30459000 	C:\Windows\System32\shcore.dll
0x00007ffe2cf60000 - 0x00007ffe2d6b4000 	C:\Windows\System32\windows.storage.dll
0x00007ffe2cf10000 - 0x00007ffe2cf34000 	C:\Windows\System32\profapi.dll
0x00007ffe2ce90000 - 0x00007ffe2ceed000 	C:\Windows\System32\powrprof.dll
0x00007ffe30960000 - 0x00007ffe309b2000 	C:\Windows\System32\shlwapi.dll
0x00007ffe2cf40000 - 0x00007ffe2cf51000 	C:\Windows\System32\kernel.appcore.dll
0x00007ffe2daf0000 - 0x00007ffe2db07000 	C:\Windows\System32\cryptsp.dll
0x00007ffe29680000 - 0x00007ffe29689000 	C:\Program Files\Java\jre1.8.0_201\bin\dt_socket.dll
0x00007ffe147d0000 - 0x00007ffe147e6000 	C:\Windows\system32\napinsp.dll
0x00007ffe147b0000 - 0x00007ffe147ca000 	C:\Windows\system32\pnrpnsp.dll
0x00007ffe2c6a0000 - 0x00007ffe2c707000 	C:\Windows\System32\mswsock.dll
0x00007ffe2c410000 - 0x00007ffe2c4d7000 	C:\Windows\SYSTEM32\DNSAPI.dll
0x00007ffe30dd0000 - 0x00007ffe30dd8000 	C:\Windows\System32\NSI.dll
0x00007ffe2c3d0000 - 0x00007ffe2c40d000 	C:\Windows\SYSTEM32\IPHLPAPI.DLL
0x00007ffe145e0000 - 0x00007ffe145ee000 	C:\Windows\System32\winrnr.dll
0x00007ffe29540000 - 0x00007ffe2955b000 	C:\Windows\system32\NLAapi.dll
0x00007ffe145c0000 - 0x00007ffe145d5000 	C:\Windows\system32\wshbth.dll
0x00007ffe23bb0000 - 0x00007ffe23c29000 	C:\Windows\System32\fwpuclnt.dll
0x00007ffe2db10000 - 0x00007ffe2db36000 	C:\Windows\System32\bcrypt.dll
0x00007ffe203d0000 - 0x00007ffe203da000 	C:\Windows\System32\rasadhlp.dll
0x00007ffe29580000 - 0x00007ffe2958d000 	C:\Program Files\Java\jre1.8.0_201\bin\management.dll
0x00007ffe104f0000 - 0x00007ffe1050a000 	C:\Program Files\Java\jre1.8.0_201\bin\net.dll
0x00007ffe1e930000 - 0x00007ffe1eb07000 	C:\Windows\SYSTEM32\urlmon.dll
0x00007ffe1ef90000 - 0x00007ffe1f238000 	C:\Windows\SYSTEM32\iertutil.dll
0x00007ffe2c820000 - 0x00007ffe2c82c000 	C:\Windows\SYSTEM32\CRYPTBASE.DLL
0x00007ffe104d0000 - 0x00007ffe104e1000 	C:\Program Files\Java\jre1.8.0_201\bin\nio.dll

VM Arguments:
jvm_args: -agentlib:jdwp=transport=dt_socket,suspend=y,address=localhost:52261 -javaagent:C:\Users\SzymonPiotrowski\eclipse\jee-2018-12\eclipse\configuration\org.eclipse.osgi\405\0\.cp\lib\javaagent-shaded.jar -Dfile.encoding=UTF-8 
java_command: com.spring.project.caleTeGym.CaleTeGymApplication
java_class_path (initial): C:\Users\SzymonPiotrowski\Desktop\Tadek\CaleTeGym\caleTeGym\target\classes;C:\Users\SzymonPiotrowski\.m2\repository\org\springframework\boot\spring-boot-starter-thymeleaf\2.1.3.RELEASE\spring-boot-starter-thymeleaf-2.1.3.RELEASE.jar;C:\Users\SzymonPiotrowski\.m2\repository\org\springframework\boot\spring-boot-starter\2.1.3.RELEASE\spring-boot-starter-2.1.3.RELEASE.jar;C:\Users\SzymonPiotrowski\.m2\repository\org\springframework\boot\spring-boot-starter-logging\2.1.3.RELEASE\spring-boot-starter-logging-2.1.3.RELEASE.jar;C:\Users\SzymonPiotrowski\.m2\repository\ch\qos\logback\logback-classic\1.2.3\logback-classic-1.2.3.jar;C:\Users\SzymonPiotrowski\.m2\repository\ch\qos\logback\logback-core\1.2.3\logback-core-1.2.3.jar;C:\Users\SzymonPiotrowski\.m2\repository\org\apache\logging\log4j\log4j-to-slf4j\2.11.2\log4j-to-slf4j-2.11.2.jar;C:\Users\SzymonPiotrowski\.m2\repository\org\apache\logging\log4j\log4j-api\2.11.2\log4j-api-2.11.2.jar;C:\Users\SzymonPiotrowski\.m2\repository\org\slf4j\jul-to-slf4j\1.7.25\jul-to-slf4j-1.7.25.jar;C:\Users\SzymonPiotrowski\.m2\repository\javax\annotation\javax.annotation-api\1.3.2\javax.annotation-api-1.3.2.jar;C:\Users\SzymonPiotrowski\.m2\repository\org\yaml\snakeyaml\1.23\snakeyaml-1.23.jar;C:\Users\SzymonPiotrowski\.m2\repository\org\thymeleaf\thymeleaf-spring5\3.0.11.RELEASE\thymeleaf-spring5-3.0.11.RELEASE.jar;C:\Users\SzymonPiotrowski\.m2\repository\org\thymeleaf\thymeleaf\3.0.11.RELEASE\thymeleaf-3.0.11.RELEASE.jar;C:\Users\SzymonPiotrowski\.m2\repository\org\attoparser\attoparser\2.0.5.RELEASE\attoparser-2.0.5.RELEASE.jar;C:\Users\SzymonPiotrowski\.m2\repository\org\unbescape\unbescape\1.1.6.RELEASE\unbescape-1.1.6.RELEASE.jar;C:\Users\SzymonPiotrowski\.m2\repository\org\slf4j\slf4j-api\1.7.25\slf4j-api-1.7.25.jar;C:\Users\SzymonPiotrowski\.m2\repository\org\thymeleaf\extras\thymeleaf-extras-java8time\3.0.3.RELEASE\thymeleaf-extras-java8time-3.0.3.RELEASE.jar;C:\Users\SzymonPiotrowski\.m2\repository\or
Launcher Type: SUN_STANDARD

Environment Variables:
PATH=C:/Program Files/Java/jre1.8.0_201/bin/server;C:/Program Files/Java/jre1.8.0_201/bin;C:/Program Files/Java/jre1.8.0_201/lib/amd64;C:\Program Files (x86)\Common Files\Oracle\Java\javapath;C:\Windows\system32;C:\Windows;C:\Windows\System32\Wbem;C:\Windows\System32\WindowsPowerShell\v1.0\;C:\Windows\System32\OpenSSH\;C:\Program Files\Git\cmd;C:\Program Files\nodejs\;C:\Users\SzymonPiotrowski\AppData\Local\Programs\Python\Python37-32\Scripts\;C:\Users\SzymonPiotrowski\AppData\Local\Programs\Python\Python37-32\;C:\Program Files (x86)\Common Files\Oracle\Java\javapath;C:\Windows\system32;C:\Windows;C:\Windows\System32\Wbem;C:\Windows\System32\WindowsPowerShell\v1.0\;C:\Windows\System32\OpenSSH\;C:\Program Files\Git\cmd;C:\Users\SzymonPiotrowski\AppData\Local\Microsoft\WindowsApps;C:\Users\SzymonPiotrowski\AppData\Local\Programs\Microsoft VS Code\bin;C:\Python34\Scripts;C:\Users\SzymonPiotrowski\AppData\Roaming\npm;C:\Users\SzymonPiotrowski\Desktop;
USERNAME=SzymonPiotrowski
OS=Windows_NT
PROCESSOR_IDENTIFIER=Intel64 Family 6 Model 60 Stepping 3, GenuineIntel



---------------  S Y S T E M  ---------------

OS: Windows 10.0 , 64 bit Build 17763 (10.0.17763.1339)

CPU:total 4 (initial active 4) (4 cores per cpu, 1 threads per core) family 6 model 60 stepping 3, cmov, cx8, fxsr, mmx, sse, sse2, sse3, ssse3, sse4.1, sse4.2, popcnt, avx, avx2, aes, clmul, erms, lzcnt, tsc, tscinvbit, bmi1, bmi2

Memory: 4k page, physical 8248480k(245712k free), swap 30122196k(969472k free)

vm_info: Java HotSpot(TM) 64-Bit Server VM (25.201-b09) for windows-amd64 JRE (1.8.0_201-b09), built on Dec 15 2018 18:36:39 by "java_re" with MS VC++ 10.0 (VS2010)

time: Thu Jul 16 12:05:25 2020
timezone: Srodkowoeuropejski czas letni
elapsed time: 267 seconds (0d 0h 4m 27s)

