#
# There is insufficient memory for the Java Runtime Environment to continue.
# Native memory allocation (malloc) failed to allocate 32744 bytes for ChunkPool::allocate
# Possible reasons:
#   The system is out of physical RAM or swap space
#   The process is running with CompressedOops enabled, and the Java Heap may be blocking the growth of the native heap
# Possible solutions:
#   Reduce memory load on the system
#   Increase physical memory or swap space
#   Check if swap backing store is full
#   Decrease Java heap size (-Xmx/-Xms)
#   Decrease number of Java threads
#   Decrease Java thread stack sizes (-Xss)
#   Set larger code cache with -XX:ReservedCodeCacheSize=
#   JVM is running with Unscaled Compressed Oops mode in which the Java heap is
#     placed in the first 4GB address space. The Java Heap base address is the
#     maximum limit for the native heap growth. Please use -XX:HeapBaseMinAddress
#     to set the Java Heap base and to place the Java Heap above 4GB virtual address.
# This output file may be truncated or incomplete.
#
#  Out of Memory Error (allocation.cpp:273), pid=3728, tid=0x0000000000003548
#
# JRE version: Java(TM) SE Runtime Environment (8.0_201-b09) (build 1.8.0_201-b09)
# Java VM: Java HotSpot(TM) 64-Bit Server VM (25.201-b09 mixed mode windows-amd64 compressed oops)
# Failed to write core dump. Minidumps are not enabled by default on client versions of Windows
#

---------------  T H R E A D  ---------------

Current thread (0x0000000019b67800):  JavaThread "C2 CompilerThread0" daemon [_thread_in_native, id=13640, stack(0x0000000019b90000,0x0000000019c90000)]

Stack: [0x0000000019b90000,0x0000000019c90000]
[error occurred during error reporting (printing stack bounds), id 0xc0000005]

Native frames: (J=compiled Java code, j=interpreted, Vv=VM code, C=native code)


Current CompileTask:
C2: 269412 2273       4       java.io.WinNTFileSystem::normalize (143 bytes)


---------------  P R O C E S S  ---------------

Java Threads: ( => current thread )
  0x000000001792d800 JavaThread "restartedMain" [_thread_in_vm, id=20468, stack(0x000000001bab0000,0x000000001bbb0000)]
  0x000000001981b000 JavaThread "Thread-0" [_thread_blocked, id=19976, stack(0x000000001b9b0000,0x000000001bab0000)]
  0x0000000019b82800 JavaThread "Service Thread" daemon [_thread_blocked, id=12512, stack(0x000000001a690000,0x000000001a790000)]
  0x0000000019b81800 JavaThread "C1 CompilerThread2" daemon [_thread_blocked, id=13684, stack(0x000000001a590000,0x000000001a690000)]
  0x0000000019b8e800 JavaThread "C2 CompilerThread1" daemon [_thread_blocked, id=10520, stack(0x000000001a490000,0x000000001a590000)]
=>0x0000000019b67800 JavaThread "C2 CompilerThread0" daemon [_thread_in_native, id=13640, stack(0x0000000019b90000,0x0000000019c90000)]
  0x00000000178ef800 JavaThread "JDWP Command Reader" daemon [_thread_in_native, id=16804, stack(0x0000000019490000,0x0000000019590000)]
  0x00000000178ee000 JavaThread "JDWP Event Helper Thread" daemon [_thread_blocked, id=16796, stack(0x0000000019390000,0x0000000019490000)]
  0x00000000178dc800 JavaThread "JDWP Transport Listener: dt_socket" daemon [_thread_blocked, id=16788, stack(0x0000000019290000,0x0000000019390000)]
  0x00000000178d6800 JavaThread "Attach Listener" daemon [_thread_blocked, id=6684, stack(0x0000000018e50000,0x0000000018f50000)]
  0x00000000178d5800 JavaThread "Signal Dispatcher" daemon [_thread_blocked, id=10976, stack(0x0000000018d50000,0x0000000018e50000)]
  0x00000000178c0000 JavaThread "Finalizer" daemon [_thread_blocked, id=10340, stack(0x0000000018b40000,0x0000000018c40000)]
  0x0000000002df8000 JavaThread "Reference Handler" daemon [_thread_blocked, id=4164, stack(0x0000000018a40000,0x0000000018b40000)]
  0x0000000002d07000 JavaThread "main" [_thread_blocked, id=15076, stack(0x0000000001190000,0x0000000001290000)]

Other Threads:
  0x0000000017898000 VMThread [stack: 0x0000000018940000,0x0000000018a40000] [id=6668]
  0x0000000019b6b800 WatcherThread [stack: 0x000000001a790000,0x000000001a890000] [id=12544]

VM state:synchronizing (normal execution)

VM Mutex/Monitor currently owned by a thread:  ([mutex/lock_event])
[0x0000000002d04700] Threads_lock - owner thread: 0x0000000017898000

heap address: 0x0000000082200000, size: 2014 MB, Compressed Oops mode: 32-bit
Narrow klass base: 0x0000000000000000, Narrow klass shift: 3
Compressed class space size: 1073741824 Address: 0x0000000100000000

Heap:
 PSYoungGen      total 138240K, used 63167K [0x00000000d6100000, 0x00000000df100000, 0x0000000100000000)
  eden space 130560K, 48% used [0x00000000d6100000,0x00000000d9eaff00,0x00000000de080000)
  from space 7680K, 0% used [0x00000000de880000,0x00000000de880000,0x00000000df000000)
  to   space 8192K, 0% used [0x00000000de080000,0x00000000de080000,0x00000000de880000)
 ParOldGen       total 43008K, used 6013K [0x0000000082200000, 0x0000000084c00000, 0x00000000d6100000)
  object space 43008K, 13% used [0x0000000082200000,0x00000000827df7f0,0x0000000084c00000)
 Metaspace       used 24252K, capacity 24840K, committed 25088K, reserved 1071104K
  class space    used 3042K, capacity 3221K, committed 3328K, reserved 1048576K

Card table byte_map: [0x00000000121c0000,0x00000000125b0000] byte_map_base: 0x0000000011daf000

Marking Bits: (ParMarkBitMap*) 0x0000000075e94ce0
 Begin Bits: [0x0000000012c50000, 0x0000000014bc8000)
 End Bits:   [0x0000000014bc8000, 0x0000000016b40000)

Polling page: 0x0000000000be0000

CodeCache: size=245760Kb used=8545Kb max_used=8551Kb free=237214Kb
 bounds [0x0000000002e00000, 0x0000000003660000, 0x0000000011e00000]
 total_blobs=2509 nmethods=2110 adapters=319
 compilation: enabled

Compilation events (10 events):
Event: 262.320 Thread 0x0000000019b81800 2269       3       org.springframework.asm.ClassReader::readField (667 bytes)
Event: 262.324 Thread 0x0000000019b81800 nmethod 2269 0x0000000003653d90 code [0x0000000003654340, 0x0000000003658538]
Event: 262.324 Thread 0x0000000019b81800 2271       3       org.springframework.core.type.StandardClassMetadata::getClassName (8 bytes)
Event: 262.324 Thread 0x0000000019b81800 nmethod 2271 0x0000000003648d90 code [0x0000000003648f00, 0x00000000036491e8]
Event: 262.324 Thread 0x0000000019b81800 2270       3       org.springframework.core.type.classreading.AnnotationMetadataReadingVisitor::visitField (12 bytes)
Event: 262.324 Thread 0x0000000019b81800 nmethod 2270 0x000000000365c390 code [0x000000000365c520, 0x000000000365c868]
Event: 262.343 Thread 0x0000000019b8e800 2272       4       java.util.LinkedHashMap::newNode (23 bytes)
Event: 262.344 Thread 0x0000000019b8e800 nmethod 2272 0x0000000003648a10 code [0x0000000003648b60, 0x0000000003648cb8]
Event: 262.352 Thread 0x0000000019b67800 2273       4       java.io.WinNTFileSystem::normalize (143 bytes)
Event: 262.357 Thread 0x0000000019b81800 2274       3       org.springframework.context.annotation.ConfigurationClassParser$SourceClass::<init> (54 bytes)

GC Heap History (10 events):
Event: 168.361 GC heap before
{Heap before GC invocations=3 (full 0):
 PSYoungGen      total 37888K, used 35584K [0x00000000d6100000, 0x00000000dab00000, 0x0000000100000000)
  eden space 32768K, 100% used [0x00000000d6100000,0x00000000d8100000,0x00000000d8100000)
  from space 5120K, 55% used [0x00000000d8600000,0x00000000d88c03f0,0x00000000d8b00000)
  to   space 5120K, 0% used [0x00000000d8100000,0x00000000d8100000,0x00000000d8600000)
 ParOldGen       total 86016K, used 24K [0x0000000082200000, 0x0000000087600000, 0x00000000d6100000)
  object space 86016K, 0% used [0x0000000082200000,0x0000000082206000,0x0000000087600000)
 Metaspace       used 11366K, capacity 11542K, committed 11648K, reserved 1058816K
  class space    used 1276K, capacity 1350K, committed 1408K, reserved 1048576K
Event: 169.530 GC heap after
Heap after GC invocations=3 (full 0):
 PSYoungGen      total 37888K, used 4548K [0x00000000d6100000, 0x00000000dab00000, 0x0000000100000000)
  eden space 32768K, 0% used [0x00000000d6100000,0x00000000d6100000,0x00000000d8100000)
  from space 5120K, 88% used [0x00000000d8100000,0x00000000d8571308,0x00000000d8600000)
  to   space 5120K, 0% used [0x00000000da600000,0x00000000da600000,0x00000000dab00000)
 ParOldGen       total 86016K, used 24K [0x0000000082200000, 0x0000000087600000, 0x00000000d6100000)
  object space 86016K, 0% used [0x0000000082200000,0x0000000082206000,0x0000000087600000)
 Metaspace       used 11366K, capacity 11542K, committed 11648K, reserved 1058816K
  class space    used 1276K, capacity 1350K, committed 1408K, reserved 1048576K
}
Event: 176.169 GC heap before
{Heap before GC invocations=4 (full 0):
 PSYoungGen      total 37888K, used 37316K [0x00000000d6100000, 0x00000000dab00000, 0x0000000100000000)
  eden space 32768K, 100% used [0x00000000d6100000,0x00000000d8100000,0x00000000d8100000)
  from space 5120K, 88% used [0x00000000d8100000,0x00000000d8571308,0x00000000d8600000)
  to   space 5120K, 0% used [0x00000000da600000,0x00000000da600000,0x00000000dab00000)
 ParOldGen       total 86016K, used 24K [0x0000000082200000, 0x0000000087600000, 0x00000000d6100000)
  object space 86016K, 0% used [0x0000000082200000,0x0000000082206000,0x0000000087600000)
 Metaspace       used 13458K, capacity 13820K, committed 14080K, reserved 1060864K
  class space    used 1640K, capacity 1757K, committed 1792K, reserved 1048576K
Event: 176.695 GC heap after
Heap after GC invocations=4 (full 0):
 PSYoungGen      total 70656K, used 4556K [0x00000000d6100000, 0x00000000dab00000, 0x0000000100000000)
  eden space 65536K, 0% used [0x00000000d6100000,0x00000000d6100000,0x00000000da100000)
  from space 5120K, 88% used [0x00000000da600000,0x00000000daa73000,0x00000000dab00000)
  to   space 5120K, 0% used [0x00000000da100000,0x00000000da100000,0x00000000da600000)
 ParOldGen       total 86016K, used 24K [0x0000000082200000, 0x0000000087600000, 0x00000000d6100000)
  object space 86016K, 0% used [0x0000000082200000,0x0000000082206000,0x0000000087600000)
 Metaspace       used 13458K, capacity 13820K, committed 14080K, reserved 1060864K
  class space    used 1640K, capacity 1757K, committed 1792K, reserved 1048576K
}
Event: 186.193 GC heap before
{Heap before GC invocations=5 (full 0):
 PSYoungGen      total 70656K, used 70092K [0x00000000d6100000, 0x00000000dab00000, 0x0000000100000000)
  eden space 65536K, 100% used [0x00000000d6100000,0x00000000da100000,0x00000000da100000)
  from space 5120K, 88% used [0x00000000da600000,0x00000000daa73000,0x00000000dab00000)
  to   space 5120K, 0% used [0x00000000da100000,0x00000000da100000,0x00000000da600000)
 ParOldGen       total 86016K, used 24K [0x0000000082200000, 0x0000000087600000, 0x00000000d6100000)
  object space 86016K, 0% used [0x0000000082200000,0x0000000082206000,0x0000000087600000)
 Metaspace       used 17294K, capacity 17668K, committed 17920K, reserved 1064960K
  class space    used 2105K, capacity 2229K, committed 2304K, reserved 1048576K
Event: 186.212 GC heap after
Heap after GC invocations=5 (full 0):
 PSYoungGen      total 70656K, used 5118K [0x00000000d6100000, 0x00000000df000000, 0x0000000100000000)
  eden space 65536K, 0% used [0x00000000d6100000,0x00000000d6100000,0x00000000da100000)
  from space 5120K, 99% used [0x00000000da100000,0x00000000da5ffad0,0x00000000da600000)
  to   space 7680K, 0% used [0x00000000de880000,0x00000000de880000,0x00000000df000000)
 ParOldGen       total 86016K, used 2427K [0x0000000082200000, 0x0000000087600000, 0x00000000d6100000)
  object space 86016K, 2% used [0x0000000082200000,0x000000008245ef58,0x0000000087600000)
 Metaspace       used 17294K, capacity 17668K, committed 17920K, reserved 1064960K
  class space    used 2105K, capacity 2229K, committed 2304K, reserved 1048576K
}
Event: 236.978 GC heap before
{Heap before GC invocations=6 (full 0):
 PSYoungGen      total 70656K, used 30730K [0x00000000d6100000, 0x00000000df000000, 0x0000000100000000)
  eden space 65536K, 39% used [0x00000000d6100000,0x00000000d7a02fc8,0x00000000da100000)
  from space 5120K, 99% used [0x00000000da100000,0x00000000da5ffad0,0x00000000da600000)
  to   space 7680K, 0% used [0x00000000de880000,0x00000000de880000,0x00000000df000000)
 ParOldGen       total 86016K, used 2427K [0x0000000082200000, 0x0000000087600000, 0x00000000d6100000)
  object space 86016K, 2% used [0x0000000082200000,0x000000008245ef58,0x0000000087600000)
 Metaspace       used 20698K, capacity 21122K, committed 21248K, reserved 1067008K
  class space    used 2562K, capacity 2702K, committed 2816K, reserved 1048576K
Event: 237.579 GC heap after
Heap after GC invocations=6 (full 0):
 PSYoungGen      total 138240K, used 6179K [0x00000000d6100000, 0x00000000df100000, 0x0000000100000000)
  eden space 130560K, 0% used [0x00000000d6100000,0x00000000d6100000,0x00000000de080000)
  from space 7680K, 80% used [0x00000000de880000,0x00000000dee88cf8,0x00000000df000000)
  to   space 8192K, 0% used [0x00000000de080000,0x00000000de080000,0x00000000de880000)
 ParOldGen       total 86016K, used 2427K [0x0000000082200000, 0x0000000087600000, 0x00000000d6100000)
  object space 86016K, 2% used [0x0000000082200000,0x000000008245ef58,0x0000000087600000)
 Metaspace       used 20698K, capacity 21122K, committed 21248K, reserved 1067008K
  class space    used 2562K, capacity 2702K, committed 2816K, reserved 1048576K
}
Event: 237.579 GC heap before
{Heap before GC invocations=7 (full 1):
 PSYoungGen      total 138240K, used 6179K [0x00000000d6100000, 0x00000000df100000, 0x0000000100000000)
  eden space 130560K, 0% used [0x00000000d6100000,0x00000000d6100000,0x00000000de080000)
  from space 7680K, 80% used [0x00000000de880000,0x00000000dee88cf8,0x00000000df000000)
  to   space 8192K, 0% used [0x00000000de080000,0x00000000de080000,0x00000000de880000)
 ParOldGen       total 86016K, used 2427K [0x0000000082200000, 0x0000000087600000, 0x00000000d6100000)
  object space 86016K, 2% used [0x0000000082200000,0x000000008245ef58,0x0000000087600000)
 Metaspace       used 20698K, capacity 21122K, committed 21248K, reserved 1067008K
  class space    used 2562K, capacity 2702K, committed 2816K, reserved 1048576K
Event: 238.774 GC heap after
Heap after GC invocations=7 (full 1):
 PSYoungGen      total 138240K, used 0K [0x00000000d6100000, 0x00000000df100000, 0x0000000100000000)
  eden space 130560K, 0% used [0x00000000d6100000,0x00000000d6100000,0x00000000de080000)
  from space 7680K, 0% used [0x00000000de880000,0x00000000de880000,0x00000000df000000)
  to   space 8192K, 0% used [0x00000000de080000,0x00000000de080000,0x00000000de880000)
 ParOldGen       total 43008K, used 6013K [0x0000000082200000, 0x0000000084c00000, 0x00000000d6100000)
  object space 43008K, 13% used [0x0000000082200000,0x00000000827df7f0,0x0000000084c00000)
 Metaspace       used 20698K, capacity 21122K, committed 21248K, reserved 1067008K
  class space    used 2562K, capacity 2702K, committed 2816K, reserved 1048576K
}

Deoptimization events (10 events):
Event: 261.641 Thread 0x000000001792d800 Uncommon trap: reason=unhandled action=none pc=0x0000000003487ca8 method=java.net.URLClassLoader.findClass(Ljava/lang/String;)Ljava/lang/Class; @ 44
Event: 261.651 Thread 0x000000001792d800 Uncommon trap: reason=unhandled action=none pc=0x0000000003487ca8 method=java.net.URLClassLoader.findClass(Ljava/lang/String;)Ljava/lang/Class; @ 44
Event: 261.777 Thread 0x000000001792d800 Uncommon trap: reason=unhandled action=none pc=0x0000000003487ca8 method=java.net.URLClassLoader.findClass(Ljava/lang/String;)Ljava/lang/Class; @ 44
Event: 261.797 Thread 0x000000001792d800 Uncommon trap: reason=unhandled action=none pc=0x0000000003487ca8 method=java.net.URLClassLoader.findClass(Ljava/lang/String;)Ljava/lang/Class; @ 44
Event: 261.810 Thread 0x000000001792d800 Uncommon trap: reason=unhandled action=none pc=0x0000000003487ca8 method=java.net.URLClassLoader.findClass(Ljava/lang/String;)Ljava/lang/Class; @ 44
Event: 261.861 Thread 0x000000001792d800 Uncommon trap: reason=unstable_if action=reinterpret pc=0x0000000003583618 method=org.eclipse.jdt.launching.internal.org.objectweb.asm.Type.getArgumentsAndReturnSizes(Ljava/lang/String;)I @ 19
Event: 261.861 Thread 0x000000001792d800 Uncommon trap: reason=unhandled action=none pc=0x0000000003487ca8 method=java.net.URLClassLoader.findClass(Ljava/lang/String;)Ljava/lang/Class; @ 44
Event: 261.886 Thread 0x000000001792d800 Uncommon trap: reason=unhandled action=none pc=0x0000000003487ca8 method=java.net.URLClassLoader.findClass(Ljava/lang/String;)Ljava/lang/Class; @ 44
Event: 261.891 Thread 0x000000001792d800 Uncommon trap: reason=unhandled action=none pc=0x0000000003487ca8 method=java.net.URLClassLoader.findClass(Ljava/lang/String;)Ljava/lang/Class; @ 44
Event: 261.891 Thread 0x000000001792d800 Uncommon trap: reason=unhandled action=none pc=0x0000000003487ca8 method=java.net.URLClassLoader.findClass(Ljava/lang/String;)Ljava/lang/Class; @ 44

Classes redefined (0 events):
No events

Internal exceptions (10 events):
Event: 252.735 Thread 0x000000001792d800 Exception <a 'java/lang/ClassNotFoundException': org/springframework/core/PriorityOrderedCustomizer> (0x00000000d87fbe30) thrown at [C:\re\workspace\8-2-build-windows-amd64-cygwin\jdk8u201\12322\hotspot\src\share\vm\classfile\systemDictionary.cpp, line 21
Event: 252.737 Thread 0x000000001792d800 Exception <a 'java/lang/ClassNotFoundException': org/springframework/core/OrderedCustomizer> (0x00000000d880cfb0) thrown at [C:\re\workspace\8-2-build-windows-amd64-cygwin\jdk8u201\12322\hotspot\src\share\vm\classfile\systemDictionary.cpp, line 210]
Event: 252.739 Thread 0x000000001792d800 Exception <a 'java/lang/ClassNotFoundException': org/springframework/context/ResourceLoaderAwareCustomizer> (0x00000000d8822af8) thrown at [C:\re\workspace\8-2-build-windows-amd64-cygwin\jdk8u201\12322\hotspot\src\share\vm\classfile\systemDictionary.cpp, 
Event: 252.740 Thread 0x000000001792d800 Exception <a 'java/lang/ClassNotFoundException': org/springframework/beans/factory/AwareCustomizer> (0x00000000d8836bf0) thrown at [C:\re\workspace\8-2-build-windows-amd64-cygwin\jdk8u201\12322\hotspot\src\share\vm\classfile\systemDictionary.cpp, line 210
Event: 252.741 Thread 0x000000001792d800 Exception <a 'java/lang/ClassNotFoundException': org/springframework/beans/factory/BeanClassLoaderAwareCustomizer> (0x00000000d884d8b8) thrown at [C:\re\workspace\8-2-build-windows-amd64-cygwin\jdk8u201\12322\hotspot\src\share\vm\classfile\systemDictionar
Event: 252.744 Thread 0x000000001792d800 Exception <a 'java/lang/ClassNotFoundException': org/springframework/beans/factory/AwareCustomizer> (0x00000000d88619c8) thrown at [C:\re\workspace\8-2-build-windows-amd64-cygwin\jdk8u201\12322\hotspot\src\share\vm\classfile\systemDictionary.cpp, line 210
Event: 252.746 Thread 0x000000001792d800 Exception <a 'java/lang/ClassNotFoundException': org/springframework/context/EnvironmentAwareCustomizer> (0x00000000d8875d18) thrown at [C:\re\workspace\8-2-build-windows-amd64-cygwin\jdk8u201\12322\hotspot\src\share\vm\classfile\systemDictionary.cpp, lin
Event: 252.791 Thread 0x000000001792d800 Exception <a 'java/lang/ClassNotFoundException': org/springframework/beans/factory/AwareCustomizer> (0x00000000d8889d08) thrown at [C:\re\workspace\8-2-build-windows-amd64-cygwin\jdk8u201\12322\hotspot\src\share\vm\classfile\systemDictionary.cpp, line 210
Event: 253.751 Thread 0x000000001792d800 Exception <a 'java/lang/NoSuchMethodError': java.lang.Object.lambda$comparing$77a9974f$1(Ljava/util/function/Function;Ljava/lang/Object;Ljava/lang/Object;)I> (0x00000000d8ca8da8) thrown at [C:\re\workspace\8-2-build-windows-amd64-cygwin\jdk8u201\12322\hot
Event: 261.537 Thread 0x000000001792d800 Exception <a 'java/io/IOException'> (0x00000000d9783f00) thrown at [C:\re\workspace\8-2-build-windows-amd64-cygwin\jdk8u201\12322\hotspot\src\share\vm\prims\jni.cpp, line 709]

Events (10 events):
Event: 262.357 Thread 0x000000001792d800 DEOPT PACKING pc=0x000000000364d6e4 sp=0x000000001bbad6a0
Event: 262.357 Thread 0x000000001792d800 DEOPT UNPACKING pc=0x0000000002e47890 sp=0x000000001bbad3d0 mode 1
Event: 262.357 Thread 0x000000001792d800 DEOPT PACKING pc=0x00000000035fe98c sp=0x000000001bbad700
Event: 262.357 Thread 0x000000001792d800 DEOPT UNPACKING pc=0x0000000002e47890 sp=0x000000001bbad4c8 mode 1
Event: 262.357 Thread 0x000000001792d800 DEOPT PACKING pc=0x000000000304c281 sp=0x000000001bbad620
Event: 262.357 Thread 0x000000001792d800 DEOPT UNPACKING pc=0x0000000002e47890 sp=0x000000001bbad370 mode 1
Event: 262.357 Thread 0x000000001792d800 DEOPT PACKING pc=0x000000000364d6e4 sp=0x000000001bbad6a0
Event: 262.357 Thread 0x000000001792d800 DEOPT UNPACKING pc=0x0000000002e47890 sp=0x000000001bbad3d0 mode 1
Event: 262.357 Thread 0x000000001792d800 DEOPT PACKING pc=0x00000000035fe98c sp=0x000000001bbad700
Event: 262.357 Thread 0x000000001792d800 DEOPT UNPACKING pc=0x0000000002e47890 sp=0x000000001bbad4c8 mode 1


Dynamic libraries:
0x00007ff7e36e0000 - 0x00007ff7e3717000 	C:\Program Files\Java\jre1.8.0_201\bin\javaw.exe
0x00007ffe30eb0000 - 0x00007ffe3109d000 	C:\Windows\SYSTEM32\ntdll.dll
0x00007ffe10b80000 - 0x00007ffe10b93000 	C:\Program Files\AVAST Software\Avast\aswhook.dll
0x00007ffe302e0000 - 0x00007ffe30393000 	C:\Windows\System32\KERNEL32.DLL
0x00007ffe2d7d0000 - 0x00007ffe2da65000 	C:\Windows\System32\KERNELBASE.dll
0x00007ffe30500000 - 0x00007ffe305a3000 	C:\Windows\System32\ADVAPI32.dll
0x00007ffe30460000 - 0x00007ffe304fe000 	C:\Windows\System32\msvcrt.dll
0x00007ffe30de0000 - 0x00007ffe30e7e000 	C:\Windows\System32\sechost.dll
0x00007ffe30b40000 - 0x00007ffe30c62000 	C:\Windows\System32\RPCRT4.dll
0x00007ffe2f770000 - 0x00007ffe2f907000 	C:\Windows\System32\USER32.dll
0x00007ffe2ddd0000 - 0x00007ffe2ddf0000 	C:\Windows\System32\win32u.dll
0x00007ffe30870000 - 0x00007ffe30899000 	C:\Windows\System32\GDI32.dll
0x00007ffe2dc30000 - 0x00007ffe2ddcb000 	C:\Windows\System32\gdi32full.dll
0x00007ffe2db40000 - 0x00007ffe2dbe0000 	C:\Windows\System32\msvcp_win.dll
0x00007ffe2dfd0000 - 0x00007ffe2e0ca000 	C:\Windows\System32\ucrtbase.dll
0x00007ffe1e500000 - 0x00007ffe1e779000 	C:\Windows\WinSxS\amd64_microsoft.windows.common-controls_6595b64144ccf1df_6.0.17763.1339_none_de7015e4534c7114\COMCTL32.dll
0x00007ffe2fa60000 - 0x00007ffe2fd8c000 	C:\Windows\System32\combase.dll
0x00007ffe2da70000 - 0x00007ffe2daee000 	C:\Windows\System32\bcryptPrimitives.dll
0x00007ffe2f5d0000 - 0x00007ffe2f5fe000 	C:\Windows\System32\IMM32.DLL
0x0000000075030000 - 0x0000000075101000 	C:\Program Files\Java\jre1.8.0_201\bin\msvcr100.dll
0x0000000075670000 - 0x0000000075f14000 	C:\Program Files\Java\jre1.8.0_201\bin\server\jvm.dll
0x00007ffe305b0000 - 0x00007ffe305b8000 	C:\Windows\System32\PSAPI.DLL
0x00007ffe1aa20000 - 0x00007ffe1aa29000 	C:\Windows\SYSTEM32\WSOCK32.dll
0x00007ffe2fdf0000 - 0x00007ffe2fe5d000 	C:\Windows\System32\WS2_32.dll
0x00007ffe29970000 - 0x00007ffe29994000 	C:\Windows\SYSTEM32\WINMM.dll
0x00007ffe27c00000 - 0x00007ffe27c0a000 	C:\Windows\SYSTEM32\VERSION.dll
0x00007ffe29940000 - 0x00007ffe2996d000 	C:\Windows\SYSTEM32\WINMMBASE.dll
0x00007ffe2dbe0000 - 0x00007ffe2dc2a000 	C:\Windows\System32\cfgmgr32.dll
0x00007ffe12ac0000 - 0x00007ffe12acf000 	C:\Program Files\Java\jre1.8.0_201\bin\verify.dll
0x00007ffe12a90000 - 0x00007ffe12ab9000 	C:\Program Files\Java\jre1.8.0_201\bin\java.dll
0x00007ffe1bda0000 - 0x00007ffe1bdd5000 	C:\Program Files\Java\jre1.8.0_201\bin\jdwp.dll
0x00007ffe29690000 - 0x00007ffe29698000 	C:\Program Files\Java\jre1.8.0_201\bin\npt.dll
0x00007ffe1bd70000 - 0x00007ffe1bd93000 	C:\Program Files\Java\jre1.8.0_201\bin\instrument.dll
0x00007ffe12980000 - 0x00007ffe12996000 	C:\Program Files\Java\jre1.8.0_201\bin\zip.dll
0x00007ffe2e0d0000 - 0x00007ffe2f5c8000 	C:\Windows\System32\SHELL32.dll
0x00007ffe303b0000 - 0x00007ffe30459000 	C:\Windows\System32\shcore.dll
0x00007ffe2cf60000 - 0x00007ffe2d6b4000 	C:\Windows\System32\windows.storage.dll
0x00007ffe2cf10000 - 0x00007ffe2cf34000 	C:\Windows\System32\profapi.dll
0x00007ffe2ce90000 - 0x00007ffe2ceed000 	C:\Windows\System32\powrprof.dll
0x00007ffe30960000 - 0x00007ffe309b2000 	C:\Windows\System32\shlwapi.dll
0x00007ffe2cf40000 - 0x00007ffe2cf51000 	C:\Windows\System32\kernel.appcore.dll
0x00007ffe2daf0000 - 0x00007ffe2db07000 	C:\Windows\System32\cryptsp.dll
0x00007ffe29680000 - 0x00007ffe29689000 	C:\Program Files\Java\jre1.8.0_201\bin\dt_socket.dll
0x00007ffe147d0000 - 0x00007ffe147e6000 	C:\Windows\system32\napinsp.dll
0x00007ffe147b0000 - 0x00007ffe147ca000 	C:\Windows\system32\pnrpnsp.dll
0x00007ffe2c6a0000 - 0x00007ffe2c707000 	C:\Windows\System32\mswsock.dll
0x00007ffe2c410000 - 0x00007ffe2c4d7000 	C:\Windows\SYSTEM32\DNSAPI.dll
0x00007ffe30dd0000 - 0x00007ffe30dd8000 	C:\Windows\System32\NSI.dll
0x00007ffe2c3d0000 - 0x00007ffe2c40d000 	C:\Windows\SYSTEM32\IPHLPAPI.DLL
0x00007ffe145e0000 - 0x00007ffe145ee000 	C:\Windows\System32\winrnr.dll
0x00007ffe29540000 - 0x00007ffe2955b000 	C:\Windows\system32\NLAapi.dll
0x00007ffe145c0000 - 0x00007ffe145d5000 	C:\Windows\system32\wshbth.dll
0x00007ffe23bb0000 - 0x00007ffe23c29000 	C:\Windows\System32\fwpuclnt.dll
0x00007ffe2db10000 - 0x00007ffe2db36000 	C:\Windows\System32\bcrypt.dll
0x00007ffe203d0000 - 0x00007ffe203da000 	C:\Windows\System32\rasadhlp.dll
0x00007ffe29580000 - 0x00007ffe2958d000 	C:\Program Files\Java\jre1.8.0_201\bin\management.dll
0x00007ffe104f0000 - 0x00007ffe1050a000 	C:\Program Files\Java\jre1.8.0_201\bin\net.dll
0x00007ffe1e930000 - 0x00007ffe1eb07000 	C:\Windows\SYSTEM32\urlmon.dll
0x00007ffe1ef90000 - 0x00007ffe1f238000 	C:\Windows\SYSTEM32\iertutil.dll
0x00007ffe2c820000 - 0x00007ffe2c82c000 	C:\Windows\SYSTEM32\CRYPTBASE.DLL
0x00007ffe104d0000 - 0x00007ffe104e1000 	C:\Program Files\Java\jre1.8.0_201\bin\nio.dll

VM Arguments:
jvm_args: -agentlib:jdwp=transport=dt_socket,suspend=y,address=localhost:52274 -javaagent:C:\Users\SzymonPiotrowski\eclipse\jee-2018-12\eclipse\configuration\org.eclipse.osgi\405\0\.cp\lib\javaagent-shaded.jar -Dfile.encoding=UTF-8 
java_command: com.spring.project.caleTeGym.CaleTeGymApplication
java_class_path (initial): C:\Users\SzymonPiotrowski\Desktop\Tadek\CaleTeGym\caleTeGym\target\classes;C:\Users\SzymonPiotrowski\.m2\repository\org\springframework\boot\spring-boot-starter-thymeleaf\2.1.3.RELEASE\spring-boot-starter-thymeleaf-2.1.3.RELEASE.jar;C:\Users\SzymonPiotrowski\.m2\repository\org\springframework\boot\spring-boot-starter\2.1.3.RELEASE\spring-boot-starter-2.1.3.RELEASE.jar;C:\Users\SzymonPiotrowski\.m2\repository\org\springframework\boot\spring-boot-starter-logging\2.1.3.RELEASE\spring-boot-starter-logging-2.1.3.RELEASE.jar;C:\Users\SzymonPiotrowski\.m2\repository\ch\qos\logback\logback-classic\1.2.3\logback-classic-1.2.3.jar;C:\Users\SzymonPiotrowski\.m2\repository\ch\qos\logback\logback-core\1.2.3\logback-core-1.2.3.jar;C:\Users\SzymonPiotrowski\.m2\repository\org\apache\logging\log4j\log4j-to-slf4j\2.11.2\log4j-to-slf4j-2.11.2.jar;C:\Users\SzymonPiotrowski\.m2\repository\org\apache\logging\log4j\log4j-api\2.11.2\log4j-api-2.11.2.jar;C:\Users\SzymonPiotrowski\.m2\repository\org\slf4j\jul-to-slf4j\1.7.25\jul-to-slf4j-1.7.25.jar;C:\Users\SzymonPiotrowski\.m2\repository\javax\annotation\javax.annotation-api\1.3.2\javax.annotation-api-1.3.2.jar;C:\Users\SzymonPiotrowski\.m2\repository\org\yaml\snakeyaml\1.23\snakeyaml-1.23.jar;C:\Users\SzymonPiotrowski\.m2\repository\org\thymeleaf\thymeleaf-spring5\3.0.11.RELEASE\thymeleaf-spring5-3.0.11.RELEASE.jar;C:\Users\SzymonPiotrowski\.m2\repository\org\thymeleaf\thymeleaf\3.0.11.RELEASE\thymeleaf-3.0.11.RELEASE.jar;C:\Users\SzymonPiotrowski\.m2\repository\org\attoparser\attoparser\2.0.5.RELEASE\attoparser-2.0.5.RELEASE.jar;C:\Users\SzymonPiotrowski\.m2\repository\org\unbescape\unbescape\1.1.6.RELEASE\unbescape-1.1.6.RELEASE.jar;C:\Users\SzymonPiotrowski\.m2\repository\org\slf4j\slf4j-api\1.7.25\slf4j-api-1.7.25.jar;C:\Users\SzymonPiotrowski\.m2\repository\org\thymeleaf\extras\thymeleaf-extras-java8time\3.0.3.RELEASE\thymeleaf-extras-java8time-3.0.3.RELEASE.jar;C:\Users\SzymonPiotrowski\.m2\repository\or
Launcher Type: SUN_STANDARD

Environment Variables:
PATH=C:/Program Files/Java/jre1.8.0_201/bin/server;C:/Program Files/Java/jre1.8.0_201/bin;C:/Program Files/Java/jre1.8.0_201/lib/amd64;C:\Program Files (x86)\Common Files\Oracle\Java\javapath;C:\Windows\system32;C:\Windows;C:\Windows\System32\Wbem;C:\Windows\System32\WindowsPowerShell\v1.0\;C:\Windows\System32\OpenSSH\;C:\Program Files\Git\cmd;C:\Program Files\nodejs\;C:\Users\SzymonPiotrowski\AppData\Local\Programs\Python\Python37-32\Scripts\;C:\Users\SzymonPiotrowski\AppData\Local\Programs\Python\Python37-32\;C:\Program Files (x86)\Common Files\Oracle\Java\javapath;C:\Windows\system32;C:\Windows;C:\Windows\System32\Wbem;C:\Windows\System32\WindowsPowerShell\v1.0\;C:\Windows\System32\OpenSSH\;C:\Program Files\Git\cmd;C:\Users\SzymonPiotrowski\AppData\Local\Microsoft\WindowsApps;C:\Users\SzymonPiotrowski\AppData\Local\Programs\Microsoft VS Code\bin;C:\Python34\Scripts;C:\Users\SzymonPiotrowski\AppData\Roaming\npm;C:\Users\SzymonPiotrowski\Desktop;
USERNAME=SzymonPiotrowski
OS=Windows_NT
PROCESSOR_IDENTIFIER=Intel64 Family 6 Model 60 Stepping 3, GenuineIntel



---------------  S Y S T E M  ---------------

OS: Windows 10.0 , 64 bit Build 17763 (10.0.17763.1339)

CPU:total 4 (initial active 4) (4 cores per cpu, 1 threads per core) family 6 model 60 stepping 3, cmov, cx8, fxsr, mmx, sse, sse2, sse3, ssse3, sse4.1, sse4.2, popcnt, avx, avx2, aes, clmul, erms, lzcnt, tsc, tscinvbit, bmi1, bmi2

Memory: 4k page, physical 8248480k(252508k free), swap 30122196k(969976k free)

vm_info: Java HotSpot(TM) 64-Bit Server VM (25.201-b09) for windows-amd64 JRE (1.8.0_201-b09), built on Dec 15 2018 18:36:39 by "java_re" with MS VC++ 10.0 (VS2010)

time: Thu Jul 16 12:05:25 2020
timezone: Srodkowoeuropejski czas letni
elapsed time: 269 seconds (0d 0h 4m 29s)

