#
# There is insufficient memory for the Java Runtime Environment to continue.
# Native memory allocation (malloc) failed to allocate 32744 bytes for ChunkPool::allocate
# Possible reasons:
#   The system is out of physical RAM or swap space
#   The process is running with CompressedOops enabled, and the Java Heap may be blocking the growth of the native heap
# Possible solutions:
#   Reduce memory load on the system
#   Increase physical memory or swap space
#   Check if swap backing store is full
#   Decrease Java heap size (-Xmx/-Xms)
#   Decrease number of Java threads
#   Decrease Java thread stack sizes (-Xss)
#   Set larger code cache with -XX:ReservedCodeCacheSize=
#   JVM is running with Unscaled Compressed Oops mode in which the Java heap is
#     placed in the first 4GB address space. The Java Heap base address is the
#     maximum limit for the native heap growth. Please use -XX:HeapBaseMinAddress
#     to set the Java Heap base and to place the Java Heap above 4GB virtual address.
# This output file may be truncated or incomplete.
#
#  Out of Memory Error (allocation.cpp:273), pid=5648, tid=0x0000000000004bbc
#
# JRE version: Java(TM) SE Runtime Environment (8.0_201-b09) (build 1.8.0_201-b09)
# Java VM: Java HotSpot(TM) 64-Bit Server VM (25.201-b09 mixed mode windows-amd64 compressed oops)
# Failed to write core dump. Minidumps are not enabled by default on client versions of Windows
#

---------------  T H R E A D  ---------------

Current thread (0x0000000019277800):  JavaThread "C2 CompilerThread0" daemon [_thread_in_native, id=19388, stack(0x00000000192a0000,0x00000000193a0000)]

Stack: [0x00000000192a0000,0x00000000193a0000]
[error occurred during error reporting (printing stack bounds), id 0xc0000005]

Native frames: (J=compiled Java code, j=interpreted, Vv=VM code, C=native code)


Current CompileTask:
C2: 187460 2379       4       org.springframework.asm.ClassReader::readCode (5089 bytes)


---------------  P R O C E S S  ---------------

Java Threads: ( => current thread )
  0x000000001952b000 JavaThread "restartedMain" [_thread_in_vm, id=13120, stack(0x000000001b1c0000,0x000000001b2c0000)]
  0x0000000019b9a800 JavaThread "Thread-0" [_thread_blocked, id=11672, stack(0x000000001b0c0000,0x000000001b1c0000)]
  0x0000000019292800 JavaThread "Service Thread" daemon [_thread_blocked, id=10260, stack(0x0000000019da0000,0x0000000019ea0000)]
  0x0000000019291800 JavaThread "C1 CompilerThread2" daemon [_thread_blocked, id=13460, stack(0x0000000019ca0000,0x0000000019da0000)]
  0x000000001929e800 JavaThread "C2 CompilerThread1" daemon [_thread_blocked, id=19448, stack(0x0000000019ba0000,0x0000000019ca0000)]
=>0x0000000019277800 JavaThread "C2 CompilerThread0" daemon [_thread_in_native, id=19388, stack(0x00000000192a0000,0x00000000193a0000)]
  0x0000000017019800 JavaThread "JDWP Command Reader" daemon [_thread_in_native, id=16932, stack(0x0000000018ba0000,0x0000000018ca0000)]
  0x000000001700e000 JavaThread "JDWP Event Helper Thread" daemon [_thread_blocked, id=16912, stack(0x0000000018aa0000,0x0000000018ba0000)]
  0x0000000016ffc800 JavaThread "JDWP Transport Listener: dt_socket" daemon [_thread_blocked, id=16908, stack(0x00000000189a0000,0x0000000018aa0000)]
  0x0000000016ff6800 JavaThread "Attach Listener" daemon [_thread_blocked, id=7344, stack(0x0000000018560000,0x0000000018660000)]
  0x0000000016ff5800 JavaThread "Signal Dispatcher" daemon [_thread_blocked, id=15068, stack(0x0000000018460000,0x0000000018560000)]
  0x0000000016fe0000 JavaThread "Finalizer" daemon [_thread_blocked, id=9592, stack(0x0000000018250000,0x0000000018350000)]
  0x0000000002418000 JavaThread "Reference Handler" daemon [_thread_blocked, id=13840, stack(0x0000000018150000,0x0000000018250000)]
  0x0000000002327000 JavaThread "main" [_thread_blocked, id=8032, stack(0x0000000001f90000,0x0000000002090000)]

Other Threads:
  0x0000000016fb8000 VMThread [stack: 0x0000000018050000,0x0000000018150000] [id=5404]
  0x000000001927b800 WatcherThread [stack: 0x0000000019ea0000,0x0000000019fa0000] [id=3812]

VM state:not at safepoint (normal execution)

VM Mutex/Monitor currently owned by a thread: None

heap address: 0x0000000082200000, size: 2014 MB, Compressed Oops mode: 32-bit
Narrow klass base: 0x0000000000000000, Narrow klass shift: 3
Compressed class space size: 1073741824 Address: 0x0000000100000000

Heap:
 PSYoungGen      total 137728K, used 57693K [0x00000000d6100000, 0x00000000df200000, 0x0000000100000000)
  eden space 130048K, 44% used [0x00000000d6100000,0x00000000d9957520,0x00000000de000000)
  from space 7680K, 0% used [0x00000000de880000,0x00000000de880000,0x00000000df000000)
  to   space 8704K, 0% used [0x00000000de000000,0x00000000de000000,0x00000000de880000)
 ParOldGen       total 48640K, used 7327K [0x0000000082200000, 0x0000000085180000, 0x00000000d6100000)
  object space 48640K, 15% used [0x0000000082200000,0x0000000082927f50,0x0000000085180000)
 Metaspace       used 24964K, capacity 25600K, committed 25728K, reserved 1071104K
  class space    used 3141K, capacity 3337K, committed 3456K, reserved 1048576K

Card table byte_map: [0x00000000118e0000,0x0000000011cd0000] byte_map_base: 0x00000000114cf000

Marking Bits: (ParMarkBitMap*) 0x0000000075e94ce0
 Begin Bits: [0x0000000012370000, 0x00000000142e8000)
 End Bits:   [0x00000000142e8000, 0x0000000016260000)

Polling page: 0x00000000005c0000

CodeCache: size=245760Kb used=8856Kb max_used=9047Kb free=236903Kb
 bounds [0x0000000002520000, 0x0000000002e00000, 0x0000000011520000]
 total_blobs=2611 nmethods=2211 adapters=319
 compilation: enabled

Compilation events (10 events):
Event: 184.864 Thread 0x0000000019291800 nmethod 2374 0x00000000026a3990 code [0x00000000026a3c20, 0x00000000026a5148]
Event: 185.055 Thread 0x0000000019291800 2375   !   3       org.springframework.core.type.classreading.SimpleMetadataReaderFactory::getMetadataReader (156 bytes)
Event: 185.057 Thread 0x0000000019291800 nmethod 2375 0x00000000028c8810 code [0x00000000028c8c20, 0x00000000028cb298]
Event: 185.104 Thread 0x0000000019291800 2376       3       java.io.FilterInputStream::read (11 bytes)
Event: 185.104 Thread 0x0000000019291800 nmethod 2376 0x0000000002627650 code [0x00000000026277c0, 0x0000000002627a08]
Event: 185.109 Thread 0x0000000019291800 2377       1       java.util.LinkedHashMap$LinkedValues::size (8 bytes)
Event: 185.109 Thread 0x0000000019291800 nmethod 2377 0x0000000002633890 code [0x00000000026339e0, 0x0000000002633af0]
Event: 185.328 Thread 0x0000000019291800 2378       3       org.springframework.util.Assert::isTrue (14 bytes)
Event: 185.328 Thread 0x0000000019291800 nmethod 2378 0x00000000026ffe90 code [0x0000000002700000, 0x0000000002700228]
Event: 185.348 Thread 0x0000000019277800 2379       4       org.springframework.asm.ClassReader::readCode (5089 bytes)

GC Heap History (10 events):
Event: 75.649 GC heap before
{Heap before GC invocations=3 (full 0):
 PSYoungGen      total 37888K, used 35589K [0x00000000d6100000, 0x00000000dab00000, 0x0000000100000000)
  eden space 32768K, 100% used [0x00000000d6100000,0x00000000d8100000,0x00000000d8100000)
  from space 5120K, 55% used [0x00000000d8600000,0x00000000d88c1548,0x00000000d8b00000)
  to   space 5120K, 0% used [0x00000000d8100000,0x00000000d8100000,0x00000000d8600000)
 ParOldGen       total 86016K, used 16K [0x0000000082200000, 0x0000000087600000, 0x00000000d6100000)
  object space 86016K, 0% used [0x0000000082200000,0x0000000082204000,0x0000000087600000)
 Metaspace       used 11491K, capacity 11764K, committed 11904K, reserved 1060864K
  class space    used 1298K, capacity 1403K, committed 1408K, reserved 1048576K
Event: 76.127 GC heap after
Heap after GC invocations=3 (full 0):
 PSYoungGen      total 37888K, used 4180K [0x00000000d6100000, 0x00000000dab00000, 0x0000000100000000)
  eden space 32768K, 0% used [0x00000000d6100000,0x00000000d6100000,0x00000000d8100000)
  from space 5120K, 81% used [0x00000000d8100000,0x00000000d8515150,0x00000000d8600000)
  to   space 5120K, 0% used [0x00000000da600000,0x00000000da600000,0x00000000dab00000)
 ParOldGen       total 86016K, used 24K [0x0000000082200000, 0x0000000087600000, 0x00000000d6100000)
  object space 86016K, 0% used [0x0000000082200000,0x0000000082206000,0x0000000087600000)
 Metaspace       used 11491K, capacity 11764K, committed 11904K, reserved 1060864K
  class space    used 1298K, capacity 1403K, committed 1408K, reserved 1048576K
}
Event: 79.564 GC heap before
{Heap before GC invocations=4 (full 0):
 PSYoungGen      total 37888K, used 36948K [0x00000000d6100000, 0x00000000dab00000, 0x0000000100000000)
  eden space 32768K, 100% used [0x00000000d6100000,0x00000000d8100000,0x00000000d8100000)
  from space 5120K, 81% used [0x00000000d8100000,0x00000000d8515150,0x00000000d8600000)
  to   space 5120K, 0% used [0x00000000da600000,0x00000000da600000,0x00000000dab00000)
 ParOldGen       total 86016K, used 24K [0x0000000082200000, 0x0000000087600000, 0x00000000d6100000)
  object space 86016K, 0% used [0x0000000082200000,0x0000000082206000,0x0000000087600000)
 Metaspace       used 13852K, capacity 14208K, committed 14464K, reserved 1062912K
  class space    used 1687K, capacity 1799K, committed 1920K, reserved 1048576K
Event: 79.852 GC heap after
Heap after GC invocations=4 (full 0):
 PSYoungGen      total 70656K, used 4634K [0x00000000d6100000, 0x00000000dab00000, 0x0000000100000000)
  eden space 65536K, 0% used [0x00000000d6100000,0x00000000d6100000,0x00000000da100000)
  from space 5120K, 90% used [0x00000000da600000,0x00000000daa86828,0x00000000dab00000)
  to   space 5120K, 0% used [0x00000000da100000,0x00000000da100000,0x00000000da600000)
 ParOldGen       total 86016K, used 32K [0x0000000082200000, 0x0000000087600000, 0x00000000d6100000)
  object space 86016K, 0% used [0x0000000082200000,0x0000000082208000,0x0000000087600000)
 Metaspace       used 13852K, capacity 14208K, committed 14464K, reserved 1062912K
  class space    used 1687K, capacity 1799K, committed 1920K, reserved 1048576K
}
Event: 92.298 GC heap before
{Heap before GC invocations=5 (full 0):
 PSYoungGen      total 70656K, used 70170K [0x00000000d6100000, 0x00000000dab00000, 0x0000000100000000)
  eden space 65536K, 100% used [0x00000000d6100000,0x00000000da100000,0x00000000da100000)
  from space 5120K, 90% used [0x00000000da600000,0x00000000daa86828,0x00000000dab00000)
  to   space 5120K, 0% used [0x00000000da100000,0x00000000da100000,0x00000000da600000)
 ParOldGen       total 86016K, used 32K [0x0000000082200000, 0x0000000087600000, 0x00000000d6100000)
  object space 86016K, 0% used [0x0000000082200000,0x0000000082208000,0x0000000087600000)
 Metaspace       used 17404K, capacity 17848K, committed 18048K, reserved 1064960K
  class space    used 2187K, capacity 2345K, committed 2432K, reserved 1048576K
Event: 94.858 GC heap after
Heap after GC invocations=5 (full 0):
 PSYoungGen      total 70656K, used 5095K [0x00000000d6100000, 0x00000000df000000, 0x0000000100000000)
  eden space 65536K, 0% used [0x00000000d6100000,0x00000000d6100000,0x00000000da100000)
  from space 5120K, 99% used [0x00000000da100000,0x00000000da5f9fe0,0x00000000da600000)
  to   space 7680K, 0% used [0x00000000de880000,0x00000000de880000,0x00000000df000000)
 ParOldGen       total 86016K, used 2236K [0x0000000082200000, 0x0000000087600000, 0x00000000d6100000)
  object space 86016K, 2% used [0x0000000082200000,0x000000008242f388,0x0000000087600000)
 Metaspace       used 17404K, capacity 17848K, committed 18048K, reserved 1064960K
  class space    used 2187K, capacity 2345K, committed 2432K, reserved 1048576K
}
Event: 106.611 GC heap before
{Heap before GC invocations=6 (full 0):
 PSYoungGen      total 70656K, used 58410K [0x00000000d6100000, 0x00000000df000000, 0x0000000100000000)
  eden space 65536K, 81% used [0x00000000d6100000,0x00000000d9510970,0x00000000da100000)
  from space 5120K, 99% used [0x00000000da100000,0x00000000da5f9fe0,0x00000000da600000)
  to   space 7680K, 0% used [0x00000000de880000,0x00000000de880000,0x00000000df000000)
 ParOldGen       total 86016K, used 2236K [0x0000000082200000, 0x0000000087600000, 0x00000000d6100000)
  object space 86016K, 2% used [0x0000000082200000,0x000000008242f388,0x0000000087600000)
 Metaspace       used 20756K, capacity 21176K, committed 21248K, reserved 1067008K
  class space    used 2638K, capacity 2795K, committed 2816K, reserved 1048576K
Event: 108.643 GC heap after
Heap after GC invocations=6 (full 0):
 PSYoungGen      total 137728K, used 7565K [0x00000000d6100000, 0x00000000df200000, 0x0000000100000000)
  eden space 130048K, 0% used [0x00000000d6100000,0x00000000d6100000,0x00000000de000000)
  from space 7680K, 98% used [0x00000000de880000,0x00000000defe3770,0x00000000df000000)
  to   space 8704K, 0% used [0x00000000de000000,0x00000000de000000,0x00000000de880000)
 ParOldGen       total 86016K, used 2244K [0x0000000082200000, 0x0000000087600000, 0x00000000d6100000)
  object space 86016K, 2% used [0x0000000082200000,0x0000000082431388,0x0000000087600000)
 Metaspace       used 20756K, capacity 21176K, committed 21248K, reserved 1067008K
  class space    used 2638K, capacity 2795K, committed 2816K, reserved 1048576K
}
Event: 108.643 GC heap before
{Heap before GC invocations=7 (full 1):
 PSYoungGen      total 137728K, used 7565K [0x00000000d6100000, 0x00000000df200000, 0x0000000100000000)
  eden space 130048K, 0% used [0x00000000d6100000,0x00000000d6100000,0x00000000de000000)
  from space 7680K, 98% used [0x00000000de880000,0x00000000defe3770,0x00000000df000000)
  to   space 8704K, 0% used [0x00000000de000000,0x00000000de000000,0x00000000de880000)
 ParOldGen       total 86016K, used 2244K [0x0000000082200000, 0x0000000087600000, 0x00000000d6100000)
  object space 86016K, 2% used [0x0000000082200000,0x0000000082431388,0x0000000087600000)
 Metaspace       used 20756K, capacity 21176K, committed 21248K, reserved 1067008K
  class space    used 2638K, capacity 2795K, committed 2816K, reserved 1048576K
Event: 111.826 GC heap after
Heap after GC invocations=7 (full 1):
 PSYoungGen      total 137728K, used 0K [0x00000000d6100000, 0x00000000df200000, 0x0000000100000000)
  eden space 130048K, 0% used [0x00000000d6100000,0x00000000d6100000,0x00000000de000000)
  from space 7680K, 0% used [0x00000000de880000,0x00000000de880000,0x00000000df000000)
  to   space 8704K, 0% used [0x00000000de000000,0x00000000de000000,0x00000000de880000)
 ParOldGen       total 48640K, used 7327K [0x0000000082200000, 0x0000000085180000, 0x00000000d6100000)
  object space 48640K, 15% used [0x0000000082200000,0x0000000082927f50,0x0000000085180000)
 Metaspace       used 20756K, capacity 21176K, committed 21248K, reserved 1067008K
  class space    used 2638K, capacity 2795K, committed 2816K, reserved 1048576K
}

Deoptimization events (10 events):
Event: 185.327 Thread 0x000000001952b000 Uncommon trap: reason=unhandled action=none pc=0x0000000002db0094 method=java.net.URLClassLoader.findClass(Ljava/lang/String;)Ljava/lang/Class; @ 44
Event: 185.328 Thread 0x000000001952b000 Uncommon trap: reason=unhandled action=none pc=0x0000000002db0094 method=java.net.URLClassLoader.findClass(Ljava/lang/String;)Ljava/lang/Class; @ 44
Event: 185.328 Thread 0x000000001952b000 Uncommon trap: reason=unhandled action=none pc=0x0000000002db0094 method=java.net.URLClassLoader.findClass(Ljava/lang/String;)Ljava/lang/Class; @ 44
Event: 185.329 Thread 0x000000001952b000 Uncommon trap: reason=unhandled action=none pc=0x0000000002db0094 method=java.net.URLClassLoader.findClass(Ljava/lang/String;)Ljava/lang/Class; @ 44
Event: 185.329 Thread 0x000000001952b000 Uncommon trap: reason=unhandled action=none pc=0x0000000002db0094 method=java.net.URLClassLoader.findClass(Ljava/lang/String;)Ljava/lang/Class; @ 44
Event: 185.329 Thread 0x000000001952b000 Uncommon trap: reason=unhandled action=none pc=0x0000000002b244c4 method=java.net.URLClassLoader.findClass(Ljava/lang/String;)Ljava/lang/Class; @ 44
Event: 185.345 Thread 0x000000001952b000 Uncommon trap: reason=unhandled action=none pc=0x0000000002b244c4 method=java.net.URLClassLoader.findClass(Ljava/lang/String;)Ljava/lang/Class; @ 44
Event: 185.375 Thread 0x000000001952b000 Uncommon trap: reason=unhandled action=none pc=0x0000000002db0094 method=java.net.URLClassLoader.findClass(Ljava/lang/String;)Ljava/lang/Class; @ 44
Event: 185.376 Thread 0x000000001952b000 Uncommon trap: reason=unhandled action=none pc=0x0000000002db0094 method=java.net.URLClassLoader.findClass(Ljava/lang/String;)Ljava/lang/Class; @ 44
Event: 185.425 Thread 0x000000001952b000 Uncommon trap: reason=unhandled action=none pc=0x0000000002db0094 method=java.net.URLClassLoader.findClass(Ljava/lang/String;)Ljava/lang/Class; @ 44

Classes redefined (0 events):
No events

Internal exceptions (10 events):
Event: 111.924 Thread 0x000000001ca37000 Exception <a 'java/lang/IncompatibleClassChangeError': Found class java.lang.Object, but interface was expected> (0x00000000d6204a58) thrown at [C:\re\workspace\8-2-build-windows-amd64-cygwin\jdk8u201\12322\hotspot\src\share\vm\interpreter\linkResolver.cp
Event: 115.188 Thread 0x000000001952b000 Exception <a 'java/lang/NoSuchMethodError': java.lang.Object.lambda$comparing$77a9974f$1(Ljava/util/function/Function;Ljava/lang/Object;Ljava/lang/Object;)I> (0x00000000d6763848) thrown at [C:\re\workspace\8-2-build-windows-amd64-cygwin\jdk8u201\12322\hot
Event: 122.822 Thread 0x000000001ca37000 Exception <a 'java/lang/ArrayIndexOutOfBoundsException': 71> (0x00000000d72ccbc0) thrown at [C:\re\workspace\8-2-build-windows-amd64-cygwin\jdk8u201\12322\hotspot\src\share\vm\interpreter\interpreterRuntime.cpp, line 368]
Event: 122.822 Thread 0x000000001ca37000 Exception <a 'java/lang/ArrayIndexOutOfBoundsException': 71> (0x00000000d72d02f0) thrown at [C:\re\workspace\8-2-build-windows-amd64-cygwin\jdk8u201\12322\hotspot\src\share\vm\interpreter\interpreterRuntime.cpp, line 368]
Event: 122.862 Thread 0x000000001ca37000 Exception <a 'java/lang/ArrayIndexOutOfBoundsException': 55> (0x00000000d72fa7f8) thrown at [C:\re\workspace\8-2-build-windows-amd64-cygwin\jdk8u201\12322\hotspot\src\share\vm\interpreter\interpreterRuntime.cpp, line 368]
Event: 122.863 Thread 0x000000001ca37000 Exception <a 'java/lang/ArrayIndexOutOfBoundsException': 38> (0x00000000d72fc0a8) thrown at [C:\re\workspace\8-2-build-windows-amd64-cygwin\jdk8u201\12322\hotspot\src\share\vm\interpreter\interpreterRuntime.cpp, line 368]
Event: 122.933 Thread 0x000000001ca37000 Exception <a 'java/lang/ArrayIndexOutOfBoundsException': 38> (0x00000000d7329450) thrown at [C:\re\workspace\8-2-build-windows-amd64-cygwin\jdk8u201\12322\hotspot\src\share\vm\interpreter\interpreterRuntime.cpp, line 368]
Event: 122.977 Thread 0x000000001ca37000 Exception <a 'java/lang/ArrayIndexOutOfBoundsException': 49> (0x00000000d733d6c0) thrown at [C:\re\workspace\8-2-build-windows-amd64-cygwin\jdk8u201\12322\hotspot\src\share\vm\interpreter\interpreterRuntime.cpp, line 368]
Event: 142.643 Thread 0x000000001952b000 Exception <a 'java/lang/IncompatibleClassChangeError': Found class java.lang.Object, but interface was expected> (0x00000000d9428168) thrown at [C:\re\workspace\8-2-build-windows-amd64-cygwin\jdk8u201\12322\hotspot\src\share\vm\interpreter\linkResolver.cp
Event: 183.483 Thread 0x000000001952b000 Exception <a 'java/io/IOException'> (0x00000000d95f15a0) thrown at [C:\re\workspace\8-2-build-windows-amd64-cygwin\jdk8u201\12322\hotspot\src\share\vm\prims\jni.cpp, line 709]

Events (10 events):
Event: 185.406 Thread 0x000000001952b000 Uncommon trap: trap_request=0xffffffa7 fr.pc=0x0000000002db0094
Event: 185.425 Thread 0x000000001952b000 DEOPT PACKING pc=0x0000000002db0094 sp=0x000000001b2bd450
Event: 185.425 Thread 0x000000001952b000 DEOPT UNPACKING pc=0x000000000256583b sp=0x000000001b2bd3e8 mode 2
Event: 185.425 Thread 0x000000001952b000 DEOPT PACKING pc=0x0000000002d6f164 sp=0x000000001b2bd490
Event: 185.425 Thread 0x000000001952b000 DEOPT UNPACKING pc=0x0000000002567890 sp=0x000000001b2bd1c0 mode 1
Event: 185.425 Thread 0x000000001952b000 DEOPT PACKING pc=0x0000000002d2940c sp=0x000000001b2bd4f0
Event: 185.425 Thread 0x000000001952b000 DEOPT UNPACKING pc=0x0000000002567890 sp=0x000000001b2bd2b8 mode 1
Event: 185.425 loading class org/springframework/boot/autoconfigure/web/servlet/ServletWebServerFactoryAutoConfiguration$BeanPostProcessorsRegistrar
Event: 185.425 loading class org/springframework/boot/autoconfigure/web/servlet/ServletWebServerFactoryAutoConfiguration$BeanPostProcessorsRegistrar done
Event: 185.434 Thread 0x000000001952b000 Uncommon trap: trap_request=0xffffffa7 fr.pc=0x0000000002b244c4


Dynamic libraries:
0x00007ff7e36e0000 - 0x00007ff7e3717000 	C:\Program Files\Java\jre1.8.0_201\bin\javaw.exe
0x00007ffe30eb0000 - 0x00007ffe3109d000 	C:\Windows\SYSTEM32\ntdll.dll
0x00007ffe10b80000 - 0x00007ffe10b93000 	C:\Program Files\AVAST Software\Avast\aswhook.dll
0x00007ffe302e0000 - 0x00007ffe30393000 	C:\Windows\System32\KERNEL32.DLL
0x00007ffe2d7d0000 - 0x00007ffe2da65000 	C:\Windows\System32\KERNELBASE.dll
0x00007ffe30500000 - 0x00007ffe305a3000 	C:\Windows\System32\ADVAPI32.dll
0x00007ffe30460000 - 0x00007ffe304fe000 	C:\Windows\System32\msvcrt.dll
0x00007ffe30de0000 - 0x00007ffe30e7e000 	C:\Windows\System32\sechost.dll
0x00007ffe30b40000 - 0x00007ffe30c62000 	C:\Windows\System32\RPCRT4.dll
0x00007ffe2f770000 - 0x00007ffe2f907000 	C:\Windows\System32\USER32.dll
0x00007ffe2ddd0000 - 0x00007ffe2ddf0000 	C:\Windows\System32\win32u.dll
0x00007ffe30870000 - 0x00007ffe30899000 	C:\Windows\System32\GDI32.dll
0x00007ffe2dc30000 - 0x00007ffe2ddcb000 	C:\Windows\System32\gdi32full.dll
0x00007ffe2db40000 - 0x00007ffe2dbe0000 	C:\Windows\System32\msvcp_win.dll
0x00007ffe2dfd0000 - 0x00007ffe2e0ca000 	C:\Windows\System32\ucrtbase.dll
0x00007ffe1e500000 - 0x00007ffe1e779000 	C:\Windows\WinSxS\amd64_microsoft.windows.common-controls_6595b64144ccf1df_6.0.17763.1339_none_de7015e4534c7114\COMCTL32.dll
0x00007ffe2fa60000 - 0x00007ffe2fd8c000 	C:\Windows\System32\combase.dll
0x00007ffe2da70000 - 0x00007ffe2daee000 	C:\Windows\System32\bcryptPrimitives.dll
0x00007ffe2f5d0000 - 0x00007ffe2f5fe000 	C:\Windows\System32\IMM32.DLL
0x0000000075030000 - 0x0000000075101000 	C:\Program Files\Java\jre1.8.0_201\bin\msvcr100.dll
0x0000000075670000 - 0x0000000075f14000 	C:\Program Files\Java\jre1.8.0_201\bin\server\jvm.dll
0x00007ffe305b0000 - 0x00007ffe305b8000 	C:\Windows\System32\PSAPI.DLL
0x00007ffe1aa20000 - 0x00007ffe1aa29000 	C:\Windows\SYSTEM32\WSOCK32.dll
0x00007ffe2fdf0000 - 0x00007ffe2fe5d000 	C:\Windows\System32\WS2_32.dll
0x00007ffe29970000 - 0x00007ffe29994000 	C:\Windows\SYSTEM32\WINMM.dll
0x00007ffe27c00000 - 0x00007ffe27c0a000 	C:\Windows\SYSTEM32\VERSION.dll
0x00007ffe29940000 - 0x00007ffe2996d000 	C:\Windows\SYSTEM32\WINMMBASE.dll
0x00007ffe2dbe0000 - 0x00007ffe2dc2a000 	C:\Windows\System32\cfgmgr32.dll
0x00007ffe12ac0000 - 0x00007ffe12acf000 	C:\Program Files\Java\jre1.8.0_201\bin\verify.dll
0x00007ffe12a90000 - 0x00007ffe12ab9000 	C:\Program Files\Java\jre1.8.0_201\bin\java.dll
0x00007ffe1bda0000 - 0x00007ffe1bdd5000 	C:\Program Files\Java\jre1.8.0_201\bin\jdwp.dll
0x00007ffe29690000 - 0x00007ffe29698000 	C:\Program Files\Java\jre1.8.0_201\bin\npt.dll
0x00007ffe1bd70000 - 0x00007ffe1bd93000 	C:\Program Files\Java\jre1.8.0_201\bin\instrument.dll
0x00007ffe12980000 - 0x00007ffe12996000 	C:\Program Files\Java\jre1.8.0_201\bin\zip.dll
0x00007ffe2e0d0000 - 0x00007ffe2f5c8000 	C:\Windows\System32\SHELL32.dll
0x00007ffe303b0000 - 0x00007ffe30459000 	C:\Windows\System32\shcore.dll
0x00007ffe2cf60000 - 0x00007ffe2d6b4000 	C:\Windows\System32\windows.storage.dll
0x00007ffe2cf10000 - 0x00007ffe2cf34000 	C:\Windows\System32\profapi.dll
0x00007ffe2ce90000 - 0x00007ffe2ceed000 	C:\Windows\System32\powrprof.dll
0x00007ffe30960000 - 0x00007ffe309b2000 	C:\Windows\System32\shlwapi.dll
0x00007ffe2cf40000 - 0x00007ffe2cf51000 	C:\Windows\System32\kernel.appcore.dll
0x00007ffe2daf0000 - 0x00007ffe2db07000 	C:\Windows\System32\cryptsp.dll
0x00007ffe29680000 - 0x00007ffe29689000 	C:\Program Files\Java\jre1.8.0_201\bin\dt_socket.dll
0x00007ffe147d0000 - 0x00007ffe147e6000 	C:\Windows\system32\napinsp.dll
0x00007ffe147b0000 - 0x00007ffe147ca000 	C:\Windows\system32\pnrpnsp.dll
0x00007ffe2c6a0000 - 0x00007ffe2c707000 	C:\Windows\System32\mswsock.dll
0x00007ffe2c410000 - 0x00007ffe2c4d7000 	C:\Windows\SYSTEM32\DNSAPI.dll
0x00007ffe30dd0000 - 0x00007ffe30dd8000 	C:\Windows\System32\NSI.dll
0x00007ffe2c3d0000 - 0x00007ffe2c40d000 	C:\Windows\SYSTEM32\IPHLPAPI.DLL
0x00007ffe145e0000 - 0x00007ffe145ee000 	C:\Windows\System32\winrnr.dll
0x00007ffe29540000 - 0x00007ffe2955b000 	C:\Windows\system32\NLAapi.dll
0x00007ffe145c0000 - 0x00007ffe145d5000 	C:\Windows\system32\wshbth.dll
0x00007ffe23bb0000 - 0x00007ffe23c29000 	C:\Windows\System32\fwpuclnt.dll
0x00007ffe2db10000 - 0x00007ffe2db36000 	C:\Windows\System32\bcrypt.dll
0x00007ffe203d0000 - 0x00007ffe203da000 	C:\Windows\System32\rasadhlp.dll
0x00007ffe29580000 - 0x00007ffe2958d000 	C:\Program Files\Java\jre1.8.0_201\bin\management.dll
0x00007ffe104f0000 - 0x00007ffe1050a000 	C:\Program Files\Java\jre1.8.0_201\bin\net.dll
0x00007ffe1e930000 - 0x00007ffe1eb07000 	C:\Windows\SYSTEM32\urlmon.dll
0x00007ffe1ef90000 - 0x00007ffe1f238000 	C:\Windows\SYSTEM32\iertutil.dll
0x00007ffe2c820000 - 0x00007ffe2c82c000 	C:\Windows\SYSTEM32\CRYPTBASE.DLL
0x00007ffe104d0000 - 0x00007ffe104e1000 	C:\Program Files\Java\jre1.8.0_201\bin\nio.dll

VM Arguments:
jvm_args: -agentlib:jdwp=transport=dt_socket,suspend=y,address=localhost:52270 -javaagent:C:\Users\SzymonPiotrowski\eclipse\jee-2018-12\eclipse\configuration\org.eclipse.osgi\405\0\.cp\lib\javaagent-shaded.jar -Dfile.encoding=UTF-8 
java_command: com.spring.project.caleTeGym.CaleTeGymApplication
java_class_path (initial): C:\Users\SzymonPiotrowski\Desktop\Tadek\CaleTeGym\caleTeGym\target\classes;C:\Users\SzymonPiotrowski\.m2\repository\org\springframework\boot\spring-boot-starter-thymeleaf\2.1.3.RELEASE\spring-boot-starter-thymeleaf-2.1.3.RELEASE.jar;C:\Users\SzymonPiotrowski\.m2\repository\org\springframework\boot\spring-boot-starter\2.1.3.RELEASE\spring-boot-starter-2.1.3.RELEASE.jar;C:\Users\SzymonPiotrowski\.m2\repository\org\springframework\boot\spring-boot-starter-logging\2.1.3.RELEASE\spring-boot-starter-logging-2.1.3.RELEASE.jar;C:\Users\SzymonPiotrowski\.m2\repository\ch\qos\logback\logback-classic\1.2.3\logback-classic-1.2.3.jar;C:\Users\SzymonPiotrowski\.m2\repository\ch\qos\logback\logback-core\1.2.3\logback-core-1.2.3.jar;C:\Users\SzymonPiotrowski\.m2\repository\org\apache\logging\log4j\log4j-to-slf4j\2.11.2\log4j-to-slf4j-2.11.2.jar;C:\Users\SzymonPiotrowski\.m2\repository\org\apache\logging\log4j\log4j-api\2.11.2\log4j-api-2.11.2.jar;C:\Users\SzymonPiotrowski\.m2\repository\org\slf4j\jul-to-slf4j\1.7.25\jul-to-slf4j-1.7.25.jar;C:\Users\SzymonPiotrowski\.m2\repository\javax\annotation\javax.annotation-api\1.3.2\javax.annotation-api-1.3.2.jar;C:\Users\SzymonPiotrowski\.m2\repository\org\yaml\snakeyaml\1.23\snakeyaml-1.23.jar;C:\Users\SzymonPiotrowski\.m2\repository\org\thymeleaf\thymeleaf-spring5\3.0.11.RELEASE\thymeleaf-spring5-3.0.11.RELEASE.jar;C:\Users\SzymonPiotrowski\.m2\repository\org\thymeleaf\thymeleaf\3.0.11.RELEASE\thymeleaf-3.0.11.RELEASE.jar;C:\Users\SzymonPiotrowski\.m2\repository\org\attoparser\attoparser\2.0.5.RELEASE\attoparser-2.0.5.RELEASE.jar;C:\Users\SzymonPiotrowski\.m2\repository\org\unbescape\unbescape\1.1.6.RELEASE\unbescape-1.1.6.RELEASE.jar;C:\Users\SzymonPiotrowski\.m2\repository\org\slf4j\slf4j-api\1.7.25\slf4j-api-1.7.25.jar;C:\Users\SzymonPiotrowski\.m2\repository\org\thymeleaf\extras\thymeleaf-extras-java8time\3.0.3.RELEASE\thymeleaf-extras-java8time-3.0.3.RELEASE.jar;C:\Users\SzymonPiotrowski\.m2\repository\or
Launcher Type: SUN_STANDARD

Environment Variables:
PATH=C:/Program Files/Java/jre1.8.0_201/bin/server;C:/Program Files/Java/jre1.8.0_201/bin;C:/Program Files/Java/jre1.8.0_201/lib/amd64;C:\Program Files (x86)\Common Files\Oracle\Java\javapath;C:\Windows\system32;C:\Windows;C:\Windows\System32\Wbem;C:\Windows\System32\WindowsPowerShell\v1.0\;C:\Windows\System32\OpenSSH\;C:\Program Files\Git\cmd;C:\Program Files\nodejs\;C:\Users\SzymonPiotrowski\AppData\Local\Programs\Python\Python37-32\Scripts\;C:\Users\SzymonPiotrowski\AppData\Local\Programs\Python\Python37-32\;C:\Program Files (x86)\Common Files\Oracle\Java\javapath;C:\Windows\system32;C:\Windows;C:\Windows\System32\Wbem;C:\Windows\System32\WindowsPowerShell\v1.0\;C:\Windows\System32\OpenSSH\;C:\Program Files\Git\cmd;C:\Users\SzymonPiotrowski\AppData\Local\Microsoft\WindowsApps;C:\Users\SzymonPiotrowski\AppData\Local\Programs\Microsoft VS Code\bin;C:\Python34\Scripts;C:\Users\SzymonPiotrowski\AppData\Roaming\npm;C:\Users\SzymonPiotrowski\Desktop;
USERNAME=SzymonPiotrowski
OS=Windows_NT
PROCESSOR_IDENTIFIER=Intel64 Family 6 Model 60 Stepping 3, GenuineIntel



---------------  S Y S T E M  ---------------

OS: Windows 10.0 , 64 bit Build 17763 (10.0.17763.1339)

CPU:total 4 (initial active 4) (4 cores per cpu, 1 threads per core) family 6 model 60 stepping 3, cmov, cx8, fxsr, mmx, sse, sse2, sse3, ssse3, sse4.1, sse4.2, popcnt, avx, avx2, aes, clmul, erms, lzcnt, tsc, tscinvbit, bmi1, bmi2

Memory: 4k page, physical 8248480k(368272k free), swap 29127660k(698764k free)

vm_info: Java HotSpot(TM) 64-Bit Server VM (25.201-b09) for windows-amd64 JRE (1.8.0_201-b09), built on Dec 15 2018 18:36:39 by "java_re" with MS VC++ 10.0 (VS2010)

time: Thu Jul 16 12:04:03 2020
timezone: Srodkowoeuropejski czas letni
elapsed time: 187 seconds (0d 0h 3m 7s)

