#
# There is insufficient memory for the Java Runtime Environment to continue.
# Native memory allocation (malloc) failed to allocate 416320 bytes for Chunk::new
# Possible reasons:
#   The system is out of physical RAM or swap space
#   The process is running with CompressedOops enabled, and the Java Heap may be blocking the growth of the native heap
# Possible solutions:
#   Reduce memory load on the system
#   Increase physical memory or swap space
#   Check if swap backing store is full
#   Decrease Java heap size (-Xmx/-Xms)
#   Decrease number of Java threads
#   Decrease Java thread stack sizes (-Xss)
#   Set larger code cache with -XX:ReservedCodeCacheSize=
#   JVM is running with Unscaled Compressed Oops mode in which the Java heap is
#     placed in the first 4GB address space. The Java Heap base address is the
#     maximum limit for the native heap growth. Please use -XX:HeapBaseMinAddress
#     to set the Java Heap base and to place the Java Heap above 4GB virtual address.
# This output file may be truncated or incomplete.
#
#  Out of Memory Error (allocation.cpp:390), pid=10964, tid=0x00000000000022e0
#
# JRE version: Java(TM) SE Runtime Environment (8.0_201-b09) (build 1.8.0_201-b09)
# Java VM: Java HotSpot(TM) 64-Bit Server VM (25.201-b09 mixed mode windows-amd64 compressed oops)
# Failed to write core dump. Minidumps are not enabled by default on client versions of Windows
#

---------------  T H R E A D  ---------------

Current thread (0x00000000190ef800):  JavaThread "C2 CompilerThread0" daemon [_thread_in_native, id=8928, stack(0x00000000191d0000,0x00000000192d0000)]

Stack: [0x00000000191d0000,0x00000000192d0000]
[error occurred during error reporting (printing stack bounds), id 0xc0000005]

Native frames: (J=compiled Java code, j=interpreted, Vv=VM code, C=native code)


Current CompileTask:
C2: 200639 3946 % !   4       java.util.jar.Attributes::read @ 177 (380 bytes)


---------------  P R O C E S S  ---------------

Java Threads: ( => current thread )
  0x000000001ace9800 JavaThread "restartedMain" [_thread_in_native, id=14648, stack(0x000000001b0f0000,0x000000001b1f0000)]
  0x000000001bbf7000 JavaThread "Thread-0" [_thread_blocked, id=13576, stack(0x000000001aff0000,0x000000001b0f0000)]
  0x00000000191aa800 JavaThread "Service Thread" daemon [_thread_blocked, id=11984, stack(0x0000000019cd0000,0x0000000019dd0000)]
  0x00000000191a9800 JavaThread "C1 CompilerThread2" daemon [_thread_blocked, id=3396, stack(0x0000000019bd0000,0x0000000019cd0000)]
  0x0000000019308800 JavaThread "C2 CompilerThread1" daemon [_thread_blocked, id=7904, stack(0x0000000019ad0000,0x0000000019bd0000)]
=>0x00000000190ef800 JavaThread "C2 CompilerThread0" daemon [_thread_in_native, id=8928, stack(0x00000000191d0000,0x00000000192d0000)]
  0x000000001712e800 JavaThread "JDWP Command Reader" daemon [_thread_in_native, id=10024, stack(0x0000000018cd0000,0x0000000018dd0000)]
  0x000000001712d000 JavaThread "JDWP Event Helper Thread" daemon [_thread_blocked, id=10496, stack(0x0000000018bd0000,0x0000000018cd0000)]
  0x000000001711c000 JavaThread "JDWP Transport Listener: dt_socket" daemon [_thread_blocked, id=9924, stack(0x0000000018ad0000,0x0000000018bd0000)]
  0x0000000017113000 JavaThread "Attach Listener" daemon [_thread_blocked, id=3548, stack(0x0000000018690000,0x0000000018790000)]
  0x0000000017112000 JavaThread "Signal Dispatcher" daemon [_thread_blocked, id=13416, stack(0x0000000018590000,0x0000000018690000)]
  0x0000000017100000 JavaThread "Finalizer" daemon [_thread_blocked, id=3264, stack(0x0000000018380000,0x0000000018480000)]
  0x0000000002637000 JavaThread "Reference Handler" daemon [_thread_blocked, id=12832, stack(0x0000000018280000,0x0000000018380000)]
  0x0000000002547000 JavaThread "main" [_thread_blocked, id=14884, stack(0x0000000002340000,0x0000000002440000)]

Other Threads:
  0x00000000170d8000 VMThread [stack: 0x0000000018180000,0x0000000018280000] [id=11136]
  0x00000000193b7000 WatcherThread [stack: 0x0000000019dd0000,0x0000000019ed0000] [id=14456]

VM state:not at safepoint (normal execution)

VM Mutex/Monitor currently owned by a thread:  ([mutex/lock_event])
[0x0000000002545610] PeriodicTask_lock - owner thread: 0x00000000193b7000

heap address: 0x0000000082200000, size: 2014 MB, Compressed Oops mode: 32-bit
Narrow klass base: 0x0000000000000000, Narrow klass shift: 3
Compressed class space size: 1073741824 Address: 0x0000000100000000

Heap:
 PSYoungGen      total 261120K, used 7374K [0x00000000d6100000, 0x00000000ef480000, 0x0000000100000000)
  eden space 250368K, 2% used [0x00000000d6100000,0x00000000d6833a88,0x00000000e5580000)
  from space 10752K, 0% used [0x00000000e5580000,0x00000000e5580000,0x00000000e6000000)
  to   space 13312K, 0% used [0x00000000ee780000,0x00000000ee780000,0x00000000ef480000)
 ParOldGen       total 60928K, used 18393K [0x0000000082200000, 0x0000000085d80000, 0x00000000d6100000)
  object space 60928K, 30% used [0x0000000082200000,0x00000000833f6768,0x0000000085d80000)
 Metaspace       used 34153K, capacity 35722K, committed 35928K, reserved 1081344K
  class space    used 4399K, capacity 4709K, committed 4736K, reserved 1048576K

Card table byte_map: [0x0000000011a00000,0x0000000011df0000] byte_map_base: 0x00000000115ef000

Marking Bits: (ParMarkBitMap*) 0x0000000075e94ce0
 Begin Bits: [0x0000000012490000, 0x0000000014408000)
 End Bits:   [0x0000000014408000, 0x0000000016380000)

Polling page: 0x0000000002220000

CodeCache: size=245760Kb used=14899Kb max_used=14957Kb free=230860Kb
 bounds [0x0000000002640000, 0x0000000003510000, 0x0000000011640000]
 total_blobs=3882 nmethods=3475 adapters=327
 compilation: enabled

Compilation events (10 events):
Event: 194.196 Thread 0x00000000191a9800 nmethod 3941 0x0000000003124350 code [0x0000000003124580, 0x0000000003125338]
Event: 194.744 Thread 0x00000000191a9800 3942   !   3       java.lang.StringCoding$StringDecoder::decode (179 bytes)
Event: 194.746 Thread 0x00000000191a9800 nmethod 3942 0x0000000003100a10 code [0x0000000003100d80, 0x0000000003102b08]
Event: 195.388 Thread 0x00000000191a9800 3943       3       java.util.jar.Attributes::<init> (17 bytes)
Event: 195.389 Thread 0x00000000191a9800 nmethod 3943 0x00000000027d8250 code [0x00000000027d83e0, 0x00000000027d86c8]
Event: 195.959 Thread 0x0000000019308800 3944 %     4       java.io.WinNTFileSystem::normalize @ 61 (231 bytes)
Event: 198.035 Thread 0x0000000019308800 nmethod 3944% 0x0000000002b66990 code [0x0000000002b66ba0, 0x0000000002b68ab0]
Event: 198.387 Thread 0x00000000191a9800 3945       3       java.net.URLClassLoader$3::next (73 bytes)
Event: 198.388 Thread 0x00000000191a9800 nmethod 3945 0x00000000030787d0 code [0x00000000030789a0, 0x0000000003079018]
Event: 198.521 Thread 0x00000000190ef800 3946 % !   4       java.util.jar.Attributes::read @ 177 (380 bytes)

GC Heap History (10 events):
Event: 18.128 GC heap before
{Heap before GC invocations=7 (full 1):
 PSYoungGen      total 137728K, used 6639K [0x00000000d6100000, 0x00000000df200000, 0x0000000100000000)
  eden space 130048K, 0% used [0x00000000d6100000,0x00000000d6100000,0x00000000de000000)
  from space 7680K, 86% used [0x00000000de880000,0x00000000deefbce0,0x00000000df000000)
  to   space 8704K, 0% used [0x00000000de000000,0x00000000de000000,0x00000000de880000)
 ParOldGen       total 86016K, used 2524K [0x0000000082200000, 0x0000000087600000, 0x00000000d6100000)
  object space 86016K, 2% used [0x0000000082200000,0x0000000082477148,0x0000000087600000)
 Metaspace       used 20616K, capacity 21092K, committed 21248K, reserved 1067008K
  class space    used 2568K, capacity 2707K, committed 2816K, reserved 1048576K
Event: 18.178 GC heap after
Heap after GC invocations=7 (full 1):
 PSYoungGen      total 137728K, used 0K [0x00000000d6100000, 0x00000000df200000, 0x0000000100000000)
  eden space 130048K, 0% used [0x00000000d6100000,0x00000000d6100000,0x00000000de000000)
  from space 7680K, 0% used [0x00000000de880000,0x00000000de880000,0x00000000df000000)
  to   space 8704K, 0% used [0x00000000de000000,0x00000000de000000,0x00000000de880000)
 ParOldGen       total 42496K, used 6505K [0x0000000082200000, 0x0000000084b80000, 0x00000000d6100000)
  object space 42496K, 15% used [0x0000000082200000,0x000000008285a660,0x0000000084b80000)
 Metaspace       used 20616K, capacity 21092K, committed 21248K, reserved 1067008K
  class space    used 2568K, capacity 2707K, committed 2816K, reserved 1048576K
}
Event: 25.199 GC heap before
{Heap before GC invocations=8 (full 1):
 PSYoungGen      total 137728K, used 130048K [0x00000000d6100000, 0x00000000df200000, 0x0000000100000000)
  eden space 130048K, 100% used [0x00000000d6100000,0x00000000de000000,0x00000000de000000)
  from space 7680K, 0% used [0x00000000de880000,0x00000000de880000,0x00000000df000000)
  to   space 8704K, 0% used [0x00000000de000000,0x00000000de000000,0x00000000de880000)
 ParOldGen       total 42496K, used 6505K [0x0000000082200000, 0x0000000084b80000, 0x00000000d6100000)
  object space 42496K, 15% used [0x0000000082200000,0x000000008285a660,0x0000000084b80000)
 Metaspace       used 25460K, capacity 26176K, committed 26496K, reserved 1073152K
  class space    used 3207K, capacity 3416K, committed 3456K, reserved 1048576K
Event: 25.207 GC heap after
Heap after GC invocations=8 (full 1):
 PSYoungGen      total 138752K, used 6811K [0x00000000d6100000, 0x00000000e6980000, 0x0000000100000000)
  eden space 130048K, 0% used [0x00000000d6100000,0x00000000d6100000,0x00000000de000000)
  from space 8704K, 78% used [0x00000000de000000,0x00000000de6a6d60,0x00000000de880000)
  to   space 9216K, 0% used [0x00000000e6080000,0x00000000e6080000,0x00000000e6980000)
 ParOldGen       total 42496K, used 6513K [0x0000000082200000, 0x0000000084b80000, 0x00000000d6100000)
  object space 42496K, 15% used [0x0000000082200000,0x000000008285c660,0x0000000084b80000)
 Metaspace       used 25460K, capacity 26176K, committed 26496K, reserved 1073152K
  class space    used 3207K, capacity 3416K, committed 3456K, reserved 1048576K
}
Event: 77.883 GC heap before
{Heap before GC invocations=9 (full 1):
 PSYoungGen      total 138752K, used 136859K [0x00000000d6100000, 0x00000000e6980000, 0x0000000100000000)
  eden space 130048K, 100% used [0x00000000d6100000,0x00000000de000000,0x00000000de000000)
  from space 8704K, 78% used [0x00000000de000000,0x00000000de6a6d60,0x00000000de880000)
  to   space 9216K, 0% used [0x00000000e6080000,0x00000000e6080000,0x00000000e6980000)
 ParOldGen       total 42496K, used 6513K [0x0000000082200000, 0x0000000084b80000, 0x00000000d6100000)
  object space 42496K, 15% used [0x0000000082200000,0x000000008285c660,0x0000000084b80000)
 Metaspace       used 30314K, capacity 31354K, committed 31488K, reserved 1077248K
  class space    used 3857K, capacity 4087K, committed 4096K, reserved 1048576K
Event: 77.956 GC heap after
Heap after GC invocations=9 (full 1):
 PSYoungGen      total 259584K, used 9196K [0x00000000d6100000, 0x00000000e6a80000, 0x0000000100000000)
  eden space 250368K, 0% used [0x00000000d6100000,0x00000000d6100000,0x00000000e5580000)
  from space 9216K, 99% used [0x00000000e6080000,0x00000000e697b050,0x00000000e6980000)
  to   space 10752K, 0% used [0x00000000e5580000,0x00000000e5580000,0x00000000e6000000)
 ParOldGen       total 42496K, used 7819K [0x0000000082200000, 0x0000000084b80000, 0x00000000d6100000)
  object space 42496K, 18% used [0x0000000082200000,0x00000000829a2d38,0x0000000084b80000)
 Metaspace       used 30314K, capacity 31354K, committed 31488K, reserved 1077248K
  class space    used 3857K, capacity 4087K, committed 4096K, reserved 1048576K
}
Event: 190.649 GC heap before
{Heap before GC invocations=10 (full 1):
 PSYoungGen      total 259584K, used 74641K [0x00000000d6100000, 0x00000000e6a80000, 0x0000000100000000)
  eden space 250368K, 26% used [0x00000000d6100000,0x00000000da0e9510,0x00000000e5580000)
  from space 9216K, 99% used [0x00000000e6080000,0x00000000e697b050,0x00000000e6980000)
  to   space 10752K, 0% used [0x00000000e5580000,0x00000000e5580000,0x00000000e6000000)
 ParOldGen       total 42496K, used 7819K [0x0000000082200000, 0x0000000084b80000, 0x00000000d6100000)
  object space 42496K, 18% used [0x0000000082200000,0x00000000829a2d38,0x0000000084b80000)
 Metaspace       used 33834K, capacity 35352K, committed 35416K, reserved 1079296K
  class space    used 4362K, capacity 4674K, committed 4736K, reserved 1048576K
Event: 191.314 GC heap after
Heap after GC invocations=10 (full 1):
 PSYoungGen      total 261120K, used 10727K [0x00000000d6100000, 0x00000000ef480000, 0x0000000100000000)
  eden space 250368K, 0% used [0x00000000d6100000,0x00000000d6100000,0x00000000e5580000)
  from space 10752K, 99% used [0x00000000e5580000,0x00000000e5ff9e98,0x00000000e6000000)
  to   space 13312K, 0% used [0x00000000ee780000,0x00000000ee780000,0x00000000ef480000)
 ParOldGen       total 42496K, used 10922K [0x0000000082200000, 0x0000000084b80000, 0x00000000d6100000)
  object space 42496K, 25% used [0x0000000082200000,0x0000000082caa9f8,0x0000000084b80000)
 Metaspace       used 33834K, capacity 35352K, committed 35416K, reserved 1079296K
  class space    used 4362K, capacity 4674K, committed 4736K, reserved 1048576K
}
Event: 191.314 GC heap before
{Heap before GC invocations=11 (full 2):
 PSYoungGen      total 261120K, used 10727K [0x00000000d6100000, 0x00000000ef480000, 0x0000000100000000)
  eden space 250368K, 0% used [0x00000000d6100000,0x00000000d6100000,0x00000000e5580000)
  from space 10752K, 99% used [0x00000000e5580000,0x00000000e5ff9e98,0x00000000e6000000)
  to   space 13312K, 0% used [0x00000000ee780000,0x00000000ee780000,0x00000000ef480000)
 ParOldGen       total 42496K, used 10922K [0x0000000082200000, 0x0000000084b80000, 0x00000000d6100000)
  object space 42496K, 25% used [0x0000000082200000,0x0000000082caa9f8,0x0000000084b80000)
 Metaspace       used 33834K, capacity 35352K, committed 35416K, reserved 1079296K
  class space    used 4362K, capacity 4674K, committed 4736K, reserved 1048576K
Event: 192.377 GC heap after
Heap after GC invocations=11 (full 2):
 PSYoungGen      total 261120K, used 0K [0x00000000d6100000, 0x00000000ef480000, 0x0000000100000000)
  eden space 250368K, 0% used [0x00000000d6100000,0x00000000d6100000,0x00000000e5580000)
  from space 10752K, 0% used [0x00000000e5580000,0x00000000e5580000,0x00000000e6000000)
  to   space 13312K, 0% used [0x00000000ee780000,0x00000000ee780000,0x00000000ef480000)
 ParOldGen       total 60928K, used 18393K [0x0000000082200000, 0x0000000085d80000, 0x00000000d6100000)
  object space 60928K, 30% used [0x0000000082200000,0x00000000833f6768,0x0000000085d80000)
 Metaspace       used 33834K, capacity 35352K, committed 35416K, reserved 1079296K
  class space    used 4362K, capacity 4674K, committed 4736K, reserved 1048576K
}

Deoptimization events (10 events):
Event: 193.376 Thread 0x000000001ace9800 Uncommon trap: reason=unhandled action=none pc=0x0000000002d92470 method=java.net.URLClassLoader.findClass(Ljava/lang/String;)Ljava/lang/Class; @ 44
Event: 193.376 Thread 0x000000001ace9800 Uncommon trap: reason=unhandled action=none pc=0x0000000002f43c94 method=java.net.URLClassLoader.findClass(Ljava/lang/String;)Ljava/lang/Class; @ 44
Event: 193.377 Thread 0x000000001ace9800 Uncommon trap: reason=unhandled action=none pc=0x0000000002d92470 method=java.net.URLClassLoader.findClass(Ljava/lang/String;)Ljava/lang/Class; @ 44
Event: 193.377 Thread 0x000000001ace9800 Uncommon trap: reason=unhandled action=none pc=0x0000000002f43c94 method=java.net.URLClassLoader.findClass(Ljava/lang/String;)Ljava/lang/Class; @ 44
Event: 193.377 Thread 0x000000001ace9800 Uncommon trap: reason=unhandled action=none pc=0x0000000002d92470 method=java.net.URLClassLoader.findClass(Ljava/lang/String;)Ljava/lang/Class; @ 44
Event: 193.378 Thread 0x000000001ace9800 Uncommon trap: reason=unhandled action=none pc=0x0000000002f43c94 method=java.net.URLClassLoader.findClass(Ljava/lang/String;)Ljava/lang/Class; @ 44
Event: 193.378 Thread 0x000000001ace9800 Uncommon trap: reason=unhandled action=none pc=0x0000000002d92470 method=java.net.URLClassLoader.findClass(Ljava/lang/String;)Ljava/lang/Class; @ 44
Event: 193.378 Thread 0x000000001ace9800 Uncommon trap: reason=unhandled action=none pc=0x0000000002d92470 method=java.net.URLClassLoader.findClass(Ljava/lang/String;)Ljava/lang/Class; @ 44
Event: 193.379 Thread 0x000000001ace9800 Uncommon trap: reason=unhandled action=none pc=0x0000000002d92470 method=java.net.URLClassLoader.findClass(Ljava/lang/String;)Ljava/lang/Class; @ 44
Event: 193.382 Thread 0x000000001ace9800 Uncommon trap: reason=unhandled action=none pc=0x0000000002d92470 method=java.net.URLClassLoader.findClass(Ljava/lang/String;)Ljava/lang/Class; @ 44

Classes redefined (0 events):
No events

Internal exceptions (10 events):
Event: 86.530 Thread 0x000000001ace9800 Exception <a 'java/lang/ArrayIndexOutOfBoundsException': 199> (0x00000000d7f4c880) thrown at [C:\re\workspace\8-2-build-windows-amd64-cygwin\jdk8u201\12322\hotspot\src\share\vm\interpreter\interpreterRuntime.cpp, line 368]
Event: 86.798 Thread 0x000000001ace9800 Exception <a 'java/lang/ArrayIndexOutOfBoundsException': 199> (0x00000000d800c828) thrown at [C:\re\workspace\8-2-build-windows-amd64-cygwin\jdk8u201\12322\hotspot\src\share\vm\interpreter\interpreterRuntime.cpp, line 368]
Event: 86.804 Thread 0x000000001ace9800 Exception <a 'java/lang/ArrayIndexOutOfBoundsException': 266> (0x00000000d80341a8) thrown at [C:\re\workspace\8-2-build-windows-amd64-cygwin\jdk8u201\12322\hotspot\src\share\vm\interpreter\interpreterRuntime.cpp, line 368]
Event: 86.804 Thread 0x000000001ace9800 Exception <a 'java/lang/ArrayIndexOutOfBoundsException': 119> (0x00000000d8036140) thrown at [C:\re\workspace\8-2-build-windows-amd64-cygwin\jdk8u201\12322\hotspot\src\share\vm\interpreter\interpreterRuntime.cpp, line 368]
Event: 86.807 Thread 0x000000001ace9800 Exception <a 'java/lang/ArrayIndexOutOfBoundsException': 162> (0x00000000d805eec8) thrown at [C:\re\workspace\8-2-build-windows-amd64-cygwin\jdk8u201\12322\hotspot\src\share\vm\interpreter\interpreterRuntime.cpp, line 368]
Event: 87.312 Thread 0x000000001ace9800 Exception <a 'java/lang/ArrayIndexOutOfBoundsException': 6> (0x00000000d86b27c0) thrown at [C:\re\workspace\8-2-build-windows-amd64-cygwin\jdk8u201\12322\hotspot\src\share\vm\interpreter\interpreterRuntime.cpp, line 368]
Event: 87.312 Thread 0x000000001ace9800 Exception <a 'java/lang/ArrayIndexOutOfBoundsException': 96> (0x00000000d86b3b08) thrown at [C:\re\workspace\8-2-build-windows-amd64-cygwin\jdk8u201\12322\hotspot\src\share\vm\interpreter\interpreterRuntime.cpp, line 368]
Event: 87.312 Thread 0x000000001ace9800 Exception <a 'java/lang/ArrayIndexOutOfBoundsException': 135> (0x00000000d86b5350) thrown at [C:\re\workspace\8-2-build-windows-amd64-cygwin\jdk8u201\12322\hotspot\src\share\vm\interpreter\interpreterRuntime.cpp, line 368]
Event: 87.312 Thread 0x000000001ace9800 Exception <a 'java/lang/ArrayIndexOutOfBoundsException': 6> (0x00000000d86b9888) thrown at [C:\re\workspace\8-2-build-windows-amd64-cygwin\jdk8u201\12322\hotspot\src\share\vm\interpreter\interpreterRuntime.cpp, line 368]
Event: 87.313 Thread 0x000000001ace9800 Exception <a 'java/lang/ArrayIndexOutOfBoundsException': 6> (0x00000000d86bbfd8) thrown at [C:\re\workspace\8-2-build-windows-amd64-cygwin\jdk8u201\12322\hotspot\src\share\vm\interpreter\interpreterRuntime.cpp, line 368]

Events (10 events):
Event: 193.380 loading class java/security/NoSuchProviderException done
Event: 193.381 loading class org/apache/catalina/Manager
Event: 193.381 loading class org/apache/catalina/Manager done
Event: 193.381 loading class org/apache/catalina/Manager
Event: 193.381 loading class org/apache/catalina/Manager done
Event: 193.382 loading class org/springframework/boot/system/ApplicationTemp
Event: 193.382 loading class org/springframework/boot/system/ApplicationTemp done
Event: 193.382 Thread 0x000000001ace9800 Uncommon trap: trap_request=0xffffffa7 fr.pc=0x0000000002d92470
Event: 193.382 Thread 0x000000001ace9800 DEOPT PACKING pc=0x0000000002d92470 sp=0x000000001b1ed390
Event: 193.382 Thread 0x000000001ace9800 DEOPT UNPACKING pc=0x000000000268583b sp=0x000000001b1ed288 mode 2


Dynamic libraries:
0x00007ff7e36e0000 - 0x00007ff7e3717000 	C:\Program Files\Java\jre1.8.0_201\bin\javaw.exe
0x00007ffe30eb0000 - 0x00007ffe3109d000 	C:\Windows\SYSTEM32\ntdll.dll
0x00007ffe10b80000 - 0x00007ffe10b93000 	C:\Program Files\AVAST Software\Avast\aswhook.dll
0x00007ffe302e0000 - 0x00007ffe30393000 	C:\Windows\System32\KERNEL32.DLL
0x00007ffe2d7d0000 - 0x00007ffe2da65000 	C:\Windows\System32\KERNELBASE.dll
0x00007ffe30500000 - 0x00007ffe305a3000 	C:\Windows\System32\ADVAPI32.dll
0x00007ffe30460000 - 0x00007ffe304fe000 	C:\Windows\System32\msvcrt.dll
0x00007ffe30de0000 - 0x00007ffe30e7e000 	C:\Windows\System32\sechost.dll
0x00007ffe30b40000 - 0x00007ffe30c62000 	C:\Windows\System32\RPCRT4.dll
0x00007ffe2f770000 - 0x00007ffe2f907000 	C:\Windows\System32\USER32.dll
0x00007ffe2ddd0000 - 0x00007ffe2ddf0000 	C:\Windows\System32\win32u.dll
0x00007ffe30870000 - 0x00007ffe30899000 	C:\Windows\System32\GDI32.dll
0x00007ffe2dc30000 - 0x00007ffe2ddcb000 	C:\Windows\System32\gdi32full.dll
0x00007ffe2db40000 - 0x00007ffe2dbe0000 	C:\Windows\System32\msvcp_win.dll
0x00007ffe2dfd0000 - 0x00007ffe2e0ca000 	C:\Windows\System32\ucrtbase.dll
0x00007ffe1e500000 - 0x00007ffe1e779000 	C:\Windows\WinSxS\amd64_microsoft.windows.common-controls_6595b64144ccf1df_6.0.17763.1339_none_de7015e4534c7114\COMCTL32.dll
0x00007ffe2fa60000 - 0x00007ffe2fd8c000 	C:\Windows\System32\combase.dll
0x00007ffe2da70000 - 0x00007ffe2daee000 	C:\Windows\System32\bcryptPrimitives.dll
0x00007ffe2f5d0000 - 0x00007ffe2f5fe000 	C:\Windows\System32\IMM32.DLL
0x0000000075030000 - 0x0000000075101000 	C:\Program Files\Java\jre1.8.0_201\bin\msvcr100.dll
0x0000000075670000 - 0x0000000075f14000 	C:\Program Files\Java\jre1.8.0_201\bin\server\jvm.dll
0x00007ffe305b0000 - 0x00007ffe305b8000 	C:\Windows\System32\PSAPI.DLL
0x00007ffe1aa20000 - 0x00007ffe1aa29000 	C:\Windows\SYSTEM32\WSOCK32.dll
0x00007ffe2fdf0000 - 0x00007ffe2fe5d000 	C:\Windows\System32\WS2_32.dll
0x00007ffe29970000 - 0x00007ffe29994000 	C:\Windows\SYSTEM32\WINMM.dll
0x00007ffe27c00000 - 0x00007ffe27c0a000 	C:\Windows\SYSTEM32\VERSION.dll
0x00007ffe29940000 - 0x00007ffe2996d000 	C:\Windows\SYSTEM32\WINMMBASE.dll
0x00007ffe2dbe0000 - 0x00007ffe2dc2a000 	C:\Windows\System32\cfgmgr32.dll
0x00007ffe12ac0000 - 0x00007ffe12acf000 	C:\Program Files\Java\jre1.8.0_201\bin\verify.dll
0x00007ffe12a90000 - 0x00007ffe12ab9000 	C:\Program Files\Java\jre1.8.0_201\bin\java.dll
0x00007ffe1bda0000 - 0x00007ffe1bdd5000 	C:\Program Files\Java\jre1.8.0_201\bin\jdwp.dll
0x00007ffe29690000 - 0x00007ffe29698000 	C:\Program Files\Java\jre1.8.0_201\bin\npt.dll
0x00007ffe1bd70000 - 0x00007ffe1bd93000 	C:\Program Files\Java\jre1.8.0_201\bin\instrument.dll
0x00007ffe12980000 - 0x00007ffe12996000 	C:\Program Files\Java\jre1.8.0_201\bin\zip.dll
0x00007ffe2e0d0000 - 0x00007ffe2f5c8000 	C:\Windows\System32\SHELL32.dll
0x00007ffe303b0000 - 0x00007ffe30459000 	C:\Windows\System32\shcore.dll
0x00007ffe2cf60000 - 0x00007ffe2d6b4000 	C:\Windows\System32\windows.storage.dll
0x00007ffe2cf10000 - 0x00007ffe2cf34000 	C:\Windows\System32\profapi.dll
0x00007ffe2ce90000 - 0x00007ffe2ceed000 	C:\Windows\System32\powrprof.dll
0x00007ffe30960000 - 0x00007ffe309b2000 	C:\Windows\System32\shlwapi.dll
0x00007ffe2cf40000 - 0x00007ffe2cf51000 	C:\Windows\System32\kernel.appcore.dll
0x00007ffe2daf0000 - 0x00007ffe2db07000 	C:\Windows\System32\cryptsp.dll
0x00007ffe29680000 - 0x00007ffe29689000 	C:\Program Files\Java\jre1.8.0_201\bin\dt_socket.dll
0x00007ffe147d0000 - 0x00007ffe147e6000 	C:\Windows\system32\napinsp.dll
0x00007ffe147b0000 - 0x00007ffe147ca000 	C:\Windows\system32\pnrpnsp.dll
0x00007ffe2c6a0000 - 0x00007ffe2c707000 	C:\Windows\System32\mswsock.dll
0x00007ffe2c410000 - 0x00007ffe2c4d7000 	C:\Windows\SYSTEM32\DNSAPI.dll
0x00007ffe30dd0000 - 0x00007ffe30dd8000 	C:\Windows\System32\NSI.dll
0x00007ffe2c3d0000 - 0x00007ffe2c40d000 	C:\Windows\SYSTEM32\IPHLPAPI.DLL
0x00007ffe145e0000 - 0x00007ffe145ee000 	C:\Windows\System32\winrnr.dll
0x00007ffe29540000 - 0x00007ffe2955b000 	C:\Windows\system32\NLAapi.dll
0x00007ffe145c0000 - 0x00007ffe145d5000 	C:\Windows\system32\wshbth.dll
0x00007ffe23bb0000 - 0x00007ffe23c29000 	C:\Windows\System32\fwpuclnt.dll
0x00007ffe2db10000 - 0x00007ffe2db36000 	C:\Windows\System32\bcrypt.dll
0x00007ffe203d0000 - 0x00007ffe203da000 	C:\Windows\System32\rasadhlp.dll
0x00007ffe29580000 - 0x00007ffe2958d000 	C:\Program Files\Java\jre1.8.0_201\bin\management.dll
0x00007ffe104f0000 - 0x00007ffe1050a000 	C:\Program Files\Java\jre1.8.0_201\bin\net.dll
0x00007ffe1e930000 - 0x00007ffe1eb07000 	C:\Windows\SYSTEM32\urlmon.dll
0x00007ffe1ef90000 - 0x00007ffe1f238000 	C:\Windows\SYSTEM32\iertutil.dll
0x00007ffe2c820000 - 0x00007ffe2c82c000 	C:\Windows\SYSTEM32\CRYPTBASE.DLL
0x00007ffe104d0000 - 0x00007ffe104e1000 	C:\Program Files\Java\jre1.8.0_201\bin\nio.dll
0x00007ffe2bfd0000 - 0x00007ffe2c003000 	C:\Windows\system32\rsaenh.dll
0x00007ffe2cd80000 - 0x00007ffe2cda8000 	C:\Windows\SYSTEM32\USERENV.dll
0x00007ffe23f10000 - 0x00007ffe23f26000 	C:\Windows\SYSTEM32\dhcpcsvc6.DLL
0x00007ffe23ef0000 - 0x00007ffe23f0c000 	C:\Windows\SYSTEM32\dhcpcsvc.DLL

VM Arguments:
jvm_args: -agentlib:jdwp=transport=dt_socket,suspend=y,address=localhost:52217 -javaagent:C:\Users\SzymonPiotrowski\eclipse\jee-2018-12\eclipse\configuration\org.eclipse.osgi\405\0\.cp\lib\javaagent-shaded.jar -Dfile.encoding=UTF-8 
java_command: com.spring.project.caleTeGym.CaleTeGymApplication
java_class_path (initial): C:\Users\SzymonPiotrowski\Desktop\Tadek\CaleTeGym\caleTeGym\target\classes;C:\Users\SzymonPiotrowski\.m2\repository\org\springframework\boot\spring-boot-starter-thymeleaf\2.1.3.RELEASE\spring-boot-starter-thymeleaf-2.1.3.RELEASE.jar;C:\Users\SzymonPiotrowski\.m2\repository\org\springframework\boot\spring-boot-starter\2.1.3.RELEASE\spring-boot-starter-2.1.3.RELEASE.jar;C:\Users\SzymonPiotrowski\.m2\repository\org\springframework\boot\spring-boot-starter-logging\2.1.3.RELEASE\spring-boot-starter-logging-2.1.3.RELEASE.jar;C:\Users\SzymonPiotrowski\.m2\repository\ch\qos\logback\logback-classic\1.2.3\logback-classic-1.2.3.jar;C:\Users\SzymonPiotrowski\.m2\repository\ch\qos\logback\logback-core\1.2.3\logback-core-1.2.3.jar;C:\Users\SzymonPiotrowski\.m2\repository\org\apache\logging\log4j\log4j-to-slf4j\2.11.2\log4j-to-slf4j-2.11.2.jar;C:\Users\SzymonPiotrowski\.m2\repository\org\apache\logging\log4j\log4j-api\2.11.2\log4j-api-2.11.2.jar;C:\Users\SzymonPiotrowski\.m2\repository\org\slf4j\jul-to-slf4j\1.7.25\jul-to-slf4j-1.7.25.jar;C:\Users\SzymonPiotrowski\.m2\repository\javax\annotation\javax.annotation-api\1.3.2\javax.annotation-api-1.3.2.jar;C:\Users\SzymonPiotrowski\.m2\repository\org\yaml\snakeyaml\1.23\snakeyaml-1.23.jar;C:\Users\SzymonPiotrowski\.m2\repository\org\thymeleaf\thymeleaf-spring5\3.0.11.RELEASE\thymeleaf-spring5-3.0.11.RELEASE.jar;C:\Users\SzymonPiotrowski\.m2\repository\org\thymeleaf\thymeleaf\3.0.11.RELEASE\thymeleaf-3.0.11.RELEASE.jar;C:\Users\SzymonPiotrowski\.m2\repository\org\attoparser\attoparser\2.0.5.RELEASE\attoparser-2.0.5.RELEASE.jar;C:\Users\SzymonPiotrowski\.m2\repository\org\unbescape\unbescape\1.1.6.RELEASE\unbescape-1.1.6.RELEASE.jar;C:\Users\SzymonPiotrowski\.m2\repository\org\slf4j\slf4j-api\1.7.25\slf4j-api-1.7.25.jar;C:\Users\SzymonPiotrowski\.m2\repository\org\thymeleaf\extras\thymeleaf-extras-java8time\3.0.3.RELEASE\thymeleaf-extras-java8time-3.0.3.RELEASE.jar;C:\Users\SzymonPiotrowski\.m2\repository\or
Launcher Type: SUN_STANDARD

Environment Variables:
PATH=C:/Program Files/Java/jre1.8.0_201/bin/server;C:/Program Files/Java/jre1.8.0_201/bin;C:/Program Files/Java/jre1.8.0_201/lib/amd64;C:\Program Files (x86)\Common Files\Oracle\Java\javapath;C:\Windows\system32;C:\Windows;C:\Windows\System32\Wbem;C:\Windows\System32\WindowsPowerShell\v1.0\;C:\Windows\System32\OpenSSH\;C:\Program Files\Git\cmd;C:\Program Files\nodejs\;C:\Users\SzymonPiotrowski\AppData\Local\Programs\Python\Python37-32\Scripts\;C:\Users\SzymonPiotrowski\AppData\Local\Programs\Python\Python37-32\;C:\Program Files (x86)\Common Files\Oracle\Java\javapath;C:\Windows\system32;C:\Windows;C:\Windows\System32\Wbem;C:\Windows\System32\WindowsPowerShell\v1.0\;C:\Windows\System32\OpenSSH\;C:\Program Files\Git\cmd;C:\Users\SzymonPiotrowski\AppData\Local\Microsoft\WindowsApps;C:\Users\SzymonPiotrowski\AppData\Local\Programs\Microsoft VS Code\bin;C:\Python34\Scripts;C:\Users\SzymonPiotrowski\AppData\Roaming\npm;C:\Users\SzymonPiotrowski\Desktop;
USERNAME=SzymonPiotrowski
OS=Windows_NT
PROCESSOR_IDENTIFIER=Intel64 Family 6 Model 60 Stepping 3, GenuineIntel



---------------  S Y S T E M  ---------------

OS: Windows 10.0 , 64 bit Build 17763 (10.0.17763.1339)

CPU:total 4 (initial active 4) (4 cores per cpu, 1 threads per core) family 6 model 60 stepping 3, cmov, cx8, fxsr, mmx, sse, sse2, sse3, ssse3, sse4.1, sse4.2, popcnt, avx, avx2, aes, clmul, erms, lzcnt, tsc, tscinvbit, bmi1, bmi2

Memory: 4k page, physical 8248480k(457080k free), swap 29127660k(645652k free)

vm_info: Java HotSpot(TM) 64-Bit Server VM (25.201-b09) for windows-amd64 JRE (1.8.0_201-b09), built on Dec 15 2018 18:36:39 by "java_re" with MS VC++ 10.0 (VS2010)

time: Thu Jul 16 12:04:03 2020
timezone: Srodkowoeuropejski czas letni
elapsed time: 200 seconds (0d 0h 3m 20s)

