#
# There is insufficient memory for the Java Runtime Environment to continue.
# Native memory allocation (malloc) failed to allocate 32744 bytes for ChunkPool::allocate
# Possible reasons:
#   The system is out of physical RAM or swap space
#   The process is running with CompressedOops enabled, and the Java Heap may be blocking the growth of the native heap
# Possible solutions:
#   Reduce memory load on the system
#   Increase physical memory or swap space
#   Check if swap backing store is full
#   Decrease Java heap size (-Xmx/-Xms)
#   Decrease number of Java threads
#   Decrease Java thread stack sizes (-Xss)
#   Set larger code cache with -XX:ReservedCodeCacheSize=
#   JVM is running with Unscaled Compressed Oops mode in which the Java heap is
#     placed in the first 4GB address space. The Java Heap base address is the
#     maximum limit for the native heap growth. Please use -XX:HeapBaseMinAddress
#     to set the Java Heap base and to place the Java Heap above 4GB virtual address.
# This output file may be truncated or incomplete.
#
#  Out of Memory Error (allocation.cpp:273), pid=9700, tid=0x0000000000002630
#
# JRE version: Java(TM) SE Runtime Environment (8.0_201-b09) (build 1.8.0_201-b09)
# Java VM: Java HotSpot(TM) 64-Bit Server VM (25.201-b09 mixed mode windows-amd64 compressed oops)
# Failed to write core dump. Minidumps are not enabled by default on client versions of Windows
#

---------------  T H R E A D  ---------------

Current thread (0x0000000019918000):  JavaThread "C2 CompilerThread1" daemon [_thread_in_native, id=9776, stack(0x000000001a1d0000,0x000000001a2d0000)]

Stack: [0x000000001a1d0000,0x000000001a2d0000]
[error occurred during error reporting (printing stack bounds), id 0xc0000005]

Native frames: (J=compiled Java code, j=interpreted, Vv=VM code, C=native code)


Current CompileTask:
C2: 263132 3913       4       org.springframework.util.StringUtils::collectionToDelimitedString (84 bytes)


---------------  P R O C E S S  ---------------

Java Threads: ( => current thread )
  0x0000000019bd8800 JavaThread "restartedMain" [_thread_in_vm, id=4076, stack(0x000000001b7f0000,0x000000001b8f0000)]
  0x000000001d723000 JavaThread "Thread-0" [_thread_blocked, id=7836, stack(0x000000001b6f0000,0x000000001b7f0000)]
  0x000000001993d800 JavaThread "Service Thread" daemon [_thread_blocked, id=12568, stack(0x000000001a3d0000,0x000000001a4d0000)]
  0x0000000019919000 JavaThread "C1 CompilerThread2" daemon [_thread_in_native, id=8632, stack(0x000000001a2d0000,0x000000001a3d0000)]
=>0x0000000019918000 JavaThread "C2 CompilerThread1" daemon [_thread_in_native, id=9776, stack(0x000000001a1d0000,0x000000001a2d0000)]
  0x0000000019899000 JavaThread "C2 CompilerThread0" daemon [_thread_blocked, id=13908, stack(0x000000001a0d0000,0x000000001a1d0000)]
  0x000000001763f000 JavaThread "JDWP Command Reader" daemon [_thread_in_native, id=9992, stack(0x00000000191d0000,0x00000000192d0000)]
  0x000000001763e000 JavaThread "JDWP Event Helper Thread" daemon [_thread_blocked, id=7208, stack(0x00000000190d0000,0x00000000191d0000)]
  0x000000001763a800 JavaThread "JDWP Transport Listener: dt_socket" daemon [_thread_blocked, id=7068, stack(0x0000000018fd0000,0x00000000190d0000)]
  0x0000000017626800 JavaThread "Attach Listener" daemon [_thread_blocked, id=11164, stack(0x0000000018b90000,0x0000000018c90000)]
  0x0000000017625000 JavaThread "Signal Dispatcher" daemon [_thread_blocked, id=8804, stack(0x0000000018a90000,0x0000000018b90000)]
  0x0000000017610000 JavaThread "Finalizer" daemon [_thread_blocked, id=13756, stack(0x0000000018880000,0x0000000018980000)]
  0x0000000002b48000 JavaThread "Reference Handler" daemon [_thread_blocked, id=1844, stack(0x0000000018780000,0x0000000018880000)]
  0x0000000002a57000 JavaThread "main" [_thread_blocked, id=10712, stack(0x0000000002770000,0x0000000002870000)]

Other Threads:
  0x00000000175e8000 VMThread [stack: 0x0000000018680000,0x0000000018780000] [id=7040]
  0x0000000019996000 WatcherThread [stack: 0x000000001a4d0000,0x000000001a5d0000] [id=12696]

VM state:not at safepoint (normal execution)

VM Mutex/Monitor currently owned by a thread: None

heap address: 0x0000000082200000, size: 2014 MB, Compressed Oops mode: 32-bit
Narrow klass base: 0x0000000000000000, Narrow klass shift: 3
Compressed class space size: 1073741824 Address: 0x0000000100000000

Heap:
 PSYoungGen      total 269312K, used 3970K [0x00000000d6100000, 0x00000000f6a80000, 0x0000000100000000)
  eden space 259072K, 1% used [0x00000000d6100000,0x00000000d64e0b00,0x00000000e5e00000)
  from space 10240K, 0% used [0x00000000e5e00000,0x00000000e5e00000,0x00000000e6800000)
  to   space 15360K, 0% used [0x00000000f5b80000,0x00000000f5b80000,0x00000000f6a80000)
 ParOldGen       total 66048K, used 21444K [0x0000000082200000, 0x0000000086280000, 0x00000000d6100000)
  object space 66048K, 32% used [0x0000000082200000,0x00000000836f1398,0x0000000086280000)
 Metaspace       used 33932K, capacity 35482K, committed 35672K, reserved 1081344K
  class space    used 4374K, capacity 4675K, committed 4736K, reserved 1048576K

Card table byte_map: [0x0000000011f10000,0x0000000012300000] byte_map_base: 0x0000000011aff000

Marking Bits: (ParMarkBitMap*) 0x0000000075e94ce0
 Begin Bits: [0x00000000129a0000, 0x0000000014918000)
 End Bits:   [0x0000000014918000, 0x0000000016890000)

Polling page: 0x0000000000d00000

CodeCache: size=245760Kb used=14391Kb max_used=14873Kb free=231368Kb
 bounds [0x0000000002b50000, 0x00000000039f0000, 0x0000000011b50000]
 total_blobs=3834 nmethods=3427 adapters=327
 compilation: enabled

Compilation events (10 events):
Event: 259.815 Thread 0x0000000019919000 3904       3       java.util.logging.LogManager$LoggerContext::ensureDefaultLogger (70 bytes)
Event: 259.815 Thread 0x0000000019919000 nmethod 3904 0x00000000030f9e90 code [0x00000000030fa040, 0x00000000030fa8e8]
Event: 260.114 Thread 0x0000000019919000 3905       1       java.util.BitSet::wordIndex (5 bytes)
Event: 260.115 Thread 0x0000000019919000 nmethod 3905 0x0000000003127c90 code [0x0000000003127de0, 0x0000000003127ed0]
Event: 261.087 Thread 0x0000000019919000 3906       1       sun.util.locale.BaseLocale::getVariant (5 bytes)
Event: 261.087 Thread 0x0000000019919000 nmethod 3906 0x000000000357acd0 code [0x000000000357ae20, 0x000000000357af30]
Event: 261.087 Thread 0x0000000019919000 3907       3       java.lang.invoke.MemberName::equals (69 bytes)
Event: 261.088 Thread 0x0000000019919000 nmethod 3907 0x0000000002dbb450 code [0x0000000002dbb6a0, 0x0000000002dbc8f8]
Event: 261.088 Thread 0x0000000019919000 3912       3       java.lang.invoke.AbstractValidatingLambdaMetafactory::validateMetafactoryArgs (864 bytes)
Event: 261.102 Thread 0x0000000019918000 3913       4       org.springframework.util.StringUtils::collectionToDelimitedString (84 bytes)

GC Heap History (10 events):
Event: 152.545 GC heap before
{Heap before GC invocations=5 (full 0):
 PSYoungGen      total 136192K, used 53824K [0x00000000d6100000, 0x00000000deb00000, 0x0000000100000000)
  eden space 131072K, 37% used [0x00000000d6100000,0x00000000d9096f10,0x00000000de100000)
  from space 5120K, 99% used [0x00000000de600000,0x00000000deaf9340,0x00000000deb00000)
  to   space 5120K, 0% used [0x00000000de100000,0x00000000de100000,0x00000000de600000)
 ParOldGen       total 86016K, used 3032K [0x0000000082200000, 0x0000000087600000, 0x00000000d6100000)
  object space 86016K, 3% used [0x0000000082200000,0x00000000824f60c0,0x0000000087600000)
 Metaspace       used 20607K, capacity 21052K, committed 21248K, reserved 1067008K
  class space    used 2577K, capacity 2723K, committed 2816K, reserved 1048576K
Event: 152.818 GC heap after
Heap after GC invocations=5 (full 0):
 PSYoungGen      total 136192K, used 5102K [0x00000000d6100000, 0x00000000e7400000, 0x0000000100000000)
  eden space 131072K, 0% used [0x00000000d6100000,0x00000000d6100000,0x00000000de100000)
  from space 5120K, 99% used [0x00000000de100000,0x00000000de5fb8c8,0x00000000de600000)
  to   space 9728K, 0% used [0x00000000e6a80000,0x00000000e6a80000,0x00000000e7400000)
 ParOldGen       total 86016K, used 5242K [0x0000000082200000, 0x0000000087600000, 0x00000000d6100000)
  object space 86016K, 6% used [0x0000000082200000,0x000000008271e870,0x0000000087600000)
 Metaspace       used 20607K, capacity 21052K, committed 21248K, reserved 1067008K
  class space    used 2577K, capacity 2723K, committed 2816K, reserved 1048576K
}
Event: 152.818 GC heap before
{Heap before GC invocations=6 (full 1):
 PSYoungGen      total 136192K, used 5102K [0x00000000d6100000, 0x00000000e7400000, 0x0000000100000000)
  eden space 131072K, 0% used [0x00000000d6100000,0x00000000d6100000,0x00000000de100000)
  from space 5120K, 99% used [0x00000000de100000,0x00000000de5fb8c8,0x00000000de600000)
  to   space 9728K, 0% used [0x00000000e6a80000,0x00000000e6a80000,0x00000000e7400000)
 ParOldGen       total 86016K, used 5242K [0x0000000082200000, 0x0000000087600000, 0x00000000d6100000)
  object space 86016K, 6% used [0x0000000082200000,0x000000008271e870,0x0000000087600000)
 Metaspace       used 20607K, capacity 21052K, committed 21248K, reserved 1067008K
  class space    used 2577K, capacity 2723K, committed 2816K, reserved 1048576K
Event: 153.313 GC heap after
Heap after GC invocations=6 (full 1):
 PSYoungGen      total 136192K, used 0K [0x00000000d6100000, 0x00000000e7400000, 0x0000000100000000)
  eden space 131072K, 0% used [0x00000000d6100000,0x00000000d6100000,0x00000000de100000)
  from space 5120K, 0% used [0x00000000de100000,0x00000000de100000,0x00000000de600000)
  to   space 9728K, 0% used [0x00000000e6a80000,0x00000000e6a80000,0x00000000e7400000)
 ParOldGen       total 44544K, used 7156K [0x0000000082200000, 0x0000000084d80000, 0x00000000d6100000)
  object space 44544K, 16% used [0x0000000082200000,0x00000000828fd0a8,0x0000000084d80000)
 Metaspace       used 20605K, capacity 21046K, committed 21248K, reserved 1067008K
  class space    used 2576K, capacity 2722K, committed 2816K, reserved 1048576K
}
Event: 179.956 GC heap before
{Heap before GC invocations=7 (full 1):
 PSYoungGen      total 136192K, used 131072K [0x00000000d6100000, 0x00000000e7400000, 0x0000000100000000)
  eden space 131072K, 100% used [0x00000000d6100000,0x00000000de100000,0x00000000de100000)
  from space 5120K, 0% used [0x00000000de100000,0x00000000de100000,0x00000000de600000)
  to   space 9728K, 0% used [0x00000000e6a80000,0x00000000e6a80000,0x00000000e7400000)
 ParOldGen       total 44544K, used 7156K [0x0000000082200000, 0x0000000084d80000, 0x00000000d6100000)
  object space 44544K, 16% used [0x0000000082200000,0x00000000828fd0a8,0x0000000084d80000)
 Metaspace       used 25645K, capacity 26442K, committed 26624K, reserved 1073152K
  class space    used 3235K, capacity 3459K, committed 3584K, reserved 1048576K
Event: 180.226 GC heap after
Heap after GC invocations=7 (full 1):
 PSYoungGen      total 264192K, used 7547K [0x00000000d6100000, 0x00000000e7200000, 0x0000000100000000)
  eden space 256512K, 0% used [0x00000000d6100000,0x00000000d6100000,0x00000000e5b80000)
  from space 7680K, 98% used [0x00000000e6a80000,0x00000000e71decc8,0x00000000e7200000)
  to   space 10240K, 0% used [0x00000000e5e00000,0x00000000e5e00000,0x00000000e6800000)
 ParOldGen       total 44544K, used 7228K [0x0000000082200000, 0x0000000084d80000, 0x00000000d6100000)
  object space 44544K, 16% used [0x0000000082200000,0x000000008290f0b8,0x0000000084d80000)
 Metaspace       used 25645K, capacity 26442K, committed 26624K, reserved 1073152K
  class space    used 3235K, capacity 3459K, committed 3584K, reserved 1048576K
}
Event: 249.634 GC heap before
{Heap before GC invocations=8 (full 1):
 PSYoungGen      total 264192K, used 188802K [0x00000000d6100000, 0x00000000e7200000, 0x0000000100000000)
  eden space 256512K, 70% used [0x00000000d6100000,0x00000000e1201ed0,0x00000000e5b80000)
  from space 7680K, 98% used [0x00000000e6a80000,0x00000000e71decc8,0x00000000e7200000)
  to   space 10240K, 0% used [0x00000000e5e00000,0x00000000e5e00000,0x00000000e6800000)
 ParOldGen       total 44544K, used 7228K [0x0000000082200000, 0x0000000084d80000, 0x00000000d6100000)
  object space 44544K, 16% used [0x0000000082200000,0x000000008290f0b8,0x0000000084d80000)
 Metaspace       used 33812K, capacity 35348K, committed 35416K, reserved 1079296K
  class space    used 4361K, capacity 4674K, committed 4736K, reserved 1048576K
Event: 257.835 GC heap after
Heap after GC invocations=8 (full 1):
 PSYoungGen      total 269312K, used 10232K [0x00000000d6100000, 0x00000000f6a80000, 0x0000000100000000)
  eden space 259072K, 0% used [0x00000000d6100000,0x00000000d6100000,0x00000000e5e00000)
  from space 10240K, 99% used [0x00000000e5e00000,0x00000000e67fe118,0x00000000e6800000)
  to   space 15360K, 0% used [0x00000000f5b80000,0x00000000f5b80000,0x00000000f6a80000)
 ParOldGen       total 44544K, used 14456K [0x0000000082200000, 0x0000000084d80000, 0x00000000d6100000)
  object space 44544K, 32% used [0x0000000082200000,0x000000008301e2d8,0x0000000084d80000)
 Metaspace       used 33812K, capacity 35348K, committed 35416K, reserved 1079296K
  class space    used 4361K, capacity 4674K, committed 4736K, reserved 1048576K
}
Event: 257.836 GC heap before
{Heap before GC invocations=9 (full 2):
 PSYoungGen      total 269312K, used 10232K [0x00000000d6100000, 0x00000000f6a80000, 0x0000000100000000)
  eden space 259072K, 0% used [0x00000000d6100000,0x00000000d6100000,0x00000000e5e00000)
  from space 10240K, 99% used [0x00000000e5e00000,0x00000000e67fe118,0x00000000e6800000)
  to   space 15360K, 0% used [0x00000000f5b80000,0x00000000f5b80000,0x00000000f6a80000)
 ParOldGen       total 44544K, used 14456K [0x0000000082200000, 0x0000000084d80000, 0x00000000d6100000)
  object space 44544K, 32% used [0x0000000082200000,0x000000008301e2d8,0x0000000084d80000)
 Metaspace       used 33812K, capacity 35348K, committed 35416K, reserved 1079296K
  class space    used 4361K, capacity 4674K, committed 4736K, reserved 1048576K
Event: 259.678 GC heap after
Heap after GC invocations=9 (full 2):
 PSYoungGen      total 269312K, used 0K [0x00000000d6100000, 0x00000000f6a80000, 0x0000000100000000)
  eden space 259072K, 0% used [0x00000000d6100000,0x00000000d6100000,0x00000000e5e00000)
  from space 10240K, 0% used [0x00000000e5e00000,0x00000000e5e00000,0x00000000e6800000)
  to   space 15360K, 0% used [0x00000000f5b80000,0x00000000f5b80000,0x00000000f6a80000)
 ParOldGen       total 66048K, used 21444K [0x0000000082200000, 0x0000000086280000, 0x00000000d6100000)
  object space 66048K, 32% used [0x0000000082200000,0x00000000836f1398,0x0000000086280000)
 Metaspace       used 33812K, capacity 35348K, committed 35416K, reserved 1079296K
  class space    used 4361K, capacity 4674K, committed 4736K, reserved 1048576K
}

Deoptimization events (10 events):
Event: 217.855 Thread 0x0000000019bd8800 Uncommon trap: reason=unstable_if action=reinterpret pc=0x0000000003946684 method=java.util.concurrent.ConcurrentHashMap.get(Ljava/lang/Object;)Ljava/lang/Object; @ 152
Event: 218.260 Thread 0x0000000019bd8800 Uncommon trap: reason=class_check action=maybe_recompile pc=0x00000000038dc514 method=org.springframework.core.annotation.AnnotationUtils.getDeclaredAnnotations(Ljava/lang/reflect/AnnotatedElement;)[Ljava/lang/annotation/Annotation; @ 33
Event: 218.262 Thread 0x0000000019bd8800 Uncommon trap: reason=bimorphic action=maybe_recompile pc=0x0000000002d44370 method=java.util.regex.Matcher.match(II)Z @ 86
Event: 218.262 Thread 0x0000000019bd8800 Uncommon trap: reason=bimorphic action=maybe_recompile pc=0x0000000002d44370 method=java.util.regex.Matcher.match(II)Z @ 86
Event: 218.837 Thread 0x0000000019bd8800 Uncommon trap: reason=class_check action=maybe_recompile pc=0x0000000002ec7e28 method=java.util.AbstractList$Itr.hasNext()Z @ 8
Event: 218.837 Thread 0x0000000019bd8800 Uncommon trap: reason=class_check action=maybe_recompile pc=0x0000000003839ae8 method=java.util.AbstractList$Itr.next()Ljava/lang/Object; @ 14
Event: 242.820 Thread 0x0000000019bd8800 Uncommon trap: reason=unstable_if action=reinterpret pc=0x000000000305903c method=java.io.WinNTFileSystem.isLetter(C)Z @ 3
Event: 243.074 Thread 0x0000000019bd8800 Uncommon trap: reason=unstable_if action=reinterpret pc=0x000000000355c0fc method=java.io.WinNTFileSystem.resolve(Ljava/lang/String;Ljava/lang/String;)Ljava/lang/String; @ 117
Event: 245.360 Thread 0x0000000019bd8800 Uncommon trap: reason=unstable_if action=reinterpret pc=0x0000000002d778a4 method=sun.misc.ASCIICaseInsensitiveComparator.compare(Ljava/lang/String;Ljava/lang/String;)I @ 83
Event: 245.745 Thread 0x0000000019bd8800 Uncommon trap: reason=predicate action=maybe_recompile pc=0x0000000002f4b534 method=java.lang.String.regionMatches(ZILjava/lang/String;II)Z @ 63

Classes redefined (0 events):
No events

Internal exceptions (10 events):
Event: 209.982 Thread 0x0000000019bd8800 Exception <a 'java/lang/ClassNotFoundException': org/springframework/transaction/annotation/ProxyTransactionManagementConfigurationCustomizer> (0x00000000ddc88e78) thrown at [C:\re\workspace\8-2-build-windows-amd64-cygwin\jdk8u201\12322\hotspot\src\share\
Event: 209.983 Thread 0x0000000019bd8800 Exception <a 'java/lang/ClassNotFoundException': org/springframework/transaction/annotation/ProxyTransactionManagementConfiguration$$EnhancerBySpringCGLIB$$e2a0a206Customizer> (0x00000000ddcb1e30) thrown at [C:\re\workspace\8-2-build-windows-amd64-cygwin\
Event: 209.983 Thread 0x0000000019bd8800 Exception <a 'java/lang/ClassNotFoundException': org/springframework/context/annotation/ConfigurationClassEnhancer$EnhancedConfigurationCustomizer> (0x00000000ddcdc2f8) thrown at [C:\re\workspace\8-2-build-windows-amd64-cygwin\jdk8u201\12322\hotspot\src\s
Event: 209.984 Thread 0x0000000019bd8800 Exception <a 'java/lang/ClassNotFoundException': org/springframework/beans/factory/BeanFactoryAwareCustomizer> (0x00000000ddcf2aa0) thrown at [C:\re\workspace\8-2-build-windows-amd64-cygwin\jdk8u201\12322\hotspot\src\share\vm\classfile\systemDictionary.cp
Event: 209.985 Thread 0x0000000019bd8800 Exception <a 'java/lang/ClassNotFoundException': org/springframework/beans/factory/AwareCustomizer> (0x00000000ddd07960) thrown at [C:\re\workspace\8-2-build-windows-amd64-cygwin\jdk8u201\12322\hotspot\src\share\vm\classfile\systemDictionary.cpp, line 210
Event: 209.986 Thread 0x0000000019bd8800 Exception <a 'java/lang/ClassNotFoundException': org/springframework/context/annotation/ImportAwareCustomizer> (0x00000000ddd1e138) thrown at [C:\re\workspace\8-2-build-windows-amd64-cygwin\jdk8u201\12322\hotspot\src\share\vm\classfile\systemDictionary.cp
Event: 209.987 Thread 0x0000000019bd8800 Exception <a 'java/lang/ClassNotFoundException': org/springframework/beans/factory/AwareCustomizer> (0x00000000ddd32be0) thrown at [C:\re\workspace\8-2-build-windows-amd64-cygwin\jdk8u201\12322\hotspot\src\share\vm\classfile\systemDictionary.cpp, line 210
Event: 209.987 Thread 0x0000000019bd8800 Implicit null exception at 0x00000000035caf4c to 0x00000000035caff9
Event: 213.526 Thread 0x0000000019bd8800 Implicit null exception at 0x0000000002fc71f8 to 0x0000000002fc9691
Event: 213.526 Thread 0x0000000019bd8800 Implicit null exception at 0x00000000034f6c82 to 0x00000000034f6f81

Events (10 events):
Event: 261.084 loading class org/apache/catalina/util/CharsetMapper
Event: 261.084 loading class org/apache/catalina/util/CharsetMapper done
Event: 261.087 loading class org/springframework/boot/web/embedded/tomcat/TomcatEmbeddedContext
Event: 261.087 loading class org/springframework/boot/web/embedded/tomcat/TomcatEmbeddedContext done
Event: 261.087 loading class org/springframework/boot/web/embedded/tomcat/TomcatEmbeddedContext
Event: 261.087 loading class org/springframework/boot/web/embedded/tomcat/TomcatEmbeddedContext done
Event: 261.088 loading class org/apache/tomcat/util/scan/StandardJarScanFilter
Event: 261.088 loading class org/apache/tomcat/util/scan/StandardJarScanFilter done
Event: 261.103 loading class org/apache/tomcat/util/scan/StandardJarScanner
Event: 261.103 loading class org/apache/tomcat/util/scan/StandardJarScanner done


Dynamic libraries:
0x00007ff7e36e0000 - 0x00007ff7e3717000 	C:\Program Files\Java\jre1.8.0_201\bin\javaw.exe
0x00007ffe30eb0000 - 0x00007ffe3109d000 	C:\Windows\SYSTEM32\ntdll.dll
0x00007ffe10b80000 - 0x00007ffe10b93000 	C:\Program Files\AVAST Software\Avast\aswhook.dll
0x00007ffe302e0000 - 0x00007ffe30393000 	C:\Windows\System32\KERNEL32.DLL
0x00007ffe2d7d0000 - 0x00007ffe2da65000 	C:\Windows\System32\KERNELBASE.dll
0x00007ffe30500000 - 0x00007ffe305a3000 	C:\Windows\System32\ADVAPI32.dll
0x00007ffe30460000 - 0x00007ffe304fe000 	C:\Windows\System32\msvcrt.dll
0x00007ffe30de0000 - 0x00007ffe30e7e000 	C:\Windows\System32\sechost.dll
0x00007ffe30b40000 - 0x00007ffe30c62000 	C:\Windows\System32\RPCRT4.dll
0x00007ffe2f770000 - 0x00007ffe2f907000 	C:\Windows\System32\USER32.dll
0x00007ffe2ddd0000 - 0x00007ffe2ddf0000 	C:\Windows\System32\win32u.dll
0x00007ffe30870000 - 0x00007ffe30899000 	C:\Windows\System32\GDI32.dll
0x00007ffe2dc30000 - 0x00007ffe2ddcb000 	C:\Windows\System32\gdi32full.dll
0x00007ffe2db40000 - 0x00007ffe2dbe0000 	C:\Windows\System32\msvcp_win.dll
0x00007ffe2dfd0000 - 0x00007ffe2e0ca000 	C:\Windows\System32\ucrtbase.dll
0x00007ffe1e500000 - 0x00007ffe1e779000 	C:\Windows\WinSxS\amd64_microsoft.windows.common-controls_6595b64144ccf1df_6.0.17763.1339_none_de7015e4534c7114\COMCTL32.dll
0x00007ffe2fa60000 - 0x00007ffe2fd8c000 	C:\Windows\System32\combase.dll
0x00007ffe2da70000 - 0x00007ffe2daee000 	C:\Windows\System32\bcryptPrimitives.dll
0x00007ffe2f5d0000 - 0x00007ffe2f5fe000 	C:\Windows\System32\IMM32.DLL
0x0000000075030000 - 0x0000000075101000 	C:\Program Files\Java\jre1.8.0_201\bin\msvcr100.dll
0x0000000075670000 - 0x0000000075f14000 	C:\Program Files\Java\jre1.8.0_201\bin\server\jvm.dll
0x00007ffe305b0000 - 0x00007ffe305b8000 	C:\Windows\System32\PSAPI.DLL
0x00007ffe1aa20000 - 0x00007ffe1aa29000 	C:\Windows\SYSTEM32\WSOCK32.dll
0x00007ffe2fdf0000 - 0x00007ffe2fe5d000 	C:\Windows\System32\WS2_32.dll
0x00007ffe29970000 - 0x00007ffe29994000 	C:\Windows\SYSTEM32\WINMM.dll
0x00007ffe27c00000 - 0x00007ffe27c0a000 	C:\Windows\SYSTEM32\VERSION.dll
0x00007ffe29940000 - 0x00007ffe2996d000 	C:\Windows\SYSTEM32\WINMMBASE.dll
0x00007ffe2dbe0000 - 0x00007ffe2dc2a000 	C:\Windows\System32\cfgmgr32.dll
0x00007ffe12ac0000 - 0x00007ffe12acf000 	C:\Program Files\Java\jre1.8.0_201\bin\verify.dll
0x00007ffe12a90000 - 0x00007ffe12ab9000 	C:\Program Files\Java\jre1.8.0_201\bin\java.dll
0x00007ffe1bda0000 - 0x00007ffe1bdd5000 	C:\Program Files\Java\jre1.8.0_201\bin\jdwp.dll
0x00007ffe29690000 - 0x00007ffe29698000 	C:\Program Files\Java\jre1.8.0_201\bin\npt.dll
0x00007ffe1bd70000 - 0x00007ffe1bd93000 	C:\Program Files\Java\jre1.8.0_201\bin\instrument.dll
0x00007ffe12980000 - 0x00007ffe12996000 	C:\Program Files\Java\jre1.8.0_201\bin\zip.dll
0x00007ffe2e0d0000 - 0x00007ffe2f5c8000 	C:\Windows\System32\SHELL32.dll
0x00007ffe303b0000 - 0x00007ffe30459000 	C:\Windows\System32\shcore.dll
0x00007ffe2cf60000 - 0x00007ffe2d6b4000 	C:\Windows\System32\windows.storage.dll
0x00007ffe2cf10000 - 0x00007ffe2cf34000 	C:\Windows\System32\profapi.dll
0x00007ffe2ce90000 - 0x00007ffe2ceed000 	C:\Windows\System32\powrprof.dll
0x00007ffe30960000 - 0x00007ffe309b2000 	C:\Windows\System32\shlwapi.dll
0x00007ffe2cf40000 - 0x00007ffe2cf51000 	C:\Windows\System32\kernel.appcore.dll
0x00007ffe2daf0000 - 0x00007ffe2db07000 	C:\Windows\System32\cryptsp.dll
0x00007ffe29680000 - 0x00007ffe29689000 	C:\Program Files\Java\jre1.8.0_201\bin\dt_socket.dll
0x00007ffe147d0000 - 0x00007ffe147e6000 	C:\Windows\system32\napinsp.dll
0x00007ffe147b0000 - 0x00007ffe147ca000 	C:\Windows\system32\pnrpnsp.dll
0x00007ffe2c6a0000 - 0x00007ffe2c707000 	C:\Windows\System32\mswsock.dll
0x00007ffe2c410000 - 0x00007ffe2c4d7000 	C:\Windows\SYSTEM32\DNSAPI.dll
0x00007ffe30dd0000 - 0x00007ffe30dd8000 	C:\Windows\System32\NSI.dll
0x00007ffe2c3d0000 - 0x00007ffe2c40d000 	C:\Windows\SYSTEM32\IPHLPAPI.DLL
0x00007ffe145e0000 - 0x00007ffe145ee000 	C:\Windows\System32\winrnr.dll
0x00007ffe29540000 - 0x00007ffe2955b000 	C:\Windows\system32\NLAapi.dll
0x00007ffe145c0000 - 0x00007ffe145d5000 	C:\Windows\system32\wshbth.dll
0x00007ffe23bb0000 - 0x00007ffe23c29000 	C:\Windows\System32\fwpuclnt.dll
0x00007ffe2db10000 - 0x00007ffe2db36000 	C:\Windows\System32\bcrypt.dll
0x00007ffe203d0000 - 0x00007ffe203da000 	C:\Windows\System32\rasadhlp.dll
0x00007ffe29580000 - 0x00007ffe2958d000 	C:\Program Files\Java\jre1.8.0_201\bin\management.dll
0x00007ffe104f0000 - 0x00007ffe1050a000 	C:\Program Files\Java\jre1.8.0_201\bin\net.dll
0x00007ffe1e930000 - 0x00007ffe1eb07000 	C:\Windows\SYSTEM32\urlmon.dll
0x00007ffe1ef90000 - 0x00007ffe1f238000 	C:\Windows\SYSTEM32\iertutil.dll
0x00007ffe2c820000 - 0x00007ffe2c82c000 	C:\Windows\SYSTEM32\CRYPTBASE.DLL
0x00007ffe104d0000 - 0x00007ffe104e1000 	C:\Program Files\Java\jre1.8.0_201\bin\nio.dll
0x00007ffe2bfd0000 - 0x00007ffe2c003000 	C:\Windows\system32\rsaenh.dll
0x00007ffe2cd80000 - 0x00007ffe2cda8000 	C:\Windows\SYSTEM32\USERENV.dll
0x00007ffe23f10000 - 0x00007ffe23f26000 	C:\Windows\SYSTEM32\dhcpcsvc6.DLL
0x00007ffe23ef0000 - 0x00007ffe23f0c000 	C:\Windows\SYSTEM32\dhcpcsvc.DLL

VM Arguments:
jvm_args: -agentlib:jdwp=transport=dt_socket,suspend=y,address=localhost:52278 -javaagent:C:\Users\SzymonPiotrowski\eclipse\jee-2018-12\eclipse\configuration\org.eclipse.osgi\405\0\.cp\lib\javaagent-shaded.jar -Dfile.encoding=UTF-8 
java_command: com.spring.project.caleTeGym.CaleTeGymApplication
java_class_path (initial): C:\Users\SzymonPiotrowski\Desktop\Tadek\CaleTeGym\caleTeGym\target\classes;C:\Users\SzymonPiotrowski\.m2\repository\org\springframework\boot\spring-boot-starter-thymeleaf\2.1.3.RELEASE\spring-boot-starter-thymeleaf-2.1.3.RELEASE.jar;C:\Users\SzymonPiotrowski\.m2\repository\org\springframework\boot\spring-boot-starter\2.1.3.RELEASE\spring-boot-starter-2.1.3.RELEASE.jar;C:\Users\SzymonPiotrowski\.m2\repository\org\springframework\boot\spring-boot-starter-logging\2.1.3.RELEASE\spring-boot-starter-logging-2.1.3.RELEASE.jar;C:\Users\SzymonPiotrowski\.m2\repository\ch\qos\logback\logback-classic\1.2.3\logback-classic-1.2.3.jar;C:\Users\SzymonPiotrowski\.m2\repository\ch\qos\logback\logback-core\1.2.3\logback-core-1.2.3.jar;C:\Users\SzymonPiotrowski\.m2\repository\org\apache\logging\log4j\log4j-to-slf4j\2.11.2\log4j-to-slf4j-2.11.2.jar;C:\Users\SzymonPiotrowski\.m2\repository\org\apache\logging\log4j\log4j-api\2.11.2\log4j-api-2.11.2.jar;C:\Users\SzymonPiotrowski\.m2\repository\org\slf4j\jul-to-slf4j\1.7.25\jul-to-slf4j-1.7.25.jar;C:\Users\SzymonPiotrowski\.m2\repository\javax\annotation\javax.annotation-api\1.3.2\javax.annotation-api-1.3.2.jar;C:\Users\SzymonPiotrowski\.m2\repository\org\yaml\snakeyaml\1.23\snakeyaml-1.23.jar;C:\Users\SzymonPiotrowski\.m2\repository\org\thymeleaf\thymeleaf-spring5\3.0.11.RELEASE\thymeleaf-spring5-3.0.11.RELEASE.jar;C:\Users\SzymonPiotrowski\.m2\repository\org\thymeleaf\thymeleaf\3.0.11.RELEASE\thymeleaf-3.0.11.RELEASE.jar;C:\Users\SzymonPiotrowski\.m2\repository\org\attoparser\attoparser\2.0.5.RELEASE\attoparser-2.0.5.RELEASE.jar;C:\Users\SzymonPiotrowski\.m2\repository\org\unbescape\unbescape\1.1.6.RELEASE\unbescape-1.1.6.RELEASE.jar;C:\Users\SzymonPiotrowski\.m2\repository\org\slf4j\slf4j-api\1.7.25\slf4j-api-1.7.25.jar;C:\Users\SzymonPiotrowski\.m2\repository\org\thymeleaf\extras\thymeleaf-extras-java8time\3.0.3.RELEASE\thymeleaf-extras-java8time-3.0.3.RELEASE.jar;C:\Users\SzymonPiotrowski\.m2\repository\or
Launcher Type: SUN_STANDARD

Environment Variables:
PATH=C:/Program Files/Java/jre1.8.0_201/bin/server;C:/Program Files/Java/jre1.8.0_201/bin;C:/Program Files/Java/jre1.8.0_201/lib/amd64;C:\Program Files (x86)\Common Files\Oracle\Java\javapath;C:\Windows\system32;C:\Windows;C:\Windows\System32\Wbem;C:\Windows\System32\WindowsPowerShell\v1.0\;C:\Windows\System32\OpenSSH\;C:\Program Files\Git\cmd;C:\Program Files\nodejs\;C:\Users\SzymonPiotrowski\AppData\Local\Programs\Python\Python37-32\Scripts\;C:\Users\SzymonPiotrowski\AppData\Local\Programs\Python\Python37-32\;C:\Program Files (x86)\Common Files\Oracle\Java\javapath;C:\Windows\system32;C:\Windows;C:\Windows\System32\Wbem;C:\Windows\System32\WindowsPowerShell\v1.0\;C:\Windows\System32\OpenSSH\;C:\Program Files\Git\cmd;C:\Users\SzymonPiotrowski\AppData\Local\Microsoft\WindowsApps;C:\Users\SzymonPiotrowski\AppData\Local\Programs\Microsoft VS Code\bin;C:\Python34\Scripts;C:\Users\SzymonPiotrowski\AppData\Roaming\npm;C:\Users\SzymonPiotrowski\Desktop;
USERNAME=SzymonPiotrowski
OS=Windows_NT
PROCESSOR_IDENTIFIER=Intel64 Family 6 Model 60 Stepping 3, GenuineIntel



---------------  S Y S T E M  ---------------

OS: Windows 10.0 , 64 bit Build 17763 (10.0.17763.1339)

CPU:total 4 (initial active 4) (4 cores per cpu, 1 threads per core) family 6 model 60 stepping 3, cmov, cx8, fxsr, mmx, sse, sse2, sse3, ssse3, sse4.1, sse4.2, popcnt, avx, avx2, aes, clmul, erms, lzcnt, tsc, tscinvbit, bmi1, bmi2

Memory: 4k page, physical 8248480k(332528k free), swap 29127660k(0k free)

vm_info: Java HotSpot(TM) 64-Bit Server VM (25.201-b09) for windows-amd64 JRE (1.8.0_201-b09), built on Dec 15 2018 18:36:39 by "java_re" with MS VC++ 10.0 (VS2010)

time: Thu Jul 16 12:05:16 2020
timezone: Srodkowoeuropejski czas letni
elapsed time: 263 seconds (0d 0h 4m 23s)

