#
# There is insufficient memory for the Java Runtime Environment to continue.
# Native memory allocation (malloc) failed to allocate 361936 bytes for Chunk::new
# Possible reasons:
#   The system is out of physical RAM or swap space
#   The process is running with CompressedOops enabled, and the Java Heap may be blocking the growth of the native heap
# Possible solutions:
#   Reduce memory load on the system
#   Increase physical memory or swap space
#   Check if swap backing store is full
#   Decrease Java heap size (-Xmx/-Xms)
#   Decrease number of Java threads
#   Decrease Java thread stack sizes (-Xss)
#   Set larger code cache with -XX:ReservedCodeCacheSize=
#   JVM is running with Unscaled Compressed Oops mode in which the Java heap is
#     placed in the first 4GB address space. The Java Heap base address is the
#     maximum limit for the native heap growth. Please use -XX:HeapBaseMinAddress
#     to set the Java Heap base and to place the Java Heap above 4GB virtual address.
# This output file may be truncated or incomplete.
#
#  Out of Memory Error (allocation.cpp:390), pid=8240, tid=0x000000000000379c
#
# JRE version: Java(TM) SE Runtime Environment (8.0_201-b09) (build 1.8.0_201-b09)
# Java VM: Java HotSpot(TM) 64-Bit Server VM (25.201-b09 mixed mode windows-amd64 compressed oops)
# Failed to write core dump. Minidumps are not enabled by default on client versions of Windows
#

---------------  T H R E A D  ---------------

Current thread (0x0000000019d00000):  JavaThread "C2 CompilerThread1" daemon [_thread_in_native, id=14236, stack(0x000000001a4c0000,0x000000001a5c0000)]

Stack: [0x000000001a4c0000,0x000000001a5c0000]
[error occurred during error reporting (printing stack bounds), id 0xc0000005]

Native frames: (J=compiled Java code, j=interpreted, Vv=VM code, C=native code)


Current CompileTask:
C2: 267013 3108       4       org.springframework.boot.context.properties.source.ConfigurationPropertyName::equals (119 bytes)


---------------  P R O C E S S  ---------------

Java Threads: ( => current thread )
  0x000000001a99f000 JavaThread "restartedMain" [_thread_in_native, id=20164, stack(0x000000001bbe0000,0x000000001bce0000)]
  0x000000001a99e800 JavaThread "Thread-0" [_thread_blocked, id=18784, stack(0x000000001bae0000,0x000000001bbe0000)]
  0x0000000019bb0800 JavaThread "Service Thread" daemon [_thread_blocked, id=3808, stack(0x000000001a6c0000,0x000000001a7c0000)]
  0x0000000019b99800 JavaThread "C1 CompilerThread2" daemon [_thread_blocked, id=13648, stack(0x000000001a5c0000,0x000000001a6c0000)]
=>0x0000000019d00000 JavaThread "C2 CompilerThread1" daemon [_thread_in_native, id=14236, stack(0x000000001a4c0000,0x000000001a5c0000)]
  0x0000000019b99000 JavaThread "C2 CompilerThread0" daemon [_thread_in_native, id=12540, stack(0x0000000019bc0000,0x0000000019cc0000)]
  0x0000000017929000 JavaThread "JDWP Command Reader" daemon [_thread_in_native, id=16704, stack(0x00000000194c0000,0x00000000195c0000)]
  0x000000001791d000 JavaThread "JDWP Event Helper Thread" daemon [_thread_blocked, id=16652, stack(0x00000000193c0000,0x00000000194c0000)]
  0x000000001790b800 JavaThread "JDWP Transport Listener: dt_socket" daemon [_thread_blocked, id=16648, stack(0x00000000192c0000,0x00000000193c0000)]
  0x0000000017905800 JavaThread "Attach Listener" daemon [_thread_blocked, id=12864, stack(0x0000000018e80000,0x0000000018f80000)]
  0x0000000017904800 JavaThread "Signal Dispatcher" daemon [_thread_blocked, id=10640, stack(0x0000000018d80000,0x0000000018e80000)]
  0x00000000178f0000 JavaThread "Finalizer" daemon [_thread_blocked, id=9740, stack(0x0000000018b70000,0x0000000018c70000)]
  0x0000000002e27000 JavaThread "Reference Handler" daemon [_thread_blocked, id=8712, stack(0x0000000018a70000,0x0000000018b70000)]
  0x0000000002d37000 JavaThread "main" [_thread_blocked, id=12640, stack(0x00000000029f0000,0x0000000002af0000)]

Other Threads:
  0x00000000178c8000 VMThread [stack: 0x0000000018970000,0x0000000018a70000] [id=6172]
  0x0000000019d41000 WatcherThread [stack: 0x000000001a7c0000,0x000000001a8c0000] [id=9008]

VM state:not at safepoint (normal execution)

VM Mutex/Monitor currently owned by a thread: None

heap address: 0x0000000082200000, size: 2014 MB, Compressed Oops mode: 32-bit
Narrow klass base: 0x0000000000000000, Narrow klass shift: 3
Compressed class space size: 1073741824 Address: 0x0000000100000000

Heap:
 PSYoungGen      total 262144K, used 88584K [0x00000000d6100000, 0x00000000e7200000, 0x0000000100000000)
  eden space 254464K, 31% used [0x00000000d6100000,0x00000000db0378e0,0x00000000e5980000)
  from space 7680K, 97% used [0x00000000e6a80000,0x00000000e71ca9c0,0x00000000e7200000)
  to   space 10240K, 0% used [0x00000000e5e00000,0x00000000e5e00000,0x00000000e6800000)
 ParOldGen       total 45056K, used 7431K [0x0000000082200000, 0x0000000084e00000, 0x00000000d6100000)
  object space 45056K, 16% used [0x0000000082200000,0x0000000082941e10,0x0000000084e00000)
 Metaspace       used 28607K, capacity 29644K, committed 29824K, reserved 1075200K
  class space    used 3664K, capacity 3880K, committed 3968K, reserved 1048576K

Card table byte_map: [0x00000000121f0000,0x00000000125e0000] byte_map_base: 0x0000000011ddf000

Marking Bits: (ParMarkBitMap*) 0x0000000075e94ce0
 Begin Bits: [0x0000000012c80000, 0x0000000014bf8000)
 End Bits:   [0x0000000014bf8000, 0x0000000016b70000)

Polling page: 0x0000000000f90000

CodeCache: size=245760Kb used=11696Kb max_used=11704Kb free=234063Kb
 bounds [0x0000000002e30000, 0x00000000039b0000, 0x0000000011e30000]
 total_blobs=3261 nmethods=2859 adapters=321
 compilation: enabled

Compilation events (10 events):
Event: 257.091 Thread 0x0000000019b99800 3111       3       org.springframework.core.ResolvableType::forType (7 bytes)
Event: 257.091 Thread 0x0000000019b99800 nmethod 3111 0x0000000003997f50 code [0x00000000039980c0, 0x0000000003998248]
Event: 257.092 Thread 0x0000000019b99800 3112       3       org.springframework.beans.factory.support.AbstractBeanDefinition::<init> (7 bytes)
Event: 257.093 Thread 0x0000000019b99800 nmethod 3112 0x00000000039982d0 code [0x0000000003998440, 0x00000000039985e8]
Event: 257.093 Thread 0x0000000019b99800 3113       3       org.springframework.beans.factory.support.AbstractBeanDefinition::<init> (92 bytes)
Event: 257.093 Thread 0x0000000019b99800 nmethod 3113 0x0000000003998690 code [0x0000000003998840, 0x0000000003998f10]
Event: 257.094 Thread 0x0000000019b99800 3114       3       java.util.stream.ReferencePipeline$3$1::accept (23 bytes)
Event: 257.094 Thread 0x0000000019b99800 nmethod 3114 0x0000000003999350 code [0x00000000039994c0, 0x00000000039997b8]
Event: 257.094 Thread 0x0000000019b99800 3115       3       java.lang.reflect.AccessibleObject::getAnnotations (5 bytes)
Event: 257.094 Thread 0x0000000019b99800 nmethod 3115 0x00000000039998d0 code [0x0000000003999a40, 0x0000000003999c68]

GC Heap History (10 events):
Event: 191.451 GC heap before
{Heap before GC invocations=3 (full 0):
 PSYoungGen      total 70656K, used 68305K [0x00000000d6100000, 0x00000000dab00000, 0x0000000100000000)
  eden space 65536K, 100% used [0x00000000d6100000,0x00000000da100000,0x00000000da100000)
  from space 5120K, 54% used [0x00000000da600000,0x00000000da8b4400,0x00000000dab00000)
  to   space 5120K, 0% used [0x00000000da100000,0x00000000da100000,0x00000000da600000)
 ParOldGen       total 86016K, used 24K [0x0000000082200000, 0x0000000087600000, 0x00000000d6100000)
  object space 86016K, 0% used [0x0000000082200000,0x0000000082206000,0x0000000087600000)
 Metaspace       used 13775K, capacity 14176K, committed 14464K, reserved 1062912K
  class space    used 1671K, capacity 1803K, committed 1920K, reserved 1048576K
Event: 192.434 GC heap after
Heap after GC invocations=3 (full 0):
 PSYoungGen      total 70656K, used 5105K [0x00000000d6100000, 0x00000000deb00000, 0x0000000100000000)
  eden space 65536K, 0% used [0x00000000d6100000,0x00000000d6100000,0x00000000da100000)
  from space 5120K, 99% used [0x00000000da100000,0x00000000da5fc7e0,0x00000000da600000)
  to   space 5120K, 0% used [0x00000000de600000,0x00000000de600000,0x00000000deb00000)
 ParOldGen       total 86016K, used 1026K [0x0000000082200000, 0x0000000087600000, 0x00000000d6100000)
  object space 86016K, 1% used [0x0000000082200000,0x0000000082300a10,0x0000000087600000)
 Metaspace       used 13775K, capacity 14176K, committed 14464K, reserved 1062912K
  class space    used 1671K, capacity 1803K, committed 1920K, reserved 1048576K
}
Event: 200.321 GC heap before
{Heap before GC invocations=4 (full 0):
 PSYoungGen      total 70656K, used 70641K [0x00000000d6100000, 0x00000000deb00000, 0x0000000100000000)
  eden space 65536K, 100% used [0x00000000d6100000,0x00000000da100000,0x00000000da100000)
  from space 5120K, 99% used [0x00000000da100000,0x00000000da5fc7e0,0x00000000da600000)
  to   space 5120K, 0% used [0x00000000de600000,0x00000000de600000,0x00000000deb00000)
 ParOldGen       total 86016K, used 1026K [0x0000000082200000, 0x0000000087600000, 0x00000000d6100000)
  object space 86016K, 1% used [0x0000000082200000,0x0000000082300a10,0x0000000087600000)
 Metaspace       used 17379K, capacity 17820K, committed 18048K, reserved 1064960K
  class space    used 2178K, capacity 2313K, committed 2432K, reserved 1048576K
Event: 200.330 GC heap after
Heap after GC invocations=4 (full 0):
 PSYoungGen      total 136192K, used 5101K [0x00000000d6100000, 0x00000000deb00000, 0x0000000100000000)
  eden space 131072K, 0% used [0x00000000d6100000,0x00000000d6100000,0x00000000de100000)
  from space 5120K, 99% used [0x00000000de600000,0x00000000deafb528,0x00000000deb00000)
  to   space 5120K, 0% used [0x00000000de100000,0x00000000de100000,0x00000000de600000)
 ParOldGen       total 86016K, used 3285K [0x0000000082200000, 0x0000000087600000, 0x00000000d6100000)
  object space 86016K, 3% used [0x0000000082200000,0x00000000825355f0,0x0000000087600000)
 Metaspace       used 17379K, capacity 17820K, committed 18048K, reserved 1064960K
  class space    used 2178K, capacity 2313K, committed 2432K, reserved 1048576K
}
Event: 211.473 GC heap before
{Heap before GC invocations=5 (full 0):
 PSYoungGen      total 136192K, used 60372K [0x00000000d6100000, 0x00000000deb00000, 0x0000000100000000)
  eden space 131072K, 42% used [0x00000000d6100000,0x00000000d96f9ec0,0x00000000de100000)
  from space 5120K, 99% used [0x00000000de600000,0x00000000deafb528,0x00000000deb00000)
  to   space 5120K, 0% used [0x00000000de100000,0x00000000de100000,0x00000000de600000)
 ParOldGen       total 86016K, used 3285K [0x0000000082200000, 0x0000000087600000, 0x00000000d6100000)
  object space 86016K, 3% used [0x0000000082200000,0x00000000825355f0,0x0000000087600000)
 Metaspace       used 20717K, capacity 21174K, committed 21248K, reserved 1067008K
  class space    used 2630K, capacity 2772K, committed 2816K, reserved 1048576K
Event: 212.153 GC heap after
Heap after GC invocations=5 (full 0):
 PSYoungGen      total 136192K, used 5101K [0x00000000d6100000, 0x00000000e7400000, 0x0000000100000000)
  eden space 131072K, 0% used [0x00000000d6100000,0x00000000d6100000,0x00000000de100000)
  from space 5120K, 99% used [0x00000000de100000,0x00000000de5fb440,0x00000000de600000)
  to   space 9728K, 0% used [0x00000000e6a80000,0x00000000e6a80000,0x00000000e7400000)
 ParOldGen       total 86016K, used 5745K [0x0000000082200000, 0x0000000087600000, 0x00000000d6100000)
  object space 86016K, 6% used [0x0000000082200000,0x000000008279c678,0x0000000087600000)
 Metaspace       used 20717K, capacity 21174K, committed 21248K, reserved 1067008K
  class space    used 2630K, capacity 2772K, committed 2816K, reserved 1048576K
}
Event: 212.154 GC heap before
{Heap before GC invocations=6 (full 1):
 PSYoungGen      total 136192K, used 5101K [0x00000000d6100000, 0x00000000e7400000, 0x0000000100000000)
  eden space 131072K, 0% used [0x00000000d6100000,0x00000000d6100000,0x00000000de100000)
  from space 5120K, 99% used [0x00000000de100000,0x00000000de5fb440,0x00000000de600000)
  to   space 9728K, 0% used [0x00000000e6a80000,0x00000000e6a80000,0x00000000e7400000)
 ParOldGen       total 86016K, used 5745K [0x0000000082200000, 0x0000000087600000, 0x00000000d6100000)
  object space 86016K, 6% used [0x0000000082200000,0x000000008279c678,0x0000000087600000)
 Metaspace       used 20717K, capacity 21174K, committed 21248K, reserved 1067008K
  class space    used 2630K, capacity 2772K, committed 2816K, reserved 1048576K
Event: 213.210 GC heap after
Heap after GC invocations=6 (full 1):
 PSYoungGen      total 136192K, used 0K [0x00000000d6100000, 0x00000000e7400000, 0x0000000100000000)
  eden space 131072K, 0% used [0x00000000d6100000,0x00000000d6100000,0x00000000de100000)
  from space 5120K, 0% used [0x00000000de100000,0x00000000de100000,0x00000000de600000)
  to   space 9728K, 0% used [0x00000000e6a80000,0x00000000e6a80000,0x00000000e7400000)
 ParOldGen       total 45056K, used 7359K [0x0000000082200000, 0x0000000084e00000, 0x00000000d6100000)
  object space 45056K, 16% used [0x0000000082200000,0x000000008292fe00,0x0000000084e00000)
 Metaspace       used 20717K, capacity 21174K, committed 21248K, reserved 1067008K
  class space    used 2630K, capacity 2772K, committed 2816K, reserved 1048576K
}
Event: 248.405 GC heap before
{Heap before GC invocations=7 (full 1):
 PSYoungGen      total 136192K, used 131072K [0x00000000d6100000, 0x00000000e7400000, 0x0000000100000000)
  eden space 131072K, 100% used [0x00000000d6100000,0x00000000de100000,0x00000000de100000)
  from space 5120K, 0% used [0x00000000de100000,0x00000000de100000,0x00000000de600000)
  to   space 9728K, 0% used [0x00000000e6a80000,0x00000000e6a80000,0x00000000e7400000)
 ParOldGen       total 45056K, used 7359K [0x0000000082200000, 0x0000000084e00000, 0x00000000d6100000)
  object space 45056K, 16% used [0x0000000082200000,0x000000008292fe00,0x0000000084e00000)
 Metaspace       used 25667K, capacity 26442K, committed 26624K, reserved 1073152K
  class space    used 3238K, capacity 3459K, committed 3584K, reserved 1048576K
Event: 248.439 GC heap after
Heap after GC invocations=7 (full 1):
 PSYoungGen      total 262144K, used 7466K [0x00000000d6100000, 0x00000000e7200000, 0x0000000100000000)
  eden space 254464K, 0% used [0x00000000d6100000,0x00000000d6100000,0x00000000e5980000)
  from space 7680K, 97% used [0x00000000e6a80000,0x00000000e71ca9c0,0x00000000e7200000)
  to   space 10240K, 0% used [0x00000000e5e00000,0x00000000e5e00000,0x00000000e6800000)
 ParOldGen       total 45056K, used 7431K [0x0000000082200000, 0x0000000084e00000, 0x00000000d6100000)
  object space 45056K, 16% used [0x0000000082200000,0x0000000082941e10,0x0000000084e00000)
 Metaspace       used 25667K, capacity 26442K, committed 26624K, reserved 1073152K
  class space    used 3238K, capacity 3459K, committed 3584K, reserved 1048576K
}

Deoptimization events (10 events):
Event: 257.093 Thread 0x000000001a99f000 Uncommon trap: reason=unhandled action=none pc=0x0000000003770714 method=java.net.URLClassLoader.findClass(Ljava/lang/String;)Ljava/lang/Class; @ 44
Event: 257.093 Thread 0x000000001a99f000 Uncommon trap: reason=unhandled action=none pc=0x00000000034c3d84 method=java.net.URLClassLoader.findClass(Ljava/lang/String;)Ljava/lang/Class; @ 44
Event: 257.095 Thread 0x000000001a99f000 Uncommon trap: reason=unhandled action=none pc=0x00000000034c3d84 method=java.net.URLClassLoader.findClass(Ljava/lang/String;)Ljava/lang/Class; @ 44
Event: 257.095 Thread 0x000000001a99f000 Uncommon trap: reason=unhandled action=none pc=0x00000000034c3d84 method=java.net.URLClassLoader.findClass(Ljava/lang/String;)Ljava/lang/Class; @ 44
Event: 257.096 Thread 0x000000001a99f000 Uncommon trap: reason=unhandled action=none pc=0x00000000034c3d84 method=java.net.URLClassLoader.findClass(Ljava/lang/String;)Ljava/lang/Class; @ 44
Event: 257.096 Thread 0x000000001a99f000 Uncommon trap: reason=unhandled action=none pc=0x00000000034c3d84 method=java.net.URLClassLoader.findClass(Ljava/lang/String;)Ljava/lang/Class; @ 44
Event: 257.097 Thread 0x000000001a99f000 Uncommon trap: reason=unhandled action=none pc=0x00000000034c3d84 method=java.net.URLClassLoader.findClass(Ljava/lang/String;)Ljava/lang/Class; @ 44
Event: 257.097 Thread 0x000000001a99f000 Uncommon trap: reason=unhandled action=none pc=0x00000000034c3d84 method=java.net.URLClassLoader.findClass(Ljava/lang/String;)Ljava/lang/Class; @ 44
Event: 257.097 Thread 0x000000001a99f000 Uncommon trap: reason=unhandled action=none pc=0x00000000034c3d84 method=java.net.URLClassLoader.findClass(Ljava/lang/String;)Ljava/lang/Class; @ 44
Event: 257.098 Thread 0x000000001a99f000 Uncommon trap: reason=unhandled action=none pc=0x00000000034c3d84 method=java.net.URLClassLoader.findClass(Ljava/lang/String;)Ljava/lang/Class; @ 44

Classes redefined (0 events):
No events

Internal exceptions (10 events):
Event: 257.072 Thread 0x000000001a99f000 Exception <a 'java/lang/ArrayIndexOutOfBoundsException': 26> (0x00000000da671290) thrown at [C:\re\workspace\8-2-build-windows-amd64-cygwin\jdk8u201\12322\hotspot\src\share\vm\interpreter\interpreterRuntime.cpp, line 368]
Event: 257.073 Thread 0x000000001a99f000 Exception <a 'java/lang/ArrayIndexOutOfBoundsException': 26> (0x00000000da672d58) thrown at [C:\re\workspace\8-2-build-windows-amd64-cygwin\jdk8u201\12322\hotspot\src\share\vm\interpreter\interpreterRuntime.cpp, line 368]
Event: 257.073 Thread 0x000000001a99f000 Exception <a 'java/lang/ArrayIndexOutOfBoundsException': 26> (0x00000000da674880) thrown at [C:\re\workspace\8-2-build-windows-amd64-cygwin\jdk8u201\12322\hotspot\src\share\vm\interpreter\interpreterRuntime.cpp, line 368]
Event: 257.073 Thread 0x000000001a99f000 Exception <a 'java/lang/ArrayIndexOutOfBoundsException': 26> (0x00000000da6763b8) thrown at [C:\re\workspace\8-2-build-windows-amd64-cygwin\jdk8u201\12322\hotspot\src\share\vm\interpreter\interpreterRuntime.cpp, line 368]
Event: 257.073 Thread 0x000000001a99f000 Exception <a 'java/lang/ArrayIndexOutOfBoundsException': 26> (0x00000000da677ee0) thrown at [C:\re\workspace\8-2-build-windows-amd64-cygwin\jdk8u201\12322\hotspot\src\share\vm\interpreter\interpreterRuntime.cpp, line 368]
Event: 257.074 Thread 0x000000001a99f000 Exception <a 'java/lang/ArrayIndexOutOfBoundsException': 26> (0x00000000da679a98) thrown at [C:\re\workspace\8-2-build-windows-amd64-cygwin\jdk8u201\12322\hotspot\src\share\vm\interpreter\interpreterRuntime.cpp, line 368]
Event: 257.074 Thread 0x000000001a99f000 Exception <a 'java/lang/ArrayIndexOutOfBoundsException': 26> (0x00000000da67b560) thrown at [C:\re\workspace\8-2-build-windows-amd64-cygwin\jdk8u201\12322\hotspot\src\share\vm\interpreter\interpreterRuntime.cpp, line 368]
Event: 257.074 Thread 0x000000001a99f000 Exception <a 'java/lang/ArrayIndexOutOfBoundsException': 26> (0x00000000da67d090) thrown at [C:\re\workspace\8-2-build-windows-amd64-cygwin\jdk8u201\12322\hotspot\src\share\vm\interpreter\interpreterRuntime.cpp, line 368]
Event: 257.074 Thread 0x000000001a99f000 Exception <a 'java/lang/ArrayIndexOutOfBoundsException': 26> (0x00000000da67eb58) thrown at [C:\re\workspace\8-2-build-windows-amd64-cygwin\jdk8u201\12322\hotspot\src\share\vm\interpreter\interpreterRuntime.cpp, line 368]
Event: 257.074 Thread 0x000000001a99f000 Exception <a 'java/lang/ArrayIndexOutOfBoundsException': 26> (0x00000000da680688) thrown at [C:\re\workspace\8-2-build-windows-amd64-cygwin\jdk8u201\12322\hotspot\src\share\vm\interpreter\interpreterRuntime.cpp, line 368]

Events (10 events):
Event: 257.097 loading class org/springframework/boot/autoconfigure/web/ServerProperties$Tomcat
Event: 257.097 loading class org/springframework/boot/autoconfigure/web/ServerProperties$Tomcat done
Event: 257.097 Thread 0x000000001a99f000 Uncommon trap: trap_request=0xffffffa7 fr.pc=0x00000000034c3d84
Event: 257.097 Thread 0x000000001a99f000 DEOPT PACKING pc=0x00000000034c3d84 sp=0x000000001bcdd9b0
Event: 257.097 Thread 0x000000001a99f000 DEOPT UNPACKING pc=0x0000000002e7583b sp=0x000000001bcdd8a8 mode 2
Event: 257.098 loading class org/springframework/boot/autoconfigure/web/ServerProperties$Undertow
Event: 257.098 loading class org/springframework/boot/autoconfigure/web/ServerProperties$Undertow done
Event: 257.098 Thread 0x000000001a99f000 Uncommon trap: trap_request=0xffffffa7 fr.pc=0x00000000034c3d84
Event: 257.098 Thread 0x000000001a99f000 DEOPT PACKING pc=0x00000000034c3d84 sp=0x000000001bcdd9b0
Event: 257.098 Thread 0x000000001a99f000 DEOPT UNPACKING pc=0x0000000002e7583b sp=0x000000001bcdd8a8 mode 2


Dynamic libraries:
0x00007ff7e36e0000 - 0x00007ff7e3717000 	C:\Program Files\Java\jre1.8.0_201\bin\javaw.exe
0x00007ffe30eb0000 - 0x00007ffe3109d000 	C:\Windows\SYSTEM32\ntdll.dll
0x00007ffe10b80000 - 0x00007ffe10b93000 	C:\Program Files\AVAST Software\Avast\aswhook.dll
0x00007ffe302e0000 - 0x00007ffe30393000 	C:\Windows\System32\KERNEL32.DLL
0x00007ffe2d7d0000 - 0x00007ffe2da65000 	C:\Windows\System32\KERNELBASE.dll
0x00007ffe30500000 - 0x00007ffe305a3000 	C:\Windows\System32\ADVAPI32.dll
0x00007ffe30460000 - 0x00007ffe304fe000 	C:\Windows\System32\msvcrt.dll
0x00007ffe30de0000 - 0x00007ffe30e7e000 	C:\Windows\System32\sechost.dll
0x00007ffe30b40000 - 0x00007ffe30c62000 	C:\Windows\System32\RPCRT4.dll
0x00007ffe2f770000 - 0x00007ffe2f907000 	C:\Windows\System32\USER32.dll
0x00007ffe2ddd0000 - 0x00007ffe2ddf0000 	C:\Windows\System32\win32u.dll
0x00007ffe30870000 - 0x00007ffe30899000 	C:\Windows\System32\GDI32.dll
0x00007ffe2dc30000 - 0x00007ffe2ddcb000 	C:\Windows\System32\gdi32full.dll
0x00007ffe2db40000 - 0x00007ffe2dbe0000 	C:\Windows\System32\msvcp_win.dll
0x00007ffe2dfd0000 - 0x00007ffe2e0ca000 	C:\Windows\System32\ucrtbase.dll
0x00007ffe1e500000 - 0x00007ffe1e779000 	C:\Windows\WinSxS\amd64_microsoft.windows.common-controls_6595b64144ccf1df_6.0.17763.1339_none_de7015e4534c7114\COMCTL32.dll
0x00007ffe2fa60000 - 0x00007ffe2fd8c000 	C:\Windows\System32\combase.dll
0x00007ffe2da70000 - 0x00007ffe2daee000 	C:\Windows\System32\bcryptPrimitives.dll
0x00007ffe2f5d0000 - 0x00007ffe2f5fe000 	C:\Windows\System32\IMM32.DLL
0x0000000075030000 - 0x0000000075101000 	C:\Program Files\Java\jre1.8.0_201\bin\msvcr100.dll
0x0000000075670000 - 0x0000000075f14000 	C:\Program Files\Java\jre1.8.0_201\bin\server\jvm.dll
0x00007ffe305b0000 - 0x00007ffe305b8000 	C:\Windows\System32\PSAPI.DLL
0x00007ffe1aa20000 - 0x00007ffe1aa29000 	C:\Windows\SYSTEM32\WSOCK32.dll
0x00007ffe2fdf0000 - 0x00007ffe2fe5d000 	C:\Windows\System32\WS2_32.dll
0x00007ffe29970000 - 0x00007ffe29994000 	C:\Windows\SYSTEM32\WINMM.dll
0x00007ffe27c00000 - 0x00007ffe27c0a000 	C:\Windows\SYSTEM32\VERSION.dll
0x00007ffe29940000 - 0x00007ffe2996d000 	C:\Windows\SYSTEM32\WINMMBASE.dll
0x00007ffe2dbe0000 - 0x00007ffe2dc2a000 	C:\Windows\System32\cfgmgr32.dll
0x00007ffe12ac0000 - 0x00007ffe12acf000 	C:\Program Files\Java\jre1.8.0_201\bin\verify.dll
0x00007ffe12a90000 - 0x00007ffe12ab9000 	C:\Program Files\Java\jre1.8.0_201\bin\java.dll
0x00007ffe1bda0000 - 0x00007ffe1bdd5000 	C:\Program Files\Java\jre1.8.0_201\bin\jdwp.dll
0x00007ffe29690000 - 0x00007ffe29698000 	C:\Program Files\Java\jre1.8.0_201\bin\npt.dll
0x00007ffe1bd70000 - 0x00007ffe1bd93000 	C:\Program Files\Java\jre1.8.0_201\bin\instrument.dll
0x00007ffe12980000 - 0x00007ffe12996000 	C:\Program Files\Java\jre1.8.0_201\bin\zip.dll
0x00007ffe2e0d0000 - 0x00007ffe2f5c8000 	C:\Windows\System32\SHELL32.dll
0x00007ffe303b0000 - 0x00007ffe30459000 	C:\Windows\System32\shcore.dll
0x00007ffe2cf60000 - 0x00007ffe2d6b4000 	C:\Windows\System32\windows.storage.dll
0x00007ffe2cf10000 - 0x00007ffe2cf34000 	C:\Windows\System32\profapi.dll
0x00007ffe2ce90000 - 0x00007ffe2ceed000 	C:\Windows\System32\powrprof.dll
0x00007ffe30960000 - 0x00007ffe309b2000 	C:\Windows\System32\shlwapi.dll
0x00007ffe2cf40000 - 0x00007ffe2cf51000 	C:\Windows\System32\kernel.appcore.dll
0x00007ffe2daf0000 - 0x00007ffe2db07000 	C:\Windows\System32\cryptsp.dll
0x00007ffe29680000 - 0x00007ffe29689000 	C:\Program Files\Java\jre1.8.0_201\bin\dt_socket.dll
0x00007ffe147d0000 - 0x00007ffe147e6000 	C:\Windows\system32\napinsp.dll
0x00007ffe147b0000 - 0x00007ffe147ca000 	C:\Windows\system32\pnrpnsp.dll
0x00007ffe2c6a0000 - 0x00007ffe2c707000 	C:\Windows\System32\mswsock.dll
0x00007ffe2c410000 - 0x00007ffe2c4d7000 	C:\Windows\SYSTEM32\DNSAPI.dll
0x00007ffe30dd0000 - 0x00007ffe30dd8000 	C:\Windows\System32\NSI.dll
0x00007ffe2c3d0000 - 0x00007ffe2c40d000 	C:\Windows\SYSTEM32\IPHLPAPI.DLL
0x00007ffe145e0000 - 0x00007ffe145ee000 	C:\Windows\System32\winrnr.dll
0x00007ffe29540000 - 0x00007ffe2955b000 	C:\Windows\system32\NLAapi.dll
0x00007ffe145c0000 - 0x00007ffe145d5000 	C:\Windows\system32\wshbth.dll
0x00007ffe23bb0000 - 0x00007ffe23c29000 	C:\Windows\System32\fwpuclnt.dll
0x00007ffe2db10000 - 0x00007ffe2db36000 	C:\Windows\System32\bcrypt.dll
0x00007ffe203d0000 - 0x00007ffe203da000 	C:\Windows\System32\rasadhlp.dll
0x00007ffe29580000 - 0x00007ffe2958d000 	C:\Program Files\Java\jre1.8.0_201\bin\management.dll
0x00007ffe104f0000 - 0x00007ffe1050a000 	C:\Program Files\Java\jre1.8.0_201\bin\net.dll
0x00007ffe1e930000 - 0x00007ffe1eb07000 	C:\Windows\SYSTEM32\urlmon.dll
0x00007ffe1ef90000 - 0x00007ffe1f238000 	C:\Windows\SYSTEM32\iertutil.dll
0x00007ffe2c820000 - 0x00007ffe2c82c000 	C:\Windows\SYSTEM32\CRYPTBASE.DLL
0x00007ffe104d0000 - 0x00007ffe104e1000 	C:\Program Files\Java\jre1.8.0_201\bin\nio.dll

VM Arguments:
jvm_args: -agentlib:jdwp=transport=dt_socket,suspend=y,address=localhost:52254 -javaagent:C:\Users\SzymonPiotrowski\eclipse\jee-2018-12\eclipse\configuration\org.eclipse.osgi\405\0\.cp\lib\javaagent-shaded.jar -Dfile.encoding=UTF-8 
java_command: com.spring.project.caleTeGym.CaleTeGymApplication
java_class_path (initial): C:\Users\SzymonPiotrowski\Desktop\Tadek\CaleTeGym\caleTeGym\target\classes;C:\Users\SzymonPiotrowski\.m2\repository\org\springframework\boot\spring-boot-starter-thymeleaf\2.1.3.RELEASE\spring-boot-starter-thymeleaf-2.1.3.RELEASE.jar;C:\Users\SzymonPiotrowski\.m2\repository\org\springframework\boot\spring-boot-starter\2.1.3.RELEASE\spring-boot-starter-2.1.3.RELEASE.jar;C:\Users\SzymonPiotrowski\.m2\repository\org\springframework\boot\spring-boot-starter-logging\2.1.3.RELEASE\spring-boot-starter-logging-2.1.3.RELEASE.jar;C:\Users\SzymonPiotrowski\.m2\repository\ch\qos\logback\logback-classic\1.2.3\logback-classic-1.2.3.jar;C:\Users\SzymonPiotrowski\.m2\repository\ch\qos\logback\logback-core\1.2.3\logback-core-1.2.3.jar;C:\Users\SzymonPiotrowski\.m2\repository\org\apache\logging\log4j\log4j-to-slf4j\2.11.2\log4j-to-slf4j-2.11.2.jar;C:\Users\SzymonPiotrowski\.m2\repository\org\apache\logging\log4j\log4j-api\2.11.2\log4j-api-2.11.2.jar;C:\Users\SzymonPiotrowski\.m2\repository\org\slf4j\jul-to-slf4j\1.7.25\jul-to-slf4j-1.7.25.jar;C:\Users\SzymonPiotrowski\.m2\repository\javax\annotation\javax.annotation-api\1.3.2\javax.annotation-api-1.3.2.jar;C:\Users\SzymonPiotrowski\.m2\repository\org\yaml\snakeyaml\1.23\snakeyaml-1.23.jar;C:\Users\SzymonPiotrowski\.m2\repository\org\thymeleaf\thymeleaf-spring5\3.0.11.RELEASE\thymeleaf-spring5-3.0.11.RELEASE.jar;C:\Users\SzymonPiotrowski\.m2\repository\org\thymeleaf\thymeleaf\3.0.11.RELEASE\thymeleaf-3.0.11.RELEASE.jar;C:\Users\SzymonPiotrowski\.m2\repository\org\attoparser\attoparser\2.0.5.RELEASE\attoparser-2.0.5.RELEASE.jar;C:\Users\SzymonPiotrowski\.m2\repository\org\unbescape\unbescape\1.1.6.RELEASE\unbescape-1.1.6.RELEASE.jar;C:\Users\SzymonPiotrowski\.m2\repository\org\slf4j\slf4j-api\1.7.25\slf4j-api-1.7.25.jar;C:\Users\SzymonPiotrowski\.m2\repository\org\thymeleaf\extras\thymeleaf-extras-java8time\3.0.3.RELEASE\thymeleaf-extras-java8time-3.0.3.RELEASE.jar;C:\Users\SzymonPiotrowski\.m2\repository\or
Launcher Type: SUN_STANDARD

Environment Variables:
PATH=C:/Program Files/Java/jre1.8.0_201/bin/server;C:/Program Files/Java/jre1.8.0_201/bin;C:/Program Files/Java/jre1.8.0_201/lib/amd64;C:\Program Files (x86)\Common Files\Oracle\Java\javapath;C:\Windows\system32;C:\Windows;C:\Windows\System32\Wbem;C:\Windows\System32\WindowsPowerShell\v1.0\;C:\Windows\System32\OpenSSH\;C:\Program Files\Git\cmd;C:\Program Files\nodejs\;C:\Users\SzymonPiotrowski\AppData\Local\Programs\Python\Python37-32\Scripts\;C:\Users\SzymonPiotrowski\AppData\Local\Programs\Python\Python37-32\;C:\Program Files (x86)\Common Files\Oracle\Java\javapath;C:\Windows\system32;C:\Windows;C:\Windows\System32\Wbem;C:\Windows\System32\WindowsPowerShell\v1.0\;C:\Windows\System32\OpenSSH\;C:\Program Files\Git\cmd;C:\Users\SzymonPiotrowski\AppData\Local\Microsoft\WindowsApps;C:\Users\SzymonPiotrowski\AppData\Local\Programs\Microsoft VS Code\bin;C:\Python34\Scripts;C:\Users\SzymonPiotrowski\AppData\Roaming\npm;C:\Users\SzymonPiotrowski\Desktop;
USERNAME=SzymonPiotrowski
OS=Windows_NT
PROCESSOR_IDENTIFIER=Intel64 Family 6 Model 60 Stepping 3, GenuineIntel



---------------  S Y S T E M  ---------------

OS: Windows 10.0 , 64 bit Build 17763 (10.0.17763.1339)

CPU:total 4 (initial active 4) (4 cores per cpu, 1 threads per core) family 6 model 60 stepping 3, cmov, cx8, fxsr, mmx, sse, sse2, sse3, ssse3, sse4.1, sse4.2, popcnt, avx, avx2, aes, clmul, erms, lzcnt, tsc, tscinvbit, bmi1, bmi2

Memory: 4k page, physical 8248480k(253988k free), swap 30122196k(969588k free)

vm_info: Java HotSpot(TM) 64-Bit Server VM (25.201-b09) for windows-amd64 JRE (1.8.0_201-b09), built on Dec 15 2018 18:36:39 by "java_re" with MS VC++ 10.0 (VS2010)

time: Thu Jul 16 12:05:25 2020
timezone: Srodkowoeuropejski czas letni
elapsed time: 267 seconds (0d 0h 4m 27s)

