#
# There is insufficient memory for the Java Runtime Environment to continue.
# Native memory allocation (malloc) failed to allocate 118576 bytes for Chunk::new
# Possible reasons:
#   The system is out of physical RAM or swap space
#   The process is running with CompressedOops enabled, and the Java Heap may be blocking the growth of the native heap
# Possible solutions:
#   Reduce memory load on the system
#   Increase physical memory or swap space
#   Check if swap backing store is full
#   Decrease Java heap size (-Xmx/-Xms)
#   Decrease number of Java threads
#   Decrease Java thread stack sizes (-Xss)
#   Set larger code cache with -XX:ReservedCodeCacheSize=
#   JVM is running with Unscaled Compressed Oops mode in which the Java heap is
#     placed in the first 4GB address space. The Java Heap base address is the
#     maximum limit for the native heap growth. Please use -XX:HeapBaseMinAddress
#     to set the Java Heap base and to place the Java Heap above 4GB virtual address.
# This output file may be truncated or incomplete.
#
#  Out of Memory Error (allocation.cpp:390), pid=14432, tid=0x00000000000024d0
#
# JRE version: Java(TM) SE Runtime Environment (8.0_201-b09) (build 1.8.0_201-b09)
# Java VM: Java HotSpot(TM) 64-Bit Server VM (25.201-b09 mixed mode windows-amd64 compressed oops)
# Failed to write core dump. Minidumps are not enabled by default on client versions of Windows
#

---------------  T H R E A D  ---------------

Current thread (0x00000000191ee000):  JavaThread "C2 CompilerThread1" daemon [_thread_in_native, id=9424, stack(0x0000000019af0000,0x0000000019bf0000)]

Stack: [0x0000000019af0000,0x0000000019bf0000]
[error occurred during error reporting (printing stack bounds), id 0xc0000005]

Native frames: (J=compiled Java code, j=interpreted, Vv=VM code, C=native code)


Current CompileTask:
C2: 260203 2754       4       org.springframework.util.CompositeIterator::hasNext (50 bytes)


---------------  P R O C E S S  ---------------

Java Threads: ( => current thread )
  0x0000000018e5e800 JavaThread "restartedMain" [_thread_in_vm, id=6468, stack(0x000000001b110000,0x000000001b210000)]
  0x0000000016fac800 JavaThread "Thread-0" [_thread_blocked, id=19900, stack(0x000000001b010000,0x000000001b110000)]
  0x00000000191cd800 JavaThread "Service Thread" daemon [_thread_blocked, id=10832, stack(0x0000000019cf0000,0x0000000019df0000)]
  0x00000000191cd000 JavaThread "C1 CompilerThread2" daemon [_thread_in_native, id=13796, stack(0x0000000019bf0000,0x0000000019cf0000)]
=>0x00000000191ee000 JavaThread "C2 CompilerThread1" daemon [_thread_in_native, id=9424, stack(0x0000000019af0000,0x0000000019bf0000)]
  0x00000000191be800 JavaThread "C2 CompilerThread0" daemon [_thread_in_native, id=12892, stack(0x00000000191f0000,0x00000000192f0000)]
  0x0000000016f6f000 JavaThread "JDWP Command Reader" daemon [_thread_in_native, id=16700, stack(0x0000000018af0000,0x0000000018bf0000)]
  0x0000000016f6d800 JavaThread "JDWP Event Helper Thread" daemon [_thread_blocked, id=16636, stack(0x00000000189f0000,0x0000000018af0000)]
  0x0000000016f5d000 JavaThread "JDWP Transport Listener: dt_socket" daemon [_thread_blocked, id=16628, stack(0x00000000188f0000,0x00000000189f0000)]
  0x0000000016f55000 JavaThread "Attach Listener" daemon [_thread_blocked, id=8696, stack(0x00000000184b0000,0x00000000185b0000)]
  0x0000000016f54000 JavaThread "Signal Dispatcher" daemon [_thread_blocked, id=13304, stack(0x00000000183b0000,0x00000000184b0000)]
  0x0000000016f40000 JavaThread "Finalizer" daemon [_thread_blocked, id=7692, stack(0x00000000181a0000,0x00000000182a0000)]
  0x0000000002478000 JavaThread "Reference Handler" daemon [_thread_blocked, id=9892, stack(0x00000000180a0000,0x00000000181a0000)]
  0x0000000002387000 JavaThread "main" [_thread_blocked, id=10232, stack(0x0000000001f80000,0x0000000002080000)]

Other Threads:
  0x0000000016f18000 VMThread [stack: 0x0000000017fa0000,0x00000000180a0000] [id=12024]
  0x0000000019387800 WatcherThread [stack: 0x0000000019df0000,0x0000000019ef0000] [id=4824]

VM state:not at safepoint (normal execution)

VM Mutex/Monitor currently owned by a thread: None

heap address: 0x0000000082200000, size: 2014 MB, Compressed Oops mode: 32-bit
Narrow klass base: 0x0000000000000000, Narrow klass shift: 3
Compressed class space size: 1073741824 Address: 0x0000000100000000

Heap:
 PSYoungGen      total 125952K, used 63795K [0x00000000d6100000, 0x00000000de480000, 0x0000000100000000)
  eden space 119296K, 49% used [0x00000000d6100000,0x00000000d9b0d020,0x00000000dd580000)
  from space 6656K, 65% used [0x00000000dde00000,0x00000000de23ff50,0x00000000de480000)
  to   space 7680K, 0% used [0x00000000dd580000,0x00000000dd580000,0x00000000ddd00000)
 ParOldGen       total 43008K, used 6098K [0x0000000082200000, 0x0000000084c00000, 0x00000000d6100000)
  object space 43008K, 14% used [0x0000000082200000,0x00000000827f4b48,0x0000000084c00000)
 Metaspace       used 26835K, capacity 27680K, committed 27776K, reserved 1073152K
  class space    used 3400K, capacity 3618K, committed 3712K, reserved 1048576K

Card table byte_map: [0x0000000011840000,0x0000000011c30000] byte_map_base: 0x000000001142f000

Marking Bits: (ParMarkBitMap*) 0x0000000075e94ce0
 Begin Bits: [0x00000000122d0000, 0x0000000014248000)
 End Bits:   [0x0000000014248000, 0x00000000161c0000)

Polling page: 0x00000000001f0000

CodeCache: size=245760Kb used=10077Kb max_used=10090Kb free=235682Kb
 bounds [0x0000000002480000, 0x0000000002e70000, 0x0000000011480000]
 total_blobs=2919 nmethods=2518 adapters=320
 compilation: enabled

Compilation events (10 events):
Event: 258.144 Thread 0x00000000191cd000 2749       3       java.util.stream.AbstractPipeline::sourceSpliterator (265 bytes)
Event: 258.173 Thread 0x00000000191cd000 nmethod 2749 0x0000000002e5b2d0 code [0x0000000002e5b520, 0x0000000002e5c548]
Event: 258.173 Thread 0x00000000191cd000 2750       3       java.util.stream.AbstractPipeline::wrapAndCopyInto (18 bytes)
Event: 258.173 Thread 0x00000000191cd000 nmethod 2750 0x0000000002e5cd90 code [0x0000000002e5cf20, 0x0000000002e5d348]
Event: 258.173 Thread 0x00000000191cd000 2748       3       org.springframework.beans.factory.support.AbstractAutowireCapableBeanFactory::getObjectForBeanInstance (34 bytes)
Event: 258.173 Thread 0x00000000191cd000 nmethod 2748 0x0000000002e5d510 code [0x0000000002e5d6a0, 0x0000000002e5db28]
Event: 258.175 Thread 0x00000000191cd000 2752       3       org.springframework.boot.autoconfigure.condition.OnBeanCondition$BeanSearchSpec::collect (85 bytes)
Event: 258.175 Thread 0x00000000191cd000 nmethod 2752 0x0000000002e5dc90 code [0x0000000002e5de80, 0x0000000002e5e8f8]
Event: 258.175 Thread 0x00000000191be800 2753       4       java.util.stream.ReferencePipeline$2$1::accept (27 bytes)
Event: 258.175 Thread 0x00000000191ee000 2754       4       org.springframework.util.CompositeIterator::hasNext (50 bytes)

GC Heap History (10 events):
Event: 182.346 GC heap before
{Heap before GC invocations=5 (full 0):
 PSYoungGen      total 70656K, used 70071K [0x00000000d6100000, 0x00000000dab00000, 0x0000000100000000)
  eden space 65536K, 100% used [0x00000000d6100000,0x00000000da100000,0x00000000da100000)
  from space 5120K, 88% used [0x00000000da600000,0x00000000daa6df30,0x00000000dab00000)
  to   space 5120K, 0% used [0x00000000da100000,0x00000000da100000,0x00000000da600000)
 ParOldGen       total 86016K, used 32K [0x0000000082200000, 0x0000000087600000, 0x00000000d6100000)
  object space 86016K, 0% used [0x0000000082200000,0x0000000082208000,0x0000000087600000)
 Metaspace       used 17320K, capacity 17732K, committed 17920K, reserved 1064960K
  class space    used 2104K, capacity 2229K, committed 2304K, reserved 1048576K
Event: 184.546 GC heap after
Heap after GC invocations=5 (full 0):
 PSYoungGen      total 70656K, used 5110K [0x00000000d6100000, 0x00000000dab00000, 0x0000000100000000)
  eden space 65536K, 0% used [0x00000000d6100000,0x00000000d6100000,0x00000000da100000)
  from space 5120K, 99% used [0x00000000da100000,0x00000000da5fda48,0x00000000da600000)
  to   space 5120K, 0% used [0x00000000da600000,0x00000000da600000,0x00000000dab00000)
 ParOldGen       total 86016K, used 2425K [0x0000000082200000, 0x0000000087600000, 0x00000000d6100000)
  object space 86016K, 2% used [0x0000000082200000,0x000000008245e520,0x0000000087600000)
 Metaspace       used 17320K, capacity 17732K, committed 17920K, reserved 1064960K
  class space    used 2104K, capacity 2229K, committed 2304K, reserved 1048576K
}
Event: 190.206 GC heap before
{Heap before GC invocations=6 (full 0):
 PSYoungGen      total 70656K, used 33302K [0x00000000d6100000, 0x00000000dab00000, 0x0000000100000000)
  eden space 65536K, 43% used [0x00000000d6100000,0x00000000d7c880a0,0x00000000da100000)
  from space 5120K, 99% used [0x00000000da100000,0x00000000da5fda48,0x00000000da600000)
  to   space 5120K, 0% used [0x00000000da600000,0x00000000da600000,0x00000000dab00000)
 ParOldGen       total 86016K, used 2425K [0x0000000082200000, 0x0000000087600000, 0x00000000d6100000)
  object space 86016K, 2% used [0x0000000082200000,0x000000008245e520,0x0000000087600000)
 Metaspace       used 20614K, capacity 21092K, committed 21248K, reserved 1067008K
  class space    used 2565K, capacity 2707K, committed 2816K, reserved 1048576K
Event: 190.508 GC heap after
Heap after GC invocations=6 (full 0):
 PSYoungGen      total 67584K, used 5105K [0x00000000d6100000, 0x00000000df100000, 0x0000000100000000)
  eden space 62464K, 0% used [0x00000000d6100000,0x00000000d6100000,0x00000000d9e00000)
  from space 5120K, 99% used [0x00000000da600000,0x00000000daafc480,0x00000000dab00000)
  to   space 8192K, 0% used [0x00000000d9e00000,0x00000000d9e00000,0x00000000da600000)
 ParOldGen       total 86016K, used 3585K [0x0000000082200000, 0x0000000087600000, 0x00000000d6100000)
  object space 86016K, 4% used [0x0000000082200000,0x00000000825807e0,0x0000000087600000)
 Metaspace       used 20614K, capacity 21092K, committed 21248K, reserved 1067008K
  class space    used 2565K, capacity 2707K, committed 2816K, reserved 1048576K
}
Event: 190.508 GC heap before
{Heap before GC invocations=7 (full 1):
 PSYoungGen      total 67584K, used 5105K [0x00000000d6100000, 0x00000000df100000, 0x0000000100000000)
  eden space 62464K, 0% used [0x00000000d6100000,0x00000000d6100000,0x00000000d9e00000)
  from space 5120K, 99% used [0x00000000da600000,0x00000000daafc480,0x00000000dab00000)
  to   space 8192K, 0% used [0x00000000d9e00000,0x00000000d9e00000,0x00000000da600000)
 ParOldGen       total 86016K, used 3585K [0x0000000082200000, 0x0000000087600000, 0x00000000d6100000)
  object space 86016K, 4% used [0x0000000082200000,0x00000000825807e0,0x0000000087600000)
 Metaspace       used 20614K, capacity 21092K, committed 21248K, reserved 1067008K
  class space    used 2565K, capacity 2707K, committed 2816K, reserved 1048576K
Event: 191.997 GC heap after
Heap after GC invocations=7 (full 1):
 PSYoungGen      total 67584K, used 0K [0x00000000d6100000, 0x00000000df100000, 0x0000000100000000)
  eden space 62464K, 0% used [0x00000000d6100000,0x00000000d6100000,0x00000000d9e00000)
  from space 5120K, 0% used [0x00000000da600000,0x00000000da600000,0x00000000dab00000)
  to   space 8192K, 0% used [0x00000000d9e00000,0x00000000d9e00000,0x00000000da600000)
 ParOldGen       total 43008K, used 6090K [0x0000000082200000, 0x0000000084c00000, 0x00000000d6100000)
  object space 43008K, 14% used [0x0000000082200000,0x00000000827f2b48,0x0000000084c00000)
 Metaspace       used 20614K, capacity 21092K, committed 21248K, reserved 1067008K
  class space    used 2565K, capacity 2707K, committed 2816K, reserved 1048576K
}
Event: 234.534 GC heap before
{Heap before GC invocations=8 (full 1):
 PSYoungGen      total 67584K, used 62464K [0x00000000d6100000, 0x00000000df100000, 0x0000000100000000)
  eden space 62464K, 100% used [0x00000000d6100000,0x00000000d9e00000,0x00000000d9e00000)
  from space 5120K, 0% used [0x00000000da600000,0x00000000da600000,0x00000000dab00000)
  to   space 8192K, 0% used [0x00000000d9e00000,0x00000000d9e00000,0x00000000da600000)
 ParOldGen       total 43008K, used 6090K [0x0000000082200000, 0x0000000084c00000, 0x00000000d6100000)
  object space 43008K, 14% used [0x0000000082200000,0x00000000827f2b48,0x0000000084c00000)
 Metaspace       used 24283K, capacity 24846K, committed 25088K, reserved 1071104K
  class space    used 3042K, capacity 3222K, committed 3328K, reserved 1048576K
Event: 235.321 GC heap after
Heap after GC invocations=8 (full 1):
 PSYoungGen      total 70656K, used 4280K [0x00000000d6100000, 0x00000000de580000, 0x0000000100000000)
  eden space 62464K, 0% used [0x00000000d6100000,0x00000000d6100000,0x00000000d9e00000)
  from space 8192K, 52% used [0x00000000d9e00000,0x00000000da22e328,0x00000000da600000)
  to   space 7680K, 0% used [0x00000000dde00000,0x00000000dde00000,0x00000000de580000)
 ParOldGen       total 43008K, used 6090K [0x0000000082200000, 0x0000000084c00000, 0x00000000d6100000)
  object space 43008K, 14% used [0x0000000082200000,0x00000000827f2b48,0x0000000084c00000)
 Metaspace       used 24283K, capacity 24846K, committed 25088K, reserved 1071104K
  class space    used 3042K, capacity 3222K, committed 3328K, reserved 1048576K
}
Event: 254.122 GC heap before
{Heap before GC invocations=9 (full 1):
 PSYoungGen      total 70656K, used 66700K [0x00000000d6100000, 0x00000000de580000, 0x0000000100000000)
  eden space 62464K, 99% used [0x00000000d6100000,0x00000000d9df4f88,0x00000000d9e00000)
  from space 8192K, 52% used [0x00000000d9e00000,0x00000000da22e328,0x00000000da600000)
  to   space 7680K, 0% used [0x00000000dde00000,0x00000000dde00000,0x00000000de580000)
 ParOldGen       total 43008K, used 6090K [0x0000000082200000, 0x0000000084c00000, 0x00000000d6100000)
  object space 43008K, 14% used [0x0000000082200000,0x00000000827f2b48,0x0000000084c00000)
 Metaspace       used 25441K, capacity 26112K, committed 26240K, reserved 1073152K
  class space    used 3200K, capacity 3416K, committed 3456K, reserved 1048576K
Event: 254.407 GC heap after
Heap after GC invocations=9 (full 1):
 PSYoungGen      total 125952K, used 4351K [0x00000000d6100000, 0x00000000de480000, 0x0000000100000000)
  eden space 119296K, 0% used [0x00000000d6100000,0x00000000d6100000,0x00000000dd580000)
  from space 6656K, 65% used [0x00000000dde00000,0x00000000de23ff50,0x00000000de480000)
  to   space 7680K, 0% used [0x00000000dd580000,0x00000000dd580000,0x00000000ddd00000)
 ParOldGen       total 43008K, used 6098K [0x0000000082200000, 0x0000000084c00000, 0x00000000d6100000)
  object space 43008K, 14% used [0x0000000082200000,0x00000000827f4b48,0x0000000084c00000)
 Metaspace       used 25441K, capacity 26112K, committed 26240K, reserved 1073152K
  class space    used 3200K, capacity 3416K, committed 3456K, reserved 1048576K
}

Deoptimization events (10 events):
Event: 258.142 Thread 0x0000000018e5e800 Uncommon trap: reason=unhandled action=none pc=0x0000000002ac56ec method=java.net.URLClassLoader.findClass(Ljava/lang/String;)Ljava/lang/Class; @ 44
Event: 258.144 Thread 0x0000000018e5e800 Uncommon trap: reason=unhandled action=none pc=0x0000000002ac56ec method=java.net.URLClassLoader.findClass(Ljava/lang/String;)Ljava/lang/Class; @ 44
Event: 258.145 Thread 0x0000000018e5e800 Uncommon trap: reason=unhandled action=none pc=0x0000000002ac56ec method=java.net.URLClassLoader.findClass(Ljava/lang/String;)Ljava/lang/Class; @ 44
Event: 258.146 Thread 0x0000000018e5e800 Uncommon trap: reason=unhandled action=none pc=0x0000000002ac56ec method=java.net.URLClassLoader.findClass(Ljava/lang/String;)Ljava/lang/Class; @ 44
Event: 258.173 Thread 0x0000000018e5e800 Uncommon trap: reason=unhandled action=none pc=0x0000000002d84bd4 method=java.net.URLClassLoader.findClass(Ljava/lang/String;)Ljava/lang/Class; @ 44
Event: 258.173 Thread 0x0000000018e5e800 Uncommon trap: reason=unhandled action=none pc=0x0000000002ac56ec method=java.net.URLClassLoader.findClass(Ljava/lang/String;)Ljava/lang/Class; @ 44
Event: 258.174 Thread 0x0000000018e5e800 Uncommon trap: reason=unhandled action=none pc=0x0000000002ac56ec method=java.net.URLClassLoader.findClass(Ljava/lang/String;)Ljava/lang/Class; @ 44
Event: 258.178 Thread 0x0000000018e5e800 Uncommon trap: reason=unhandled action=none pc=0x0000000002d84bd4 method=java.net.URLClassLoader.findClass(Ljava/lang/String;)Ljava/lang/Class; @ 44
Event: 258.178 Thread 0x0000000018e5e800 Uncommon trap: reason=unhandled action=none pc=0x0000000002d84bd4 method=java.net.URLClassLoader.findClass(Ljava/lang/String;)Ljava/lang/Class; @ 44
Event: 258.178 Thread 0x0000000018e5e800 Uncommon trap: reason=unhandled action=none pc=0x0000000002ac56ec method=java.net.URLClassLoader.findClass(Ljava/lang/String;)Ljava/lang/Class; @ 44

Classes redefined (0 events):
No events

Internal exceptions (10 events):
Event: 256.510 Thread 0x0000000018e5e800 Exception <a 'java/lang/ArrayIndexOutOfBoundsException': 139> (0x00000000d7db10d0) thrown at [C:\re\workspace\8-2-build-windows-amd64-cygwin\jdk8u201\12322\hotspot\src\share\vm\interpreter\interpreterRuntime.cpp, line 368]
Event: 256.510 Thread 0x0000000018e5e800 Exception <a 'java/lang/ArrayIndexOutOfBoundsException': 111> (0x00000000d7db27d0) thrown at [C:\re\workspace\8-2-build-windows-amd64-cygwin\jdk8u201\12322\hotspot\src\share\vm\interpreter\interpreterRuntime.cpp, line 368]
Event: 257.219 Thread 0x0000000018e5e800 Exception <a 'java/lang/ArrayIndexOutOfBoundsException': 159> (0x00000000d844d248) thrown at [C:\re\workspace\8-2-build-windows-amd64-cygwin\jdk8u201\12322\hotspot\src\share\vm\interpreter\interpreterRuntime.cpp, line 368]
Event: 257.220 Thread 0x0000000018e5e800 Exception <a 'java/lang/ArrayIndexOutOfBoundsException': 40> (0x00000000d844e100) thrown at [C:\re\workspace\8-2-build-windows-amd64-cygwin\jdk8u201\12322\hotspot\src\share\vm\interpreter\interpreterRuntime.cpp, line 368]
Event: 257.295 Thread 0x0000000018e5e800 Exception <a 'java/lang/ArrayIndexOutOfBoundsException': 239> (0x00000000d85a4200) thrown at [C:\re\workspace\8-2-build-windows-amd64-cygwin\jdk8u201\12322\hotspot\src\share\vm\interpreter\interpreterRuntime.cpp, line 368]
Event: 257.312 Thread 0x0000000018e5e800 Exception <a 'java/lang/ArrayIndexOutOfBoundsException': 129> (0x00000000d85f8be8) thrown at [C:\re\workspace\8-2-build-windows-amd64-cygwin\jdk8u201\12322\hotspot\src\share\vm\interpreter\interpreterRuntime.cpp, line 368]
Event: 257.314 Thread 0x0000000018e5e800 Exception <a 'java/lang/ArrayIndexOutOfBoundsException': 97> (0x00000000d8611c40) thrown at [C:\re\workspace\8-2-build-windows-amd64-cygwin\jdk8u201\12322\hotspot\src\share\vm\interpreter\interpreterRuntime.cpp, line 368]
Event: 258.124 Thread 0x0000000018e5e800 Exception <a 'java/lang/ArrayIndexOutOfBoundsException': 368> (0x00000000d98f3ac0) thrown at [C:\re\workspace\8-2-build-windows-amd64-cygwin\jdk8u201\12322\hotspot\src\share\vm\interpreter\interpreterRuntime.cpp, line 368]
Event: 258.129 Thread 0x0000000018e5e800 Exception <a 'java/lang/ArrayIndexOutOfBoundsException': 506> (0x00000000d9937028) thrown at [C:\re\workspace\8-2-build-windows-amd64-cygwin\jdk8u201\12322\hotspot\src\share\vm\interpreter\interpreterRuntime.cpp, line 368]
Event: 258.130 Thread 0x0000000018e5e800 Exception <a 'java/lang/ArrayIndexOutOfBoundsException': 40> (0x00000000d9937f48) thrown at [C:\re\workspace\8-2-build-windows-amd64-cygwin\jdk8u201\12322\hotspot\src\share\vm\interpreter\interpreterRuntime.cpp, line 368]

Events (10 events):
Event: 258.178 Thread 0x0000000018e5e800 DEOPT UNPACKING pc=0x00000000024c583b sp=0x000000001b20d688 mode 2
Event: 258.178 Thread 0x0000000018e5e800 DEOPT PACKING pc=0x0000000002c9b124 sp=0x000000001b20d730
Event: 258.178 Thread 0x0000000018e5e800 DEOPT UNPACKING pc=0x00000000024c7890 sp=0x000000001b20d460 mode 1
Event: 258.178 Thread 0x0000000018e5e800 DEOPT PACKING pc=0x0000000002c5354c sp=0x000000001b20d790
Event: 258.178 Thread 0x0000000018e5e800 DEOPT UNPACKING pc=0x00000000024c7890 sp=0x000000001b20d558 mode 1
Event: 258.178 loading class org/springframework/boot/autoconfigure/data/jpa/JpaRepositoriesAutoConfiguration$BootstrapExecutorCondition
Event: 258.178 loading class org/springframework/boot/autoconfigure/data/jpa/JpaRepositoriesAutoConfiguration$BootstrapExecutorCondition done
Event: 258.178 Thread 0x0000000018e5e800 Uncommon trap: trap_request=0xffffffa7 fr.pc=0x0000000002ac56ec
Event: 258.178 Thread 0x0000000018e5e800 DEOPT PACKING pc=0x0000000002ac56ec sp=0x000000001b20d680
Event: 258.178 Thread 0x0000000018e5e800 DEOPT UNPACKING pc=0x00000000024c583b sp=0x000000001b20d578 mode 2


Dynamic libraries:
0x00007ff7e36e0000 - 0x00007ff7e3717000 	C:\Program Files\Java\jre1.8.0_201\bin\javaw.exe
0x00007ffe30eb0000 - 0x00007ffe3109d000 	C:\Windows\SYSTEM32\ntdll.dll
0x00007ffe10b80000 - 0x00007ffe10b93000 	C:\Program Files\AVAST Software\Avast\aswhook.dll
0x00007ffe302e0000 - 0x00007ffe30393000 	C:\Windows\System32\KERNEL32.DLL
0x00007ffe2d7d0000 - 0x00007ffe2da65000 	C:\Windows\System32\KERNELBASE.dll
0x00007ffe30500000 - 0x00007ffe305a3000 	C:\Windows\System32\ADVAPI32.dll
0x00007ffe30460000 - 0x00007ffe304fe000 	C:\Windows\System32\msvcrt.dll
0x00007ffe30de0000 - 0x00007ffe30e7e000 	C:\Windows\System32\sechost.dll
0x00007ffe30b40000 - 0x00007ffe30c62000 	C:\Windows\System32\RPCRT4.dll
0x00007ffe2f770000 - 0x00007ffe2f907000 	C:\Windows\System32\USER32.dll
0x00007ffe2ddd0000 - 0x00007ffe2ddf0000 	C:\Windows\System32\win32u.dll
0x00007ffe30870000 - 0x00007ffe30899000 	C:\Windows\System32\GDI32.dll
0x00007ffe2dc30000 - 0x00007ffe2ddcb000 	C:\Windows\System32\gdi32full.dll
0x00007ffe2db40000 - 0x00007ffe2dbe0000 	C:\Windows\System32\msvcp_win.dll
0x00007ffe2dfd0000 - 0x00007ffe2e0ca000 	C:\Windows\System32\ucrtbase.dll
0x00007ffe1e500000 - 0x00007ffe1e779000 	C:\Windows\WinSxS\amd64_microsoft.windows.common-controls_6595b64144ccf1df_6.0.17763.1339_none_de7015e4534c7114\COMCTL32.dll
0x00007ffe2fa60000 - 0x00007ffe2fd8c000 	C:\Windows\System32\combase.dll
0x00007ffe2da70000 - 0x00007ffe2daee000 	C:\Windows\System32\bcryptPrimitives.dll
0x00007ffe2f5d0000 - 0x00007ffe2f5fe000 	C:\Windows\System32\IMM32.DLL
0x0000000075030000 - 0x0000000075101000 	C:\Program Files\Java\jre1.8.0_201\bin\msvcr100.dll
0x0000000075670000 - 0x0000000075f14000 	C:\Program Files\Java\jre1.8.0_201\bin\server\jvm.dll
0x00007ffe305b0000 - 0x00007ffe305b8000 	C:\Windows\System32\PSAPI.DLL
0x00007ffe1aa20000 - 0x00007ffe1aa29000 	C:\Windows\SYSTEM32\WSOCK32.dll
0x00007ffe2fdf0000 - 0x00007ffe2fe5d000 	C:\Windows\System32\WS2_32.dll
0x00007ffe29970000 - 0x00007ffe29994000 	C:\Windows\SYSTEM32\WINMM.dll
0x00007ffe27c00000 - 0x00007ffe27c0a000 	C:\Windows\SYSTEM32\VERSION.dll
0x00007ffe29940000 - 0x00007ffe2996d000 	C:\Windows\SYSTEM32\WINMMBASE.dll
0x00007ffe2dbe0000 - 0x00007ffe2dc2a000 	C:\Windows\System32\cfgmgr32.dll
0x00007ffe12ac0000 - 0x00007ffe12acf000 	C:\Program Files\Java\jre1.8.0_201\bin\verify.dll
0x00007ffe12a90000 - 0x00007ffe12ab9000 	C:\Program Files\Java\jre1.8.0_201\bin\java.dll
0x00007ffe1bda0000 - 0x00007ffe1bdd5000 	C:\Program Files\Java\jre1.8.0_201\bin\jdwp.dll
0x00007ffe29690000 - 0x00007ffe29698000 	C:\Program Files\Java\jre1.8.0_201\bin\npt.dll
0x00007ffe1bd70000 - 0x00007ffe1bd93000 	C:\Program Files\Java\jre1.8.0_201\bin\instrument.dll
0x00007ffe12980000 - 0x00007ffe12996000 	C:\Program Files\Java\jre1.8.0_201\bin\zip.dll
0x00007ffe2e0d0000 - 0x00007ffe2f5c8000 	C:\Windows\System32\SHELL32.dll
0x00007ffe303b0000 - 0x00007ffe30459000 	C:\Windows\System32\shcore.dll
0x00007ffe2cf60000 - 0x00007ffe2d6b4000 	C:\Windows\System32\windows.storage.dll
0x00007ffe2cf10000 - 0x00007ffe2cf34000 	C:\Windows\System32\profapi.dll
0x00007ffe2ce90000 - 0x00007ffe2ceed000 	C:\Windows\System32\powrprof.dll
0x00007ffe30960000 - 0x00007ffe309b2000 	C:\Windows\System32\shlwapi.dll
0x00007ffe2cf40000 - 0x00007ffe2cf51000 	C:\Windows\System32\kernel.appcore.dll
0x00007ffe2daf0000 - 0x00007ffe2db07000 	C:\Windows\System32\cryptsp.dll
0x00007ffe29680000 - 0x00007ffe29689000 	C:\Program Files\Java\jre1.8.0_201\bin\dt_socket.dll
0x00007ffe147d0000 - 0x00007ffe147e6000 	C:\Windows\system32\napinsp.dll
0x00007ffe147b0000 - 0x00007ffe147ca000 	C:\Windows\system32\pnrpnsp.dll
0x00007ffe2c6a0000 - 0x00007ffe2c707000 	C:\Windows\System32\mswsock.dll
0x00007ffe2c410000 - 0x00007ffe2c4d7000 	C:\Windows\SYSTEM32\DNSAPI.dll
0x00007ffe30dd0000 - 0x00007ffe30dd8000 	C:\Windows\System32\NSI.dll
0x00007ffe2c3d0000 - 0x00007ffe2c40d000 	C:\Windows\SYSTEM32\IPHLPAPI.DLL
0x00007ffe145e0000 - 0x00007ffe145ee000 	C:\Windows\System32\winrnr.dll
0x00007ffe29540000 - 0x00007ffe2955b000 	C:\Windows\system32\NLAapi.dll
0x00007ffe145c0000 - 0x00007ffe145d5000 	C:\Windows\system32\wshbth.dll
0x00007ffe23bb0000 - 0x00007ffe23c29000 	C:\Windows\System32\fwpuclnt.dll
0x00007ffe2db10000 - 0x00007ffe2db36000 	C:\Windows\System32\bcrypt.dll
0x00007ffe203d0000 - 0x00007ffe203da000 	C:\Windows\System32\rasadhlp.dll
0x00007ffe29580000 - 0x00007ffe2958d000 	C:\Program Files\Java\jre1.8.0_201\bin\management.dll
0x00007ffe104f0000 - 0x00007ffe1050a000 	C:\Program Files\Java\jre1.8.0_201\bin\net.dll
0x00007ffe1e930000 - 0x00007ffe1eb07000 	C:\Windows\SYSTEM32\urlmon.dll
0x00007ffe1ef90000 - 0x00007ffe1f238000 	C:\Windows\SYSTEM32\iertutil.dll
0x00007ffe2c820000 - 0x00007ffe2c82c000 	C:\Windows\SYSTEM32\CRYPTBASE.DLL
0x00007ffe104d0000 - 0x00007ffe104e1000 	C:\Program Files\Java\jre1.8.0_201\bin\nio.dll

VM Arguments:
jvm_args: -agentlib:jdwp=transport=dt_socket,suspend=y,address=localhost:52273 -javaagent:C:\Users\SzymonPiotrowski\eclipse\jee-2018-12\eclipse\configuration\org.eclipse.osgi\405\0\.cp\lib\javaagent-shaded.jar -Dfile.encoding=UTF-8 
java_command: com.spring.project.caleTeGym.CaleTeGymApplication
java_class_path (initial): C:\Users\SzymonPiotrowski\Desktop\Tadek\CaleTeGym\caleTeGym\target\classes;C:\Users\SzymonPiotrowski\.m2\repository\org\springframework\boot\spring-boot-starter-thymeleaf\2.1.3.RELEASE\spring-boot-starter-thymeleaf-2.1.3.RELEASE.jar;C:\Users\SzymonPiotrowski\.m2\repository\org\springframework\boot\spring-boot-starter\2.1.3.RELEASE\spring-boot-starter-2.1.3.RELEASE.jar;C:\Users\SzymonPiotrowski\.m2\repository\org\springframework\boot\spring-boot-starter-logging\2.1.3.RELEASE\spring-boot-starter-logging-2.1.3.RELEASE.jar;C:\Users\SzymonPiotrowski\.m2\repository\ch\qos\logback\logback-classic\1.2.3\logback-classic-1.2.3.jar;C:\Users\SzymonPiotrowski\.m2\repository\ch\qos\logback\logback-core\1.2.3\logback-core-1.2.3.jar;C:\Users\SzymonPiotrowski\.m2\repository\org\apache\logging\log4j\log4j-to-slf4j\2.11.2\log4j-to-slf4j-2.11.2.jar;C:\Users\SzymonPiotrowski\.m2\repository\org\apache\logging\log4j\log4j-api\2.11.2\log4j-api-2.11.2.jar;C:\Users\SzymonPiotrowski\.m2\repository\org\slf4j\jul-to-slf4j\1.7.25\jul-to-slf4j-1.7.25.jar;C:\Users\SzymonPiotrowski\.m2\repository\javax\annotation\javax.annotation-api\1.3.2\javax.annotation-api-1.3.2.jar;C:\Users\SzymonPiotrowski\.m2\repository\org\yaml\snakeyaml\1.23\snakeyaml-1.23.jar;C:\Users\SzymonPiotrowski\.m2\repository\org\thymeleaf\thymeleaf-spring5\3.0.11.RELEASE\thymeleaf-spring5-3.0.11.RELEASE.jar;C:\Users\SzymonPiotrowski\.m2\repository\org\thymeleaf\thymeleaf\3.0.11.RELEASE\thymeleaf-3.0.11.RELEASE.jar;C:\Users\SzymonPiotrowski\.m2\repository\org\attoparser\attoparser\2.0.5.RELEASE\attoparser-2.0.5.RELEASE.jar;C:\Users\SzymonPiotrowski\.m2\repository\org\unbescape\unbescape\1.1.6.RELEASE\unbescape-1.1.6.RELEASE.jar;C:\Users\SzymonPiotrowski\.m2\repository\org\slf4j\slf4j-api\1.7.25\slf4j-api-1.7.25.jar;C:\Users\SzymonPiotrowski\.m2\repository\org\thymeleaf\extras\thymeleaf-extras-java8time\3.0.3.RELEASE\thymeleaf-extras-java8time-3.0.3.RELEASE.jar;C:\Users\SzymonPiotrowski\.m2\repository\or
Launcher Type: SUN_STANDARD

Environment Variables:
PATH=C:/Program Files/Java/jre1.8.0_201/bin/server;C:/Program Files/Java/jre1.8.0_201/bin;C:/Program Files/Java/jre1.8.0_201/lib/amd64;C:\Program Files (x86)\Common Files\Oracle\Java\javapath;C:\Windows\system32;C:\Windows;C:\Windows\System32\Wbem;C:\Windows\System32\WindowsPowerShell\v1.0\;C:\Windows\System32\OpenSSH\;C:\Program Files\Git\cmd;C:\Program Files\nodejs\;C:\Users\SzymonPiotrowski\AppData\Local\Programs\Python\Python37-32\Scripts\;C:\Users\SzymonPiotrowski\AppData\Local\Programs\Python\Python37-32\;C:\Program Files (x86)\Common Files\Oracle\Java\javapath;C:\Windows\system32;C:\Windows;C:\Windows\System32\Wbem;C:\Windows\System32\WindowsPowerShell\v1.0\;C:\Windows\System32\OpenSSH\;C:\Program Files\Git\cmd;C:\Users\SzymonPiotrowski\AppData\Local\Microsoft\WindowsApps;C:\Users\SzymonPiotrowski\AppData\Local\Programs\Microsoft VS Code\bin;C:\Python34\Scripts;C:\Users\SzymonPiotrowski\AppData\Roaming\npm;C:\Users\SzymonPiotrowski\Desktop;
USERNAME=SzymonPiotrowski
OS=Windows_NT
PROCESSOR_IDENTIFIER=Intel64 Family 6 Model 60 Stepping 3, GenuineIntel



---------------  S Y S T E M  ---------------

OS: Windows 10.0 , 64 bit Build 17763 (10.0.17763.1339)

CPU:total 4 (initial active 4) (4 cores per cpu, 1 threads per core) family 6 model 60 stepping 3, cmov, cx8, fxsr, mmx, sse, sse2, sse3, ssse3, sse4.1, sse4.2, popcnt, avx, avx2, aes, clmul, erms, lzcnt, tsc, tscinvbit, bmi1, bmi2

Memory: 4k page, physical 8248480k(198720k free), swap 29127660k(2572k free)

vm_info: Java HotSpot(TM) 64-Bit Server VM (25.201-b09) for windows-amd64 JRE (1.8.0_201-b09), built on Dec 15 2018 18:36:39 by "java_re" with MS VC++ 10.0 (VS2010)

time: Thu Jul 16 12:05:17 2020
timezone: Srodkowoeuropejski czas letni
elapsed time: 261 seconds (0d 0h 4m 21s)

