#
# There is insufficient memory for the Java Runtime Environment to continue.
# Native memory allocation (malloc) failed to allocate 145216 bytes for Chunk::new
# Possible reasons:
#   The system is out of physical RAM or swap space
#   The process is running with CompressedOops enabled, and the Java Heap may be blocking the growth of the native heap
# Possible solutions:
#   Reduce memory load on the system
#   Increase physical memory or swap space
#   Check if swap backing store is full
#   Decrease Java heap size (-Xmx/-Xms)
#   Decrease number of Java threads
#   Decrease Java thread stack sizes (-Xss)
#   Set larger code cache with -XX:ReservedCodeCacheSize=
#   JVM is running with Unscaled Compressed Oops mode in which the Java heap is
#     placed in the first 4GB address space. The Java Heap base address is the
#     maximum limit for the native heap growth. Please use -XX:HeapBaseMinAddress
#     to set the Java Heap base and to place the Java Heap above 4GB virtual address.
# This output file may be truncated or incomplete.
#
#  Out of Memory Error (allocation.cpp:390), pid=2376, tid=0x000000000000472c
#
# JRE version: Java(TM) SE Runtime Environment (8.0_201-b09) (build 1.8.0_201-b09)
# Java VM: Java HotSpot(TM) 64-Bit Server VM (25.201-b09 mixed mode windows-amd64 compressed oops)
# Failed to write core dump. Minidumps are not enabled by default on client versions of Windows
#

---------------  T H R E A D  ---------------

Current thread (0x00000000195be000):  JavaThread "C2 CompilerThread0" daemon [_thread_in_native, id=18220, stack(0x00000000195f0000,0x00000000196f0000)]

Stack: [0x00000000195f0000,0x00000000196f0000]
[error occurred during error reporting (printing stack bounds), id 0xc0000005]

Native frames: (J=compiled Java code, j=interpreted, Vv=VM code, C=native code)


Current CompileTask:
C2: 271488 3119       4       org.springframework.boot.context.properties.source.ConfigurationPropertyName::equals (119 bytes)


---------------  P R O C E S S  ---------------

Java Threads: ( => current thread )
  0x0000000019ebb800 JavaThread "restartedMain" [_thread_in_vm, id=4952, stack(0x000000001dce0000,0x000000001dde0000)]
  0x000000001e814000 JavaThread "Thread-0" [_thread_blocked, id=11668, stack(0x000000001dbe0000,0x000000001dce0000)]
  0x0000000019730800 JavaThread "Service Thread" daemon [_thread_blocked, id=17584, stack(0x000000001a0f0000,0x000000001a1f0000)]
  0x00000000195cc000 JavaThread "C1 CompilerThread2" daemon [_thread_in_native, id=18412, stack(0x0000000019ff0000,0x000000001a0f0000)]
  0x000000001972a800 JavaThread "C2 CompilerThread1" daemon [_thread_in_native, id=18324, stack(0x0000000019ef0000,0x0000000019ff0000)]
=>0x00000000195be000 JavaThread "C2 CompilerThread0" daemon [_thread_in_native, id=18220, stack(0x00000000195f0000,0x00000000196f0000)]
  0x0000000017550800 JavaThread "JDWP Command Reader" daemon [_thread_in_native, id=9464, stack(0x00000000190f0000,0x00000000191f0000)]
  0x000000001754f800 JavaThread "JDWP Event Helper Thread" daemon [_thread_blocked, id=5580, stack(0x0000000018ff0000,0x00000000190f0000)]
  0x000000001754b800 JavaThread "JDWP Transport Listener: dt_socket" daemon [_thread_blocked, id=10584, stack(0x0000000018ef0000,0x0000000018ff0000)]
  0x0000000017538800 JavaThread "Attach Listener" daemon [_thread_blocked, id=15188, stack(0x0000000018ab0000,0x0000000018bb0000)]
  0x0000000017535800 JavaThread "Signal Dispatcher" daemon [_thread_blocked, id=10420, stack(0x00000000189b0000,0x0000000018ab0000)]
  0x0000000017520000 JavaThread "Finalizer" daemon [_thread_blocked, id=10700, stack(0x00000000187a0000,0x00000000188a0000)]
  0x0000000002a58000 JavaThread "Reference Handler" daemon [_thread_blocked, id=9348, stack(0x00000000186a0000,0x00000000187a0000)]
  0x0000000002967000 JavaThread "main" [_thread_blocked, id=8960, stack(0x0000000002600000,0x0000000002700000)]

Other Threads:
  0x00000000174f8000 VMThread [stack: 0x00000000185a0000,0x00000000186a0000] [id=7980]
  0x00000000197e8000 WatcherThread [stack: 0x000000001a1f0000,0x000000001a2f0000] [id=17192]

VM state:not at safepoint (normal execution)

VM Mutex/Monitor currently owned by a thread: None

heap address: 0x0000000082200000, size: 2014 MB, Compressed Oops mode: 32-bit
Narrow klass base: 0x0000000000000000, Narrow klass shift: 3
Compressed class space size: 1073741824 Address: 0x0000000100000000

Heap:
 PSYoungGen      total 218624K, used 110751K [0x00000000d6100000, 0x00000000e7100000, 0x0000000100000000)
  eden space 211456K, 49% used [0x00000000d6100000,0x00000000dc6595d0,0x00000000e2f80000)
  from space 7168K, 97% used [0x00000000e6a00000,0x00000000e70ce690,0x00000000e7100000)
  to   space 9216K, 0% used [0x00000000e5f00000,0x00000000e5f00000,0x00000000e6800000)
 ParOldGen       total 52224K, used 6275K [0x0000000082200000, 0x0000000085500000, 0x00000000d6100000)
  object space 52224K, 12% used [0x0000000082200000,0x0000000082820c08,0x0000000085500000)
 Metaspace       used 28740K, capacity 29804K, committed 30080K, reserved 1077248K
  class space    used 3681K, capacity 3912K, committed 3968K, reserved 1048576K

Card table byte_map: [0x0000000011e20000,0x0000000012210000] byte_map_base: 0x0000000011a0f000

Marking Bits: (ParMarkBitMap*) 0x0000000075e94ce0
 Begin Bits: [0x00000000128b0000, 0x0000000014828000)
 End Bits:   [0x0000000014828000, 0x00000000167a0000)

Polling page: 0x0000000000d90000

CodeCache: size=245760Kb used=11529Kb max_used=11539Kb free=234230Kb
 bounds [0x0000000002a60000, 0x00000000035b0000, 0x0000000011a60000]
 total_blobs=3242 nmethods=2841 adapters=321
 compilation: enabled

Compilation events (10 events):
Event: 261.637 Thread 0x00000000195cc000 3120       3       org.springframework.core.ResolvableType::forType (7 bytes)
Event: 261.637 Thread 0x00000000195cc000 nmethod 3120 0x00000000035a8c50 code [0x00000000035a8dc0, 0x00000000035a8f48]
Event: 261.638 Thread 0x00000000195cc000 3121       3       org.springframework.beans.factory.support.AbstractBeanDefinition::<init> (7 bytes)
Event: 261.638 Thread 0x00000000195cc000 nmethod 3121 0x00000000035a8fd0 code [0x00000000035a9140, 0x00000000035a92e8]
Event: 261.638 Thread 0x00000000195cc000 3122       3       org.springframework.beans.factory.support.AbstractBeanDefinition::<init> (92 bytes)
Event: 261.639 Thread 0x00000000195cc000 nmethod 3122 0x00000000035a9390 code [0x00000000035a9540, 0x00000000035a9c10]
Event: 261.639 Thread 0x00000000195cc000 3123       3       java.util.stream.ReferencePipeline$3$1::accept (23 bytes)
Event: 261.639 Thread 0x00000000195cc000 nmethod 3123 0x00000000035aa050 code [0x00000000035aa1c0, 0x00000000035aa4b8]
Event: 261.641 Thread 0x00000000195cc000 3124       3       java.lang.reflect.AccessibleObject::getAnnotations (5 bytes)
Event: 261.641 Thread 0x00000000195cc000 nmethod 3124 0x00000000035aa5d0 code [0x00000000035aa740, 0x00000000035aa968]

GC Heap History (10 events):
Event: 141.764 GC heap before
{Heap before GC invocations=3 (full 0):
 PSYoungGen      total 70656K, used 68320K [0x00000000d6100000, 0x00000000dab00000, 0x0000000100000000)
  eden space 65536K, 100% used [0x00000000d6100000,0x00000000da100000,0x00000000da100000)
  from space 5120K, 54% used [0x00000000da600000,0x00000000da8b83f0,0x00000000dab00000)
  to   space 5120K, 0% used [0x00000000da100000,0x00000000da100000,0x00000000da600000)
 ParOldGen       total 86016K, used 8K [0x0000000082200000, 0x0000000087600000, 0x00000000d6100000)
  object space 86016K, 0% used [0x0000000082200000,0x0000000082202000,0x0000000087600000)
 Metaspace       used 13403K, capacity 13724K, committed 13824K, reserved 1060864K
  class space    used 1615K, capacity 1725K, committed 1792K, reserved 1048576K
Event: 142.777 GC heap after
Heap after GC invocations=3 (full 0):
 PSYoungGen      total 70656K, used 5088K [0x00000000d6100000, 0x00000000deb00000, 0x0000000100000000)
  eden space 65536K, 0% used [0x00000000d6100000,0x00000000d6100000,0x00000000da100000)
  from space 5120K, 99% used [0x00000000da100000,0x00000000da5f80e8,0x00000000da600000)
  to   space 5120K, 0% used [0x00000000de600000,0x00000000de600000,0x00000000deb00000)
 ParOldGen       total 86016K, used 814K [0x0000000082200000, 0x0000000087600000, 0x00000000d6100000)
  object space 86016K, 0% used [0x0000000082200000,0x00000000822cbb88,0x0000000087600000)
 Metaspace       used 13403K, capacity 13724K, committed 13824K, reserved 1060864K
  class space    used 1615K, capacity 1725K, committed 1792K, reserved 1048576K
}
Event: 153.345 GC heap before
{Heap before GC invocations=4 (full 0):
 PSYoungGen      total 70656K, used 70624K [0x00000000d6100000, 0x00000000deb00000, 0x0000000100000000)
  eden space 65536K, 100% used [0x00000000d6100000,0x00000000da100000,0x00000000da100000)
  from space 5120K, 99% used [0x00000000da100000,0x00000000da5f80e8,0x00000000da600000)
  to   space 5120K, 0% used [0x00000000de600000,0x00000000de600000,0x00000000deb00000)
 ParOldGen       total 86016K, used 814K [0x0000000082200000, 0x0000000087600000, 0x00000000d6100000)
  object space 86016K, 0% used [0x0000000082200000,0x00000000822cbb88,0x0000000087600000)
 Metaspace       used 17193K, capacity 17540K, committed 17664K, reserved 1064960K
  class space    used 2087K, capacity 2229K, committed 2304K, reserved 1048576K
Event: 153.594 GC heap after
Heap after GC invocations=4 (full 0):
 PSYoungGen      total 136192K, used 5089K [0x00000000d6100000, 0x00000000deb00000, 0x0000000100000000)
  eden space 131072K, 0% used [0x00000000d6100000,0x00000000d6100000,0x00000000de100000)
  from space 5120K, 99% used [0x00000000de600000,0x00000000deaf8430,0x00000000deb00000)
  to   space 5120K, 0% used [0x00000000de100000,0x00000000de100000,0x00000000de600000)
 ParOldGen       total 86016K, used 3169K [0x0000000082200000, 0x0000000087600000, 0x00000000d6100000)
  object space 86016K, 3% used [0x0000000082200000,0x0000000082518728,0x0000000087600000)
 Metaspace       used 17193K, capacity 17540K, committed 17664K, reserved 1064960K
  class space    used 2087K, capacity 2229K, committed 2304K, reserved 1048576K
}
Event: 163.599 GC heap before
{Heap before GC invocations=5 (full 0):
 PSYoungGen      total 136192K, used 35291K [0x00000000d6100000, 0x00000000deb00000, 0x0000000100000000)
  eden space 131072K, 23% used [0x00000000d6100000,0x00000000d7e7eb88,0x00000000de100000)
  from space 5120K, 99% used [0x00000000de600000,0x00000000deaf8430,0x00000000deb00000)
  to   space 5120K, 0% used [0x00000000de100000,0x00000000de100000,0x00000000de600000)
 ParOldGen       total 86016K, used 3169K [0x0000000082200000, 0x0000000087600000, 0x00000000d6100000)
  object space 86016K, 3% used [0x0000000082200000,0x0000000082518728,0x0000000087600000)
 Metaspace       used 20722K, capacity 21154K, committed 21248K, reserved 1067008K
  class space    used 2585K, capacity 2734K, committed 2816K, reserved 1048576K
Event: 164.869 GC heap after
Heap after GC invocations=5 (full 0):
 PSYoungGen      total 136192K, used 5092K [0x00000000d6100000, 0x00000000e7300000, 0x0000000100000000)
  eden space 131072K, 0% used [0x00000000d6100000,0x00000000d6100000,0x00000000de100000)
  from space 5120K, 99% used [0x00000000de100000,0x00000000de5f9330,0x00000000de600000)
  to   space 9216K, 0% used [0x00000000e6a00000,0x00000000e6a00000,0x00000000e7300000)
 ParOldGen       total 86016K, used 4492K [0x0000000082200000, 0x0000000087600000, 0x00000000d6100000)
  object space 86016K, 5% used [0x0000000082200000,0x0000000082663288,0x0000000087600000)
 Metaspace       used 20722K, capacity 21154K, committed 21248K, reserved 1067008K
  class space    used 2585K, capacity 2734K, committed 2816K, reserved 1048576K
}
Event: 164.869 GC heap before
{Heap before GC invocations=6 (full 1):
 PSYoungGen      total 136192K, used 5092K [0x00000000d6100000, 0x00000000e7300000, 0x0000000100000000)
  eden space 131072K, 0% used [0x00000000d6100000,0x00000000d6100000,0x00000000de100000)
  from space 5120K, 99% used [0x00000000de100000,0x00000000de5f9330,0x00000000de600000)
  to   space 9216K, 0% used [0x00000000e6a00000,0x00000000e6a00000,0x00000000e7300000)
 ParOldGen       total 86016K, used 4492K [0x0000000082200000, 0x0000000087600000, 0x00000000d6100000)
  object space 86016K, 5% used [0x0000000082200000,0x0000000082663288,0x0000000087600000)
 Metaspace       used 20722K, capacity 21154K, committed 21248K, reserved 1067008K
  class space    used 2585K, capacity 2734K, committed 2816K, reserved 1048576K
Event: 171.479 GC heap after
Heap after GC invocations=6 (full 1):
 PSYoungGen      total 136192K, used 0K [0x00000000d6100000, 0x00000000e7300000, 0x0000000100000000)
  eden space 131072K, 0% used [0x00000000d6100000,0x00000000d6100000,0x00000000de100000)
  from space 5120K, 0% used [0x00000000de100000,0x00000000de100000,0x00000000de600000)
  to   space 9216K, 0% used [0x00000000e6a00000,0x00000000e6a00000,0x00000000e7300000)
 ParOldGen       total 52224K, used 6267K [0x0000000082200000, 0x0000000085500000, 0x00000000d6100000)
  object space 52224K, 12% used [0x0000000082200000,0x000000008281ec08,0x0000000085500000)
 Metaspace       used 20722K, capacity 21154K, committed 21248K, reserved 1067008K
  class space    used 2585K, capacity 2734K, committed 2816K, reserved 1048576K
}
Event: 227.674 GC heap before
{Heap before GC invocations=7 (full 1):
 PSYoungGen      total 136192K, used 131053K [0x00000000d6100000, 0x00000000e7300000, 0x0000000100000000)
  eden space 131072K, 99% used [0x00000000d6100000,0x00000000de0fb620,0x00000000de100000)
  from space 5120K, 0% used [0x00000000de100000,0x00000000de100000,0x00000000de600000)
  to   space 9216K, 0% used [0x00000000e6a00000,0x00000000e6a00000,0x00000000e7300000)
 ParOldGen       total 52224K, used 6267K [0x0000000082200000, 0x0000000085500000, 0x00000000d6100000)
  object space 52224K, 12% used [0x0000000082200000,0x000000008281ec08,0x0000000085500000)
 Metaspace       used 25450K, capacity 26112K, committed 26240K, reserved 1073152K
  class space    used 3202K, capacity 3416K, committed 3456K, reserved 1048576K
Event: 227.800 GC heap after
Heap after GC invocations=7 (full 1):
 PSYoungGen      total 218624K, used 6969K [0x00000000d6100000, 0x00000000e7100000, 0x0000000100000000)
  eden space 211456K, 0% used [0x00000000d6100000,0x00000000d6100000,0x00000000e2f80000)
  from space 7168K, 97% used [0x00000000e6a00000,0x00000000e70ce690,0x00000000e7100000)
  to   space 9216K, 0% used [0x00000000e5f00000,0x00000000e5f00000,0x00000000e6800000)
 ParOldGen       total 52224K, used 6275K [0x0000000082200000, 0x0000000085500000, 0x00000000d6100000)
  object space 52224K, 12% used [0x0000000082200000,0x0000000082820c08,0x0000000085500000)
 Metaspace       used 25450K, capacity 26112K, committed 26240K, reserved 1073152K
  class space    used 3202K, capacity 3416K, committed 3456K, reserved 1048576K
}

Deoptimization events (10 events):
Event: 261.629 Thread 0x0000000019ebb800 Uncommon trap: reason=unhandled action=none pc=0x000000000311c768 method=java.net.URLClassLoader.findClass(Ljava/lang/String;)Ljava/lang/Class; @ 44
Event: 261.630 Thread 0x0000000019ebb800 Uncommon trap: reason=unhandled action=none pc=0x000000000311c768 method=java.net.URLClassLoader.findClass(Ljava/lang/String;)Ljava/lang/Class; @ 44
Event: 261.630 Thread 0x0000000019ebb800 Uncommon trap: reason=unhandled action=none pc=0x000000000311c768 method=java.net.URLClassLoader.findClass(Ljava/lang/String;)Ljava/lang/Class; @ 44
Event: 261.635 Thread 0x0000000019ebb800 Uncommon trap: reason=unhandled action=none pc=0x000000000337eb54 method=java.net.URLClassLoader.findClass(Ljava/lang/String;)Ljava/lang/Class; @ 44
Event: 261.635 Thread 0x0000000019ebb800 Uncommon trap: reason=unhandled action=none pc=0x000000000311c768 method=java.net.URLClassLoader.findClass(Ljava/lang/String;)Ljava/lang/Class; @ 44
Event: 261.637 Thread 0x0000000019ebb800 Uncommon trap: reason=unhandled action=none pc=0x000000000337eb54 method=java.net.URLClassLoader.findClass(Ljava/lang/String;)Ljava/lang/Class; @ 44
Event: 261.637 Thread 0x0000000019ebb800 Uncommon trap: reason=unhandled action=none pc=0x000000000311c768 method=java.net.URLClassLoader.findClass(Ljava/lang/String;)Ljava/lang/Class; @ 44
Event: 261.638 Thread 0x0000000019ebb800 Uncommon trap: reason=unhandled action=none pc=0x000000000337eb54 method=java.net.URLClassLoader.findClass(Ljava/lang/String;)Ljava/lang/Class; @ 44
Event: 261.638 Thread 0x0000000019ebb800 Uncommon trap: reason=unhandled action=none pc=0x000000000311c768 method=java.net.URLClassLoader.findClass(Ljava/lang/String;)Ljava/lang/Class; @ 44
Event: 261.641 Thread 0x0000000019ebb800 Uncommon trap: reason=unhandled action=none pc=0x000000000311c768 method=java.net.URLClassLoader.findClass(Ljava/lang/String;)Ljava/lang/Class; @ 44

Classes redefined (0 events):
No events

Internal exceptions (10 events):
Event: 261.614 Thread 0x0000000019ebb800 Exception <a 'java/lang/ArrayIndexOutOfBoundsException': 26> (0x00000000dbaece68) thrown at [C:\re\workspace\8-2-build-windows-amd64-cygwin\jdk8u201\12322\hotspot\src\share\vm\interpreter\interpreterRuntime.cpp, line 368]
Event: 261.614 Thread 0x0000000019ebb800 Exception <a 'java/lang/ArrayIndexOutOfBoundsException': 26> (0x00000000dbaee9a0) thrown at [C:\re\workspace\8-2-build-windows-amd64-cygwin\jdk8u201\12322\hotspot\src\share\vm\interpreter\interpreterRuntime.cpp, line 368]
Event: 261.615 Thread 0x0000000019ebb800 Exception <a 'java/lang/ArrayIndexOutOfBoundsException': 26> (0x00000000dbaf0468) thrown at [C:\re\workspace\8-2-build-windows-amd64-cygwin\jdk8u201\12322\hotspot\src\share\vm\interpreter\interpreterRuntime.cpp, line 368]
Event: 261.615 Thread 0x0000000019ebb800 Exception <a 'java/lang/ArrayIndexOutOfBoundsException': 26> (0x00000000dbaf1f90) thrown at [C:\re\workspace\8-2-build-windows-amd64-cygwin\jdk8u201\12322\hotspot\src\share\vm\interpreter\interpreterRuntime.cpp, line 368]
Event: 261.615 Thread 0x0000000019ebb800 Exception <a 'java/lang/ArrayIndexOutOfBoundsException': 26> (0x00000000dbaf3ab8) thrown at [C:\re\workspace\8-2-build-windows-amd64-cygwin\jdk8u201\12322\hotspot\src\share\vm\interpreter\interpreterRuntime.cpp, line 368]
Event: 261.616 Thread 0x0000000019ebb800 Exception <a 'java/lang/ArrayIndexOutOfBoundsException': 26> (0x00000000dbaf56d0) thrown at [C:\re\workspace\8-2-build-windows-amd64-cygwin\jdk8u201\12322\hotspot\src\share\vm\interpreter\interpreterRuntime.cpp, line 368]
Event: 261.616 Thread 0x0000000019ebb800 Exception <a 'java/lang/ArrayIndexOutOfBoundsException': 26> (0x00000000dbaf71f8) thrown at [C:\re\workspace\8-2-build-windows-amd64-cygwin\jdk8u201\12322\hotspot\src\share\vm\interpreter\interpreterRuntime.cpp, line 368]
Event: 261.616 Thread 0x0000000019ebb800 Exception <a 'java/lang/ArrayIndexOutOfBoundsException': 26> (0x00000000dbaf8cc0) thrown at [C:\re\workspace\8-2-build-windows-amd64-cygwin\jdk8u201\12322\hotspot\src\share\vm\interpreter\interpreterRuntime.cpp, line 368]
Event: 261.616 Thread 0x0000000019ebb800 Exception <a 'java/lang/ArrayIndexOutOfBoundsException': 26> (0x00000000dbafa7f0) thrown at [C:\re\workspace\8-2-build-windows-amd64-cygwin\jdk8u201\12322\hotspot\src\share\vm\interpreter\interpreterRuntime.cpp, line 368]
Event: 261.616 Thread 0x0000000019ebb800 Exception <a 'java/lang/ArrayIndexOutOfBoundsException': 26> (0x00000000dbafc2b8) thrown at [C:\re\workspace\8-2-build-windows-amd64-cygwin\jdk8u201\12322\hotspot\src\share\vm\interpreter\interpreterRuntime.cpp, line 368]

Events (10 events):
Event: 261.638 loading class org/springframework/boot/devtools/autoconfigure/DevToolsProperties
Event: 261.638 loading class org/springframework/boot/devtools/autoconfigure/DevToolsProperties done
Event: 261.638 Thread 0x0000000019ebb800 Uncommon trap: trap_request=0xffffffa7 fr.pc=0x000000000311c768
Event: 261.638 Thread 0x0000000019ebb800 DEOPT PACKING pc=0x000000000311c768 sp=0x000000001dddd590
Event: 261.638 Thread 0x0000000019ebb800 DEOPT UNPACKING pc=0x0000000002aa583b sp=0x000000001dddd488 mode 2
Event: 261.641 loading class org/springframework/boot/autoconfigure/web/ServerProperties$Servlet
Event: 261.641 loading class org/springframework/boot/autoconfigure/web/ServerProperties$Servlet done
Event: 261.641 Thread 0x0000000019ebb800 Uncommon trap: trap_request=0xffffffa7 fr.pc=0x000000000311c768
Event: 261.641 Thread 0x0000000019ebb800 DEOPT PACKING pc=0x000000000311c768 sp=0x000000001ddddae0
Event: 261.641 Thread 0x0000000019ebb800 DEOPT UNPACKING pc=0x0000000002aa583b sp=0x000000001dddd9d8 mode 2


Dynamic libraries:
0x00007ff7e36e0000 - 0x00007ff7e3717000 	C:\Program Files\Java\jre1.8.0_201\bin\javaw.exe
0x00007ffe30eb0000 - 0x00007ffe3109d000 	C:\Windows\SYSTEM32\ntdll.dll
0x00007ffe10b80000 - 0x00007ffe10b93000 	C:\Program Files\AVAST Software\Avast\aswhook.dll
0x00007ffe302e0000 - 0x00007ffe30393000 	C:\Windows\System32\KERNEL32.DLL
0x00007ffe2d7d0000 - 0x00007ffe2da65000 	C:\Windows\System32\KERNELBASE.dll
0x00007ffe30500000 - 0x00007ffe305a3000 	C:\Windows\System32\ADVAPI32.dll
0x00007ffe30460000 - 0x00007ffe304fe000 	C:\Windows\System32\msvcrt.dll
0x00007ffe30de0000 - 0x00007ffe30e7e000 	C:\Windows\System32\sechost.dll
0x00007ffe30b40000 - 0x00007ffe30c62000 	C:\Windows\System32\RPCRT4.dll
0x00007ffe2f770000 - 0x00007ffe2f907000 	C:\Windows\System32\USER32.dll
0x00007ffe2ddd0000 - 0x00007ffe2ddf0000 	C:\Windows\System32\win32u.dll
0x00007ffe30870000 - 0x00007ffe30899000 	C:\Windows\System32\GDI32.dll
0x00007ffe2dc30000 - 0x00007ffe2ddcb000 	C:\Windows\System32\gdi32full.dll
0x00007ffe2db40000 - 0x00007ffe2dbe0000 	C:\Windows\System32\msvcp_win.dll
0x00007ffe2dfd0000 - 0x00007ffe2e0ca000 	C:\Windows\System32\ucrtbase.dll
0x00007ffe1e500000 - 0x00007ffe1e779000 	C:\Windows\WinSxS\amd64_microsoft.windows.common-controls_6595b64144ccf1df_6.0.17763.1339_none_de7015e4534c7114\COMCTL32.dll
0x00007ffe2fa60000 - 0x00007ffe2fd8c000 	C:\Windows\System32\combase.dll
0x00007ffe2da70000 - 0x00007ffe2daee000 	C:\Windows\System32\bcryptPrimitives.dll
0x00007ffe2f5d0000 - 0x00007ffe2f5fe000 	C:\Windows\System32\IMM32.DLL
0x0000000075030000 - 0x0000000075101000 	C:\Program Files\Java\jre1.8.0_201\bin\msvcr100.dll
0x0000000075670000 - 0x0000000075f14000 	C:\Program Files\Java\jre1.8.0_201\bin\server\jvm.dll
0x00007ffe305b0000 - 0x00007ffe305b8000 	C:\Windows\System32\PSAPI.DLL
0x00007ffe1aa20000 - 0x00007ffe1aa29000 	C:\Windows\SYSTEM32\WSOCK32.dll
0x00007ffe2fdf0000 - 0x00007ffe2fe5d000 	C:\Windows\System32\WS2_32.dll
0x00007ffe29970000 - 0x00007ffe29994000 	C:\Windows\SYSTEM32\WINMM.dll
0x00007ffe27c00000 - 0x00007ffe27c0a000 	C:\Windows\SYSTEM32\VERSION.dll
0x00007ffe29940000 - 0x00007ffe2996d000 	C:\Windows\SYSTEM32\WINMMBASE.dll
0x00007ffe2dbe0000 - 0x00007ffe2dc2a000 	C:\Windows\System32\cfgmgr32.dll
0x00007ffe12ac0000 - 0x00007ffe12acf000 	C:\Program Files\Java\jre1.8.0_201\bin\verify.dll
0x00007ffe12a90000 - 0x00007ffe12ab9000 	C:\Program Files\Java\jre1.8.0_201\bin\java.dll
0x00007ffe1bda0000 - 0x00007ffe1bdd5000 	C:\Program Files\Java\jre1.8.0_201\bin\jdwp.dll
0x00007ffe29690000 - 0x00007ffe29698000 	C:\Program Files\Java\jre1.8.0_201\bin\npt.dll
0x00007ffe1bd70000 - 0x00007ffe1bd93000 	C:\Program Files\Java\jre1.8.0_201\bin\instrument.dll
0x00007ffe12980000 - 0x00007ffe12996000 	C:\Program Files\Java\jre1.8.0_201\bin\zip.dll
0x00007ffe2e0d0000 - 0x00007ffe2f5c8000 	C:\Windows\System32\SHELL32.dll
0x00007ffe303b0000 - 0x00007ffe30459000 	C:\Windows\System32\shcore.dll
0x00007ffe2cf60000 - 0x00007ffe2d6b4000 	C:\Windows\System32\windows.storage.dll
0x00007ffe2cf10000 - 0x00007ffe2cf34000 	C:\Windows\System32\profapi.dll
0x00007ffe2ce90000 - 0x00007ffe2ceed000 	C:\Windows\System32\powrprof.dll
0x00007ffe30960000 - 0x00007ffe309b2000 	C:\Windows\System32\shlwapi.dll
0x00007ffe2cf40000 - 0x00007ffe2cf51000 	C:\Windows\System32\kernel.appcore.dll
0x00007ffe2daf0000 - 0x00007ffe2db07000 	C:\Windows\System32\cryptsp.dll
0x00007ffe29680000 - 0x00007ffe29689000 	C:\Program Files\Java\jre1.8.0_201\bin\dt_socket.dll
0x00007ffe147d0000 - 0x00007ffe147e6000 	C:\Windows\system32\napinsp.dll
0x00007ffe147b0000 - 0x00007ffe147ca000 	C:\Windows\system32\pnrpnsp.dll
0x00007ffe2c6a0000 - 0x00007ffe2c707000 	C:\Windows\System32\mswsock.dll
0x00007ffe2c410000 - 0x00007ffe2c4d7000 	C:\Windows\SYSTEM32\DNSAPI.dll
0x00007ffe30dd0000 - 0x00007ffe30dd8000 	C:\Windows\System32\NSI.dll
0x00007ffe2c3d0000 - 0x00007ffe2c40d000 	C:\Windows\SYSTEM32\IPHLPAPI.DLL
0x00007ffe145e0000 - 0x00007ffe145ee000 	C:\Windows\System32\winrnr.dll
0x00007ffe29540000 - 0x00007ffe2955b000 	C:\Windows\system32\NLAapi.dll
0x00007ffe145c0000 - 0x00007ffe145d5000 	C:\Windows\system32\wshbth.dll
0x00007ffe23bb0000 - 0x00007ffe23c29000 	C:\Windows\System32\fwpuclnt.dll
0x00007ffe2db10000 - 0x00007ffe2db36000 	C:\Windows\System32\bcrypt.dll
0x00007ffe203d0000 - 0x00007ffe203da000 	C:\Windows\System32\rasadhlp.dll
0x00007ffe29580000 - 0x00007ffe2958d000 	C:\Program Files\Java\jre1.8.0_201\bin\management.dll
0x00007ffe104f0000 - 0x00007ffe1050a000 	C:\Program Files\Java\jre1.8.0_201\bin\net.dll
0x00007ffe1e930000 - 0x00007ffe1eb07000 	C:\Windows\SYSTEM32\urlmon.dll
0x00007ffe1ef90000 - 0x00007ffe1f238000 	C:\Windows\SYSTEM32\iertutil.dll
0x00007ffe2c820000 - 0x00007ffe2c82c000 	C:\Windows\SYSTEM32\CRYPTBASE.DLL
0x00007ffe104d0000 - 0x00007ffe104e1000 	C:\Program Files\Java\jre1.8.0_201\bin\nio.dll

VM Arguments:
jvm_args: -agentlib:jdwp=transport=dt_socket,suspend=y,address=localhost:52277 -javaagent:C:\Users\SzymonPiotrowski\eclipse\jee-2018-12\eclipse\configuration\org.eclipse.osgi\405\0\.cp\lib\javaagent-shaded.jar -Dfile.encoding=UTF-8 
java_command: com.spring.project.caleTeGym.CaleTeGymApplication
java_class_path (initial): C:\Users\SzymonPiotrowski\Desktop\Tadek\CaleTeGym\caleTeGym\target\classes;C:\Users\SzymonPiotrowski\.m2\repository\org\springframework\boot\spring-boot-starter-thymeleaf\2.1.3.RELEASE\spring-boot-starter-thymeleaf-2.1.3.RELEASE.jar;C:\Users\SzymonPiotrowski\.m2\repository\org\springframework\boot\spring-boot-starter\2.1.3.RELEASE\spring-boot-starter-2.1.3.RELEASE.jar;C:\Users\SzymonPiotrowski\.m2\repository\org\springframework\boot\spring-boot-starter-logging\2.1.3.RELEASE\spring-boot-starter-logging-2.1.3.RELEASE.jar;C:\Users\SzymonPiotrowski\.m2\repository\ch\qos\logback\logback-classic\1.2.3\logback-classic-1.2.3.jar;C:\Users\SzymonPiotrowski\.m2\repository\ch\qos\logback\logback-core\1.2.3\logback-core-1.2.3.jar;C:\Users\SzymonPiotrowski\.m2\repository\org\apache\logging\log4j\log4j-to-slf4j\2.11.2\log4j-to-slf4j-2.11.2.jar;C:\Users\SzymonPiotrowski\.m2\repository\org\apache\logging\log4j\log4j-api\2.11.2\log4j-api-2.11.2.jar;C:\Users\SzymonPiotrowski\.m2\repository\org\slf4j\jul-to-slf4j\1.7.25\jul-to-slf4j-1.7.25.jar;C:\Users\SzymonPiotrowski\.m2\repository\javax\annotation\javax.annotation-api\1.3.2\javax.annotation-api-1.3.2.jar;C:\Users\SzymonPiotrowski\.m2\repository\org\yaml\snakeyaml\1.23\snakeyaml-1.23.jar;C:\Users\SzymonPiotrowski\.m2\repository\org\thymeleaf\thymeleaf-spring5\3.0.11.RELEASE\thymeleaf-spring5-3.0.11.RELEASE.jar;C:\Users\SzymonPiotrowski\.m2\repository\org\thymeleaf\thymeleaf\3.0.11.RELEASE\thymeleaf-3.0.11.RELEASE.jar;C:\Users\SzymonPiotrowski\.m2\repository\org\attoparser\attoparser\2.0.5.RELEASE\attoparser-2.0.5.RELEASE.jar;C:\Users\SzymonPiotrowski\.m2\repository\org\unbescape\unbescape\1.1.6.RELEASE\unbescape-1.1.6.RELEASE.jar;C:\Users\SzymonPiotrowski\.m2\repository\org\slf4j\slf4j-api\1.7.25\slf4j-api-1.7.25.jar;C:\Users\SzymonPiotrowski\.m2\repository\org\thymeleaf\extras\thymeleaf-extras-java8time\3.0.3.RELEASE\thymeleaf-extras-java8time-3.0.3.RELEASE.jar;C:\Users\SzymonPiotrowski\.m2\repository\or
Launcher Type: SUN_STANDARD

Environment Variables:
PATH=C:/Program Files/Java/jre1.8.0_201/bin/server;C:/Program Files/Java/jre1.8.0_201/bin;C:/Program Files/Java/jre1.8.0_201/lib/amd64;C:\Program Files (x86)\Common Files\Oracle\Java\javapath;C:\Windows\system32;C:\Windows;C:\Windows\System32\Wbem;C:\Windows\System32\WindowsPowerShell\v1.0\;C:\Windows\System32\OpenSSH\;C:\Program Files\Git\cmd;C:\Program Files\nodejs\;C:\Users\SzymonPiotrowski\AppData\Local\Programs\Python\Python37-32\Scripts\;C:\Users\SzymonPiotrowski\AppData\Local\Programs\Python\Python37-32\;C:\Program Files (x86)\Common Files\Oracle\Java\javapath;C:\Windows\system32;C:\Windows;C:\Windows\System32\Wbem;C:\Windows\System32\WindowsPowerShell\v1.0\;C:\Windows\System32\OpenSSH\;C:\Program Files\Git\cmd;C:\Users\SzymonPiotrowski\AppData\Local\Microsoft\WindowsApps;C:\Users\SzymonPiotrowski\AppData\Local\Programs\Microsoft VS Code\bin;C:\Python34\Scripts;C:\Users\SzymonPiotrowski\AppData\Roaming\npm;C:\Users\SzymonPiotrowski\Desktop;
USERNAME=SzymonPiotrowski
OS=Windows_NT
PROCESSOR_IDENTIFIER=Intel64 Family 6 Model 60 Stepping 3, GenuineIntel



---------------  S Y S T E M  ---------------

OS: Windows 10.0 , 64 bit Build 17763 (10.0.17763.1339)

CPU:total 4 (initial active 4) (4 cores per cpu, 1 threads per core) family 6 model 60 stepping 3, cmov, cx8, fxsr, mmx, sse, sse2, sse3, ssse3, sse4.1, sse4.2, popcnt, avx, avx2, aes, clmul, erms, lzcnt, tsc, tscinvbit, bmi1, bmi2

Memory: 4k page, physical 8248480k(251244k free), swap 30122196k(971288k free)

vm_info: Java HotSpot(TM) 64-Bit Server VM (25.201-b09) for windows-amd64 JRE (1.8.0_201-b09), built on Dec 15 2018 18:36:39 by "java_re" with MS VC++ 10.0 (VS2010)

time: Thu Jul 16 12:05:25 2020
timezone: Srodkowoeuropejski czas letni
elapsed time: 271 seconds (0d 0h 4m 31s)

