#
# There is insufficient memory for the Java Runtime Environment to continue.
# Native memory allocation (malloc) failed to allocate 32744 bytes for ChunkPool::allocate
# Possible reasons:
#   The system is out of physical RAM or swap space
#   The process is running with CompressedOops enabled, and the Java Heap may be blocking the growth of the native heap
# Possible solutions:
#   Reduce memory load on the system
#   Increase physical memory or swap space
#   Check if swap backing store is full
#   Decrease Java heap size (-Xmx/-Xms)
#   Decrease number of Java threads
#   Decrease Java thread stack sizes (-Xss)
#   Set larger code cache with -XX:ReservedCodeCacheSize=
#   JVM is running with Unscaled Compressed Oops mode in which the Java heap is
#     placed in the first 4GB address space. The Java Heap base address is the
#     maximum limit for the native heap growth. Please use -XX:HeapBaseMinAddress
#     to set the Java Heap base and to place the Java Heap above 4GB virtual address.
# This output file may be truncated or incomplete.
#
#  Out of Memory Error (allocation.cpp:273), pid=14764, tid=0x0000000000003744
#
# JRE version: Java(TM) SE Runtime Environment (8.0_201-b09) (build 1.8.0_201-b09)
# Java VM: Java HotSpot(TM) 64-Bit Server VM (25.201-b09 mixed mode windows-amd64 compressed oops)
# Failed to write core dump. Minidumps are not enabled by default on client versions of Windows
#

---------------  T H R E A D  ---------------

Current thread (0x0000000019a48800):  JavaThread "C2 CompilerThread1" daemon [_thread_in_native, id=14148, stack(0x000000001a210000,0x000000001a310000)]

Stack: [0x000000001a210000,0x000000001a310000]
[error occurred during error reporting (printing stack bounds), id 0xc0000005]

Native frames: (J=compiled Java code, j=interpreted, Vv=VM code, C=native code)


Current CompileTask:
C2: 185888 1386       4       org.eclipse.jdt.launching.internal.org.objectweb.asm.ClassReader::accept (1250 bytes)


---------------  P R O C E S S  ---------------

Java Threads: ( => current thread )
  0x000000002206e000 JavaThread "background-preinit" [_thread_in_native, id=3944, stack(0x000000001b930000,0x000000001ba30000)]
  0x000000002206c800 JavaThread "restartedMain" [_thread_in_vm, id=10912, stack(0x000000001b830000,0x000000001b930000)]
  0x0000000022068000 JavaThread "Thread-0" [_thread_blocked, id=19972, stack(0x000000001b730000,0x000000001b830000)]
  0x0000000019a97800 JavaThread "Service Thread" daemon [_thread_blocked, id=14276, stack(0x000000001a410000,0x000000001a510000)]
  0x0000000019a4b000 JavaThread "C1 CompilerThread2" daemon [_thread_blocked, id=14244, stack(0x000000001a310000,0x000000001a410000)]
=>0x0000000019a48800 JavaThread "C2 CompilerThread1" daemon [_thread_in_native, id=14148, stack(0x000000001a210000,0x000000001a310000)]
  0x00000000198e0000 JavaThread "C2 CompilerThread0" daemon [_thread_blocked, id=13636, stack(0x0000000019910000,0x0000000019a10000)]
  0x0000000017688800 JavaThread "JDWP Command Reader" daemon [_thread_in_native, id=16800, stack(0x0000000019210000,0x0000000019310000)]
  0x000000001767c800 JavaThread "JDWP Event Helper Thread" daemon [_thread_blocked, id=16688, stack(0x0000000019110000,0x0000000019210000)]
  0x000000001766b800 JavaThread "JDWP Transport Listener: dt_socket" daemon [_thread_blocked, id=16680, stack(0x0000000019010000,0x0000000019110000)]
  0x0000000017665000 JavaThread "Attach Listener" daemon [_thread_blocked, id=10460, stack(0x0000000018bd0000,0x0000000018cd0000)]
  0x0000000017664000 JavaThread "Signal Dispatcher" daemon [_thread_blocked, id=2836, stack(0x0000000018ad0000,0x0000000018bd0000)]
  0x0000000017650000 JavaThread "Finalizer" daemon [_thread_blocked, id=2932, stack(0x00000000188c0000,0x00000000189c0000)]
  0x0000000002b87000 JavaThread "Reference Handler" daemon [_thread_blocked, id=12232, stack(0x00000000187c0000,0x00000000188c0000)]
  0x0000000002a97000 JavaThread "main" [_thread_blocked, id=13860, stack(0x0000000002780000,0x0000000002880000)]

Other Threads:
  0x0000000017628000 VMThread [stack: 0x00000000186c0000,0x00000000187c0000] [id=14444]
  0x0000000019ac0800 WatcherThread [stack: 0x000000001a510000,0x000000001a610000] [id=8252]

VM state:synchronizing (normal execution)

VM Mutex/Monitor currently owned by a thread:  ([mutex/lock_event])
[0x0000000002a94300] Threads_lock - owner thread: 0x0000000017628000

heap address: 0x0000000082200000, size: 2014 MB, Compressed Oops mode: 32-bit
Narrow klass base: 0x0000000000000000, Narrow klass shift: 3
Compressed class space size: 1073741824 Address: 0x0000000100000000

Heap:
 PSYoungGen      total 70656K, used 26724K [0x00000000d6100000, 0x00000000dab00000, 0x0000000100000000)
  eden space 65536K, 33% used [0x00000000d6100000,0x00000000d76a66a8,0x00000000da100000)
  from space 5120K, 88% used [0x00000000da600000,0x00000000daa72c58,0x00000000dab00000)
  to   space 5120K, 0% used [0x00000000da100000,0x00000000da100000,0x00000000da600000)
 ParOldGen       total 86016K, used 32K [0x0000000082200000, 0x0000000087600000, 0x00000000d6100000)
  object space 86016K, 0% used [0x0000000082200000,0x0000000082208000,0x0000000087600000)
 Metaspace       used 14499K, capacity 14860K, committed 15104K, reserved 1062912K
  class space    used 1804K, capacity 1929K, committed 2048K, reserved 1048576K

Card table byte_map: [0x0000000011f50000,0x0000000012340000] byte_map_base: 0x0000000011b3f000

Marking Bits: (ParMarkBitMap*) 0x0000000075e94ce0
 Begin Bits: [0x00000000129e0000, 0x0000000014958000)
 End Bits:   [0x0000000014958000, 0x00000000168d0000)

Polling page: 0x0000000000e40000

CodeCache: size=245760Kb used=5859Kb max_used=5875Kb free=239900Kb
 bounds [0x0000000002b90000, 0x0000000003160000, 0x0000000011b90000]
 total_blobs=1647 nmethods=1303 adapters=265
 compilation: enabled

Compilation events (10 events):
Event: 182.558 Thread 0x0000000019a4b000 nmethod 1383 0x0000000002cab510 code [0x0000000002cab680, 0x0000000002cab830]
Event: 182.558 Thread 0x0000000019a4b000 1384       3       java.util.HashMap$KeyIterator::next (8 bytes)
Event: 182.558 Thread 0x0000000019a4b000 nmethod 1384 0x0000000002cc9710 code [0x0000000002cc9880, 0x0000000002cc9aa8]
Event: 182.559 Thread 0x0000000019a4b000 1385       3       sun.reflect.annotation.AnnotatedTypeFactory::isArray (35 bytes)
Event: 182.559 Thread 0x0000000019a4b000 nmethod 1385 0x0000000002cc8ed0 code [0x0000000002cc9060, 0x0000000002cc9628]
Event: 183.653 Thread 0x0000000019a48800 1386       4       org.eclipse.jdt.launching.internal.org.objectweb.asm.ClassReader::accept (1250 bytes)
Event: 183.703 Thread 0x00000000198e0000 1387   !   4       java.net.URL::<init> (543 bytes)
Event: 183.770 Thread 0x0000000019a4b000 1388       3       java.util.BitSet::wordIndex (5 bytes)
Event: 183.770 Thread 0x0000000019a4b000 nmethod 1388 0x0000000002d0add0 code [0x0000000002d0af20, 0x0000000002d0b050]
Event: 183.849 Thread 0x0000000019a4b000 1390       3       java.util.HashMap::put (13 bytes)

GC Heap History (8 events):
Event: 133.307 GC heap before
{Heap before GC invocations=1 (full 0):
 PSYoungGen      total 37888K, used 32768K [0x00000000d6100000, 0x00000000d8b00000, 0x0000000100000000)
  eden space 32768K, 100% used [0x00000000d6100000,0x00000000d8100000,0x00000000d8100000)
  from space 5120K, 0% used [0x00000000d8600000,0x00000000d8600000,0x00000000d8b00000)
  to   space 5120K, 0% used [0x00000000d8100000,0x00000000d8100000,0x00000000d8600000)
 ParOldGen       total 86016K, used 0K [0x0000000082200000, 0x0000000087600000, 0x00000000d6100000)
  object space 86016K, 0% used [0x0000000082200000,0x0000000082200000,0x0000000087600000)
 Metaspace       used 8611K, capacity 8768K, committed 9088K, reserved 1056768K
  class space    used 949K, capacity 1028K, committed 1152K, reserved 1048576K
Event: 134.095 GC heap after
Heap after GC invocations=1 (full 0):
 PSYoungGen      total 37888K, used 3597K [0x00000000d6100000, 0x00000000d8b00000, 0x0000000100000000)
  eden space 32768K, 0% used [0x00000000d6100000,0x00000000d6100000,0x00000000d8100000)
  from space 5120K, 70% used [0x00000000d8100000,0x00000000d84834e8,0x00000000d8600000)
  to   space 5120K, 0% used [0x00000000d8600000,0x00000000d8600000,0x00000000d8b00000)
 ParOldGen       total 86016K, used 16K [0x0000000082200000, 0x0000000087600000, 0x00000000d6100000)
  object space 86016K, 0% used [0x0000000082200000,0x0000000082204000,0x0000000087600000)
 Metaspace       used 8611K, capacity 8768K, committed 9088K, reserved 1056768K
  class space    used 949K, capacity 1028K, committed 1152K, reserved 1048576K
}
Event: 136.891 GC heap before
{Heap before GC invocations=2 (full 0):
 PSYoungGen      total 37888K, used 36338K [0x00000000d6100000, 0x00000000d8b00000, 0x0000000100000000)
  eden space 32768K, 99% used [0x00000000d6100000,0x00000000d80f95e0,0x00000000d8100000)
  from space 5120K, 70% used [0x00000000d8100000,0x00000000d84834e8,0x00000000d8600000)
  to   space 5120K, 0% used [0x00000000d8600000,0x00000000d8600000,0x00000000d8b00000)
 ParOldGen       total 86016K, used 16K [0x0000000082200000, 0x0000000087600000, 0x00000000d6100000)
  object space 86016K, 0% used [0x0000000082200000,0x0000000082204000,0x0000000087600000)
 Metaspace       used 8745K, capacity 8896K, committed 9088K, reserved 1056768K
  class space    used 960K, capacity 1028K, committed 1152K, reserved 1048576K
Event: 138.073 GC heap after
Heap after GC invocations=2 (full 0):
 PSYoungGen      total 37888K, used 2773K [0x00000000d6100000, 0x00000000dab00000, 0x0000000100000000)
  eden space 32768K, 0% used [0x00000000d6100000,0x00000000d6100000,0x00000000d8100000)
  from space 5120K, 54% used [0x00000000d8600000,0x00000000d88b5558,0x00000000d8b00000)
  to   space 5120K, 0% used [0x00000000d8100000,0x00000000d8100000,0x00000000d8600000)
 ParOldGen       total 86016K, used 16K [0x0000000082200000, 0x0000000087600000, 0x00000000d6100000)
  object space 86016K, 0% used [0x0000000082200000,0x0000000082204000,0x0000000087600000)
 Metaspace       used 8745K, capacity 8896K, committed 9088K, reserved 1056768K
  class space    used 960K, capacity 1028K, committed 1152K, reserved 1048576K
}
Event: 165.959 GC heap before
{Heap before GC invocations=3 (full 0):
 PSYoungGen      total 37888K, used 35468K [0x00000000d6100000, 0x00000000dab00000, 0x0000000100000000)
  eden space 32768K, 99% used [0x00000000d6100000,0x00000000d80ede88,0x00000000d8100000)
  from space 5120K, 54% used [0x00000000d8600000,0x00000000d88b5558,0x00000000d8b00000)
  to   space 5120K, 0% used [0x00000000d8100000,0x00000000d8100000,0x00000000d8600000)
 ParOldGen       total 86016K, used 16K [0x0000000082200000, 0x0000000087600000, 0x00000000d6100000)
  object space 86016K, 0% used [0x0000000082200000,0x0000000082204000,0x0000000087600000)
 Metaspace       used 11503K, capacity 11758K, committed 11904K, reserved 1060864K
  class space    used 1297K, capacity 1402K, committed 1408K, reserved 1048576K
Event: 166.669 GC heap after
Heap after GC invocations=3 (full 0):
 PSYoungGen      total 37888K, used 4293K [0x00000000d6100000, 0x00000000dab00000, 0x0000000100000000)
  eden space 32768K, 0% used [0x00000000d6100000,0x00000000d6100000,0x00000000d8100000)
  from space 5120K, 83% used [0x00000000d8100000,0x00000000d8531608,0x00000000d8600000)
  to   space 5120K, 0% used [0x00000000da600000,0x00000000da600000,0x00000000dab00000)
 ParOldGen       total 86016K, used 24K [0x0000000082200000, 0x0000000087600000, 0x00000000d6100000)
  object space 86016K, 0% used [0x0000000082200000,0x0000000082206000,0x0000000087600000)
 Metaspace       used 11503K, capacity 11758K, committed 11904K, reserved 1060864K
  class space    used 1297K, capacity 1402K, committed 1408K, reserved 1048576K
}
Event: 177.248 GC heap before
{Heap before GC invocations=4 (full 0):
 PSYoungGen      total 37888K, used 37061K [0x00000000d6100000, 0x00000000dab00000, 0x0000000100000000)
  eden space 32768K, 100% used [0x00000000d6100000,0x00000000d8100000,0x00000000d8100000)
  from space 5120K, 83% used [0x00000000d8100000,0x00000000d8531608,0x00000000d8600000)
  to   space 5120K, 0% used [0x00000000da600000,0x00000000da600000,0x00000000dab00000)
 ParOldGen       total 86016K, used 24K [0x0000000082200000, 0x0000000087600000, 0x00000000d6100000)
  object space 86016K, 0% used [0x0000000082200000,0x0000000082206000,0x0000000087600000)
 Metaspace       used 13507K, capacity 13820K, committed 14080K, reserved 1060864K
  class space    used 1646K, capacity 1757K, committed 1792K, reserved 1048576K
Event: 177.545 GC heap after
Heap after GC invocations=4 (full 0):
 PSYoungGen      total 70656K, used 4555K [0x00000000d6100000, 0x00000000dab00000, 0x0000000100000000)
  eden space 65536K, 0% used [0x00000000d6100000,0x00000000d6100000,0x00000000da100000)
  from space 5120K, 88% used [0x00000000da600000,0x00000000daa72c58,0x00000000dab00000)
  to   space 5120K, 0% used [0x00000000da100000,0x00000000da100000,0x00000000da600000)
 ParOldGen       total 86016K, used 32K [0x0000000082200000, 0x0000000087600000, 0x00000000d6100000)
  object space 86016K, 0% used [0x0000000082200000,0x0000000082208000,0x0000000087600000)
 Metaspace       used 13507K, capacity 13820K, committed 14080K, reserved 1060864K
  class space    used 1646K, capacity 1757K, committed 1792K, reserved 1048576K
}

Deoptimization events (10 events):
Event: 179.151 Thread 0x000000002206e000 Uncommon trap: reason=range_check action=none pc=0x0000000002cb885c method=sun.reflect.generics.parser.SignatureParser.current()C @ 34
Event: 179.156 Thread 0x000000002206e000 Uncommon trap: reason=range_check action=none pc=0x0000000002cb885c method=sun.reflect.generics.parser.SignatureParser.current()C @ 34
Event: 179.173 Thread 0x000000002206e000 Uncommon trap: reason=range_check action=none pc=0x0000000002cb885c method=sun.reflect.generics.parser.SignatureParser.current()C @ 34
Event: 179.881 Thread 0x000000002206e000 Uncommon trap: reason=range_check action=none pc=0x0000000002cb885c method=sun.reflect.generics.parser.SignatureParser.current()C @ 34
Event: 179.882 Thread 0x000000002206e000 Uncommon trap: reason=range_check action=none pc=0x0000000002cb885c method=sun.reflect.generics.parser.SignatureParser.current()C @ 34
Event: 182.552 Thread 0x000000002206e000 Uncommon trap: reason=unstable_if action=reinterpret pc=0x0000000002d45c5c method=java.util.HashMap.putVal(ILjava/lang/Object;Ljava/lang/Object;ZZ)Ljava/lang/Object; @ 193
Event: 182.553 Thread 0x000000002206e000 Uncommon trap: reason=range_check action=none pc=0x0000000002cb885c method=sun.reflect.generics.parser.SignatureParser.current()C @ 34
Event: 182.553 Thread 0x000000002206e000 Uncommon trap: reason=range_check action=none pc=0x0000000002cb885c method=sun.reflect.generics.parser.SignatureParser.current()C @ 34
Event: 182.554 Thread 0x000000002206e000 Uncommon trap: reason=range_check action=none pc=0x0000000002cb885c method=sun.reflect.generics.parser.SignatureParser.current()C @ 34
Event: 182.558 Thread 0x000000002206e000 Uncommon trap: reason=unstable_if action=reinterpret pc=0x0000000002cc2a78 method=java.util.HashMap.putVal(ILjava/lang/Object;Ljava/lang/Object;ZZ)Ljava/lang/Object; @ 193

Classes redefined (0 events):
No events

Internal exceptions (10 events):
Event: 179.146 Thread 0x000000002206e000 Exception <a 'java/lang/ArrayIndexOutOfBoundsException': 128> (0x00000000d65fb1f8) thrown at [C:\re\workspace\8-2-build-windows-amd64-cygwin\jdk8u201\12322\hotspot\src\share\vm\interpreter\interpreterRuntime.cpp, line 368]
Event: 179.151 Thread 0x000000002206e000 Exception <a 'java/lang/ArrayIndexOutOfBoundsException': 168> (0x00000000d6633938) thrown at [C:\re\workspace\8-2-build-windows-amd64-cygwin\jdk8u201\12322\hotspot\src\share\vm\interpreter\interpreterRuntime.cpp, line 368]
Event: 179.151 Thread 0x000000002206e000 Exception <a 'java/lang/ArrayIndexOutOfBoundsException': 159> (0x00000000d6635620) thrown at [C:\re\workspace\8-2-build-windows-amd64-cygwin\jdk8u201\12322\hotspot\src\share\vm\interpreter\interpreterRuntime.cpp, line 368]
Event: 179.156 Thread 0x000000002206e000 Exception <a 'java/lang/ArrayIndexOutOfBoundsException': 128> (0x00000000d666b8a8) thrown at [C:\re\workspace\8-2-build-windows-amd64-cygwin\jdk8u201\12322\hotspot\src\share\vm\interpreter\interpreterRuntime.cpp, line 368]
Event: 179.173 Thread 0x000000002206e000 Exception <a 'java/lang/ArrayIndexOutOfBoundsException': 158> (0x00000000d668e868) thrown at [C:\re\workspace\8-2-build-windows-amd64-cygwin\jdk8u201\12322\hotspot\src\share\vm\interpreter\interpreterRuntime.cpp, line 368]
Event: 179.881 Thread 0x000000002206e000 Exception <a 'java/lang/ArrayIndexOutOfBoundsException': 132> (0x00000000d66b0ec8) thrown at [C:\re\workspace\8-2-build-windows-amd64-cygwin\jdk8u201\12322\hotspot\src\share\vm\interpreter\interpreterRuntime.cpp, line 368]
Event: 179.882 Thread 0x000000002206e000 Exception <a 'java/lang/ArrayIndexOutOfBoundsException': 123> (0x00000000d66ce5e8) thrown at [C:\re\workspace\8-2-build-windows-amd64-cygwin\jdk8u201\12322\hotspot\src\share\vm\interpreter\interpreterRuntime.cpp, line 368]
Event: 182.553 Thread 0x000000002206e000 Exception <a 'java/lang/ArrayIndexOutOfBoundsException': 106> (0x00000000d7202660) thrown at [C:\re\workspace\8-2-build-windows-amd64-cygwin\jdk8u201\12322\hotspot\src\share\vm\interpreter\interpreterRuntime.cpp, line 368]
Event: 182.553 Thread 0x000000002206e000 Exception <a 'java/lang/ArrayIndexOutOfBoundsException': 22> (0x00000000d7204548) thrown at [C:\re\workspace\8-2-build-windows-amd64-cygwin\jdk8u201\12322\hotspot\src\share\vm\interpreter\interpreterRuntime.cpp, line 368]
Event: 182.554 Thread 0x000000002206e000 Exception <a 'java/lang/ArrayIndexOutOfBoundsException': 160> (0x00000000d72067d0) thrown at [C:\re\workspace\8-2-build-windows-amd64-cygwin\jdk8u201\12322\hotspot\src\share\vm\interpreter\interpreterRuntime.cpp, line 368]

Events (10 events):
Event: 183.800 loading class javax/xml/bind/Binder
Event: 183.800 loading class javax/xml/bind/Binder done
Event: 183.800 loading class com/fasterxml/jackson/databind/ObjectMapper
Event: 183.800 loading class com/fasterxml/jackson/databind/ObjectMapper done
Event: 183.800 Thread 0x000000002206e000 DEOPT PACKING pc=0x0000000002dd3d01 sp=0x000000001ba2d760
Event: 183.800 Thread 0x000000002206e000 DEOPT UNPACKING pc=0x0000000002bd7890 sp=0x000000001ba2d4b0 mode 1
Event: 183.800 Thread 0x000000002206e000 DEOPT PACKING pc=0x0000000002d88f3c sp=0x000000001ba2d7e0
Event: 183.800 Thread 0x000000002206e000 DEOPT UNPACKING pc=0x0000000002bd7890 sp=0x000000001ba2d600 mode 1
Event: 183.800 Thread 0x000000002206e000 DEOPT PACKING pc=0x0000000002d88cd4 sp=0x000000001ba2d970
Event: 183.800 Thread 0x000000002206e000 DEOPT UNPACKING pc=0x0000000002bd7890 sp=0x000000001ba2d790 mode 1


Dynamic libraries:
0x00007ff7e36e0000 - 0x00007ff7e3717000 	C:\Program Files\Java\jre1.8.0_201\bin\javaw.exe
0x00007ffe30eb0000 - 0x00007ffe3109d000 	C:\Windows\SYSTEM32\ntdll.dll
0x00007ffe10b80000 - 0x00007ffe10b93000 	C:\Program Files\AVAST Software\Avast\aswhook.dll
0x00007ffe302e0000 - 0x00007ffe30393000 	C:\Windows\System32\KERNEL32.DLL
0x00007ffe2d7d0000 - 0x00007ffe2da65000 	C:\Windows\System32\KERNELBASE.dll
0x00007ffe30500000 - 0x00007ffe305a3000 	C:\Windows\System32\ADVAPI32.dll
0x00007ffe30460000 - 0x00007ffe304fe000 	C:\Windows\System32\msvcrt.dll
0x00007ffe30de0000 - 0x00007ffe30e7e000 	C:\Windows\System32\sechost.dll
0x00007ffe30b40000 - 0x00007ffe30c62000 	C:\Windows\System32\RPCRT4.dll
0x00007ffe2f770000 - 0x00007ffe2f907000 	C:\Windows\System32\USER32.dll
0x00007ffe2ddd0000 - 0x00007ffe2ddf0000 	C:\Windows\System32\win32u.dll
0x00007ffe30870000 - 0x00007ffe30899000 	C:\Windows\System32\GDI32.dll
0x00007ffe2dc30000 - 0x00007ffe2ddcb000 	C:\Windows\System32\gdi32full.dll
0x00007ffe2db40000 - 0x00007ffe2dbe0000 	C:\Windows\System32\msvcp_win.dll
0x00007ffe2dfd0000 - 0x00007ffe2e0ca000 	C:\Windows\System32\ucrtbase.dll
0x00007ffe1e500000 - 0x00007ffe1e779000 	C:\Windows\WinSxS\amd64_microsoft.windows.common-controls_6595b64144ccf1df_6.0.17763.1339_none_de7015e4534c7114\COMCTL32.dll
0x00007ffe2fa60000 - 0x00007ffe2fd8c000 	C:\Windows\System32\combase.dll
0x00007ffe2da70000 - 0x00007ffe2daee000 	C:\Windows\System32\bcryptPrimitives.dll
0x00007ffe2f5d0000 - 0x00007ffe2f5fe000 	C:\Windows\System32\IMM32.DLL
0x0000000075030000 - 0x0000000075101000 	C:\Program Files\Java\jre1.8.0_201\bin\msvcr100.dll
0x0000000075670000 - 0x0000000075f14000 	C:\Program Files\Java\jre1.8.0_201\bin\server\jvm.dll
0x00007ffe305b0000 - 0x00007ffe305b8000 	C:\Windows\System32\PSAPI.DLL
0x00007ffe1aa20000 - 0x00007ffe1aa29000 	C:\Windows\SYSTEM32\WSOCK32.dll
0x00007ffe2fdf0000 - 0x00007ffe2fe5d000 	C:\Windows\System32\WS2_32.dll
0x00007ffe29970000 - 0x00007ffe29994000 	C:\Windows\SYSTEM32\WINMM.dll
0x00007ffe27c00000 - 0x00007ffe27c0a000 	C:\Windows\SYSTEM32\VERSION.dll
0x00007ffe29940000 - 0x00007ffe2996d000 	C:\Windows\SYSTEM32\WINMMBASE.dll
0x00007ffe2dbe0000 - 0x00007ffe2dc2a000 	C:\Windows\System32\cfgmgr32.dll
0x00007ffe12ac0000 - 0x00007ffe12acf000 	C:\Program Files\Java\jre1.8.0_201\bin\verify.dll
0x00007ffe12a90000 - 0x00007ffe12ab9000 	C:\Program Files\Java\jre1.8.0_201\bin\java.dll
0x00007ffe1bda0000 - 0x00007ffe1bdd5000 	C:\Program Files\Java\jre1.8.0_201\bin\jdwp.dll
0x00007ffe29690000 - 0x00007ffe29698000 	C:\Program Files\Java\jre1.8.0_201\bin\npt.dll
0x00007ffe1bd70000 - 0x00007ffe1bd93000 	C:\Program Files\Java\jre1.8.0_201\bin\instrument.dll
0x00007ffe12980000 - 0x00007ffe12996000 	C:\Program Files\Java\jre1.8.0_201\bin\zip.dll
0x00007ffe2e0d0000 - 0x00007ffe2f5c8000 	C:\Windows\System32\SHELL32.dll
0x00007ffe303b0000 - 0x00007ffe30459000 	C:\Windows\System32\shcore.dll
0x00007ffe2cf60000 - 0x00007ffe2d6b4000 	C:\Windows\System32\windows.storage.dll
0x00007ffe2cf10000 - 0x00007ffe2cf34000 	C:\Windows\System32\profapi.dll
0x00007ffe2ce90000 - 0x00007ffe2ceed000 	C:\Windows\System32\powrprof.dll
0x00007ffe30960000 - 0x00007ffe309b2000 	C:\Windows\System32\shlwapi.dll
0x00007ffe2cf40000 - 0x00007ffe2cf51000 	C:\Windows\System32\kernel.appcore.dll
0x00007ffe2daf0000 - 0x00007ffe2db07000 	C:\Windows\System32\cryptsp.dll
0x00007ffe29680000 - 0x00007ffe29689000 	C:\Program Files\Java\jre1.8.0_201\bin\dt_socket.dll
0x00007ffe147d0000 - 0x00007ffe147e6000 	C:\Windows\system32\napinsp.dll
0x00007ffe147b0000 - 0x00007ffe147ca000 	C:\Windows\system32\pnrpnsp.dll
0x00007ffe2c6a0000 - 0x00007ffe2c707000 	C:\Windows\System32\mswsock.dll
0x00007ffe2c410000 - 0x00007ffe2c4d7000 	C:\Windows\SYSTEM32\DNSAPI.dll
0x00007ffe30dd0000 - 0x00007ffe30dd8000 	C:\Windows\System32\NSI.dll
0x00007ffe2c3d0000 - 0x00007ffe2c40d000 	C:\Windows\SYSTEM32\IPHLPAPI.DLL
0x00007ffe145e0000 - 0x00007ffe145ee000 	C:\Windows\System32\winrnr.dll
0x00007ffe29540000 - 0x00007ffe2955b000 	C:\Windows\system32\NLAapi.dll
0x00007ffe145c0000 - 0x00007ffe145d5000 	C:\Windows\system32\wshbth.dll
0x00007ffe23bb0000 - 0x00007ffe23c29000 	C:\Windows\System32\fwpuclnt.dll
0x00007ffe2db10000 - 0x00007ffe2db36000 	C:\Windows\System32\bcrypt.dll
0x00007ffe203d0000 - 0x00007ffe203da000 	C:\Windows\System32\rasadhlp.dll

VM Arguments:
jvm_args: -agentlib:jdwp=transport=dt_socket,suspend=y,address=localhost:52256 -javaagent:C:\Users\SzymonPiotrowski\eclipse\jee-2018-12\eclipse\configuration\org.eclipse.osgi\405\0\.cp\lib\javaagent-shaded.jar -Dfile.encoding=UTF-8 
java_command: com.spring.project.caleTeGym.CaleTeGymApplication
java_class_path (initial): C:\Users\SzymonPiotrowski\Desktop\Tadek\CaleTeGym\caleTeGym\target\classes;C:\Users\SzymonPiotrowski\.m2\repository\org\springframework\boot\spring-boot-starter-thymeleaf\2.1.3.RELEASE\spring-boot-starter-thymeleaf-2.1.3.RELEASE.jar;C:\Users\SzymonPiotrowski\.m2\repository\org\springframework\boot\spring-boot-starter\2.1.3.RELEASE\spring-boot-starter-2.1.3.RELEASE.jar;C:\Users\SzymonPiotrowski\.m2\repository\org\springframework\boot\spring-boot-starter-logging\2.1.3.RELEASE\spring-boot-starter-logging-2.1.3.RELEASE.jar;C:\Users\SzymonPiotrowski\.m2\repository\ch\qos\logback\logback-classic\1.2.3\logback-classic-1.2.3.jar;C:\Users\SzymonPiotrowski\.m2\repository\ch\qos\logback\logback-core\1.2.3\logback-core-1.2.3.jar;C:\Users\SzymonPiotrowski\.m2\repository\org\apache\logging\log4j\log4j-to-slf4j\2.11.2\log4j-to-slf4j-2.11.2.jar;C:\Users\SzymonPiotrowski\.m2\repository\org\apache\logging\log4j\log4j-api\2.11.2\log4j-api-2.11.2.jar;C:\Users\SzymonPiotrowski\.m2\repository\org\slf4j\jul-to-slf4j\1.7.25\jul-to-slf4j-1.7.25.jar;C:\Users\SzymonPiotrowski\.m2\repository\javax\annotation\javax.annotation-api\1.3.2\javax.annotation-api-1.3.2.jar;C:\Users\SzymonPiotrowski\.m2\repository\org\yaml\snakeyaml\1.23\snakeyaml-1.23.jar;C:\Users\SzymonPiotrowski\.m2\repository\org\thymeleaf\thymeleaf-spring5\3.0.11.RELEASE\thymeleaf-spring5-3.0.11.RELEASE.jar;C:\Users\SzymonPiotrowski\.m2\repository\org\thymeleaf\thymeleaf\3.0.11.RELEASE\thymeleaf-3.0.11.RELEASE.jar;C:\Users\SzymonPiotrowski\.m2\repository\org\attoparser\attoparser\2.0.5.RELEASE\attoparser-2.0.5.RELEASE.jar;C:\Users\SzymonPiotrowski\.m2\repository\org\unbescape\unbescape\1.1.6.RELEASE\unbescape-1.1.6.RELEASE.jar;C:\Users\SzymonPiotrowski\.m2\repository\org\slf4j\slf4j-api\1.7.25\slf4j-api-1.7.25.jar;C:\Users\SzymonPiotrowski\.m2\repository\org\thymeleaf\extras\thymeleaf-extras-java8time\3.0.3.RELEASE\thymeleaf-extras-java8time-3.0.3.RELEASE.jar;C:\Users\SzymonPiotrowski\.m2\repository\or
Launcher Type: SUN_STANDARD

Environment Variables:
PATH=C:/Program Files/Java/jre1.8.0_201/bin/server;C:/Program Files/Java/jre1.8.0_201/bin;C:/Program Files/Java/jre1.8.0_201/lib/amd64;C:\Program Files (x86)\Common Files\Oracle\Java\javapath;C:\Windows\system32;C:\Windows;C:\Windows\System32\Wbem;C:\Windows\System32\WindowsPowerShell\v1.0\;C:\Windows\System32\OpenSSH\;C:\Program Files\Git\cmd;C:\Program Files\nodejs\;C:\Users\SzymonPiotrowski\AppData\Local\Programs\Python\Python37-32\Scripts\;C:\Users\SzymonPiotrowski\AppData\Local\Programs\Python\Python37-32\;C:\Program Files (x86)\Common Files\Oracle\Java\javapath;C:\Windows\system32;C:\Windows;C:\Windows\System32\Wbem;C:\Windows\System32\WindowsPowerShell\v1.0\;C:\Windows\System32\OpenSSH\;C:\Program Files\Git\cmd;C:\Users\SzymonPiotrowski\AppData\Local\Microsoft\WindowsApps;C:\Users\SzymonPiotrowski\AppData\Local\Programs\Microsoft VS Code\bin;C:\Python34\Scripts;C:\Users\SzymonPiotrowski\AppData\Roaming\npm;C:\Users\SzymonPiotrowski\Desktop;
USERNAME=SzymonPiotrowski
OS=Windows_NT
PROCESSOR_IDENTIFIER=Intel64 Family 6 Model 60 Stepping 3, GenuineIntel



---------------  S Y S T E M  ---------------

OS: Windows 10.0 , 64 bit Build 17763 (10.0.17763.1339)

CPU:total 4 (initial active 4) (4 cores per cpu, 1 threads per core) family 6 model 60 stepping 3, cmov, cx8, fxsr, mmx, sse, sse2, sse3, ssse3, sse4.1, sse4.2, popcnt, avx, avx2, aes, clmul, erms, lzcnt, tsc, tscinvbit, bmi1, bmi2

Memory: 4k page, physical 8248480k(368264k free), swap 29127660k(698764k free)

vm_info: Java HotSpot(TM) 64-Bit Server VM (25.201-b09) for windows-amd64 JRE (1.8.0_201-b09), built on Dec 15 2018 18:36:39 by "java_re" with MS VC++ 10.0 (VS2010)

time: Thu Jul 16 12:04:03 2020
timezone: Srodkowoeuropejski czas letni
elapsed time: 185 seconds (0d 0h 3m 5s)

