JvmtiExport can_access_local_variables 1
JvmtiExport can_hotswap_or_post_breakpoint 1
JvmtiExport can_post_on_exceptions 1
# 179 ciObject found
ciMethod java/lang/Object <init> ()V 4097 1 233626 0 96
ciMethod java/lang/String <init> ([CII)V 4097 1 5651 0 896
ciMethod java/lang/String length ()I 4097 1 99818 0 96
ciMethod java/lang/String charAt (I)C 4097 1 563626 0 192
ciMethod java/lang/String getChars (II[CI)V 4097 1 5651 0 512
ciMethod java/lang/String startsWith (Ljava/lang/String;I)Z 4097 2705 5692 0 640
ciMethod java/lang/String startsWith (Ljava/lang/String;)Z 4097 1 25576 0 544
ciMethod java/lang/String endsWith (Ljava/lang/String;)Z 4097 1 20523 0 576
ciMethod java/lang/String indexOf (I)I 4097 1 43388 0 352
ciMethod java/lang/String indexOf (II)I 1681 98305 4362 0 416
ciMethod java/lang/String indexOfSupplementary (II)I 0 0 1 0 -1
ciMethod java/lang/String lastIndexOf (I)I 3073 1 19144 0 0
ciMethod java/lang/String lastIndexOf (II)I 1769 163841 893 0 352
ciMethod java/lang/String lastIndexOfSupplementary (II)I 0 0 1 0 -1
ciMethod java/lang/String indexOf (Ljava/lang/String;)I 3073 1 11742 0 -1
ciMethod java/lang/String indexOf (Ljava/lang/String;I)I 4097 1 18138 0 0
ciMethod java/lang/String indexOf ([CII[CIII)I 1633 147457 844 0 1568
ciMethod java/lang/String substring (I)Ljava/lang/String; 4097 1 4004 0 0
ciMethod java/lang/String substring (II)Ljava/lang/String; 4097 1 5635 0 1440
ciMethod java/lang/System arraycopy (Ljava/lang/Object;ILjava/lang/Object;II)V 95233 1 11904 0 -1
ciMethod java/lang/AbstractStringBuilder <init> (I)V 4097 1 27915 0 256
ciMethod java/lang/AbstractStringBuilder ensureCapacityInternal (I)V 4097 1 66527 0 576
ciMethod java/lang/AbstractStringBuilder newCapacity (I)I 4097 1 2984 0 0
ciMethod java/lang/AbstractStringBuilder hugeCapacity (I)I 0 0 1 0 -1
ciMethod java/lang/AbstractStringBuilder append (Ljava/lang/String;)Ljava/lang/AbstractStringBuilder; 4097 1 5632 0 1280
ciMethod java/lang/AbstractStringBuilder appendNull ()Ljava/lang/AbstractStringBuilder; 0 0 1 0 -1
ciMethod java/lang/StringBuilder <init> ()V 4097 1 17670 0 192
ciMethod java/lang/StringBuilder append (Ljava/lang/String;)Ljava/lang/StringBuilder; 4097 1 55011 0 1344
ciMethod java/lang/StringBuilder toString ()Ljava/lang/String; 4097 1 21807 0 992
ciMethod java/net/URL set (Ljava/lang/String;Ljava/lang/String;ILjava/lang/String;Ljava/lang/String;Ljava/lang/String;Ljava/lang/String;Ljava/lang/String;)V 2049 1 5376 0 672
ciMethod java/net/URL getQuery ()Ljava/lang/String; 2089 1 261 0 0
ciMethod java/net/URL getPath ()Ljava/lang/String; 4121 1 515 0 0
ciMethod java/net/URL getUserInfo ()Ljava/lang/String; 1065 1 133 0 0
ciMethod java/net/URL getAuthority ()Ljava/lang/String; 3081 1 385 0 0
ciMethod java/net/URL getPort ()I 1033 1 129 0 0
ciMethod java/net/URL getProtocol ()Ljava/lang/String; 4121 1 515 0 0
ciMethod java/net/URL getHost ()Ljava/lang/String; 2105 1 263 0 0
ciMethod java/net/URL getRef ()Ljava/lang/String; 2049 1 256 0 0
ciMethod java/lang/Integer parseInt (Ljava/lang/String;I)I 281 609 57 0 -1
ciMethod java/lang/Integer parseInt (Ljava/lang/String;)I 49 1 20 0 0
ciMethod java/lang/Math min (II)I 4097 1 45824 0 -1
ciMethod java/util/Arrays copyOf ([CI)[C 4097 1 13649 0 0
ciMethod java/util/Arrays copyOfRange ([CII)[C 4097 1 5639 0 512
ciMethodData java/lang/Object <init> ()V 2 233626 orig 264 88 131 197 117 0 0 0 0 104 4 185 22 0 0 0 0 32 1 0 0 0 0 0 0 0 0 0 0 0 0 0 0 0 0 0 0 0 0 0 0 0 0 0 0 0 0 0 0 0 0 0 0 0 0 0 0 0 0 0 0 0 0 0 0 0 0 0 0 0 0 0 0 0 0 0 0 0 0 0 0 77 68 79 32 101 120 116 114 97 32 100 97 116 97 32 108 111 99 107 0 0 0 0 0 0 0 0 0 0 0 0 0 0 0 0 0 0 0 0 0 0 0 0 0 0 0 0 0 0 0 0 0 0 0 0 0 0 0 0 0 0 0 0 0 0 0 0 0 0 0 0 0 0 0 0 0 0 0 0 0 0 0 0 0 0 0 0 0 0 0 0 0 0 0 0 0 0 0 0 0 0 0 0 0 0 0 0 0 0 0 0 0 0 0 0 0 0 0 0 0 0 0 0 0 0 0 0 0 0 0 0 0 0 0 0 0 0 2 0 0 209 116 28 0 1 0 0 0 0 0 0 0 0 0 0 0 2 0 0 0 0 0 0 0 0 0 0 0 0 0 0 0 255 255 255 255 0 0 0 0 0 0 0 0 data 0 oops 0
ciMethodData java/lang/String charAt (I)C 2 563635 orig 264 88 131 197 117 0 0 0 0 136 60 185 22 0 0 0 0 120 1 0 0 32 0 0 0 0 0 0 0 0 0 0 0 0 0 0 0 0 0 0 0 0 0 0 0 0 0 0 0 0 0 0 0 0 0 0 0 0 0 0 0 0 0 0 0 0 0 0 0 0 0 0 0 0 0 0 0 0 0 0 0 77 68 79 32 101 120 116 114 97 32 100 97 116 97 32 108 111 99 107 0 0 0 0 0 0 0 0 0 0 0 0 0 0 0 0 0 0 0 0 0 0 0 0 0 0 0 0 0 0 0 0 0 0 0 0 0 0 0 0 0 0 0 0 0 0 0 0 0 0 0 0 0 0 0 0 0 0 0 0 0 0 0 0 0 0 0 0 0 0 0 0 0 0 0 0 0 0 0 0 0 0 0 0 0 0 0 0 0 0 0 0 0 0 0 0 0 0 0 0 0 0 0 0 0 0 0 0 0 0 0 0 0 0 0 0 0 0 2 0 0 153 189 68 0 1 0 0 0 0 0 0 0 0 0 0 0 2 0 0 0 0 0 0 0 0 0 0 0 80 0 0 0 255 255 255 255 7 0 1 0 0 0 0 0 data 10 0x10007 0x0 0x40 0x897b2 0xa0007 0x897b2 0x30 0x0 0x120002 0x0 oops 0
ciMethod java/net/URLStreamHandler parseURL (Ljava/net/URL;Ljava/lang/String;II)V 2049 1 5376 0 -1
ciMethod java/net/URLStreamHandler setURL (Ljava/net/URL;Ljava/lang/String;Ljava/lang/String;ILjava/lang/String;Ljava/lang/String;Ljava/lang/String;Ljava/lang/String;Ljava/lang/String;)V 2049 1 5376 0 896
ciMethodData java/lang/String indexOf ([CII[CIII)I 2 51816 orig 264 88 131 197 117 0 0 0 0 32 85 185 22 0 0 0 0 56 3 0 0 120 0 0 0 0 0 0 0 0 0 0 0 0 0 0 0 0 0 0 0 0 0 0 0 0 0 0 0 0 0 0 0 0 0 0 0 0 0 0 0 0 0 0 0 0 0 0 0 0 0 0 0 0 0 0 0 0 0 0 0 77 68 79 32 101 120 116 114 97 32 100 97 116 97 32 108 111 99 107 0 0 0 0 0 0 0 0 0 0 0 0 0 0 0 0 0 0 0 0 0 0 0 0 0 0 0 0 0 0 0 0 0 0 0 0 0 0 0 0 0 0 0 0 0 0 0 0 0 0 0 0 0 0 0 0 0 0 0 0 0 0 0 0 0 0 0 0 0 0 0 0 0 0 0 0 0 0 0 0 0 0 0 0 0 0 0 0 0 0 0 0 0 0 0 0 0 0 0 0 0 0 0 0 0 0 0 0 0 0 0 0 0 0 0 0 0 0 72 0 0 1 20 0 0 65 19 4 0 0 0 0 0 0 0 0 0 2 0 0 0 3 0 35 0 2 0 0 0 224 1 0 0 255 255 255 255 7 0 3 0 0 0 0 0 data 60 0x30007 0x26e 0x58 0x12 0x80007 0x12 0x38 0x0 0xc0003 0x0 0x18 0x130007 0x26e 0x20 0x0 0x1b0007 0x26e 0x20 0x0 0x390007 0x17d 0x148 0xff5 0x420007 0x142 0x78 0xeb3 0x4c0007 0x17b 0x58 0x8021 0x550007 0xd38 0x38 0x72e9 0x580003 0x72e9 0xffffffffffffffc0 0x5f0007 0x17b 0x98 0xe7a 0x7b0007 0xf1 0x58 0xd8e 0x860007 0xd89 0x38 0x5 0x8f0003 0x5 0xffffffffffffffc0 0x960007 0xd89 0x20 0xf1 0xa10003 0xf04 0xfffffffffffffed0 oops 0
ciMethodData java/lang/String length ()I 2 99822 orig 264 88 131 197 117 0 0 0 0 72 59 185 22 0 0 0 0 32 1 0 0 0 0 0 0 0 0 0 0 0 0 0 0 0 0 0 0 0 0 0 0 0 0 0 0 0 0 0 0 0 0 0 0 0 0 0 0 0 0 0 0 0 0 0 0 0 0 0 0 0 0 0 0 0 0 0 0 0 0 0 0 77 68 79 32 101 120 116 114 97 32 100 97 116 97 32 108 111 99 107 0 0 0 0 0 0 0 0 0 0 0 0 0 0 0 0 0 0 0 0 0 0 0 0 0 0 0 0 0 0 0 0 0 0 0 0 0 0 0 0 0 0 0 0 0 0 0 0 0 0 0 0 0 0 0 0 0 0 0 0 0 0 0 0 0 0 0 0 0 0 0 0 0 0 0 0 0 0 0 0 0 0 0 0 0 0 0 0 0 0 0 0 0 0 0 0 0 0 0 0 0 0 0 0 0 0 0 0 0 0 0 0 0 0 0 0 0 0 2 0 0 113 31 12 0 1 0 0 0 0 0 0 0 0 0 0 0 2 0 0 0 0 0 0 0 0 0 0 0 0 0 0 0 255 255 255 255 0 0 0 0 0 0 0 0 data 0 oops 0
ciMethodData java/lang/String indexOf (II)I 2 109201 orig 264 88 131 197 117 0 0 0 0 32 79 185 22 0 0 0 0 16 2 0 0 88 0 0 0 0 0 0 0 0 0 0 0 0 0 0 0 0 0 0 0 0 0 0 0 0 0 0 0 0 0 0 0 0 0 0 0 0 0 0 0 0 0 0 0 0 0 0 0 0 0 0 0 0 0 0 0 0 0 0 0 77 68 79 32 101 120 116 114 97 32 100 97 116 97 32 108 111 99 107 0 0 0 0 0 0 0 0 0 0 0 0 0 0 0 0 0 0 0 0 0 0 0 0 0 0 0 0 0 0 0 0 0 0 0 0 0 0 0 0 0 0 0 0 0 0 0 0 0 0 0 0 0 0 0 0 0 0 0 0 0 0 0 0 0 0 0 0 0 0 0 0 0 0 0 0 0 0 0 0 0 0 0 0 0 0 0 0 0 0 0 0 0 0 0 0 0 0 0 0 0 0 0 0 0 0 0 0 0 0 0 0 0 0 0 0 0 0 48 0 0 193 129 0 0 137 212 11 0 0 0 0 0 0 0 0 0 2 0 0 0 0 0 0 0 0 0 0 0 224 0 0 0 255 255 255 255 7 0 7 0 0 0 0 0 data 28 0x70007 0x1038 0x38 0x0 0xc0003 0x0 0x38 0x110007 0xcd3 0x20 0x365 0x190007 0x0 0x78 0xcd3 0x280007 0xb39 0x58 0x17be3 0x310007 0x17a4a 0x20 0x199 0x3a0003 0x17a4a 0xffffffffffffffc0 0x420002 0x0 oops 0
ciMethodData java/lang/String <init> ([CII)V 2 5651 orig 264 88 131 197 117 0 0 0 0 16 49 185 22 0 0 0 0 80 2 0 0 208 0 0 0 0 0 0 0 0 0 0 0 0 0 0 0 0 0 0 0 0 0 0 0 0 0 0 0 0 0 0 0 0 0 0 0 0 0 0 0 0 0 0 0 0 0 0 0 0 0 0 0 0 0 0 0 0 0 0 0 77 68 79 32 101 120 116 114 97 32 100 97 116 97 32 108 111 99 107 0 0 0 0 0 0 0 0 0 0 0 0 0 0 0 0 0 0 0 0 0 0 0 0 0 0 0 0 0 0 0 0 0 0 0 0 0 0 0 0 0 0 0 0 0 0 0 0 0 0 0 0 0 0 0 0 0 0 0 0 0 0 0 0 0 0 0 0 0 0 0 0 0 0 0 0 0 0 0 0 0 0 0 0 0 0 0 0 0 0 0 0 0 0 0 0 0 0 0 0 0 0 0 0 0 0 0 0 0 0 0 0 0 0 0 0 0 0 2 0 0 153 160 0 0 1 0 0 0 0 0 0 0 0 0 0 0 2 0 0 0 0 0 14 0